21:38:35	Optimizer: adam
21:38:35	Optimizer params: {'lr': 0.03}
21:38:35	DataSet: circle - nTrain: 500 - nValid: 0 - nTest: 3000
21:38:35	nLayers: 4 - nEpochs: 30 - batchSize: 20
21:38:35	Cost: weighted fidelity
21:38:35	Seed: None

------------------------------

21:38:39	epoch	loss	accuracy
21:38:44	    0	0.344	   0.488
21:39:35	    1	0.109	   0.906
21:40:26	    2	0.097	   0.936
21:41:17	    3	0.094	   0.938
21:42:09	    4	0.093	   0.982
21:43:00	    5	0.094	   0.934
21:43:55	    6	0.094	   0.932
21:44:45	    7	0.093	   0.974
21:45:37	    8	0.092	   0.924
21:46:28	    9	0.095	   0.970
21:47:19	   10	0.096	   0.918
21:48:14	   11	0.092	   0.946
21:49:05	   12	0.094	   0.888
21:49:57	   13	0.092	   0.942
21:50:49	   14	0.092	   0.910
21:51:40	   15	0.095	   0.952
21:52:35	   16	0.095	   0.914
21:53:27	   17	0.091	   0.954
21:54:18	   18	0.093	   0.940
21:55:10	   19	0.091	   0.950
21:56:02	   20	0.091	   0.926
21:56:56	   21	0.091	   0.942
21:57:48	   22	0.092	   0.960
21:58:40	   23	0.094	   0.892
21:59:32	   24	0.091	   0.974
22:00:23	   25	0.092	   0.936
22:01:18	   26	0.093	   0.918
22:02:10	   27	0.091	   0.958
22:03:02	   28	0.091	   0.952
22:03:54	   29	0.091	   0.942
22:04:46	   30	0.091	   0.946

------------------------------

22:04:50	Parameters at epoch 30:

22:04:50	Theta:
22:04:50		 0.0029   1.3567  -0.0146  
22:04:50		 0.0459  -2.7163  -0.6720  
22:04:50		-0.7354  -0.7811  -0.1298  
22:04:50		-1.7416   1.5869   0.1505  
22:04:50	Alpha:
22:04:50		-2.4587   0.4869  
22:04:50		-1.2190   1.4288  
22:04:50		 1.1440   0.5372  
22:04:50		 0.0526  -0.2929  
22:04:50	Class weight:
22:04:50		 0.9673   1.3004  

------------------------------

22:05:07	Accuracy on test set with the parameters above: 0.9383333333333334

