22:47:40	Optimizer: adam
22:47:40	Optimizer params: {'lr': 0.03}
22:47:40	DataSet: three circles - nTrain: 500 - nValid: 0 - nTest: 3000
22:47:40	nLayers: 6 - nEpochs: 30 - batchSize: 15
22:47:40	Cost: fidelity
22:47:40	Seed: None

------------------------------

22:47:50	epoch	loss	accuracy
22:47:59	    0	0.472	   0.246
22:48:53	    1	0.224	   0.678
22:49:47	    2	0.182	   0.758
22:50:41	    3	0.163	   0.760
22:51:35	    4	0.157	   0.764
22:52:29	    5	0.152	   0.774
22:53:31	    6	0.151	   0.770
22:54:25	    7	0.146	   0.780
22:55:19	    8	0.147	   0.774
22:56:13	    9	0.138	   0.802
22:57:07	   10	0.136	   0.792
22:58:09	   11	0.135	   0.804
22:59:03	   12	0.133	   0.812
22:59:57	   13	0.131	   0.810
23:00:51	   14	0.137	   0.794
23:01:45	   15	0.130	   0.806
23:02:46	   16	0.134	   0.798
23:03:40	   17	0.130	   0.806
23:04:34	   18	0.132	   0.796
23:05:28	   19	0.129	   0.798
23:06:22	   20	0.127	   0.808
23:07:24	   21	0.127	   0.814
23:08:17	   22	0.129	   0.792
23:09:12	   23	0.126	   0.810
23:10:06	   24	0.126	   0.814
23:11:01	   25	0.126	   0.814
23:12:03	   26	0.124	   0.812
23:12:57	   27	0.124	   0.802
23:13:51	   28	0.123	   0.824
23:14:45	   29	0.123	   0.814
23:15:39	   30	0.122	   0.820

------------------------------

23:15:47	Parameters at epoch 30:

23:15:47	Theta:
23:15:47		-0.7669   1.5670  -0.2392  
23:15:47		 0.6650  -0.6935  -0.0418  
23:15:47		-0.2623   0.1816  -1.1614  
23:15:47		 1.4823   0.4821  -0.4423  
23:15:47		-1.7410   0.0699  -0.0176  
23:15:47		-1.1026   1.4854  -0.3340  
23:15:47	Alpha:
23:15:47		 0.6207  -0.7791  
23:15:47		 1.3736   1.7221  
23:15:47		-1.7457  -2.0691  
23:15:47		-0.6365  -1.3909  
23:15:47		 0.9567   0.6256  
23:15:47		 2.6842   0.2633  

------------------------------

23:16:31	Accuracy on test set with the parameters above: 0.79

