06:07:31	Optimizer: adam
06:07:31	Optimizer params: {'lr': 0.02}
06:07:31	DataSet: binary annulus - nTrain: 500 - nValid: 0 - nTest: 3000
06:07:31	nLayers: 8 - nEpochs: 40 - batchSize: 48
06:07:31	Cost: weighted fidelity
06:07:31	Seed: None

------------------------------

06:07:37	epoch	loss	accuracy
06:07:47	    0	0.322	   0.524
06:10:10	    1	0.242	   0.640
06:12:33	    2	0.166	   0.764
06:15:02	    3	0.134	   0.832
06:17:28	    4	0.126	   0.828
06:19:51	    5	0.121	   0.840
06:22:21	    6	0.116	   0.854
06:24:48	    7	0.110	   0.864
06:27:15	    8	0.104	   0.876
06:29:39	    9	0.099	   0.886
06:32:07	   10	0.095	   0.900
06:34:41	   11	0.093	   0.914
06:37:10	   12	0.091	   0.920
06:39:40	   13	0.090	   0.916
06:42:09	   14	0.088	   0.934
06:44:47	   15	0.089	   0.932
06:47:22	   16	0.088	   0.928
06:49:50	   17	0.087	   0.932
06:52:20	   18	0.087	   0.930
06:54:47	   19	0.086	   0.928
06:57:17	   20	0.086	   0.934
06:59:49	   21	0.086	   0.934
07:02:18	   22	0.086	   0.926
07:04:48	   23	0.085	   0.940
07:07:18	   24	0.085	   0.940
07:09:48	   25	0.084	   0.940
07:12:23	   26	0.084	   0.934
07:14:55	   27	0.084	   0.946
07:17:25	   28	0.085	   0.930
07:19:54	   29	0.084	   0.938
07:22:23	   30	0.084	   0.940
07:24:58	   31	0.083	   0.940
07:27:27	   32	0.083	   0.940
07:29:57	   33	0.083	   0.944
07:32:29	   34	0.083	   0.948
07:34:59	   35	0.083	   0.942
07:37:36	   36	0.083	   0.944
07:40:06	   37	0.083	   0.944
07:42:35	   38	0.082	   0.942
07:45:06	   39	0.082	   0.948
07:47:34	   40	0.082	   0.940

------------------------------

07:47:40	Parameters at epoch 40:

07:47:40	Theta:
07:47:40		-1.7695   0.7061  -1.3660  
07:47:40		-0.5571  -0.1814   0.3315  
07:47:40		-0.1760  -1.3832   0.4931  
07:47:40		-0.6890   0.1670   2.0961  
07:47:40		-0.2265  -0.3348  -0.8410  
07:47:40		 1.3063  -2.6548  -0.1373  
07:47:40		 1.1807  -0.1398   0.8664  
07:47:40		 0.8982  -1.4640   0.6446  
07:47:40	Alpha:
07:47:40		 0.3310   0.8307  
07:47:40		 0.7859   0.1471  
07:47:40		-0.8297   1.8331  
07:47:40		 1.1414   0.4722  
07:47:40		 1.4865  -1.5732  
07:47:40		 0.6710   0.8472  
07:47:40		-0.9395  -2.3669  
07:47:40		-1.1716   0.7697  
07:47:40	Class weight:
07:47:40		 1.2850   0.9563  

------------------------------

07:48:09	Accuracy on test set with the parameters above: 0.942

