00:13:52	Optimizer: adam
00:13:52	Optimizer params: {'lr': 0.03}
00:13:52	DataSet: three circles - nTrain: 500 - nValid: 0 - nTest: 3000
00:13:52	nLayers: 2 - nEpochs: 30 - batchSize: 15
00:13:52	Cost: fidelity
00:13:52	Seed: None

------------------------------

00:13:57	epoch	loss	accuracy
00:14:03	    0	0.573	   0.142
00:14:19	    1	0.346	   0.416
00:14:35	    2	0.246	   0.582
00:14:51	    3	0.234	   0.610
00:15:07	    4	0.234	   0.604
00:15:22	    5	0.237	   0.608
00:15:43	    6	0.233	   0.606
00:15:59	    7	0.244	   0.582
00:16:15	    8	0.236	   0.608
00:16:30	    9	0.236	   0.608
00:16:46	   10	0.233	   0.620
00:17:07	   11	0.237	   0.606
00:17:22	   12	0.233	   0.628
00:17:38	   13	0.232	   0.626
00:17:54	   14	0.231	   0.628
00:18:10	   15	0.229	   0.672
00:18:30	   16	0.227	   0.672
00:18:46	   17	0.224	   0.716
00:19:03	   18	0.221	   0.712
00:19:18	   19	0.219	   0.722
00:19:34	   20	0.218	   0.730
00:19:55	   21	0.217	   0.724
00:20:11	   22	0.217	   0.724
00:20:26	   23	0.216	   0.724
00:20:42	   24	0.216	   0.722
00:20:58	   25	0.216	   0.722
00:21:18	   26	0.216	   0.718
00:21:34	   27	0.216	   0.716
00:21:49	   28	0.216	   0.716
00:22:05	   29	0.216	   0.716
00:22:21	   30	0.216	   0.708

------------------------------

00:22:26	Parameters at epoch 30:

00:22:26	Theta:
00:22:26		-1.5694  -2.1106   2.6097  
00:22:26		-0.3128  -0.5759  -2.8984  
00:22:26	Alpha:
00:22:26		-0.0779  -0.7636  
00:22:26		 2.7624   1.1667  

------------------------------

00:22:51	Accuracy on test set with the parameters above: 0.694

