00:20:10	Optimizer: adam
00:20:10	Optimizer params: {'lr': 0.03}
00:20:10	DataSet: wavy lines - nTrain: 500 - nValid: 0 - nTest: 3000
00:20:10	nLayers: 6 - nEpochs: 30 - batchSize: 32
00:20:10	Cost: weighted fidelity
00:20:10	Seed: None

------------------------------

00:20:19	epoch	loss	accuracy
00:20:33	    0	0.384	   0.174
00:23:33	    1	0.189	   0.532
00:26:33	    2	0.141	   0.708
00:29:34	    3	0.129	   0.714
00:32:37	    4	0.119	   0.746
00:35:41	    5	0.116	   0.734
00:38:52	    6	0.111	   0.768
00:41:55	    7	0.111	   0.768
00:44:56	    8	0.107	   0.808
00:47:58	    9	0.103	   0.796
00:51:02	   10	0.101	   0.816
00:54:12	   11	0.098	   0.808
00:57:13	   12	0.097	   0.814
01:00:14	   13	0.097	   0.828
01:03:14	   14	0.094	   0.826
01:06:15	   15	0.094	   0.824
01:09:24	   16	0.091	   0.828
01:12:25	   17	0.090	   0.838
01:15:25	   18	0.089	   0.824
01:18:25	   19	0.088	   0.834
01:21:26	   20	0.087	   0.836
01:24:35	   21	0.088	   0.828
01:27:37	   22	0.087	   0.836
01:30:38	   23	0.087	   0.834
01:33:39	   24	0.086	   0.838
01:36:41	   25	0.086	   0.836
01:39:50	   26	0.086	   0.842
01:42:51	   27	0.085	   0.836
01:45:53	   28	0.085	   0.842
01:48:55	   29	0.085	   0.838
01:51:58	   30	0.085	   0.844

------------------------------

01:52:07	Parameters at epoch 30:

01:52:07	Theta:
01:52:07		 0.3901  -0.4714   0.1602  
01:52:07		 0.1495  -1.5087  -0.1998  
01:52:07		-1.5218   1.4459  -1.3244  
01:52:07		-0.7086  -0.4202  -0.0410  
01:52:07		-0.4998  -1.7796  -0.2370  
01:52:07		 0.9200  -0.4914   0.0872  
01:52:07	Alpha:
01:52:07		 0.0130  -0.2858  
01:52:07		 3.3632  -1.4306  
01:52:07		 3.1642  -2.1598  
01:52:07		 0.1500   0.3627  
01:52:07		 0.9090  -2.5762  
01:52:07		 0.2868   0.1795  
01:52:07	Class weight:
01:52:07		 1.1139   0.7799   0.8117   1.0697  

------------------------------

01:52:51	Accuracy on test set with the parameters above: 0.816

