07:28:04	Optimizer: adam
07:28:04	Optimizer params: {'lr': 0.02}
07:28:04	DataSet: binary annulus - nTrain: 500 - nValid: 0 - nTest: 3000
07:28:04	nLayers: 1 - nEpochs: 40 - batchSize: 48
07:28:04	Cost: fidelity
07:28:04	Seed: None

------------------------------

07:28:06	epoch	loss	accuracy
07:28:09	    0	0.552	   0.470
07:28:16	    1	0.549	   0.470
07:28:24	    2	0.543	   0.470
07:28:31	    3	0.537	   0.470
07:28:38	    4	0.530	   0.470
07:28:45	    5	0.523	   0.470
07:28:54	    6	0.516	   0.470
07:29:01	    7	0.511	   0.470
07:29:08	    8	0.506	   0.424
07:29:15	    9	0.502	   0.506
07:29:22	   10	0.498	   0.514
07:29:31	   11	0.494	   0.582
07:29:38	   12	0.490	   0.530
07:29:45	   13	0.487	   0.530
07:29:52	   14	0.483	   0.530
07:29:59	   15	0.480	   0.530
07:30:08	   16	0.476	   0.530
07:30:15	   17	0.472	   0.530
07:30:22	   18	0.469	   0.530
07:30:29	   19	0.465	   0.530
07:30:37	   20	0.462	   0.534
07:30:45	   21	0.458	   0.570
07:30:53	   22	0.454	   0.578
07:31:00	   23	0.451	   0.584
07:31:07	   24	0.447	   0.588
07:31:14	   25	0.445	   0.590
07:31:23	   26	0.442	   0.590
07:31:30	   27	0.440	   0.592
07:31:37	   28	0.438	   0.614
07:31:44	   29	0.437	   0.626
07:31:51	   30	0.435	   0.648
07:32:00	   31	0.435	   0.646
07:32:07	   32	0.434	   0.658
07:32:14	   33	0.433	   0.656
07:32:21	   34	0.433	   0.654
07:32:29	   35	0.432	   0.650
07:32:38	   36	0.432	   0.654
07:32:45	   37	0.431	   0.650
07:32:52	   38	0.431	   0.650
07:32:59	   39	0.431	   0.652
07:33:06	   40	0.431	   0.652

------------------------------

07:33:08	Parameters at epoch 40:

07:33:08	Theta:
07:33:08		 2.1777   3.0056   0.4240  
07:33:08	Alpha:
07:33:08		 0.0096  -2.2417  

------------------------------

07:33:18	Accuracy on test set with the parameters above: 0.6373333333333333

