21:32:47	Optimizer: adam
21:32:47	Optimizer params: {'lr': 0.03}
21:32:47	DataSet: circle - nTrain: 500 - nValid: 0 - nTest: 3000
21:32:47	nLayers: 8 - nEpochs: 30 - batchSize: 20
21:32:47	Cost: weighted fidelity
21:32:47	Seed: None

------------------------------

21:32:52	epoch	loss	accuracy
21:33:02	    0	0.162	   0.780
21:35:18	    1	0.106	   0.858
21:37:35	    2	0.090	   0.916
21:39:51	    3	0.087	   0.922
21:42:09	    4	0.085	   0.920
21:44:26	    5	0.082	   0.906
21:46:49	    6	0.079	   0.918
21:49:07	    7	0.080	   0.934
21:51:24	    8	0.076	   0.934
21:53:41	    9	0.074	   0.970
21:55:58	   10	0.073	   0.928
21:58:21	   11	0.076	   0.910
22:00:38	   12	0.072	   0.956
22:02:55	   13	0.072	   0.948
22:05:13	   14	0.074	   0.958
22:07:31	   15	0.070	   0.956
22:09:54	   16	0.073	   0.902
22:12:14	   17	0.073	   0.908
22:14:33	   18	0.067	   0.938
22:16:51	   19	0.064	   0.968
22:19:08	   20	0.060	   0.970
22:21:30	   21	0.057	   0.980
22:23:47	   22	0.054	   0.980
22:26:07	   23	0.053	   0.958
22:28:24	   24	0.051	   0.966
22:30:42	   25	0.055	   0.970
22:33:04	   26	0.051	   0.978
22:35:23	   27	0.054	   0.942
22:37:42	   28	0.050	   0.982
22:40:03	   29	0.050	   0.962
22:42:22	   30	0.049	   0.976

------------------------------

22:42:27	Parameters at epoch 30:

22:42:27	Theta:
22:42:27		-2.8566   2.4251  -1.4118  
22:42:27		 1.2803   0.8209  -0.7950  
22:42:27		 2.6512   1.2991   0.6904  
22:42:27		-0.5231  -0.3418   1.1139  
22:42:27		 0.0365   2.0068   0.9337  
22:42:27		 1.0522   0.1502   1.1853  
22:42:27		-0.1677  -0.2269  -0.9635  
22:42:27		 0.3929   1.0121  -1.6628  
22:42:27	Alpha:
22:42:27		 0.5021   0.1419  
22:42:27		-3.0543   1.9809  
22:42:27		-1.7519  -0.7086  
22:42:27		-0.1274  -2.1084  
22:42:27		-0.0383   0.2370  
22:42:27		 1.1435  -1.9731  
22:42:27		 0.7490   1.6863  
22:42:27		-0.8863  -0.7342  
22:42:27	Class weight:
22:42:27		 1.0892   1.1096  

------------------------------

22:42:54	Accuracy on test set with the parameters above: 0.9746666666666667

