22:36:43	Optimizer: adam
22:36:43	Optimizer params: {'lr': 0.03}
22:36:43	DataSet: three circles - nTrain: 500 - nValid: 0 - nTest: 3000
22:36:43	nLayers: 8 - nEpochs: 30 - batchSize: 15
22:36:43	Cost: fidelity
22:36:43	Seed: None

------------------------------

22:36:53	epoch	loss	accuracy
22:37:04	    0	0.621	   0.146
22:38:21	    1	0.230	   0.660
22:39:40	    2	0.192	   0.780
22:40:58	    3	0.176	   0.826
22:42:16	    4	0.197	   0.754
22:43:34	    5	0.175	   0.818
22:45:01	    6	0.161	   0.816
22:46:19	    7	0.160	   0.814
22:47:36	    8	0.157	   0.800
22:48:54	    9	0.143	   0.832
22:50:12	   10	0.146	   0.822
22:51:39	   11	0.138	   0.826
22:52:57	   12	0.136	   0.842
22:54:15	   13	0.135	   0.840
22:55:32	   14	0.134	   0.850
22:56:50	   15	0.132	   0.844
22:58:17	   16	0.134	   0.828
22:59:35	   17	0.133	   0.836
23:00:54	   18	0.129	   0.830
23:02:12	   19	0.131	   0.842
23:03:31	   20	0.127	   0.840
23:04:58	   21	0.128	   0.832
23:06:17	   22	0.129	   0.834
23:07:36	   23	0.126	   0.842
23:08:55	   24	0.127	   0.822
23:10:13	   25	0.125	   0.826
23:11:41	   26	0.123	   0.850
23:12:59	   27	0.123	   0.846
23:14:18	   28	0.123	   0.832
23:15:36	   29	0.119	   0.830
23:16:56	   30	0.118	   0.842

------------------------------

23:17:06	Parameters at epoch 30:

23:17:06	Theta:
23:17:06		 2.9553   0.0124   1.1413  
23:17:06		-0.1746   0.4683   0.3563  
23:17:06		-1.9250   1.2653   0.7256  
23:17:06		-0.4308  -0.2622   0.8963  
23:17:06		 0.6631   0.4178  -0.4661  
23:17:06		 0.3358  -0.3736   0.1301  
23:17:06		 0.4398   0.6872   0.2021  
23:17:06		 0.5401  -1.3954   2.3057  
23:17:06	Alpha:
23:17:06		 1.0756   1.0916  
23:17:06		 0.1683  -1.6611  
23:17:06		-2.1068   1.2283  
23:17:06		-1.3211  -0.5429  
23:17:06		-0.9981  -1.5790  
23:17:06		 0.2950  -1.4461  
23:17:06		-1.2229   1.8734  
23:17:06		 1.8711   1.5728  

------------------------------

23:18:01	Accuracy on test set with the parameters above: 0.838

