06:06:27	Optimizer: adam
06:06:27	Optimizer params: {'lr': 0.02}
06:06:27	DataSet: non convex - nTrain: 500 - nValid: 0 - nTest: 3000
06:06:27	nLayers: 1 - nEpochs: 40 - batchSize: 32
06:06:27	Cost: fidelity
06:06:27	Seed: None

------------------------------

06:06:29	epoch	loss	accuracy
06:06:32	    0	0.537	   0.488
06:06:38	    1	0.507	   0.488
06:06:45	    2	0.496	   0.488
06:06:51	    3	0.458	   0.540
06:06:57	    4	0.368	   0.716
06:07:04	    5	0.289	   0.756
06:07:12	    6	0.272	   0.760
06:07:18	    7	0.272	   0.758
06:07:25	    8	0.272	   0.760
06:07:31	    9	0.272	   0.760
06:07:37	   10	0.272	   0.760
06:07:46	   11	0.272	   0.760
06:07:52	   12	0.272	   0.758
06:07:58	   13	0.272	   0.760
06:08:05	   14	0.272	   0.760
06:08:11	   15	0.272	   0.760
06:08:19	   16	0.272	   0.760
06:08:26	   17	0.272	   0.760
06:08:32	   18	0.272	   0.760
06:08:38	   19	0.272	   0.760
06:08:44	   20	0.272	   0.760
06:08:53	   21	0.272	   0.760
06:08:59	   22	0.272	   0.760
06:09:06	   23	0.272	   0.760
06:09:12	   24	0.272	   0.760
06:09:18	   25	0.272	   0.760
06:09:26	   26	0.272	   0.760
06:09:33	   27	0.272	   0.760
06:09:39	   28	0.272	   0.760
06:09:46	   29	0.272	   0.760
06:09:52	   30	0.272	   0.760
06:10:00	   31	0.272	   0.760
06:10:07	   32	0.272	   0.760
06:10:13	   33	0.272	   0.760
06:10:19	   34	0.272	   0.760
06:10:26	   35	0.272	   0.760
06:10:34	   36	0.272	   0.760
06:10:40	   37	0.272	   0.760
06:10:47	   38	0.272	   0.760
06:10:53	   39	0.272	   0.760
06:11:00	   40	0.272	   0.760

------------------------------

06:11:01	Parameters at epoch 40:

06:11:01	Theta:
06:11:01		 0.0000   1.5529  -1.1613  
06:11:01	Alpha:
06:11:01		 0.0003  -2.1264  

------------------------------

06:11:10	Accuracy on test set with the parameters above: 0.7303333333333333

