21:37:04	Optimizer: adam
21:37:04	Optimizer params: {'lr': 0.03}
21:37:04	DataSet: sphere - nTrain: 500 - nValid: 0 - nTest: 3000
21:37:04	nLayers: 8 - nEpochs: 30 - batchSize: 32
21:37:04	Cost: fidelity
21:37:04	Seed: None

------------------------------

21:37:09	epoch	loss	accuracy
21:37:15	    0	0.515	   0.482
21:38:36	    1	0.319	   0.746
21:39:58	    2	0.289	   0.814
21:41:20	    3	0.261	   0.832
21:42:43	    4	0.253	   0.838
21:44:05	    5	0.245	   0.854
21:45:31	    6	0.247	   0.858
21:46:53	    7	0.242	   0.852
21:48:15	    8	0.239	   0.854
21:49:38	    9	0.239	   0.860
21:51:00	   10	0.240	   0.868
21:52:27	   11	0.244	   0.850
21:53:50	   12	0.240	   0.870
21:55:12	   13	0.237	   0.852
21:56:34	   14	0.236	   0.866
21:57:55	   15	0.236	   0.870
21:59:20	   16	0.236	   0.856
22:00:42	   17	0.236	   0.874
22:02:04	   18	0.235	   0.862
22:03:26	   19	0.235	   0.866
22:04:47	   20	0.235	   0.860
22:06:13	   21	0.235	   0.868
22:07:35	   22	0.235	   0.844
22:08:57	   23	0.235	   0.872
22:10:19	   24	0.234	   0.858
22:11:42	   25	0.235	   0.862
22:13:09	   26	0.234	   0.860
22:14:32	   27	0.234	   0.856
22:15:55	   28	0.234	   0.868
22:17:18	   29	0.234	   0.854
22:18:40	   30	0.234	   0.874

------------------------------

22:18:44	Parameters at epoch 30:

22:18:44	Theta:
22:18:44		-1.1593   1.0733  -0.6649  
22:18:44		-1.4472  -0.3420  -0.5150  
22:18:44		 2.5648  -0.4282  -0.5234  
22:18:44		 1.4486  -0.0973   0.4041  
22:18:44		-1.0388   2.0597   2.1761  
22:18:44		 1.0360  -1.0290  -0.0732  
22:18:44		-0.5419  -0.1003   0.9261  
22:18:44		-0.3357   0.8805  -0.5407  
22:18:44	Alpha:
22:18:44		 0.2582   0.1546   3.0784  
22:18:44		-0.1322   0.0830   0.6776  
22:18:44		 0.6251   1.4366  -0.6762  
22:18:44		 0.1844  -0.5797   2.1786  
22:18:44		-0.1471   0.3752   1.3664  
22:18:44		-1.6578  -0.0896   0.3088  
22:18:44		-0.8909  -1.4943   0.9657  
22:18:44		-0.4946  -0.2015   2.1860  

------------------------------

22:19:09	Accuracy on test set with the parameters above: 0.8523333333333334

