06:12:20	Optimizer: adam
06:12:20	Optimizer params: {'lr': 0.02}
06:12:20	DataSet: binary annulus - nTrain: 500 - nValid: 0 - nTest: 3000
06:12:20	nLayers: 4 - nEpochs: 40 - batchSize: 48
06:12:20	Cost: weighted fidelity
06:12:20	Seed: None

------------------------------

06:12:24	epoch	loss	accuracy
06:12:30	    0	0.392	   0.412
06:13:21	    1	0.286	   0.534
06:14:12	    2	0.239	   0.640
06:15:03	    3	0.209	   0.676
06:15:56	    4	0.188	   0.696
06:16:47	    5	0.172	   0.738
06:17:41	    6	0.154	   0.788
06:18:33	    7	0.140	   0.832
06:19:25	    8	0.133	   0.856
06:20:16	    9	0.127	   0.838
06:21:09	   10	0.125	   0.844
06:22:04	   11	0.123	   0.870
06:22:56	   12	0.121	   0.856
06:23:48	   13	0.119	   0.860
06:24:41	   14	0.118	   0.866
06:25:34	   15	0.117	   0.872
06:26:30	   16	0.116	   0.886
06:27:23	   17	0.115	   0.874
06:28:15	   18	0.114	   0.888
06:29:07	   19	0.113	   0.878
06:29:59	   20	0.113	   0.884
06:30:54	   21	0.112	   0.886
06:31:46	   22	0.112	   0.884
06:32:37	   23	0.111	   0.886
06:33:29	   24	0.111	   0.888
06:34:20	   25	0.110	   0.888
06:35:16	   26	0.110	   0.890
06:36:08	   27	0.110	   0.890
06:37:01	   28	0.109	   0.888
06:37:53	   29	0.109	   0.888
06:38:45	   30	0.109	   0.888
06:39:41	   31	0.109	   0.892
06:40:33	   32	0.109	   0.894
06:41:25	   33	0.109	   0.894
06:42:18	   34	0.108	   0.890
06:43:10	   35	0.108	   0.882
06:44:05	   36	0.108	   0.892
06:44:58	   37	0.108	   0.892
06:45:50	   38	0.108	   0.890
06:46:42	   39	0.108	   0.892
06:47:35	   40	0.107	   0.896

------------------------------

06:47:39	Parameters at epoch 40:

06:47:39	Theta:
06:47:39		-0.1183   1.0573   2.0236  
06:47:39		 0.2888   3.0765  -0.0185  
06:47:39		-0.7731  -1.6197   0.2310  
06:47:39		 0.5794  -0.1453  -1.1049  
06:47:39	Alpha:
06:47:39		 0.1700   2.2767  
06:47:39		-2.7904  -1.0851  
06:47:39		 2.0902  -0.7759  
06:47:39		 2.3995  -1.7321  
06:47:39	Class weight:
06:47:39		 1.2312   1.0229  

------------------------------

06:47:57	Accuracy on test set with the parameters above: 0.8706666666666667

