00:01:49	Optimizer: adam
00:01:49	Optimizer params: {'lr': 0.03}
00:01:49	DataSet: three circles - nTrain: 500 - nValid: 0 - nTest: 3000
00:01:49	nLayers: 3 - nEpochs: 30 - batchSize: 15
00:01:49	Cost: fidelity
00:01:49	Seed: None

------------------------------

00:01:56	epoch	loss	accuracy
00:02:03	    0	0.580	   0.176
00:02:25	    1	0.246	   0.638
00:02:47	    2	0.200	   0.686
00:03:09	    3	0.192	   0.700
00:03:32	    4	0.182	   0.714
00:03:54	    5	0.182	   0.722
00:04:22	    6	0.178	   0.744
00:04:44	    7	0.175	   0.756
00:05:07	    8	0.175	   0.766
00:05:29	    9	0.175	   0.752
00:05:51	   10	0.172	   0.746
00:06:19	   11	0.169	   0.782
00:06:41	   12	0.169	   0.756
00:07:03	   13	0.166	   0.788
00:07:25	   14	0.165	   0.786
00:07:47	   15	0.164	   0.766
00:08:15	   16	0.163	   0.784
00:08:37	   17	0.161	   0.774
00:08:59	   18	0.160	   0.788
00:09:21	   19	0.158	   0.778
00:09:44	   20	0.157	   0.766
00:10:11	   21	0.156	   0.804
00:10:34	   22	0.155	   0.806
00:10:56	   23	0.154	   0.786
00:11:18	   24	0.156	   0.824
00:11:41	   25	0.153	   0.788
00:12:08	   26	0.152	   0.778
00:12:31	   27	0.151	   0.786
00:12:53	   28	0.151	   0.778
00:13:15	   29	0.150	   0.796
00:13:37	   30	0.150	   0.796

------------------------------

00:13:43	Parameters at epoch 30:

00:13:43	Theta:
00:13:43		-1.4975  -0.7237   0.9378  
00:13:43		-0.7403  -1.2085  -0.2972  
00:13:43		 0.5077   1.2736  -0.6400  
00:13:43	Alpha:
00:13:43		-0.0442  -1.8766  
00:13:43		 1.1675   2.1105  
00:13:43		 1.9359   0.2334  

------------------------------

00:14:12	Accuracy on test set with the parameters above: 0.7976666666666666

