03:57:10	Optimizer: adam
03:57:10	Optimizer params: {'lr': 0.02}
03:57:10	DataSet: squares - nTrain: 500 - nValid: 0 - nTest: 3000
03:57:10	nLayers: 1 - nEpochs: 30 - batchSize: 32
03:57:10	Cost: fidelity
03:57:10	Seed: None

------------------------------

03:57:14	epoch	loss	accuracy
03:57:20	    0	0.408	   0.276
03:57:28	    1	0.354	   0.316
03:57:37	    2	0.322	   0.390
03:57:46	    3	0.302	   0.446
03:57:55	    4	0.293	   0.450
03:58:04	    5	0.289	   0.444
03:58:17	    6	0.287	   0.456
03:58:25	    7	0.287	   0.456
03:58:34	    8	0.286	   0.456
03:58:43	    9	0.286	   0.444
03:58:52	   10	0.286	   0.462
03:59:05	   11	0.286	   0.444
03:59:13	   12	0.286	   0.452
03:59:22	   13	0.286	   0.458
03:59:31	   14	0.286	   0.466
03:59:40	   15	0.286	   0.458
03:59:53	   16	0.286	   0.450
04:00:02	   17	0.286	   0.452
04:00:11	   18	0.285	   0.456
04:00:20	   19	0.285	   0.456
04:00:29	   20	0.285	   0.446
04:00:42	   21	0.285	   0.460
04:00:51	   22	0.285	   0.464
04:00:59	   23	0.285	   0.452
04:01:08	   24	0.285	   0.458
04:01:17	   25	0.285	   0.454
04:01:30	   26	0.285	   0.450
04:01:38	   27	0.285	   0.448
04:01:47	   28	0.285	   0.462
04:01:56	   29	0.285	   0.462
04:02:05	   30	0.285	   0.450

------------------------------

04:02:09	Parameters at epoch 30:

04:02:09	Theta:
04:02:09		 0.0807  -0.6984  -0.1490  
04:02:09	Alpha:
04:02:09		-0.3551  -2.3288  

------------------------------

04:02:28	Accuracy on test set with the parameters above: 0.441

