10:03:44	Optimizer: adam
10:03:44	Optimizer params: {'lr': 0.02}
10:03:44	DataSet: non convex - nTrain: 500 - nValid: 0 - nTest: 3000
10:03:44	nLayers: 8 - nEpochs: 40 - batchSize: 32
10:03:44	Cost: weighted fidelity
10:03:44	Seed: None

------------------------------

10:03:49	epoch	loss	accuracy
10:03:59	    0	0.324	   0.576
10:06:19	    1	0.174	   0.768
10:08:41	    2	0.147	   0.794
10:11:00	    3	0.136	   0.824
10:13:19	    4	0.134	   0.872
10:15:39	    5	0.131	   0.822
10:18:04	    6	0.129	   0.858
10:20:25	    7	0.122	   0.842
10:22:44	    8	0.116	   0.862
10:25:05	    9	0.103	   0.902
10:27:24	   10	0.087	   0.926
10:29:50	   11	0.074	   0.948
10:32:09	   12	0.067	   0.948
10:34:28	   13	0.063	   0.960
10:36:48	   14	0.060	   0.962
10:39:07	   15	0.058	   0.960
10:41:33	   16	0.057	   0.966
10:43:53	   17	0.055	   0.962
10:46:14	   18	0.055	   0.958
10:48:35	   19	0.053	   0.962
10:50:55	   20	0.053	   0.966
10:53:23	   21	0.052	   0.960
10:55:44	   22	0.052	   0.964
10:58:05	   23	0.052	   0.966
11:00:25	   24	0.051	   0.960
11:02:46	   25	0.051	   0.962
11:05:10	   26	0.051	   0.956
11:07:31	   27	0.051	   0.968
11:09:50	   28	0.050	   0.960
11:12:10	   29	0.050	   0.966
11:14:31	   30	0.050	   0.956
11:16:56	   31	0.050	   0.962
11:19:17	   32	0.050	   0.958
11:21:37	   33	0.050	   0.962
11:23:59	   34	0.050	   0.958
11:26:18	   35	0.050	   0.956
11:28:44	   36	0.050	   0.958
11:31:05	   37	0.050	   0.958
11:33:26	   38	0.049	   0.960
11:35:48	   39	0.050	   0.960
11:38:08	   40	0.049	   0.962

------------------------------

11:38:13	Parameters at epoch 40:

11:38:13	Theta:
11:38:13		-1.2088  -0.7083  -0.1335  
11:38:13		-0.6725   0.9337   0.2108  
11:38:13		 1.1926   0.3859   1.0551  
11:38:13		 0.7899   1.6987  -0.7163  
11:38:13		-0.0611   0.6512  -1.0835  
11:38:13		 0.6200   0.6197   0.5331  
11:38:13		 1.0107  -0.2975  -0.1217  
11:38:13		-1.4563   0.8874  -0.4897  
11:38:13	Alpha:
11:38:13		-0.6778  -1.2317  
11:38:13		 1.1784  -0.4012  
11:38:13		-1.1376  -0.3878  
11:38:13		-0.2353   1.7678  
11:38:13		 2.1574   1.3783  
11:38:13		 1.2213  -1.4085  
11:38:13		 0.5136   0.9261  
11:38:13		 0.1395   0.5629  
11:38:13	Class weight:
11:38:13		 1.0583   1.1112  

------------------------------

11:38:40	Accuracy on test set with the parameters above: 0.9396666666666667

