06:48:20	Optimizer: adam
06:48:20	Optimizer params: {'lr': 0.02}
06:48:20	DataSet: binary annulus - nTrain: 500 - nValid: 0 - nTest: 3000
06:48:20	nLayers: 3 - nEpochs: 40 - batchSize: 48
06:48:20	Cost: weighted fidelity
06:48:20	Seed: None

------------------------------

06:48:24	epoch	loss	accuracy
06:48:29	    0	0.376	   0.464
06:49:05	    1	0.276	   0.500
06:49:41	    2	0.242	   0.528
06:50:17	    3	0.233	   0.646
06:50:53	    4	0.228	   0.596
06:51:29	    5	0.227	   0.618
06:52:07	    6	0.226	   0.594
06:52:44	    7	0.225	   0.606
06:53:20	    8	0.225	   0.616
06:53:56	    9	0.224	   0.608
06:54:32	   10	0.224	   0.592
06:55:11	   11	0.223	   0.616
06:55:47	   12	0.223	   0.598
06:56:23	   13	0.223	   0.616
06:56:59	   14	0.223	   0.624
06:57:35	   15	0.223	   0.616
06:58:14	   16	0.222	   0.618
06:58:51	   17	0.222	   0.614
06:59:27	   18	0.222	   0.612
07:00:04	   19	0.222	   0.612
07:00:40	   20	0.222	   0.616
07:01:19	   21	0.222	   0.600
07:01:55	   22	0.222	   0.634
07:02:32	   23	0.222	   0.614
07:03:08	   24	0.222	   0.618
07:03:45	   25	0.222	   0.636
07:04:24	   26	0.222	   0.610
07:05:01	   27	0.221	   0.616
07:05:38	   28	0.221	   0.622
07:06:14	   29	0.221	   0.622
07:06:50	   30	0.222	   0.640
07:07:29	   31	0.221	   0.620
07:08:06	   32	0.221	   0.618
07:08:43	   33	0.221	   0.600
07:09:20	   34	0.221	   0.620
07:09:56	   35	0.221	   0.622
07:10:36	   36	0.221	   0.620
07:11:13	   37	0.221	   0.618
07:11:49	   38	0.221	   0.620
07:12:25	   39	0.221	   0.624
07:13:01	   40	0.221	   0.622

------------------------------

07:13:04	Parameters at epoch 40:

07:13:04	Theta:
07:13:04		-1.4158   0.5518  -0.6084  
07:13:04		-0.2081   1.2518   1.4851  
07:13:04		 0.8699  -0.9222  -0.4580  
07:13:04	Alpha:
07:13:04		-1.1602  -0.4197  
07:13:04		-0.1971  -1.5418  
07:13:04		-0.0151   0.7905  
07:13:04	Class weight:
07:13:04		 1.0441   0.9710  

------------------------------

07:13:19	Accuracy on test set with the parameters above: 0.5903333333333334

