00:23:23	Optimizer: adam
00:23:23	Optimizer params: {'lr': 0.03}
00:23:23	DataSet: wavy lines - nTrain: 500 - nValid: 0 - nTest: 3000
00:23:23	nLayers: 8 - nEpochs: 30 - batchSize: 32
00:23:23	Cost: fidelity
00:23:23	Seed: None

------------------------------

00:23:33	epoch	loss	accuracy
00:23:45	    0	0.510	   0.356
00:25:06	    1	0.154	   0.820
00:26:28	    2	0.124	   0.862
00:27:49	    3	0.115	   0.900
00:29:11	    4	0.114	   0.886
00:30:34	    5	0.117	   0.844
00:32:05	    6	0.112	   0.886
00:33:27	    7	0.105	   0.916
00:34:49	    8	0.103	   0.912
00:36:11	    9	0.103	   0.906
00:37:33	   10	0.103	   0.896
00:39:05	   11	0.101	   0.904
00:40:27	   12	0.101	   0.902
00:41:49	   13	0.100	   0.916
00:43:11	   14	0.101	   0.882
00:44:33	   15	0.099	   0.904
00:46:05	   16	0.098	   0.916
00:47:27	   17	0.096	   0.918
00:48:50	   18	0.096	   0.910
00:50:11	   19	0.096	   0.924
00:51:34	   20	0.096	   0.922
00:53:05	   21	0.095	   0.920
00:54:28	   22	0.096	   0.922
00:55:50	   23	0.094	   0.920
00:57:12	   24	0.095	   0.896
00:58:35	   25	0.093	   0.918
01:00:06	   26	0.093	   0.928
01:01:29	   27	0.092	   0.912
01:02:51	   28	0.092	   0.922
01:04:14	   29	0.091	   0.918
01:05:37	   30	0.091	   0.922

------------------------------

01:05:46	Parameters at epoch 30:

01:05:46	Theta:
01:05:46		 0.5614   1.2446   1.1197  
01:05:46		 0.4309  -0.8744   0.0183  
01:05:46		 0.8522   1.2549   1.2116  
01:05:46		 0.0450  -0.0287  -0.5954  
01:05:46		 0.1721   0.3497   0.4072  
01:05:46		-1.3573   1.0137   0.4949  
01:05:46		 2.7887  -0.5607  -0.4110  
01:05:46		 1.1897   1.9940  -0.5660  
01:05:46	Alpha:
01:05:46		 0.2341  -0.0870  
01:05:46		 1.4137   0.5807  
01:05:46		-1.2185  -1.7365  
01:05:46		 0.1679   0.1870  
01:05:46		 1.6447   1.0915  
01:05:46		-1.3194   1.0526  
01:05:46		 0.6960  -1.0147  
01:05:46		 1.5529   1.6293  

------------------------------

01:06:40	Accuracy on test set with the parameters above: 0.905

