02:16:55	Optimizer: adam
02:16:55	Optimizer params: {'lr': 0.02}
02:16:55	DataSet: squares - nTrain: 500 - nValid: 0 - nTest: 3000
02:16:55	nLayers: 4 - nEpochs: 30 - batchSize: 32
02:16:55	Cost: weighted fidelity
02:16:55	Seed: None

------------------------------

02:17:02	epoch	loss	accuracy
02:17:14	    0	0.195	   0.494
02:18:57	    1	0.098	   0.824
02:20:42	    2	0.089	   0.876
02:22:26	    3	0.086	   0.872
02:24:10	    4	0.084	   0.880
02:25:53	    5	0.084	   0.852
02:27:43	    6	0.082	   0.876
02:29:26	    7	0.081	   0.868
02:31:11	    8	0.080	   0.882
02:32:55	    9	0.079	   0.878
02:34:38	   10	0.078	   0.876
02:36:27	   11	0.077	   0.882
02:38:11	   12	0.076	   0.882
02:39:54	   13	0.075	   0.892
02:41:37	   14	0.075	   0.884
02:43:21	   15	0.074	   0.884
02:45:10	   16	0.074	   0.882
02:46:53	   17	0.073	   0.886
02:48:37	   18	0.073	   0.894
02:50:21	   19	0.073	   0.888
02:52:04	   20	0.072	   0.890
02:53:55	   21	0.072	   0.888
02:55:39	   22	0.072	   0.888
02:57:22	   23	0.072	   0.888
02:59:05	   24	0.072	   0.888
03:00:49	   25	0.071	   0.890
03:02:39	   26	0.071	   0.896
03:04:23	   27	0.071	   0.896
03:06:06	   28	0.071	   0.898
03:07:51	   29	0.071	   0.898
03:09:35	   30	0.071	   0.900

------------------------------

03:09:41	Parameters at epoch 30:

03:09:41	Theta:
03:09:41		-0.1681   0.7931   0.1526  
03:09:41		-1.9214   1.5814   2.4235  
03:09:41		 2.3955  -1.6575   1.1387  
03:09:41		-1.1962   0.0134   1.1702  
03:09:41	Alpha:
03:09:41		-0.8496   0.9015  
03:09:41		 1.7509   1.1697  
03:09:41		-1.4982  -0.0918  
03:09:41		 0.0918  -0.3141  
03:09:41	Class weight:
03:09:41		 1.0071   0.8457   1.0133   0.9745  

------------------------------

03:10:15	Accuracy on test set with the parameters above: 0.867

