05:26:40	Optimizer: adam
05:26:40	Optimizer params: {'lr': 0.02}
05:26:40	DataSet: non convex - nTrain: 500 - nValid: 0 - nTest: 3000
05:26:40	nLayers: 3 - nEpochs: 40 - batchSize: 32
05:26:40	Cost: weighted fidelity
05:26:40	Seed: None

------------------------------

05:26:43	epoch	loss	accuracy
05:26:49	    0	0.311	   0.528
05:27:26	    1	0.171	   0.740
05:28:02	    2	0.157	   0.762
05:28:39	    3	0.156	   0.764
05:29:15	    4	0.155	   0.766
05:29:52	    5	0.154	   0.760
05:30:31	    6	0.153	   0.762
05:31:08	    7	0.153	   0.766
05:31:45	    8	0.153	   0.760
05:32:21	    9	0.152	   0.768
05:32:58	   10	0.152	   0.762
05:33:37	   11	0.151	   0.764
05:34:14	   12	0.151	   0.762
05:34:47	   13	0.151	   0.758
05:35:17	   14	0.151	   0.762
05:35:48	   15	0.149	   0.764
05:36:21	   16	0.148	   0.772
05:36:54	   17	0.148	   0.774
05:37:27	   18	0.147	   0.766
05:37:59	   19	0.147	   0.782
05:38:32	   20	0.146	   0.784
05:39:08	   21	0.146	   0.766
05:39:41	   22	0.146	   0.770
05:40:13	   23	0.145	   0.784
05:40:46	   24	0.145	   0.770
05:41:19	   25	0.145	   0.776
05:41:55	   26	0.145	   0.780
05:42:28	   27	0.145	   0.780
05:43:00	   28	0.145	   0.774
05:43:33	   29	0.144	   0.766
05:44:06	   30	0.145	   0.792
05:44:42	   31	0.144	   0.782
05:45:15	   32	0.144	   0.780
05:45:48	   33	0.144	   0.770
05:46:21	   34	0.144	   0.778
05:46:54	   35	0.144	   0.780
05:47:29	   36	0.144	   0.784
05:48:02	   37	0.144	   0.778
05:48:35	   38	0.144	   0.778
05:49:07	   39	0.144	   0.784
05:49:40	   40	0.144	   0.790

------------------------------

05:49:43	Parameters at epoch 40:

05:49:43	Theta:
05:49:43		-1.3172   0.2967   0.9463  
05:49:43		 1.2380  -1.8708   0.7370  
05:49:43		 0.5926   0.7659   0.1180  
05:49:43	Alpha:
05:49:43		 0.3220   1.8395  
05:49:43		 1.0036  -0.7465  
05:49:43		-0.6634   0.6605  
05:49:43	Class weight:
05:49:43		 1.0388   1.0219  

------------------------------

05:49:56	Accuracy on test set with the parameters above: 0.7586666666666667

