08:10:36	Optimizer: adam
08:10:36	Optimizer params: {'lr': 0.02}
08:10:36	DataSet: non convex - nTrain: 500 - nValid: 0 - nTest: 3000
08:10:36	nLayers: 6 - nEpochs: 40 - batchSize: 32
08:10:36	Cost: weighted fidelity
08:10:36	Seed: None

------------------------------

08:10:40	epoch	loss	accuracy
08:10:47	    0	0.233	   0.664
08:12:09	    1	0.096	   0.898
08:13:31	    2	0.071	   0.972
08:14:53	    3	0.069	   0.970
08:16:15	    4	0.069	   0.962
08:17:37	    5	0.069	   0.954
08:19:03	    6	0.067	   0.976
08:20:26	    7	0.067	   0.964
08:21:48	    8	0.067	   0.972
08:23:11	    9	0.067	   0.976
08:24:33	   10	0.068	   0.946
08:25:58	   11	0.067	   0.974
08:27:21	   12	0.066	   0.968
08:28:42	   13	0.066	   0.974
08:30:05	   14	0.066	   0.962
08:31:27	   15	0.066	   0.962
08:32:53	   16	0.066	   0.974
08:34:15	   17	0.067	   0.974
08:35:37	   18	0.066	   0.974
08:37:00	   19	0.066	   0.970
08:38:22	   20	0.065	   0.962
08:39:46	   21	0.066	   0.972
08:41:05	   22	0.065	   0.972
08:42:25	   23	0.065	   0.962
08:43:44	   24	0.065	   0.976
08:45:04	   25	0.065	   0.968
08:46:27	   26	0.065	   0.966
08:47:47	   27	0.065	   0.972
08:49:06	   28	0.065	   0.976
08:50:26	   29	0.065	   0.974
08:51:45	   30	0.065	   0.968
08:53:09	   31	0.065	   0.960
08:54:29	   32	0.065	   0.974
08:55:49	   33	0.065	   0.964
08:57:09	   34	0.065	   0.968
08:58:29	   35	0.065	   0.968
08:59:52	   36	0.065	   0.976
09:01:12	   37	0.065	   0.962
09:02:32	   38	0.065	   0.966
09:03:52	   39	0.065	   0.976
09:05:13	   40	0.065	   0.962

------------------------------

09:05:17	Parameters at epoch 40:

09:05:17	Theta:
09:05:17		-0.4486  -0.2535   0.6426  
09:05:17		 0.2248  -0.4172  -0.3054  
09:05:17		 0.8166  -0.4941  -0.6086  
09:05:17		 0.7023   0.9138   0.9290  
09:05:17		 0.7690   1.0221   1.7980  
09:05:17		-0.3024  -0.6797   0.7886  
09:05:17	Alpha:
09:05:17		 0.0141  -0.5954  
09:05:17		 0.8714   0.0607  
09:05:17		 0.9199   0.4691  
09:05:17		 2.7922  -0.3328  
09:05:17		 1.1893  -0.8215  
09:05:17		 0.2885   0.9869  
09:05:17	Class weight:
09:05:17		 1.1443   1.0966  

------------------------------

09:05:36	Accuracy on test set with the parameters above: 0.9446666666666667

