15:04:27	Optimizer: adam
15:04:27	Optimizer params: {'lr': 0.02}
15:04:27	DataSet: non convex - nTrain: 500 - nValid: 0 - nTest: 3000
15:04:27	nLayers: 6 - nEpochs: 40 - batchSize: 32
15:04:27	Cost: weighted fidelity
15:04:27	Seed: None

------------------------------

15:04:31	epoch	loss	accuracy
15:04:39	    0	0.209	   0.724
15:05:56	    1	0.153	   0.780
15:07:13	    2	0.134	   0.804
15:08:31	    3	0.097	   0.868
15:09:49	    4	0.073	   0.942
15:11:08	    5	0.068	   0.926
15:12:29	    6	0.070	   0.942
15:13:47	    7	0.066	   0.944
15:15:07	    8	0.065	   0.954
15:16:25	    9	0.064	   0.950
15:17:44	   10	0.065	   0.954
15:19:06	   11	0.066	   0.936
15:20:24	   12	0.064	   0.950
15:21:42	   13	0.064	   0.944
15:23:00	   14	0.063	   0.950
15:24:19	   15	0.063	   0.956
15:25:41	   16	0.063	   0.946
15:27:00	   17	0.062	   0.954
15:28:18	   18	0.063	   0.948
15:29:37	   19	0.063	   0.950
15:30:56	   20	0.064	   0.942
15:32:18	   21	0.063	   0.948
15:33:36	   22	0.062	   0.954
15:34:54	   23	0.061	   0.956
15:36:13	   24	0.061	   0.948
15:37:32	   25	0.062	   0.946
15:38:54	   26	0.061	   0.946
15:40:12	   27	0.061	   0.952
15:41:30	   28	0.061	   0.948
15:42:49	   29	0.061	   0.944
15:44:07	   30	0.060	   0.946
15:45:29	   31	0.060	   0.958
15:46:48	   32	0.060	   0.956
15:48:07	   33	0.060	   0.948
15:49:26	   34	0.060	   0.942
15:50:46	   35	0.060	   0.946
15:52:09	   36	0.060	   0.954
15:53:27	   37	0.060	   0.946
15:54:46	   38	0.059	   0.952
15:56:05	   39	0.060	   0.954
15:57:23	   40	0.059	   0.948

------------------------------

15:57:27	Parameters at epoch 40:

15:57:27	Theta:
15:57:27		-1.2963  -1.2061   0.1590  
15:57:27		-1.4071  -0.2799  -0.0839  
15:57:27		-2.3322   2.6942  -0.0096  
15:57:27		 0.1672  -0.0834   0.4660  
15:57:27		 1.2891   0.3431  -0.7902  
15:57:27		-0.0085   1.4994   1.5994  
15:57:27	Alpha:
15:57:27		-1.8458  -0.6286  
15:57:27		-0.9519   0.1778  
15:57:27		-1.3427  -1.5998  
15:57:27		 1.2354  -0.5841  
15:57:27		 0.8685   0.3811  
15:57:27		 0.3030   0.7582  
15:57:27	Class weight:
15:57:27		 1.1210   1.0734  

------------------------------

15:57:45	Accuracy on test set with the parameters above: 0.9486666666666667

