00:22:13	Optimizer: adam
00:22:13	Optimizer params: {'lr': 0.03}
00:22:13	DataSet: wavy lines - nTrain: 500 - nValid: 0 - nTest: 3000
00:22:13	nLayers: 8 - nEpochs: 30 - batchSize: 32
00:22:13	Cost: fidelity
00:22:13	Seed: None

------------------------------

00:22:23	epoch	loss	accuracy
00:22:34	    0	0.568	   0.122
00:23:49	    1	0.203	   0.718
00:25:04	    2	0.138	   0.822
00:26:19	    3	0.121	   0.882
00:27:34	    4	0.124	   0.880
00:28:49	    5	0.120	   0.868
00:30:14	    6	0.120	   0.874
00:31:30	    7	0.117	   0.894
00:32:46	    8	0.121	   0.888
00:34:02	    9	0.118	   0.892
00:35:18	   10	0.116	   0.884
00:36:44	   11	0.116	   0.896
00:38:00	   12	0.114	   0.880
00:39:15	   13	0.111	   0.904
00:40:31	   14	0.114	   0.882
00:41:47	   15	0.109	   0.900
00:43:13	   16	0.108	   0.906
00:44:29	   17	0.107	   0.908
00:45:45	   18	0.107	   0.910
00:47:01	   19	0.104	   0.914
00:48:18	   20	0.103	   0.924
00:49:43	   21	0.104	   0.894
00:50:59	   22	0.104	   0.916
00:52:15	   23	0.104	   0.920
00:53:31	   24	0.102	   0.910
00:54:47	   25	0.102	   0.920
00:56:13	   26	0.102	   0.910
00:57:28	   27	0.101	   0.910
00:58:44	   28	0.101	   0.914
01:00:01	   29	0.100	   0.914
01:01:17	   30	0.102	   0.918

------------------------------

01:01:26	Parameters at epoch 30:

01:01:26	Theta:
01:01:26		-0.6677  -2.7939  -0.4771  
01:01:26		 0.7733  -0.2332  -0.5691  
01:01:26		-0.0759  -0.3139  -1.8466  
01:01:26		 1.5279  -0.1272   0.1044  
01:01:26		 0.7431   0.6614  -1.1206  
01:01:26		-1.2475  -1.2698  -0.0142  
01:01:26		 0.1199  -0.1144  -0.6745  
01:01:26		-1.8196   0.8012  -0.2300  
01:01:26	Alpha:
01:01:26		-0.0207  -0.3793  
01:01:26		 0.6398  -0.2278  
01:01:26		 2.3907   0.7240  
01:01:26		 1.2680  -0.5932  
01:01:26		-0.4551   0.2480  
01:01:26		 0.3392  -0.6788  
01:01:26		 1.6897  -0.0136  
01:01:26		 0.6640  -0.1549  

------------------------------

01:02:20	Accuracy on test set with the parameters above: 0.8873333333333333

