07:19:36	Optimizer: adam
07:19:36	Optimizer params: {'lr': 0.02}
07:19:36	DataSet: binary annulus - nTrain: 500 - nValid: 0 - nTest: 3000
07:19:36	nLayers: 1 - nEpochs: 40 - batchSize: 48
07:19:36	Cost: weighted fidelity
07:19:36	Seed: None

------------------------------

07:19:38	epoch	loss	accuracy
07:19:42	    0	0.386	   0.428
07:19:53	    1	0.316	   0.484
07:20:04	    2	0.281	   0.488
07:20:15	    3	0.264	   0.538
07:20:27	    4	0.257	   0.518
07:20:38	    5	0.252	   0.518
07:20:51	    6	0.251	   0.518
07:21:03	    7	0.250	   0.518
07:21:14	    8	0.250	   0.518
07:21:25	    9	0.249	   0.518
07:21:37	   10	0.249	   0.518
07:21:50	   11	0.248	   0.518
07:22:01	   12	0.248	   0.572
07:22:13	   13	0.247	   0.518
07:22:24	   14	0.246	   0.588
07:22:36	   15	0.245	   0.614
07:22:49	   16	0.243	   0.608
07:23:00	   17	0.241	   0.610
07:23:12	   18	0.238	   0.674
07:23:23	   19	0.235	   0.686
07:23:35	   20	0.231	   0.688
07:23:48	   21	0.227	   0.688
07:23:59	   22	0.224	   0.672
07:24:11	   23	0.222	   0.654
07:24:23	   24	0.221	   0.656
07:24:34	   25	0.220	   0.654
07:24:47	   26	0.220	   0.654
07:24:59	   27	0.220	   0.654
07:25:10	   28	0.220	   0.662
07:25:22	   29	0.220	   0.656
07:25:33	   30	0.220	   0.654
07:25:47	   31	0.220	   0.654
07:25:58	   32	0.220	   0.644
07:26:10	   33	0.220	   0.654
07:26:21	   34	0.220	   0.656
07:26:32	   35	0.220	   0.656
07:26:45	   36	0.220	   0.654
07:26:57	   37	0.220	   0.656
07:27:08	   38	0.220	   0.656
07:27:19	   39	0.220	   0.656
07:27:31	   40	0.220	   0.650

------------------------------

07:27:32	Parameters at epoch 40:

07:27:32	Theta:
07:27:32		-1.5561  -2.2615   0.8078  
07:27:32	Alpha:
07:27:32		 0.1018   2.0585  
07:27:32	Class weight:
07:27:32		 1.3058   0.8290  

------------------------------

07:27:41	Accuracy on test set with the parameters above: 0.6246666666666667

