21:32:00	Optimizer: adam
21:32:00	Optimizer params: {'lr': 0.03}
21:32:00	DataSet: circle - nTrain: 500 - nValid: 0 - nTest: 3000
21:32:00	nLayers: 8 - nEpochs: 30 - batchSize: 20
21:32:00	Cost: weighted fidelity
21:32:00	Seed: None

------------------------------

21:32:05	epoch	loss	accuracy
21:32:14	    0	0.431	   0.366
21:34:42	    1	0.150	   0.802
21:37:09	    2	0.108	   0.862
21:39:36	    3	0.103	   0.854
21:42:02	    4	0.092	   0.922
21:44:29	    5	0.092	   0.890
21:47:02	    6	0.094	   0.906
21:49:28	    7	0.086	   0.944
21:51:56	    8	0.086	   0.900
21:54:23	    9	0.084	   0.936
21:56:50	   10	0.087	   0.908
21:59:22	   11	0.086	   0.932
22:01:49	   12	0.087	   0.902
22:04:16	   13	0.083	   0.914
22:06:44	   14	0.083	   0.928
22:09:11	   15	0.088	   0.906
22:11:44	   16	0.082	   0.932
22:14:11	   17	0.082	   0.924
22:16:39	   18	0.080	   0.954
22:19:07	   19	0.087	   0.912
22:21:34	   20	0.081	   0.960
22:24:07	   21	0.080	   0.936
22:26:36	   22	0.080	   0.928
22:29:05	   23	0.080	   0.926
22:31:33	   24	0.082	   0.916
22:34:02	   25	0.079	   0.950
22:36:36	   26	0.080	   0.932
22:39:06	   27	0.080	   0.922
22:41:36	   28	0.082	   0.948
22:44:05	   29	0.079	   0.924
22:46:35	   30	0.079	   0.924

------------------------------

22:46:40	Parameters at epoch 30:

22:46:40	Theta:
22:46:40		-0.1486   1.4176   1.8026  
22:46:40		 0.8275  -0.7719  -0.9265  
22:46:40		-0.6906   1.8434  -0.3175  
22:46:40		-0.3828   1.1828   0.2215  
22:46:40		 0.5682   0.6317  -0.1083  
22:46:40		 0.4933  -1.9048   0.1080  
22:46:40		 0.9126  -0.4265   1.9458  
22:46:40		 1.3504  -0.4338  -0.4463  
22:46:40	Alpha:
22:46:40		-0.0244   0.9585  
22:46:40		-0.8526  -1.5885  
22:46:40		 0.5102  -1.1720  
22:46:40		-0.2349  -1.2783  
22:46:40		-1.2686   0.1454  
22:46:40		-0.9089   1.0396  
22:46:40		 0.3371  -1.6419  
22:46:40		 0.5321   0.5591  
22:46:40	Class weight:
22:46:40		 1.0444   1.1717  

------------------------------

22:47:08	Accuracy on test set with the parameters above: 0.9203333333333333

