01:48:41	Optimizer: adam
01:48:41	Optimizer params: {'lr': 0.03}
01:48:41	DataSet: wavy lines - nTrain: 500 - nValid: 0 - nTest: 3000
01:48:41	nLayers: 2 - nEpochs: 30 - batchSize: 32
01:48:41	Cost: weighted fidelity
01:48:41	Seed: None

------------------------------

01:48:48	epoch	loss	accuracy
01:48:56	    0	0.273	   0.282
01:49:45	    1	0.161	   0.552
01:50:35	    2	0.133	   0.640
01:51:24	    3	0.116	   0.684
01:52:14	    4	0.109	   0.694
01:53:03	    5	0.108	   0.686
01:53:58	    6	0.107	   0.678
01:54:48	    7	0.107	   0.680
01:55:38	    8	0.110	   0.662
01:56:27	    9	0.108	   0.674
01:57:16	   10	0.107	   0.680
01:58:10	   11	0.109	   0.686
01:59:00	   12	0.108	   0.694
01:59:50	   13	0.107	   0.672
02:00:39	   14	0.107	   0.678
02:01:29	   15	0.107	   0.674
02:02:24	   16	0.107	   0.678
02:03:14	   17	0.106	   0.690
02:04:04	   18	0.106	   0.684
02:04:54	   19	0.106	   0.684
02:05:44	   20	0.107	   0.676
02:06:38	   21	0.107	   0.682
02:07:28	   22	0.106	   0.678
02:08:18	   23	0.106	   0.684
02:09:08	   24	0.106	   0.680
02:09:58	   25	0.106	   0.684
02:10:52	   26	0.106	   0.684
02:11:41	   27	0.105	   0.684
02:12:31	   28	0.105	   0.686
02:13:21	   29	0.105	   0.682
02:14:10	   30	0.105	   0.690

------------------------------

02:14:15	Parameters at epoch 30:

02:14:15	Theta:
02:14:15		-0.9827   0.6904   0.5186  
02:14:15		 1.3792  -1.5240  -0.0317  
02:14:15	Alpha:
02:14:15		-0.4166   0.7644  
02:14:15		 1.0111  -0.1491  
02:14:15	Class weight:
02:14:15		 1.2194   2.4445   0.5331   1.1089  

------------------------------

02:14:41	Accuracy on test set with the parameters above: 0.7

