23:19:08	Optimizer: adam
23:19:08	Optimizer params: {'lr': 0.03}
23:19:08	DataSet: three circles - nTrain: 500 - nValid: 0 - nTest: 3000
23:19:08	nLayers: 3 - nEpochs: 30 - batchSize: 15
23:19:08	Cost: weighted fidelity
23:19:08	Seed: None

------------------------------

23:19:14	epoch	loss	accuracy
23:19:26	    0	0.278	   0.408
23:20:39	    1	0.148	   0.534
23:21:53	    2	0.143	   0.530
23:23:07	    3	0.129	   0.724
23:24:20	    4	0.116	   0.676
23:25:33	    5	0.090	   0.774
23:26:52	    6	0.080	   0.810
23:28:06	    7	0.079	   0.796
23:29:19	    8	0.079	   0.780
23:30:37	    9	0.080	   0.764
23:31:52	   10	0.079	   0.770
23:33:13	   11	0.078	   0.792
23:34:27	   12	0.079	   0.780
23:35:43	   13	0.078	   0.842
23:36:59	   14	0.076	   0.812
23:38:14	   15	0.078	   0.784
23:39:35	   16	0.075	   0.808
23:40:50	   17	0.076	   0.808
23:42:05	   18	0.076	   0.808
23:43:21	   19	0.076	   0.778
23:44:35	   20	0.075	   0.776
23:45:56	   21	0.075	   0.788
23:47:10	   22	0.075	   0.812
23:48:26	   23	0.074	   0.814
23:49:42	   24	0.075	   0.820
23:50:57	   25	0.074	   0.812
23:52:17	   26	0.074	   0.818
23:53:33	   27	0.074	   0.804
23:54:48	   28	0.074	   0.780
23:56:03	   29	0.074	   0.774
23:57:18	   30	0.074	   0.800

------------------------------

23:57:24	Parameters at epoch 30:

23:57:24	Theta:
23:57:24		-0.8657  -1.5821   0.6863  
23:57:24		 2.1585  -1.5462  -0.1253  
23:57:24		-0.5326   0.0229  -0.0753  
23:57:24	Alpha:
23:57:24		-0.7713   0.1449  
23:57:24		-1.0509   1.0341  
23:57:24		 0.3741   1.2670  
23:57:24	Class weight:
23:57:24		 0.5578   1.1735   1.5842   1.3644  

------------------------------

23:57:55	Accuracy on test set with the parameters above: 0.8153333333333334

