22:27:02	Optimizer: adam
22:27:02	Optimizer params: {'lr': 0.03}
22:27:02	DataSet: circle - nTrain: 500 - nValid: 0 - nTest: 3000
22:27:02	nLayers: 1 - nEpochs: 30 - batchSize: 20
22:27:02	Cost: weighted fidelity
22:27:02	Seed: None

------------------------------

22:27:04	epoch	loss	accuracy
22:27:08	    0	0.437	   0.438
22:27:20	    1	0.316	   0.444
22:27:33	    2	0.253	   0.572
22:27:45	    3	0.243	   0.638
22:27:58	    4	0.223	   0.744
22:28:10	    5	0.178	   0.762
22:28:25	    6	0.165	   0.764
22:28:38	    7	0.163	   0.764
22:28:50	    8	0.162	   0.760
22:29:03	    9	0.161	   0.762
22:29:15	   10	0.160	   0.760
22:29:30	   11	0.160	   0.762
22:29:42	   12	0.160	   0.762
22:29:55	   13	0.160	   0.762
22:30:08	   14	0.160	   0.762
22:30:20	   15	0.160	   0.766
22:30:35	   16	0.160	   0.760
22:30:48	   17	0.160	   0.762
22:31:01	   18	0.160	   0.766
22:31:14	   19	0.160	   0.766
22:31:26	   20	0.160	   0.766
22:31:41	   21	0.160	   0.762
22:31:54	   22	0.160	   0.762
22:32:06	   23	0.160	   0.762
22:32:19	   24	0.160	   0.766
22:32:31	   25	0.160	   0.758
22:32:46	   26	0.160	   0.764
22:32:59	   27	0.160	   0.762
22:33:11	   28	0.160	   0.762
22:33:24	   29	0.160	   0.766
22:33:37	   30	0.160	   0.766

------------------------------

22:33:39	Parameters at epoch 30:

22:33:39	Theta:
22:33:39		 1.7465   2.7716  -1.2787  
22:33:39	Alpha:
22:33:39		 0.5223  -2.7453  
22:33:39	Class weight:
22:33:39		 1.1142   0.9039  

------------------------------

22:33:49	Accuracy on test set with the parameters above: 0.77

