06:07:10	Optimizer: adam
06:07:10	Optimizer params: {'lr': 0.02}
06:07:10	DataSet: binary annulus - nTrain: 500 - nValid: 0 - nTest: 3000
06:07:10	nLayers: 8 - nEpochs: 40 - batchSize: 48
06:07:10	Cost: weighted fidelity
06:07:10	Seed: None

------------------------------

06:07:15	epoch	loss	accuracy
06:07:23	    0	0.311	   0.518
06:09:29	    1	0.216	   0.710
06:11:36	    2	0.158	   0.806
06:13:42	    3	0.126	   0.872
06:15:49	    4	0.113	   0.888
06:17:55	    5	0.102	   0.894
06:20:07	    6	0.096	   0.918
06:22:15	    7	0.092	   0.924
06:24:22	    8	0.090	   0.936
06:26:29	    9	0.087	   0.938
06:28:37	   10	0.086	   0.928
06:30:48	   11	0.086	   0.944
06:32:55	   12	0.085	   0.938
06:35:02	   13	0.084	   0.944
06:37:09	   14	0.084	   0.950
06:39:16	   15	0.083	   0.936
06:41:27	   16	0.083	   0.946
06:43:34	   17	0.083	   0.944
06:45:41	   18	0.083	   0.944
06:47:48	   19	0.082	   0.944
06:49:54	   20	0.082	   0.948
06:52:06	   21	0.082	   0.938
06:54:12	   22	0.082	   0.944
06:56:20	   23	0.082	   0.936
06:58:27	   24	0.082	   0.940
07:00:33	   25	0.081	   0.946
07:02:45	   26	0.081	   0.944
07:04:52	   27	0.082	   0.934
07:06:59	   28	0.081	   0.942
07:09:07	   29	0.081	   0.942
07:11:14	   30	0.081	   0.948
07:13:26	   31	0.081	   0.942
07:15:33	   32	0.081	   0.942
07:17:40	   33	0.081	   0.940
07:19:47	   34	0.081	   0.948
07:21:55	   35	0.081	   0.948
07:24:07	   36	0.081	   0.940
07:26:14	   37	0.081	   0.938
07:28:21	   38	0.081	   0.948
07:30:30	   39	0.080	   0.942
07:32:36	   40	0.081	   0.944

------------------------------

07:32:41	Parameters at epoch 40:

07:32:41	Theta:
07:32:41		-0.0723  -1.6475   1.2131  
07:32:41		-1.0218  -0.4092  -0.2460  
07:32:41		 0.1075   0.5111  -1.8117  
07:32:41		-0.3554   1.7237   0.5634  
07:32:41		-1.1842   0.1927  -1.4523  
07:32:41		 0.9740   1.4448   0.9416  
07:32:41		-0.0229   1.7260  -0.0166  
07:32:41		 3.0515  -0.7905  -0.1285  
07:32:41	Alpha:
07:32:41		 0.8844  -1.8957  
07:32:41		-2.4109  -0.0527  
07:32:41		-0.0280  -2.4736  
07:32:41		-2.8726  -0.5083  
07:32:41		-0.0712   0.2968  
07:32:41		 0.0563  -0.6932  
07:32:41		 0.6806   1.5551  
07:32:41		-0.9197  -0.9301  
07:32:41	Class weight:
07:32:41		 1.3194   0.9499  

------------------------------

07:33:04	Accuracy on test set with the parameters above: 0.9403333333333334

