21:34:06	Optimizer: adam
21:34:06	Optimizer params: {'lr': 0.03}
21:34:06	DataSet: circle - nTrain: 500 - nValid: 0 - nTest: 3000
21:34:06	nLayers: 8 - nEpochs: 30 - batchSize: 20
21:34:06	Cost: fidelity
21:34:06	Seed: None

------------------------------

21:34:11	epoch	loss	accuracy
21:34:18	    0	0.459	   0.560
21:35:32	    1	0.261	   0.832
21:36:45	    2	0.244	   0.834
21:37:57	    3	0.230	   0.880
21:39:09	    4	0.225	   0.886
21:40:23	    5	0.232	   0.882
21:41:41	    6	0.225	   0.894
21:42:53	    7	0.210	   0.896
21:44:06	    8	0.210	   0.904
21:45:19	    9	0.206	   0.902
21:46:32	   10	0.192	   0.936
21:47:49	   11	0.184	   0.946
21:49:01	   12	0.176	   0.936
21:50:13	   13	0.170	   0.944
21:51:27	   14	0.172	   0.934
21:52:39	   15	0.165	   0.942
21:53:56	   16	0.168	   0.924
21:55:08	   17	0.166	   0.966
21:56:23	   18	0.164	   0.962
21:57:35	   19	0.163	   0.962
21:58:47	   20	0.164	   0.934
22:00:05	   21	0.163	   0.946
22:01:19	   22	0.165	   0.948
22:02:32	   23	0.161	   0.938
22:03:45	   24	0.161	   0.966
22:04:58	   25	0.160	   0.954
22:06:16	   26	0.159	   0.954
22:07:30	   27	0.158	   0.964
22:08:43	   28	0.158	   0.966
22:09:55	   29	0.158	   0.952
22:11:08	   30	0.158	   0.966

------------------------------

22:11:13	Parameters at epoch 30:

22:11:13	Theta:
22:11:13		 0.0294   1.3112  -0.9323  
22:11:13		-0.9661  -1.7701   0.8482  
22:11:13		 0.3894  -0.0968  -1.2510  
22:11:13		 0.0064  -1.7584  -2.6066  
22:11:13		-2.0433   0.9489   0.5476  
22:11:13		-0.9911   0.3630  -1.1234  
22:11:13		-1.1783   0.0425   0.3959  
22:11:13		-1.0722   0.7728  -0.6943  
22:11:13	Alpha:
22:11:13		 1.3060  -0.7227  
22:11:13		 0.6657   1.9700  
22:11:13		-0.5169  -2.4049  
22:11:13		 1.1309  -1.6906  
22:11:13		-1.5371   0.1005  
22:11:13		-0.5700   1.6275  
22:11:13		-1.8162  -0.3657  
22:11:13		-1.6320   0.7893  

------------------------------

22:11:40	Accuracy on test set with the parameters above: 0.956

