22:25:42	Optimizer: adam
22:25:42	Optimizer params: {'lr': 0.03}
22:25:42	DataSet: circle - nTrain: 500 - nValid: 0 - nTest: 3000
22:25:42	nLayers: 3 - nEpochs: 30 - batchSize: 20
22:25:42	Cost: fidelity
22:25:42	Seed: None

------------------------------

22:25:46	epoch	loss	accuracy
22:25:49	    0	0.562	   0.468
22:26:06	    1	0.299	   0.792
22:26:23	    2	0.277	   0.806
22:26:41	    3	0.264	   0.790
22:26:58	    4	0.259	   0.786
22:27:15	    5	0.257	   0.808
22:27:36	    6	0.256	   0.800
22:27:53	    7	0.254	   0.800
22:28:10	    8	0.250	   0.810
22:28:28	    9	0.249	   0.826
22:28:45	   10	0.244	   0.844
22:29:05	   11	0.239	   0.842
22:29:23	   12	0.237	   0.868
22:29:40	   13	0.235	   0.890
22:29:58	   14	0.234	   0.892
22:30:15	   15	0.232	   0.902
22:30:35	   16	0.233	   0.918
22:30:52	   17	0.232	   0.906
22:31:09	   18	0.231	   0.914
22:31:27	   19	0.231	   0.926
22:31:44	   20	0.231	   0.916
22:32:04	   21	0.230	   0.922
22:32:22	   22	0.230	   0.916
22:32:39	   23	0.230	   0.912
22:32:57	   24	0.230	   0.920
22:33:14	   25	0.229	   0.916
22:33:34	   26	0.229	   0.924
22:33:51	   27	0.229	   0.914
22:34:09	   28	0.229	   0.916
22:34:26	   29	0.229	   0.922
22:34:43	   30	0.229	   0.918

------------------------------

22:34:46	Parameters at epoch 30:

22:34:46	Theta:
22:34:46		-0.2044   1.5407   0.0275  
22:34:46		-0.0366  -0.1506   0.0474  
22:34:46		 0.0405   1.6695  -1.0101  
22:34:46	Alpha:
22:34:46		-1.4029  -0.6431  
22:34:46		 3.2130   1.9989  
22:34:46		-1.4565  -3.1040  

------------------------------

22:34:59	Accuracy on test set with the parameters above: 0.8856666666666667

