07:27:34	Optimizer: adam
07:27:34	Optimizer params: {'lr': 0.02}
07:27:34	DataSet: binary annulus - nTrain: 500 - nValid: 0 - nTest: 3000
07:27:34	nLayers: 2 - nEpochs: 40 - batchSize: 48
07:27:34	Cost: fidelity
07:27:34	Seed: None

------------------------------

07:27:37	epoch	loss	accuracy
07:27:40	    0	0.520	   0.482
07:27:51	    1	0.492	   0.518
07:28:03	    2	0.473	   0.542
07:28:14	    3	0.454	   0.538
07:28:26	    4	0.437	   0.548
07:28:37	    5	0.425	   0.562
07:28:51	    6	0.418	   0.612
07:29:03	    7	0.415	   0.648
07:29:14	    8	0.414	   0.652
07:29:25	    9	0.413	   0.652
07:29:37	   10	0.413	   0.656
07:29:51	   11	0.413	   0.658
07:30:02	   12	0.413	   0.658
07:30:14	   13	0.413	   0.658
07:30:25	   14	0.413	   0.654
07:30:37	   15	0.412	   0.658
07:30:51	   16	0.412	   0.656
07:31:02	   17	0.412	   0.650
07:31:14	   18	0.412	   0.654
07:31:25	   19	0.412	   0.654
07:31:37	   20	0.412	   0.660
07:31:51	   21	0.412	   0.660
07:32:02	   22	0.412	   0.656
07:32:14	   23	0.412	   0.658
07:32:25	   24	0.412	   0.656
07:32:37	   25	0.412	   0.654
07:32:50	   26	0.412	   0.656
07:33:02	   27	0.412	   0.660
07:33:14	   28	0.412	   0.658
07:33:25	   29	0.412	   0.656
07:33:36	   30	0.412	   0.656
07:33:50	   31	0.412	   0.654
07:34:02	   32	0.412	   0.654
07:34:13	   33	0.412	   0.658
07:34:25	   34	0.412	   0.660
07:34:36	   35	0.412	   0.658
07:34:50	   36	0.412	   0.658
07:35:02	   37	0.412	   0.658
07:35:13	   38	0.412	   0.656
07:35:25	   39	0.412	   0.656
07:35:36	   40	0.412	   0.656

------------------------------

07:35:38	Parameters at epoch 40:

07:35:38	Theta:
07:35:38		 0.1551   0.4995  -0.2340  
07:35:38		 0.1533   2.3899  -0.4017  
07:35:38	Alpha:
07:35:38		 0.4247  -1.5375  
07:35:38		 0.0385  -0.9734  

------------------------------

07:35:49	Accuracy on test set with the parameters above: 0.6203333333333333

