22:25:27	Optimizer: adam
22:25:27	Optimizer params: {'lr': 0.03}
22:25:27	DataSet: circle - nTrain: 500 - nValid: 0 - nTest: 3000
22:25:27	nLayers: 3 - nEpochs: 30 - batchSize: 20
22:25:27	Cost: fidelity
22:25:27	Seed: None

------------------------------

22:25:31	epoch	loss	accuracy
22:25:35	    0	0.493	   0.530
22:25:54	    1	0.297	   0.782
22:26:13	    2	0.275	   0.812
22:26:32	    3	0.263	   0.836
22:26:51	    4	0.262	   0.840
22:27:10	    5	0.261	   0.844
22:27:32	    6	0.261	   0.854
22:27:51	    7	0.262	   0.834
22:28:10	    8	0.262	   0.850
22:28:29	    9	0.261	   0.832
22:28:48	   10	0.261	   0.840
22:29:10	   11	0.263	   0.848
22:29:30	   12	0.261	   0.838
22:29:49	   13	0.261	   0.836
22:30:08	   14	0.261	   0.836
22:30:27	   15	0.261	   0.862
22:30:49	   16	0.261	   0.852
22:31:09	   17	0.262	   0.844
22:31:28	   18	0.261	   0.856
22:31:47	   19	0.261	   0.830
22:32:06	   20	0.261	   0.846
22:32:28	   21	0.261	   0.850
22:32:47	   22	0.261	   0.836
22:33:07	   23	0.261	   0.846
22:33:26	   24	0.261	   0.838
22:33:45	   25	0.261	   0.836
22:34:07	   26	0.261	   0.844
22:34:26	   27	0.261	   0.832
22:34:46	   28	0.261	   0.842
22:35:05	   29	0.261	   0.850
22:35:24	   30	0.261	   0.848

------------------------------

22:35:27	Parameters at epoch 30:

22:35:27	Theta:
22:35:27		 1.2630  -0.0028   2.0458  
22:35:27		-0.2515  -2.1184  -0.7507  
22:35:27		-2.4333   1.0559  -1.3523  
22:35:27	Alpha:
22:35:27		-1.4410   0.7946  
22:35:27		-3.5968   2.5699  
22:35:27		 0.0439   0.5570  

------------------------------

22:35:41	Accuracy on test set with the parameters above: 0.819

