22:36:40	Optimizer: adam
22:36:40	Optimizer params: {'lr': 0.03}
22:36:40	DataSet: three circles - nTrain: 500 - nValid: 0 - nTest: 3000
22:36:40	nLayers: 8 - nEpochs: 30 - batchSize: 15
22:36:40	Cost: fidelity
22:36:40	Seed: None

------------------------------

22:36:50	epoch	loss	accuracy
22:37:01	    0	0.342	   0.482
22:38:16	    1	0.220	   0.718
22:39:31	    2	0.178	   0.780
22:40:47	    3	0.168	   0.824
22:42:02	    4	0.160	   0.840
22:43:17	    5	0.160	   0.812
22:44:42	    6	0.149	   0.858
22:45:58	    7	0.154	   0.860
22:47:14	    8	0.142	   0.858
22:48:29	    9	0.143	   0.862
22:49:45	   10	0.137	   0.834
22:51:10	   11	0.134	   0.838
22:52:26	   12	0.133	   0.838
22:53:41	   13	0.134	   0.824
22:54:57	   14	0.133	   0.830
22:56:13	   15	0.130	   0.844
22:57:38	   16	0.127	   0.856
22:58:54	   17	0.128	   0.864
23:00:11	   18	0.127	   0.854
23:01:27	   19	0.125	   0.878
23:02:43	   20	0.124	   0.848
23:04:08	   21	0.124	   0.856
23:05:24	   22	0.124	   0.872
23:06:40	   23	0.123	   0.860
23:07:56	   24	0.123	   0.886
23:09:13	   25	0.120	   0.874
23:10:39	   26	0.120	   0.870
23:11:55	   27	0.121	   0.880
23:13:11	   28	0.120	   0.874
23:14:27	   29	0.119	   0.884
23:15:44	   30	0.118	   0.880

------------------------------

23:15:53	Parameters at epoch 30:

23:15:53	Theta:
23:15:53		-0.8899  -0.8709  -0.9200  
23:15:53		-1.2095   0.0295   0.6248  
23:15:53		 0.2273  -1.4674   0.0729  
23:15:53		 0.9196  -0.3723   0.4722  
23:15:53		-0.6941  -0.5805   1.1974  
23:15:53		 1.1179   1.0441  -2.0992  
23:15:53		-0.1757  -1.1149  -1.2419  
23:15:53		-1.8662  -0.6660  -0.3434  
23:15:53	Alpha:
23:15:53		-0.3558  -0.9053  
23:15:53		 0.3690  -0.2541  
23:15:53		 1.7026   0.2445  
23:15:53		-1.1509   1.1007  
23:15:53		-3.9655   1.9766  
23:15:53		 1.0974  -0.8630  
23:15:53		 1.4132   1.4555  
23:15:53		-1.7185  -0.5469  

------------------------------

23:16:44	Accuracy on test set with the parameters above: 0.8323333333333334

