06:47:55	Optimizer: adam
06:47:55	Optimizer params: {'lr': 0.02}
06:47:55	DataSet: binary annulus - nTrain: 500 - nValid: 0 - nTest: 3000
06:47:55	nLayers: 3 - nEpochs: 40 - batchSize: 48
06:47:55	Cost: weighted fidelity
06:47:55	Seed: None

------------------------------

06:47:59	epoch	loss	accuracy
06:48:04	    0	0.302	   0.528
06:48:41	    1	0.220	   0.764
06:49:17	    2	0.215	   0.714
06:49:54	    3	0.211	   0.786
06:50:31	    4	0.210	   0.780
06:51:08	    5	0.209	   0.794
06:51:48	    6	0.209	   0.800
06:52:25	    7	0.209	   0.794
06:53:02	    8	0.208	   0.778
06:53:39	    9	0.208	   0.788
06:54:16	   10	0.208	   0.804
06:54:56	   11	0.208	   0.784
06:55:32	   12	0.208	   0.800
06:56:09	   13	0.207	   0.782
06:56:46	   14	0.207	   0.800
06:57:22	   15	0.207	   0.788
06:58:01	   16	0.207	   0.790
06:58:37	   17	0.207	   0.804
06:59:14	   18	0.207	   0.774
06:59:50	   19	0.207	   0.784
07:00:26	   20	0.207	   0.792
07:01:06	   21	0.207	   0.786
07:01:42	   22	0.207	   0.780
07:02:19	   23	0.207	   0.788
07:02:55	   24	0.207	   0.816
07:03:32	   25	0.207	   0.790
07:04:11	   26	0.207	   0.784
07:04:47	   27	0.207	   0.802
07:05:24	   28	0.207	   0.798
07:06:00	   29	0.207	   0.774
07:06:37	   30	0.207	   0.798
07:07:17	   31	0.207	   0.778
07:07:53	   32	0.207	   0.808
07:08:29	   33	0.206	   0.796
07:09:06	   34	0.206	   0.790
07:09:42	   35	0.206	   0.784
07:10:22	   36	0.206	   0.792
07:10:58	   37	0.206	   0.792
07:11:34	   38	0.206	   0.792
07:12:12	   39	0.206	   0.790
07:12:48	   40	0.206	   0.800

------------------------------

07:12:51	Parameters at epoch 40:

07:12:51	Theta:
07:12:51		 0.2176  -1.6153  -0.1679  
07:12:51		-1.0759   0.1196  -0.9481  
07:12:51		-0.9259   1.6137   0.2071  
07:12:51	Alpha:
07:12:51		 0.5069  -0.2111  
07:12:51		 0.4643   1.3347  
07:12:51		 1.1805  -0.7751  
07:12:51	Class weight:
07:12:51		 1.3616   0.7942  

------------------------------

07:13:05	Accuracy on test set with the parameters above: 0.7653333333333333

