21:38:37	Optimizer: adam
21:38:37	Optimizer params: {'lr': 0.03}
21:38:37	DataSet: circle - nTrain: 500 - nValid: 0 - nTest: 3000
21:38:37	nLayers: 6 - nEpochs: 30 - batchSize: 20
21:38:37	Cost: fidelity
21:38:37	Seed: None

------------------------------

21:38:42	epoch	loss	accuracy
21:38:48	    0	0.447	   0.582
21:39:37	    1	0.243	   0.836
21:40:25	    2	0.230	   0.854
21:41:12	    3	0.221	   0.902
21:42:00	    4	0.218	   0.896
21:42:47	    5	0.213	   0.884
21:43:39	    6	0.213	   0.922
21:44:27	    7	0.208	   0.924
21:45:16	    8	0.208	   0.900
21:46:05	    9	0.213	   0.898
21:46:53	   10	0.208	   0.920
21:47:45	   11	0.206	   0.918
21:48:33	   12	0.208	   0.928
21:49:20	   13	0.210	   0.896
21:50:10	   14	0.211	   0.892
21:50:58	   15	0.207	   0.922
21:51:50	   16	0.206	   0.910
21:52:38	   17	0.206	   0.916
21:53:25	   18	0.207	   0.904
21:54:14	   19	0.205	   0.918
21:55:02	   20	0.205	   0.920
21:55:55	   21	0.206	   0.906
21:56:42	   22	0.205	   0.920
21:57:30	   23	0.205	   0.912
21:58:17	   24	0.204	   0.916
21:59:05	   25	0.205	   0.912
21:59:57	   26	0.206	   0.902
22:00:45	   27	0.204	   0.920
22:01:34	   28	0.204	   0.924
22:02:21	   29	0.204	   0.916
22:03:09	   30	0.204	   0.934

------------------------------

22:03:13	Parameters at epoch 30:

22:03:13	Theta:
22:03:13		-0.1973  -1.4260  -0.8659  
22:03:13		-0.6065  -0.0255  -0.5301  
22:03:13		-1.4203   0.0881   2.3044  
22:03:13		 0.8251  -1.2844  -0.1516  
22:03:13		-1.8799   0.6274  -0.7981  
22:03:13		 0.2175   0.3852   0.0094  
22:03:13	Alpha:
22:03:13		 0.7040  -0.4579  
22:03:13		-1.9647  -2.5688  
22:03:13		-0.8692  -2.3308  
22:03:13		 0.9337   0.4551  
22:03:13		-0.4621   0.4678  
22:03:13		 3.7715  -0.0371  

------------------------------

22:03:35	Accuracy on test set with the parameters above: 0.9233333333333333

