23:34:40	Optimizer: adam
23:34:40	Optimizer params: {'lr': 0.03}
23:34:40	DataSet: three circles - nTrain: 500 - nValid: 0 - nTest: 3000
23:34:40	nLayers: 3 - nEpochs: 30 - batchSize: 15
23:34:40	Cost: weighted fidelity
23:34:40	Seed: None

------------------------------

23:34:46	epoch	loss	accuracy
23:34:56	    0	0.327	   0.230
23:36:05	    1	0.149	   0.722
23:37:14	    2	0.117	   0.768
23:38:23	    3	0.105	   0.750
23:39:33	    4	0.102	   0.764
23:40:42	    5	0.100	   0.792
23:41:57	    6	0.100	   0.814
23:43:07	    7	0.100	   0.770
23:44:16	    8	0.098	   0.808
23:45:26	    9	0.101	   0.786
23:46:35	   10	0.098	   0.812
23:47:50	   11	0.098	   0.794
23:48:59	   12	0.097	   0.790
23:50:09	   13	0.098	   0.806
23:51:19	   14	0.098	   0.782
23:52:28	   15	0.098	   0.782
23:53:43	   16	0.102	   0.782
23:54:53	   17	0.097	   0.810
23:56:04	   18	0.096	   0.790
23:57:13	   19	0.099	   0.814
23:58:22	   20	0.096	   0.792
23:59:37	   21	0.097	   0.800
00:00:47	   22	0.097	   0.784
00:01:57	   23	0.097	   0.798
00:03:06	   24	0.096	   0.802
00:04:17	   25	0.096	   0.788
00:05:32	   26	0.096	   0.792
00:06:42	   27	0.096	   0.782
00:07:51	   28	0.096	   0.788
00:09:02	   29	0.097	   0.800
00:10:12	   30	0.096	   0.798

------------------------------

00:10:17	Parameters at epoch 30:

00:10:17	Theta:
00:10:17		 0.2375  -1.6383   1.9973  
00:10:17		 1.6678   0.3065  -0.1702  
00:10:17		-1.4654   1.8661  -0.3389  
00:10:17	Alpha:
00:10:17		 1.6499   2.2908  
00:10:17		-2.6104  -1.4271  
00:10:17		 2.3390   1.0736  
00:10:17	Class weight:
00:10:17		 0.8269   1.1956   1.0371   0.8340  

------------------------------

00:10:45	Accuracy on test set with the parameters above: 0.789

