23:26:18	Optimizer: adam
23:26:18	Optimizer params: {'lr': 0.03}
23:26:18	DataSet: sphere - nTrain: 500 - nValid: 0 - nTest: 3000
23:26:18	nLayers: 1 - nEpochs: 30 - batchSize: 32
23:26:18	Cost: fidelity
23:26:18	Seed: None

------------------------------

23:26:20	epoch	loss	accuracy
23:26:23	    0	0.510	   0.494
23:26:31	    1	0.506	   0.494
23:26:38	    2	0.506	   0.494
23:26:46	    3	0.506	   0.494
23:26:54	    4	0.506	   0.494
23:27:02	    5	0.506	   0.494
23:27:11	    6	0.506	   0.494
23:27:19	    7	0.506	   0.494
23:27:27	    8	0.506	   0.494
23:27:34	    9	0.506	   0.494
23:27:42	   10	0.506	   0.494
23:27:52	   11	0.505	   0.494
23:27:59	   12	0.505	   0.494
23:28:07	   13	0.505	   0.494
23:28:14	   14	0.505	   0.494
23:28:22	   15	0.505	   0.494
23:28:32	   16	0.505	   0.494
23:28:39	   17	0.505	   0.494
23:28:47	   18	0.505	   0.494
23:28:55	   19	0.505	   0.494
23:29:03	   20	0.505	   0.494
23:29:12	   21	0.505	   0.494
23:29:20	   22	0.505	   0.494
23:29:27	   23	0.504	   0.494
23:29:35	   24	0.504	   0.494
23:29:43	   25	0.504	   0.494
23:29:52	   26	0.504	   0.494
23:30:00	   27	0.504	   0.494
23:30:08	   28	0.504	   0.494
23:30:15	   29	0.504	   0.494
23:30:23	   30	0.504	   0.494

------------------------------

23:30:25	Parameters at epoch 30:

23:30:25	Theta:
23:30:25		-1.0247   0.8917   1.3117  
23:30:25	Alpha:
23:30:25		-0.2556   0.0685   1.2985  

------------------------------

23:30:34	Accuracy on test set with the parameters above: 0.5163333333333333

