22:32:27	Optimizer: adam
22:32:27	Optimizer params: {'lr': 0.03}
22:32:27	DataSet: sphere - nTrain: 500 - nValid: 0 - nTest: 3000
22:32:27	nLayers: 6 - nEpochs: 30 - batchSize: 32
22:32:27	Cost: fidelity
22:32:27	Seed: None

------------------------------

22:32:32	epoch	loss	accuracy
22:32:38	    0	0.556	   0.420
22:33:39	    1	0.421	   0.586
22:34:39	    2	0.366	   0.682
22:35:41	    3	0.348	   0.736
22:36:42	    4	0.333	   0.750
22:37:42	    5	0.316	   0.800
22:38:47	    6	0.310	   0.806
22:39:47	    7	0.309	   0.808
22:40:49	    8	0.308	   0.814
22:41:49	    9	0.308	   0.802
22:42:50	   10	0.308	   0.810
22:43:55	   11	0.309	   0.808
22:44:56	   12	0.308	   0.816
22:45:58	   13	0.307	   0.816
22:46:58	   14	0.307	   0.812
22:47:59	   15	0.308	   0.804
22:49:04	   16	0.307	   0.818
22:50:05	   17	0.306	   0.816
22:51:07	   18	0.306	   0.816
22:52:08	   19	0.306	   0.820
22:53:09	   20	0.306	   0.836
22:54:14	   21	0.306	   0.826
22:55:15	   22	0.306	   0.812
22:56:16	   23	0.306	   0.820
22:57:17	   24	0.306	   0.822
22:58:17	   25	0.306	   0.816
22:59:23	   26	0.306	   0.822
23:00:24	   27	0.306	   0.812
23:01:25	   28	0.305	   0.830
23:02:26	   29	0.305	   0.816
23:03:27	   30	0.305	   0.816

------------------------------

23:03:32	Parameters at epoch 30:

23:03:32	Theta:
23:03:32		-0.5089  -0.2516   0.3583  
23:03:32		 0.4374   0.8889   0.6631  
23:03:32		-1.0507   0.2486   0.0556  
23:03:32		 0.8276   0.6912   0.1582  
23:03:32		-0.4111   1.1176   0.0091  
23:03:32		 0.0218   0.7416   0.3690  
23:03:32	Alpha:
23:03:32		 1.4014  -0.2445  -0.2059  
23:03:32		 0.1098  -0.2055   0.3997  
23:03:32		-0.6641  -0.7540   0.5572  
23:03:32		-1.0725  -0.6536   0.0243  
23:03:32		-1.1584  -0.5869  -0.1720  
23:03:32		 2.5957   0.5224  -2.5282  

------------------------------

23:03:56	Accuracy on test set with the parameters above: 0.8193333333333334

