03:34:10	Optimizer: adam
03:34:10	Optimizer params: {'lr': 0.02}
03:34:10	DataSet: squares - nTrain: 500 - nValid: 0 - nTest: 3000
03:34:10	nLayers: 2 - nEpochs: 30 - batchSize: 32
03:34:10	Cost: weighted fidelity
03:34:10	Seed: None

------------------------------

03:34:14	epoch	loss	accuracy
03:34:23	    0	0.366	   0.262
03:35:05	    1	0.217	   0.378
03:35:47	    2	0.165	   0.532
03:36:30	    3	0.123	   0.670
03:37:12	    4	0.105	   0.694
03:37:54	    5	0.097	   0.722
03:38:41	    6	0.094	   0.744
03:39:23	    7	0.092	   0.736
03:40:06	    8	0.089	   0.760
03:40:48	    9	0.087	   0.748
03:41:31	   10	0.086	   0.780
03:42:17	   11	0.085	   0.764
03:43:00	   12	0.084	   0.790
03:43:42	   13	0.083	   0.792
03:44:24	   14	0.083	   0.796
03:45:06	   15	0.082	   0.808
03:45:53	   16	0.082	   0.800
03:46:35	   17	0.082	   0.804
03:47:17	   18	0.082	   0.792
03:48:00	   19	0.081	   0.806
03:48:42	   20	0.081	   0.804
03:49:29	   21	0.081	   0.794
03:50:11	   22	0.081	   0.808
03:50:54	   23	0.081	   0.792
03:51:36	   24	0.081	   0.806
03:52:19	   25	0.080	   0.806
03:53:06	   26	0.080	   0.804
03:53:48	   27	0.080	   0.806
03:54:31	   28	0.080	   0.794
03:55:13	   29	0.080	   0.812
03:55:56	   30	0.080	   0.792

------------------------------

03:56:01	Parameters at epoch 30:

03:56:01	Theta:
03:56:01		 1.2321  -2.3008   2.3401  
03:56:01		 3.1066   0.4015  -0.3788  
03:56:01	Alpha:
03:56:01		-0.4368  -1.0568  
03:56:01		-1.2516   0.4137  
03:56:01	Class weight:
03:56:01		 1.7542   1.1448   0.5869   1.0782  

------------------------------

03:56:23	Accuracy on test set with the parameters above: 0.7953333333333333

