22:05:11	Optimizer: adam
22:05:11	Optimizer params: {'lr': 0.03}
22:05:11	DataSet: circle - nTrain: 500 - nValid: 0 - nTest: 3000
22:05:11	nLayers: 3 - nEpochs: 30 - batchSize: 20
22:05:11	Cost: weighted fidelity
22:05:11	Seed: None

------------------------------

22:05:14	epoch	loss	accuracy
22:05:19	    0	0.356	   0.500
22:05:54	    1	0.147	   0.796
22:06:29	    2	0.101	   0.972
22:07:05	    3	0.094	   0.966
22:07:40	    4	0.095	   0.932
22:08:15	    5	0.090	   0.930
22:08:53	    6	0.090	   0.922
22:09:29	    7	0.089	   0.936
22:10:04	    8	0.091	   0.972
22:10:39	    9	0.088	   0.928
22:11:14	   10	0.089	   0.926
22:11:52	   11	0.092	   0.926
22:12:27	   12	0.088	   0.948
22:13:03	   13	0.088	   0.926
22:13:38	   14	0.088	   0.940
22:14:13	   15	0.088	   0.934
22:14:51	   16	0.088	   0.946
22:15:26	   17	0.088	   0.924
22:16:02	   18	0.088	   0.934
22:16:37	   19	0.088	   0.924
22:17:12	   20	0.088	   0.934
22:17:50	   21	0.087	   0.936
22:18:26	   22	0.088	   0.926
22:19:01	   23	0.088	   0.958
22:19:37	   24	0.087	   0.942
22:20:12	   25	0.088	   0.940
22:20:50	   26	0.088	   0.930
22:21:25	   27	0.088	   0.950
22:22:01	   28	0.088	   0.916
22:22:36	   29	0.088	   0.956
22:23:12	   30	0.087	   0.930

------------------------------

22:23:15	Parameters at epoch 30:

22:23:15	Theta:
22:23:15		 0.0108  -1.6022  -0.0176  
22:23:15		 0.1118  -1.5860  -0.0032  
22:23:15		-1.8086  -0.0679   1.2825  
22:23:15	Alpha:
22:23:15		-0.7084  -1.1626  
22:23:15		-2.4579  -0.3044  
22:23:15		 0.1208  -0.8643  
22:23:15	Class weight:
22:23:15		 0.9966   1.2976  

------------------------------

22:23:29	Accuracy on test set with the parameters above: 0.9036666666666666

