07:01:50	Optimizer: adam
07:01:50	Optimizer params: {'lr': 0.02}
07:01:50	DataSet: binary annulus - nTrain: 500 - nValid: 0 - nTest: 3000
07:01:50	nLayers: 4 - nEpochs: 40 - batchSize: 48
07:01:50	Cost: fidelity
07:01:50	Seed: None

------------------------------

07:01:54	epoch	loss	accuracy
07:02:00	    0	0.501	   0.490
07:02:28	    1	0.479	   0.540
07:02:57	    2	0.464	   0.542
07:03:24	    3	0.446	   0.554
07:03:52	    4	0.432	   0.578
07:04:20	    5	0.424	   0.614
07:04:51	    6	0.418	   0.644
07:05:19	    7	0.414	   0.652
07:05:47	    8	0.406	   0.670
07:06:15	    9	0.397	   0.662
07:06:43	   10	0.387	   0.668
07:07:14	   11	0.378	   0.708
07:07:42	   12	0.371	   0.754
07:08:11	   13	0.366	   0.746
07:08:39	   14	0.362	   0.754
07:09:07	   15	0.358	   0.764
07:09:39	   16	0.355	   0.732
07:10:07	   17	0.353	   0.720
07:10:35	   18	0.352	   0.728
07:11:03	   19	0.350	   0.714
07:11:31	   20	0.349	   0.718
07:12:02	   21	0.348	   0.716
07:12:30	   22	0.348	   0.720
07:12:58	   23	0.347	   0.716
07:13:26	   24	0.347	   0.714
07:13:55	   25	0.346	   0.722
07:14:26	   26	0.346	   0.726
07:14:54	   27	0.345	   0.724
07:15:22	   28	0.345	   0.724
07:15:50	   29	0.345	   0.732
07:16:19	   30	0.344	   0.740
07:16:50	   31	0.344	   0.742
07:17:18	   32	0.344	   0.728
07:17:46	   33	0.344	   0.736
07:18:14	   34	0.344	   0.732
07:18:42	   35	0.344	   0.734
07:19:14	   36	0.344	   0.730
07:19:42	   37	0.343	   0.730
07:20:10	   38	0.343	   0.744
07:20:38	   39	0.343	   0.742
07:21:07	   40	0.343	   0.740

------------------------------

07:21:10	Parameters at epoch 40:

07:21:10	Theta:
07:21:10		-1.4251  -0.7813  -1.6906  
07:21:10		 0.3516  -0.8767  -0.0450  
07:21:10		-0.4712   0.7555  -0.0161  
07:21:10		 0.9252  -0.0474   1.7409  
07:21:10	Alpha:
07:21:10		 0.0410   1.4732  
07:21:10		-1.0412  -2.0627  
07:21:10		 0.1244   0.0536  
07:21:10		-1.7491  -2.3539  

------------------------------

07:21:28	Accuracy on test set with the parameters above: 0.7223333333333334

