03:37:49	Optimizer: adam
03:37:49	Optimizer params: {'lr': 0.02}
03:37:49	DataSet: squares - nTrain: 500 - nValid: 0 - nTest: 3000
03:37:49	nLayers: 3 - nEpochs: 30 - batchSize: 32
03:37:49	Cost: fidelity
03:37:49	Seed: None

------------------------------

03:37:56	epoch	loss	accuracy
03:38:02	    0	0.492	   0.224
03:38:22	    1	0.258	   0.528
03:38:41	    2	0.167	   0.754
03:39:01	    3	0.146	   0.840
03:39:21	    4	0.144	   0.832
03:39:42	    5	0.140	   0.850
03:40:06	    6	0.138	   0.844
03:40:27	    7	0.135	   0.858
03:40:47	    8	0.133	   0.858
03:41:07	    9	0.131	   0.848
03:41:27	   10	0.130	   0.844
03:41:52	   11	0.129	   0.838
03:42:12	   12	0.128	   0.844
03:42:32	   13	0.127	   0.838
03:42:52	   14	0.126	   0.836
03:43:12	   15	0.126	   0.842
03:43:36	   16	0.126	   0.838
03:43:56	   17	0.126	   0.838
03:44:17	   18	0.126	   0.840
03:44:37	   19	0.126	   0.840
03:44:57	   20	0.125	   0.842
03:45:22	   21	0.126	   0.844
03:45:42	   22	0.125	   0.842
03:46:02	   23	0.125	   0.842
03:46:22	   24	0.125	   0.844
03:46:42	   25	0.125	   0.844
03:47:07	   26	0.125	   0.840
03:47:27	   27	0.125	   0.842
03:47:47	   28	0.125	   0.844
03:48:07	   29	0.125	   0.844
03:48:27	   30	0.125	   0.842

------------------------------

03:48:32	Parameters at epoch 30:

03:48:32	Theta:
03:48:32		 0.6566  -1.4087   0.8953  
03:48:32		-0.7836   0.0423   0.4351  
03:48:32		-1.0938   0.7378  -0.2423  
03:48:32	Alpha:
03:48:32		-0.0418  -1.5562  
03:48:32		-1.3269   0.8824  
03:48:32		-0.7237  -1.1195  

------------------------------

03:48:58	Accuracy on test set with the parameters above: 0.826

