22:20:48	Optimizer: adam
22:20:48	Optimizer params: {'lr': 0.03}
22:20:48	DataSet: sphere - nTrain: 500 - nValid: 0 - nTest: 3000
22:20:48	nLayers: 6 - nEpochs: 30 - batchSize: 32
22:20:48	Cost: fidelity
22:20:48	Seed: None

------------------------------

22:20:53	epoch	loss	accuracy
22:20:59	    0	0.526	   0.398
22:21:51	    1	0.394	   0.634
22:22:43	    2	0.350	   0.702
22:23:36	    3	0.329	   0.740
22:24:29	    4	0.317	   0.760
22:25:22	    5	0.311	   0.782
22:26:18	    6	0.306	   0.782
22:27:11	    7	0.303	   0.792
22:28:04	    8	0.301	   0.784
22:28:56	    9	0.298	   0.796
22:29:47	   10	0.296	   0.810
22:30:42	   11	0.295	   0.808
22:31:32	   12	0.292	   0.804
22:32:22	   13	0.293	   0.792
22:33:13	   14	0.290	   0.824
22:34:03	   15	0.288	   0.834
22:34:57	   16	0.287	   0.820
22:35:48	   17	0.286	   0.810
22:36:39	   18	0.284	   0.826
22:37:29	   19	0.281	   0.816
22:38:19	   20	0.279	   0.828
22:39:14	   21	0.278	   0.832
22:40:04	   22	0.276	   0.834
22:40:55	   23	0.275	   0.832
22:41:46	   24	0.273	   0.838
22:42:36	   25	0.273	   0.832
22:43:30	   26	0.271	   0.838
22:44:20	   27	0.271	   0.838
22:45:11	   28	0.270	   0.846
22:46:02	   29	0.269	   0.840
22:46:52	   30	0.269	   0.838

------------------------------

22:46:55	Parameters at epoch 30:

22:46:55	Theta:
22:46:55		-0.0354  -0.7840   0.5003  
22:46:55		 2.6802  -1.7589   0.2323  
22:46:55		 0.2957  -0.2446  -0.1065  
22:46:55		 0.0359   0.2980  -0.4421  
22:46:55		 0.1782  -1.6545   1.7137  
22:46:55		 1.1389   0.5186  -1.2253  
22:46:55	Alpha:
22:46:55		-0.2712   0.7312  -3.0343  
22:46:55		 1.0841  -0.7181  -0.1757  
22:46:55		-0.6609   1.6718   0.8995  
22:46:55		-0.2682   0.1586   1.4794  
22:46:55		-0.7261  -1.4325  -1.9155  
22:46:55		 0.1223   0.1892  -1.3672  

------------------------------

22:47:15	Accuracy on test set with the parameters above: 0.813

