06:54:59	Optimizer: adam
06:54:59	Optimizer params: {'lr': 0.02}
06:54:59	DataSet: binary annulus - nTrain: 500 - nValid: 0 - nTest: 3000
06:54:59	nLayers: 3 - nEpochs: 40 - batchSize: 48
06:54:59	Cost: weighted fidelity
06:54:59	Seed: None

------------------------------

06:55:03	epoch	loss	accuracy
06:55:10	    0	0.317	   0.564
06:55:57	    1	0.241	   0.568
06:56:44	    2	0.232	   0.652
06:57:31	    3	0.231	   0.684
06:58:18	    4	0.228	   0.664
06:59:05	    5	0.225	   0.648
06:59:56	    6	0.222	   0.662
07:00:43	    7	0.221	   0.634
07:01:30	    8	0.220	   0.664
07:02:17	    9	0.220	   0.658
07:03:04	   10	0.220	   0.656
07:03:54	   11	0.220	   0.674
07:04:41	   12	0.221	   0.622
07:05:28	   13	0.220	   0.660
07:06:15	   14	0.220	   0.636
07:07:02	   15	0.221	   0.684
07:07:53	   16	0.220	   0.648
07:08:40	   17	0.220	   0.654
07:09:27	   18	0.220	   0.658
07:10:15	   19	0.220	   0.660
07:11:03	   20	0.220	   0.664
07:11:54	   21	0.220	   0.666
07:12:42	   22	0.220	   0.658
07:13:30	   23	0.220	   0.650
07:14:17	   24	0.220	   0.650
07:15:05	   25	0.220	   0.650
07:15:55	   26	0.220	   0.658
07:16:42	   27	0.220	   0.674
07:17:29	   28	0.220	   0.646
07:18:17	   29	0.220	   0.660
07:19:04	   30	0.220	   0.664
07:19:55	   31	0.220	   0.634
07:20:42	   32	0.220	   0.668
07:21:29	   33	0.220	   0.664
07:22:16	   34	0.220	   0.646
07:23:04	   35	0.220	   0.666
07:23:54	   36	0.220	   0.660
07:24:42	   37	0.220	   0.666
07:25:29	   38	0.220	   0.656
07:26:16	   39	0.220	   0.654
07:27:03	   40	0.220	   0.666

------------------------------

07:27:07	Parameters at epoch 40:

07:27:07	Theta:
07:27:07		 0.8188  -0.8652  -0.6740  
07:27:07		-0.1694  -1.1377  -0.1239  
07:27:07		-0.3701  -1.2750  -0.8872  
07:27:07	Alpha:
07:27:07		-2.2590  -0.0493  
07:27:07		-0.0237  -1.0481  
07:27:07		 0.0244  -0.7621  
07:27:07	Class weight:
07:27:07		 1.1226   0.9147  

------------------------------

07:27:25	Accuracy on test set with the parameters above: 0.6316666666666667

