20:41:30	Optimizer: adam
20:41:30	Optimizer params: {'lr': 0.03}
20:41:30	DataSet: sphere - nTrain: 500 - nValid: 0 - nTest: 3000
20:41:30	nLayers: 8 - nEpochs: 30 - batchSize: 32
20:41:30	Cost: weighted fidelity
20:41:30	Seed: None

------------------------------

20:41:35	epoch	loss	accuracy
20:41:45	    0	0.315	   0.538
20:44:28	    1	0.184	   0.708
20:47:10	    2	0.155	   0.766
20:49:53	    3	0.136	   0.828
20:52:34	    4	0.127	   0.854
20:55:16	    5	0.118	   0.866
20:58:05	    6	0.112	   0.874
21:00:47	    7	0.109	   0.876
21:03:29	    8	0.105	   0.884
21:06:12	    9	0.102	   0.894
21:08:56	   10	0.102	   0.878
21:11:45	   11	0.097	   0.898
21:14:29	   12	0.095	   0.912
21:17:13	   13	0.093	   0.908
21:19:57	   14	0.091	   0.912
21:22:42	   15	0.094	   0.898
21:25:31	   16	0.093	   0.906
21:28:15	   17	0.088	   0.922
21:30:58	   18	0.086	   0.922
21:33:43	   19	0.085	   0.928
21:36:26	   20	0.084	   0.918
21:39:14	   21	0.084	   0.928
21:41:57	   22	0.083	   0.918
21:44:41	   23	0.082	   0.918
21:47:24	   24	0.082	   0.926
21:50:09	   25	0.081	   0.930
21:52:58	   26	0.080	   0.926
21:55:41	   27	0.080	   0.928
21:58:25	   28	0.080	   0.926
22:01:08	   29	0.079	   0.916
22:03:52	   30	0.079	   0.922

------------------------------

22:03:57	Parameters at epoch 30:

22:03:57	Theta:
22:03:57		-0.0733  -1.0685   2.9268  
22:03:57		 0.6047  -0.8939   0.1157  
22:03:57		 2.0048   0.3516   0.1918  
22:03:57		 0.6794   0.9348  -0.7538  
22:03:57		 0.2052   0.4152   0.1942  
22:03:57		 0.3270   1.4001   1.5037  
22:03:57		 1.2581  -1.4482   1.6197  
22:03:57		 0.6174  -0.4162   0.1403  
22:03:57	Alpha:
22:03:57		 0.2718  -0.7187  -0.1774  
22:03:57		-0.5714  -1.1616   1.6966  
22:03:57		 1.4513   0.1086  -0.1874  
22:03:57		 0.7925   0.1614  -1.9878  
22:03:57		-2.7008  -0.3397   1.9130  
22:03:57		-0.1565  -0.1548  -2.0488  
22:03:57		 1.3519  -1.6793   0.4890  
22:03:57		-0.4162  -2.0562   0.4117  
22:03:57	Class weight:
22:03:57		 1.0882   1.1228  

------------------------------

22:04:24	Accuracy on test set with the parameters above: 0.9173333333333333

