00:23:47	Optimizer: adam
00:23:47	Optimizer params: {'lr': 0.03}
00:23:47	DataSet: wavy lines - nTrain: 500 - nValid: 0 - nTest: 3000
00:23:47	nLayers: 4 - nEpochs: 30 - batchSize: 32
00:23:47	Cost: weighted fidelity
00:23:47	Seed: None

------------------------------

00:23:55	epoch	loss	accuracy
00:24:10	    0	0.282	   0.216
00:26:23	    1	0.151	   0.612
00:28:37	    2	0.108	   0.778
00:30:51	    3	0.102	   0.808
00:33:05	    4	0.096	   0.822
00:35:18	    5	0.091	   0.848
00:37:39	    6	0.083	   0.860
00:39:53	    7	0.080	   0.880
00:42:08	    8	0.082	   0.856
00:44:21	    9	0.078	   0.896
00:46:37	   10	0.078	   0.878
00:49:00	   11	0.076	   0.892
00:51:24	   12	0.075	   0.904
00:53:40	   13	0.075	   0.908
00:55:57	   14	0.074	   0.884
00:58:12	   15	0.074	   0.910
01:00:36	   16	0.075	   0.872
01:02:52	   17	0.074	   0.916
01:05:11	   18	0.073	   0.910
01:07:28	   19	0.073	   0.924
01:09:45	   20	0.072	   0.912
01:12:10	   21	0.072	   0.908
01:14:28	   22	0.072	   0.910
01:16:44	   23	0.072	   0.916
01:19:01	   24	0.071	   0.910
01:21:17	   25	0.071	   0.908
01:23:42	   26	0.071	   0.912
01:25:59	   27	0.070	   0.896
01:28:14	   28	0.070	   0.914
01:30:30	   29	0.069	   0.906
01:32:48	   30	0.069	   0.904

------------------------------

01:32:56	Parameters at epoch 30:

01:32:56	Theta:
01:32:56		 3.4908  -1.2551  -0.0680  
01:32:56		 0.8343   1.1816  -0.6033  
01:32:56		 0.3700   0.2033  -1.4183  
01:32:56		 0.8277  -0.4726   0.5204  
01:32:56	Alpha:
01:32:56		-0.7477  -1.2645  
01:32:56		 2.9566   0.8728  
01:32:56		-1.4724   0.0903  
01:32:56		 0.6273  -1.5331  
01:32:56	Class weight:
01:32:56		 0.9941   0.8285   0.9372   1.0128  

------------------------------

01:33:40	Accuracy on test set with the parameters above: 0.913

