07:11:53	Optimizer: adam
07:11:53	Optimizer params: {'lr': 0.02}
07:11:53	DataSet: binary annulus - nTrain: 500 - nValid: 0 - nTest: 3000
07:11:53	nLayers: 2 - nEpochs: 40 - batchSize: 48
07:11:53	Cost: weighted fidelity
07:11:53	Seed: None

------------------------------

07:11:57	epoch	loss	accuracy
07:12:03	    0	0.342	   0.504
07:12:29	    1	0.275	   0.358
07:12:55	    2	0.272	   0.496
07:13:22	    3	0.261	   0.358
07:13:48	    4	0.257	   0.414
07:14:14	    5	0.254	   0.450
07:14:44	    6	0.253	   0.478
07:15:12	    7	0.252	   0.496
07:15:38	    8	0.252	   0.426
07:16:04	    9	0.251	   0.532
07:16:30	   10	0.251	   0.514
07:16:58	   11	0.251	   0.486
07:17:24	   12	0.251	   0.512
07:17:51	   13	0.250	   0.528
07:18:17	   14	0.250	   0.460
07:18:43	   15	0.250	   0.476
07:19:11	   16	0.250	   0.504
07:19:37	   17	0.250	   0.518
07:20:03	   18	0.250	   0.540
07:20:29	   19	0.249	   0.494
07:20:56	   20	0.249	   0.550
07:21:25	   21	0.249	   0.514
07:21:51	   22	0.249	   0.500
07:22:17	   23	0.249	   0.562
07:22:43	   24	0.249	   0.570
07:23:09	   25	0.249	   0.568
07:23:39	   26	0.249	   0.510
07:24:05	   27	0.249	   0.552
07:24:31	   28	0.249	   0.542
07:24:58	   29	0.249	   0.552
07:25:25	   30	0.249	   0.574
07:25:56	   31	0.249	   0.558
07:26:21	   32	0.248	   0.562
07:26:47	   33	0.248	   0.546
07:27:13	   34	0.248	   0.574
07:27:40	   35	0.248	   0.556
07:28:08	   36	0.248	   0.556
07:28:35	   37	0.248	   0.560
07:29:03	   38	0.248	   0.550
07:29:29	   39	0.248	   0.564
07:29:55	   40	0.248	   0.556

------------------------------

07:29:58	Parameters at epoch 40:

07:29:58	Theta:
07:29:58		-0.5837  -0.5571  -0.6334  
07:29:58		-0.1934  -1.1036   0.0756  
07:29:58	Alpha:
07:29:58		-1.9738   0.1354  
07:29:58		 0.3916   0.0696  
07:29:58	Class weight:
07:29:58		 0.9508   1.0533  

------------------------------

07:30:10	Accuracy on test set with the parameters above: 0.538

