21:34:53	Optimizer: adam
21:34:53	Optimizer params: {'lr': 0.03}
21:34:53	DataSet: circle - nTrain: 500 - nValid: 0 - nTest: 3000
21:34:53	nLayers: 4 - nEpochs: 30 - batchSize: 20
21:34:53	Cost: weighted fidelity
21:34:53	Seed: None

------------------------------

21:34:56	epoch	loss	accuracy
21:35:02	    0	0.311	   0.572
21:35:53	    1	0.181	   0.768
21:36:43	    2	0.151	   0.766
21:37:34	    3	0.112	   0.866
21:38:25	    4	0.098	   0.940
21:39:17	    5	0.097	   0.948
21:40:11	    6	0.094	   0.928
21:41:02	    7	0.093	   0.914
21:41:53	    8	0.095	   0.906
21:42:44	    9	0.098	   0.902
21:43:35	   10	0.091	   0.902
21:44:30	   11	0.095	   0.872
21:45:22	   12	0.093	   0.898
21:46:13	   13	0.100	   0.882
21:47:05	   14	0.100	   0.880
21:47:56	   15	0.091	   0.906
21:48:51	   16	0.090	   0.932
21:49:42	   17	0.091	   0.950
21:50:33	   18	0.089	   0.934
21:51:24	   19	0.093	   0.952
21:52:15	   20	0.089	   0.918
21:53:10	   21	0.090	   0.922
21:54:01	   22	0.089	   0.938
21:54:53	   23	0.090	   0.918
21:55:45	   24	0.089	   0.928
21:56:37	   25	0.089	   0.948
21:57:32	   26	0.090	   0.944
21:58:23	   27	0.090	   0.946
21:59:14	   28	0.088	   0.942
22:00:05	   29	0.088	   0.930
22:00:57	   30	0.089	   0.960

------------------------------

22:01:00	Parameters at epoch 30:

22:01:00	Theta:
22:01:00		-0.0092  -0.7490   0.1616  
22:01:00		-0.2203  -1.0564   0.0035  
22:01:00		 0.0879   0.1396  -0.0410  
22:01:00		 0.0982  -1.4222  -0.2766  
22:01:00	Alpha:
22:01:00		 0.2694  -0.2894  
22:01:00		 0.9831  -1.0150  
22:01:00		 1.0258  -0.1181  
22:01:00		 0.7589  -0.7832  
22:01:00	Class weight:
22:01:00		 0.9620   1.3101  

------------------------------

22:01:17	Accuracy on test set with the parameters above: 0.9406666666666667

