22:23:28	Optimizer: adam
22:23:28	Optimizer params: {'lr': 0.03}
22:23:28	DataSet: circle - nTrain: 500 - nValid: 0 - nTest: 3000
22:23:28	nLayers: 2 - nEpochs: 30 - batchSize: 20
22:23:28	Cost: weighted fidelity
22:23:28	Seed: None

------------------------------

22:23:31	epoch	loss	accuracy
22:23:38	    0	0.274	   0.638
22:24:07	    1	0.148	   0.764
22:24:37	    2	0.114	   0.852
22:25:07	    3	0.095	   0.948
22:25:37	    4	0.091	   0.926
22:26:07	    5	0.090	   0.908
22:26:40	    6	0.089	   0.932
22:27:10	    7	0.089	   0.942
22:27:40	    8	0.089	   0.914
22:28:10	    9	0.090	   0.938
22:28:40	   10	0.091	   0.884
22:29:13	   11	0.089	   0.954
22:29:43	   12	0.089	   0.946
22:30:13	   13	0.090	   0.954
22:30:43	   14	0.089	   0.906
22:31:13	   15	0.089	   0.938
22:31:46	   16	0.089	   0.952
22:32:17	   17	0.091	   0.884
22:32:47	   18	0.088	   0.942
22:33:18	   19	0.088	   0.936
22:33:48	   20	0.088	   0.934
22:34:21	   21	0.088	   0.910
22:34:51	   22	0.088	   0.924
22:35:21	   23	0.088	   0.942
22:35:51	   24	0.088	   0.922
22:36:22	   25	0.088	   0.932
22:36:54	   26	0.088	   0.938
22:37:25	   27	0.088	   0.932
22:37:55	   28	0.088	   0.918
22:38:25	   29	0.088	   0.926
22:38:56	   30	0.088	   0.936

------------------------------

22:38:58	Parameters at epoch 30:

22:38:58	Theta:
22:38:58		-0.0385   1.5767   0.0849  
22:38:58		-0.1489   1.5746   1.0277  
22:38:58	Alpha:
22:38:58		-0.8254   1.2136  
22:38:58		 2.3392   1.2300  
22:38:58	Class weight:
22:38:58		 0.9908   1.2972  

------------------------------

22:39:13	Accuracy on test set with the parameters above: 0.92

