22:23:27	Optimizer: adam
22:23:27	Optimizer params: {'lr': 0.03}
22:23:27	DataSet: circle - nTrain: 500 - nValid: 0 - nTest: 3000
22:23:27	nLayers: 2 - nEpochs: 30 - batchSize: 20
22:23:27	Cost: weighted fidelity
22:23:27	Seed: None

------------------------------

22:23:30	epoch	loss	accuracy
22:23:34	    0	0.438	   0.396
22:23:56	    1	0.215	   0.706
22:24:17	    2	0.155	   0.768
22:24:39	    3	0.126	   0.822
22:25:01	    4	0.105	   0.932
22:25:22	    5	0.101	   0.922
22:25:46	    6	0.098	   0.930
22:26:08	    7	0.098	   0.930
22:26:30	    8	0.097	   0.934
22:26:51	    9	0.097	   0.928
22:27:13	   10	0.097	   0.938
22:27:37	   11	0.097	   0.910
22:27:59	   12	0.097	   0.968
22:28:20	   13	0.096	   0.936
22:28:42	   14	0.096	   0.948
22:29:04	   15	0.096	   0.908
22:29:28	   16	0.096	   0.964
22:29:49	   17	0.096	   0.914
22:30:11	   18	0.096	   0.924
22:30:33	   19	0.096	   0.962
22:30:54	   20	0.096	   0.918
22:31:18	   21	0.096	   0.930
22:31:40	   22	0.096	   0.954
22:32:01	   23	0.096	   0.940
22:32:23	   24	0.096	   0.924
22:32:45	   25	0.096	   0.924
22:33:09	   26	0.096	   0.934
22:33:31	   27	0.096	   0.948
22:33:53	   28	0.096	   0.928
22:34:15	   29	0.095	   0.934
22:34:36	   30	0.095	   0.940

------------------------------

22:34:39	Parameters at epoch 30:

22:34:39	Theta:
22:34:39		-0.0266  -1.5389   3.0255  
22:34:39		 0.1135   1.5390   0.9979  
22:34:39	Alpha:
22:34:39		-0.7432  -1.1804  
22:34:39		 2.2758   1.1876  
22:34:39	Class weight:
22:34:39		 0.9783   1.2902  

------------------------------

22:34:50	Accuracy on test set with the parameters above: 0.949

