06:10:31	Optimizer: adam
06:10:31	Optimizer params: {'lr': 0.02}
06:10:31	DataSet: binary annulus - nTrain: 500 - nValid: 0 - nTest: 3000
06:10:31	nLayers: 8 - nEpochs: 40 - batchSize: 48
06:10:31	Cost: fidelity
06:10:31	Seed: None

------------------------------

06:10:37	epoch	loss	accuracy
06:10:44	    0	0.518	   0.482
06:11:57	    1	0.449	   0.552
06:13:10	    2	0.410	   0.654
06:14:23	    3	0.389	   0.660
06:15:38	    4	0.373	   0.668
06:16:52	    5	0.362	   0.666
06:18:10	    6	0.351	   0.704
06:19:23	    7	0.343	   0.728
06:20:38	    8	0.337	   0.736
06:21:53	    9	0.332	   0.758
06:23:06	   10	0.329	   0.752
06:24:25	   11	0.325	   0.754
06:25:40	   12	0.323	   0.770
06:26:54	   13	0.321	   0.752
06:28:07	   14	0.318	   0.766
06:29:21	   15	0.316	   0.758
06:30:41	   16	0.312	   0.770
06:31:55	   17	0.309	   0.780
06:33:09	   18	0.305	   0.766
06:34:22	   19	0.301	   0.776
06:35:37	   20	0.297	   0.772
06:36:57	   21	0.293	   0.776
06:38:10	   22	0.289	   0.774
06:39:24	   23	0.286	   0.776
06:40:38	   24	0.284	   0.788
06:41:53	   25	0.281	   0.796
06:43:12	   26	0.280	   0.802
06:44:25	   27	0.278	   0.808
06:45:40	   28	0.277	   0.808
06:46:55	   29	0.277	   0.822
06:48:09	   30	0.276	   0.818
06:49:27	   31	0.275	   0.820
06:50:41	   32	0.275	   0.820
06:51:56	   33	0.274	   0.812
06:53:10	   34	0.274	   0.826
06:54:24	   35	0.273	   0.828
06:55:44	   36	0.273	   0.842
06:56:58	   37	0.273	   0.832
06:58:12	   38	0.272	   0.830
06:59:26	   39	0.272	   0.828
07:00:42	   40	0.272	   0.834

------------------------------

07:00:47	Parameters at epoch 40:

07:00:47	Theta:
07:00:47		 0.7468  -0.8550   0.9914  
07:00:47		-1.3684  -0.1249  -0.6045  
07:00:47		 0.6197  -0.0610  -0.0779  
07:00:47		 0.7064  -1.5352  -0.4308  
07:00:47		 0.0255  -1.1824   0.5604  
07:00:47		-1.3920  -0.0059   0.7797  
07:00:48		-0.0479  -0.5673   0.1218  
07:00:48		 0.2906  -1.0309   0.6704  
07:00:48	Alpha:
07:00:48		-1.0470  -3.1764  
07:00:48		 0.9033  -2.8648  
07:00:48		-1.5210   1.5393  
07:00:48		-1.0280   1.8220  
07:00:48		-1.6739  -1.3940  
07:00:48		 2.1455  -0.9191  
07:00:48		-0.2276   1.8417  
07:00:48		 0.7617  -0.8849  

------------------------------

07:01:16	Accuracy on test set with the parameters above: 0.81

