21:38:04	Optimizer: adam
21:38:04	Optimizer params: {'lr': 0.03}
21:38:04	DataSet: circle - nTrain: 500 - nValid: 0 - nTest: 3000
21:38:04	nLayers: 4 - nEpochs: 30 - batchSize: 20
21:38:04	Cost: weighted fidelity
21:38:04	Seed: None

------------------------------

21:38:08	epoch	loss	accuracy
21:38:13	    0	0.292	   0.442
21:39:04	    1	0.159	   0.782
21:39:55	    2	0.162	   0.770
21:40:46	    3	0.135	   0.802
21:41:37	    4	0.096	   0.934
21:42:29	    5	0.099	   0.918
21:43:23	    6	0.096	   0.964
21:44:14	    7	0.097	   0.910
21:45:06	    8	0.091	   0.934
21:45:56	    9	0.094	   0.956
21:46:48	   10	0.094	   0.962
21:47:42	   11	0.093	   0.950
21:48:33	   12	0.092	   0.890
21:49:24	   13	0.092	   0.944
21:50:16	   14	0.095	   0.960
21:51:06	   15	0.093	   0.922
21:52:01	   16	0.094	   0.920
21:52:53	   17	0.094	   0.952
21:53:44	   18	0.092	   0.932
21:54:35	   19	0.090	   0.940
21:55:27	   20	0.092	   0.928
21:56:21	   21	0.091	   0.974
21:57:12	   22	0.090	   0.928
21:58:04	   23	0.091	   0.930
21:58:55	   24	0.091	   0.930
21:59:46	   25	0.090	   0.912
22:00:41	   26	0.090	   0.928
22:01:32	   27	0.090	   0.950
22:02:23	   28	0.090	   0.932
22:03:15	   29	0.090	   0.944
22:04:06	   30	0.090	   0.940

------------------------------

22:04:10	Parameters at epoch 30:

22:04:10	Theta:
22:04:10		 0.1461  -1.3476   0.1996  
22:04:10		 1.1694   0.0904   0.7812  
22:04:10		 1.0579   0.5724  -0.0071  
22:04:10		-0.0890   1.2896  -1.6669  
22:04:10	Alpha:
22:04:10		 0.0875   0.3992  
22:04:10		-0.9607   1.0562  
22:04:10		-0.3938  -0.2324  
22:04:10		-1.1030  -0.6687  
22:04:10	Class weight:
22:04:10		 0.9702   1.2988  

------------------------------

22:04:26	Accuracy on test set with the parameters above: 0.9406666666666667

