08:10:44	Optimizer: adam
08:10:44	Optimizer params: {'lr': 0.02}
08:10:44	DataSet: non convex - nTrain: 500 - nValid: 0 - nTest: 3000
08:10:44	nLayers: 8 - nEpochs: 40 - batchSize: 32
08:10:44	Cost: fidelity
08:10:44	Seed: None

------------------------------

08:10:51	epoch	loss	accuracy
08:10:59	    0	0.583	   0.388
08:12:32	    1	0.363	   0.704
08:14:05	    2	0.308	   0.756
08:15:38	    3	0.274	   0.796
08:17:10	    4	0.256	   0.838
08:18:43	    5	0.241	   0.844
08:20:22	    6	0.225	   0.864
08:21:54	    7	0.204	   0.906
08:23:27	    8	0.184	   0.926
08:25:00	    9	0.175	   0.918
08:26:32	   10	0.169	   0.916
08:28:11	   11	0.166	   0.918
08:29:44	   12	0.164	   0.922
08:31:16	   13	0.163	   0.922
08:32:49	   14	0.162	   0.930
08:34:22	   15	0.161	   0.930
08:36:01	   16	0.161	   0.924
08:37:34	   17	0.161	   0.930
08:39:06	   18	0.160	   0.928
08:40:35	   19	0.159	   0.930
08:42:05	   20	0.159	   0.930
08:43:40	   21	0.159	   0.928
08:45:09	   22	0.158	   0.930
08:46:38	   23	0.158	   0.934
08:48:07	   24	0.158	   0.930
08:49:37	   25	0.158	   0.932
08:51:12	   26	0.157	   0.934
08:52:41	   27	0.157	   0.930
08:54:10	   28	0.157	   0.932
08:55:39	   29	0.157	   0.932
08:57:08	   30	0.157	   0.936
08:58:44	   31	0.156	   0.932
09:00:13	   32	0.156	   0.930
09:01:43	   33	0.156	   0.932
09:03:13	   34	0.156	   0.932
09:04:42	   35	0.156	   0.932
09:06:17	   36	0.156	   0.932
09:07:46	   37	0.156	   0.932
09:09:16	   38	0.156	   0.932
09:10:45	   39	0.156	   0.926
09:12:14	   40	0.156	   0.930

------------------------------

09:12:20	Parameters at epoch 40:

09:12:20	Theta:
09:12:20		 0.2819   1.5956  -0.2188  
09:12:20		 0.9914  -0.2922   2.6299  
09:12:20		 0.4203   1.0577  -0.9036  
09:12:20		 1.3097  -1.0858  -0.4720  
09:12:20		-2.2723  -0.8041   0.0106  
09:12:20		 0.5111   1.9696   0.5641  
09:12:20		 0.1486   0.0322   0.5536  
09:12:20		-0.1818   0.1471  -1.0479  
09:12:20	Alpha:
09:12:20		 1.1918  -1.7940  
09:12:20		-4.1318   0.4356  
09:12:20		-1.3826  -0.8723  
09:12:20		-1.2941  -2.0436  
09:12:20		-0.5553   1.0435  
09:12:20		 2.1491  -0.6912  
09:12:20		-1.8505   0.5510  
09:12:20		-0.4437   0.1491  

------------------------------

09:12:50	Accuracy on test set with the parameters above: 0.916

