22:33:27	Optimizer: adam
22:33:27	Optimizer params: {'lr': 0.03}
22:33:27	DataSet: sphere - nTrain: 500 - nValid: 0 - nTest: 3000
22:33:27	nLayers: 6 - nEpochs: 30 - batchSize: 32
22:33:27	Cost: fidelity
22:33:27	Seed: None

------------------------------

22:33:31	epoch	loss	accuracy
22:33:36	    0	0.512	   0.468
22:34:30	    1	0.317	   0.770
22:35:22	    2	0.293	   0.794
22:36:15	    3	0.278	   0.816
22:37:07	    4	0.271	   0.832
22:37:59	    5	0.267	   0.828
22:38:55	    6	0.266	   0.828
22:39:47	    7	0.268	   0.850
22:40:39	    8	0.263	   0.820
22:41:32	    9	0.260	   0.840
22:42:25	   10	0.259	   0.842
22:43:21	   11	0.259	   0.838
22:44:14	   12	0.258	   0.834
22:45:08	   13	0.257	   0.834
22:46:01	   14	0.256	   0.838
22:46:55	   15	0.255	   0.848
22:47:52	   16	0.256	   0.830
22:48:44	   17	0.255	   0.844
22:49:38	   18	0.255	   0.840
22:50:31	   19	0.254	   0.834
22:51:25	   20	0.254	   0.834
22:52:23	   21	0.254	   0.822
22:53:15	   22	0.253	   0.838
22:54:09	   23	0.254	   0.824
22:55:03	   24	0.253	   0.838
22:55:56	   25	0.253	   0.834
22:56:53	   26	0.253	   0.842
22:57:47	   27	0.253	   0.828
22:58:40	   28	0.253	   0.834
22:59:33	   29	0.252	   0.826
23:00:26	   30	0.252	   0.832

------------------------------

23:00:30	Parameters at epoch 30:

23:00:30	Theta:
23:00:30		 1.0828   0.0470   0.1761  
23:00:30		-1.1964  -2.1541   0.0665  
23:00:30		-0.8968  -1.4542  -0.1999  
23:00:30		 0.1283   0.8494   0.5582  
23:00:30		 0.7504  -0.4042  -0.5450  
23:00:30		-0.2014  -0.2909   0.5442  
23:00:30	Alpha:
23:00:30		 0.3666   2.8560   1.5330  
23:00:30		 1.4494   2.9279   0.7324  
23:00:30		 0.0206  -1.4359   1.1673  
23:00:30		 0.3769  -0.7011  -1.6390  
23:00:30		 0.1784  -2.8288  -0.5959  
23:00:30		-0.5175   1.4208  -3.4363  

------------------------------

23:00:51	Accuracy on test set with the parameters above: 0.767

