23:17:49	Optimizer: adam
23:17:49	Optimizer params: {'lr': 0.03}
23:17:49	DataSet: three circles - nTrain: 500 - nValid: 0 - nTest: 3000
23:17:49	nLayers: 6 - nEpochs: 30 - batchSize: 15
23:17:49	Cost: fidelity
23:17:49	Seed: None

------------------------------

23:17:56	epoch	loss	accuracy
23:18:08	    0	0.452	   0.254
23:18:58	    1	0.204	   0.728
23:19:48	    2	0.165	   0.736
23:20:38	    3	0.154	   0.762
23:21:28	    4	0.152	   0.770
23:22:17	    5	0.138	   0.806
23:23:15	    6	0.141	   0.800
23:24:05	    7	0.127	   0.824
23:24:55	    8	0.126	   0.830
23:25:45	    9	0.120	   0.844
23:26:35	   10	0.116	   0.858
23:27:35	   11	0.112	   0.860
23:28:26	   12	0.107	   0.858
23:29:16	   13	0.106	   0.886
23:30:07	   14	0.102	   0.874
23:30:58	   15	0.101	   0.886
23:31:56	   16	0.099	   0.884
23:32:47	   17	0.098	   0.878
23:33:37	   18	0.096	   0.876
23:34:28	   19	0.097	   0.876
23:35:19	   20	0.095	   0.892
23:36:18	   21	0.095	   0.886
23:37:08	   22	0.097	   0.876
23:37:59	   23	0.094	   0.884
23:38:49	   24	0.094	   0.894
23:39:40	   25	0.093	   0.898
23:40:38	   26	0.093	   0.896
23:41:29	   27	0.092	   0.898
23:42:20	   28	0.092	   0.896
23:43:10	   29	0.093	   0.906
23:44:01	   30	0.093	   0.886

------------------------------

23:44:09	Parameters at epoch 30:

23:44:09	Theta:
23:44:09		 1.6867  -0.6772   0.2160  
23:44:09		-0.1992  -0.3493   0.1112  
23:44:09		-0.4015  -0.4279   1.9269  
23:44:09		-1.3590   1.1873  -0.1943  
23:44:09		 0.4229  -1.5136  -0.9691  
23:44:09		 1.0549   1.5690  -0.5985  
23:44:09	Alpha:
23:44:09		-0.0202   0.2492  
23:44:09		 4.2247   1.9071  
23:44:09		 1.0341  -2.0916  
23:44:09		 0.3643   1.9044  
23:44:09		-2.3384   0.2745  
23:44:09		 1.3039   1.3251  

------------------------------

23:44:53	Accuracy on test set with the parameters above: 0.867

