07:08:35	Optimizer: adam
07:08:35	Optimizer params: {'lr': 0.02}
07:08:35	DataSet: binary annulus - nTrain: 500 - nValid: 0 - nTest: 3000
07:08:35	nLayers: 4 - nEpochs: 40 - batchSize: 48
07:08:35	Cost: fidelity
07:08:35	Seed: None

------------------------------

07:08:38	epoch	loss	accuracy
07:08:43	    0	0.538	   0.464
07:09:10	    1	0.492	   0.522
07:09:36	    2	0.433	   0.594
07:10:03	    3	0.388	   0.686
07:10:29	    4	0.367	   0.688
07:10:57	    5	0.354	   0.712
07:11:26	    6	0.345	   0.708
07:11:53	    7	0.339	   0.716
07:12:20	    8	0.337	   0.706
07:12:47	    9	0.334	   0.714
07:13:14	   10	0.332	   0.712
07:13:43	   11	0.330	   0.718
07:14:10	   12	0.328	   0.718
07:14:37	   13	0.327	   0.718
07:15:03	   14	0.326	   0.714
07:15:30	   15	0.325	   0.718
07:16:00	   16	0.324	   0.716
07:16:27	   17	0.324	   0.726
07:16:54	   18	0.323	   0.722
07:17:21	   19	0.322	   0.720
07:17:48	   20	0.322	   0.716
07:18:17	   21	0.322	   0.720
07:18:44	   22	0.321	   0.728
07:19:11	   23	0.321	   0.720
07:19:38	   24	0.321	   0.722
07:20:04	   25	0.320	   0.724
07:20:34	   26	0.320	   0.726
07:21:01	   27	0.319	   0.722
07:21:29	   28	0.319	   0.726
07:21:56	   29	0.319	   0.720
07:22:23	   30	0.318	   0.716
07:22:52	   31	0.318	   0.712
07:23:19	   32	0.318	   0.718
07:23:46	   33	0.317	   0.718
07:24:12	   34	0.317	   0.716
07:24:39	   35	0.316	   0.710
07:25:09	   36	0.316	   0.710
07:25:36	   37	0.315	   0.710
07:26:03	   38	0.314	   0.708
07:26:30	   39	0.314	   0.704
07:26:57	   40	0.313	   0.708

------------------------------

07:27:00	Parameters at epoch 40:

07:27:00	Theta:
07:27:00		-0.1749   0.8503   0.3652  
07:27:00		 0.2455  -0.5398   1.0985  
07:27:00		-0.0734   0.0249  -1.3132  
07:27:00		-0.1417  -0.5362  -2.0446  
07:27:00	Alpha:
07:27:00		-1.1862  -1.1701  
07:27:00		-1.7220  -2.5250  
07:27:00		-1.0344   0.1304  
07:27:00		-0.6474  -2.4757  

------------------------------

07:27:16	Accuracy on test set with the parameters above: 0.702

