22:36:29	Optimizer: adam
22:36:29	Optimizer params: {'lr': 0.03}
22:36:29	DataSet: three circles - nTrain: 500 - nValid: 0 - nTest: 3000
22:36:29	nLayers: 6 - nEpochs: 30 - batchSize: 15
22:36:29	Cost: weighted fidelity
22:36:29	Seed: None

------------------------------

22:36:38	epoch	loss	accuracy
22:36:52	    0	0.305	   0.314
22:39:50	    1	0.092	   0.814
22:42:51	    2	0.071	   0.886
22:45:51	    3	0.067	   0.898
22:48:52	    4	0.064	   0.892
22:51:53	    5	0.064	   0.878
22:55:01	    6	0.068	   0.886
22:58:01	    7	0.063	   0.876
23:01:02	    8	0.064	   0.886
23:04:01	    9	0.061	   0.896
23:07:02	   10	0.061	   0.906
23:10:11	   11	0.061	   0.912
23:13:13	   12	0.061	   0.898
23:16:14	   13	0.060	   0.904
23:19:14	   14	0.060	   0.904
23:22:14	   15	0.059	   0.904
23:25:21	   16	0.058	   0.924
23:28:21	   17	0.059	   0.908
23:31:23	   18	0.058	   0.912
23:34:23	   19	0.061	   0.920
23:37:24	   20	0.059	   0.902
23:40:33	   21	0.060	   0.922
23:43:33	   22	0.059	   0.930
23:46:34	   23	0.059	   0.908
23:49:34	   24	0.058	   0.912
23:52:35	   25	0.058	   0.912
23:55:42	   26	0.057	   0.914
23:58:42	   27	0.057	   0.930
00:01:42	   28	0.058	   0.924
00:04:43	   29	0.058	   0.914
00:07:44	   30	0.057	   0.916

------------------------------

00:07:52	Parameters at epoch 30:

00:07:52	Theta:
00:07:52		-1.7996   0.3162  -0.7450  
00:07:52		-0.6853   0.7064  -1.4448  
00:07:52		 0.2222  -0.3608  -0.6181  
00:07:52		-0.2169  -0.9108  -0.1156  
00:07:52		 0.6616   0.4761  -1.1801  
00:07:52		 0.8986   1.1756  -0.4236  
00:07:52	Alpha:
00:07:52		 0.3371  -0.9532  
00:07:52		-0.8126  -3.3126  
00:07:52		-0.7278  -2.1538  
00:07:52		 0.8801  -0.7198  
00:07:52		 0.9467   2.5197  
00:07:52		 0.7603  -1.8033  
00:07:52	Class weight:
00:07:52		 0.6506   1.1513   1.1905   1.1049  

------------------------------

00:08:34	Accuracy on test set with the parameters above: 0.9136666666666666

