00:23:25	Optimizer: adam
00:23:25	Optimizer params: {'lr': 0.03}
00:23:25	DataSet: wavy lines - nTrain: 500 - nValid: 0 - nTest: 3000
00:23:25	nLayers: 8 - nEpochs: 30 - batchSize: 32
00:23:25	Cost: fidelity
00:23:25	Seed: None

------------------------------

00:23:36	epoch	loss	accuracy
00:23:47	    0	0.501	   0.278
00:25:05	    1	0.200	   0.674
00:26:22	    2	0.143	   0.844
00:27:39	    3	0.124	   0.868
00:28:56	    4	0.114	   0.912
00:30:13	    5	0.103	   0.922
00:31:38	    6	0.098	   0.922
00:32:54	    7	0.099	   0.920
00:34:11	    8	0.099	   0.914
00:35:27	    9	0.095	   0.920
00:36:46	   10	0.094	   0.918
00:38:15	   11	0.094	   0.934
00:39:35	   12	0.094	   0.932
00:40:53	   13	0.095	   0.928
00:42:09	   14	0.094	   0.922
00:43:25	   15	0.094	   0.928
00:44:51	   16	0.093	   0.932
00:46:07	   17	0.096	   0.924
00:47:24	   18	0.092	   0.932
00:48:41	   19	0.094	   0.924
00:49:58	   20	0.093	   0.938
00:51:24	   21	0.093	   0.922
00:52:41	   22	0.094	   0.918
00:53:59	   23	0.092	   0.930
00:55:16	   24	0.090	   0.930
00:56:33	   25	0.091	   0.930
00:57:59	   26	0.091	   0.938
00:59:15	   27	0.091	   0.930
01:00:32	   28	0.090	   0.932
01:01:49	   29	0.092	   0.922
01:03:06	   30	0.093	   0.926

------------------------------

01:03:15	Parameters at epoch 30:

01:03:15	Theta:
01:03:15		 0.9363  -0.5135   0.1254  
01:03:15		 0.1675  -0.4006  -1.4334  
01:03:15		-1.1551  -0.0673   1.4148  
01:03:15		 0.2119   1.6380  -1.5811  
01:03:15		 0.0042   1.0576   0.2525  
01:03:15		 0.8807  -3.1748   0.5678  
01:03:15		 0.2600  -0.1662   1.0037  
01:03:15		-0.3861   1.7866  -0.6260  
01:03:15	Alpha:
01:03:15		-0.4642  -0.5465  
01:03:15		-1.5131  -1.1867  
01:03:15		-1.4349  -0.9650  
01:03:15		 1.1104   0.8387  
01:03:15		 0.3926  -0.5788  
01:03:15		-1.7231   0.1108  
01:03:15		 0.3038   2.1160  
01:03:15		 0.8280  -0.5367  

------------------------------

01:04:07	Accuracy on test set with the parameters above: 0.8936666666666667

