00:20:47	Optimizer: adam
00:20:47	Optimizer params: {'lr': 0.03}
00:20:47	DataSet: wavy lines - nTrain: 500 - nValid: 0 - nTest: 3000
00:20:47	nLayers: 6 - nEpochs: 30 - batchSize: 32
00:20:47	Cost: weighted fidelity
00:20:47	Seed: None

------------------------------

00:20:55	epoch	loss	accuracy
00:21:08	    0	0.373	   0.174
00:23:53	    1	0.174	   0.608
00:26:39	    2	0.112	   0.730
00:29:25	    3	0.092	   0.854
00:32:10	    4	0.081	   0.840
00:34:57	    5	0.073	   0.868
00:37:50	    6	0.072	   0.868
00:40:37	    7	0.068	   0.892
00:43:22	    8	0.065	   0.918
00:46:11	    9	0.064	   0.908
00:48:57	   10	0.065	   0.892
00:51:51	   11	0.062	   0.912
00:54:39	   12	0.061	   0.914
00:57:26	   13	0.061	   0.918
01:00:13	   14	0.061	   0.906
01:03:00	   15	0.060	   0.910
01:05:56	   16	0.059	   0.922
01:08:43	   17	0.059	   0.910
01:11:32	   18	0.059	   0.916
01:14:18	   19	0.059	   0.902
01:17:06	   20	0.058	   0.928
01:20:00	   21	0.058	   0.926
01:22:48	   22	0.058	   0.922
01:25:35	   23	0.057	   0.926
01:28:23	   24	0.057	   0.920
01:31:12	   25	0.057	   0.930
01:34:06	   26	0.057	   0.916
01:36:54	   27	0.057	   0.936
01:39:42	   28	0.057	   0.928
01:42:30	   29	0.057	   0.938
01:45:19	   30	0.057	   0.924

------------------------------

01:45:26	Parameters at epoch 30:

01:45:26	Theta:
01:45:26		 0.1420   0.3492   0.5329  
01:45:26		-2.2290  -1.2445  -0.9705  
01:45:26		-0.8749  -0.4578   1.2380  
01:45:26		 0.9479   1.8730   1.2205  
01:45:26		 0.1242  -1.2991  -2.7019  
01:45:26		-1.9876  -0.4094   0.5011  
01:45:26	Alpha:
01:45:26		-0.8601   0.6676  
01:45:26		-2.7755   0.9804  
01:45:26		-0.8727   0.7287  
01:45:26		-1.0088  -0.9048  
01:45:26		 1.7256  -1.4921  
01:45:26		-1.1084   0.4978  
01:45:26	Class weight:
01:45:26		 0.9916   0.9020   0.9219   0.9844  

------------------------------

01:46:04	Accuracy on test set with the parameters above: 0.9046666666666666

