22:33:41	Optimizer: adam
22:33:41	Optimizer params: {'lr': 0.03}
22:33:41	DataSet: circle - nTrain: 500 - nValid: 0 - nTest: 3000
22:33:41	nLayers: 2 - nEpochs: 30 - batchSize: 20
22:33:41	Cost: fidelity
22:33:41	Seed: None

------------------------------

22:33:44	epoch	loss	accuracy
22:33:47	    0	0.586	   0.384
22:34:00	    1	0.496	   0.394
22:34:13	    2	0.466	   0.486
22:34:25	    3	0.367	   0.724
22:34:38	    4	0.316	   0.714
22:34:50	    5	0.314	   0.716
22:35:05	    6	0.308	   0.722
22:35:18	    7	0.301	   0.738
22:35:31	    8	0.293	   0.780
22:35:43	    9	0.284	   0.792
22:35:56	   10	0.282	   0.762
22:36:11	   11	0.280	   0.774
22:36:23	   12	0.280	   0.762
22:36:36	   13	0.280	   0.762
22:36:49	   14	0.279	   0.780
22:37:01	   15	0.279	   0.764
22:37:16	   16	0.279	   0.772
22:37:29	   17	0.279	   0.768
22:37:41	   18	0.279	   0.782
22:37:54	   19	0.279	   0.778
22:38:07	   20	0.279	   0.760
22:38:22	   21	0.279	   0.774
22:38:34	   22	0.279	   0.788
22:38:47	   23	0.279	   0.782
22:39:00	   24	0.279	   0.780
22:39:12	   25	0.279	   0.772
22:39:27	   26	0.279	   0.762
22:39:40	   27	0.279	   0.766
22:39:52	   28	0.279	   0.772
22:40:05	   29	0.279	   0.782
22:40:18	   30	0.279	   0.768

------------------------------

22:40:20	Parameters at epoch 30:

22:40:20	Theta:
22:40:20		 0.0036  -1.5626   0.0288  
22:40:20		-0.0357  -1.5635  -0.2469  
22:40:20	Alpha:
22:40:20		 1.1845  -1.3462  
22:40:20		-2.5626  -1.3503  

------------------------------

22:40:32	Accuracy on test set with the parameters above: 0.786

