21:33:14	Optimizer: adam
21:33:14	Optimizer params: {'lr': 0.03}
21:33:14	DataSet: circle - nTrain: 500 - nValid: 0 - nTest: 3000
21:33:14	nLayers: 6 - nEpochs: 30 - batchSize: 20
21:33:14	Cost: weighted fidelity
21:33:14	Seed: None

------------------------------

21:33:19	epoch	loss	accuracy
21:33:25	    0	0.347	   0.472
21:34:47	    1	0.124	   0.834
21:36:09	    2	0.106	   0.882
21:37:30	    3	0.103	   0.908
21:38:51	    4	0.100	   0.928
21:40:13	    5	0.100	   0.902
21:41:39	    6	0.104	   0.898
21:43:01	    7	0.107	   0.856
21:44:23	    8	0.093	   0.914
21:45:45	    9	0.100	   0.886
21:47:07	   10	0.091	   0.934
21:48:33	   11	0.095	   0.920
21:49:55	   12	0.092	   0.918
21:51:17	   13	0.093	   0.888
21:52:38	   14	0.089	   0.932
21:54:00	   15	0.089	   0.914
21:55:27	   16	0.091	   0.910
21:56:48	   17	0.089	   0.926
21:58:09	   18	0.087	   0.938
21:59:31	   19	0.088	   0.930
22:00:53	   20	0.089	   0.922
22:02:19	   21	0.086	   0.936
22:03:42	   22	0.087	   0.918
22:05:05	   23	0.087	   0.928
22:06:27	   24	0.084	   0.954
22:07:49	   25	0.088	   0.926
22:09:14	   26	0.084	   0.936
22:10:38	   27	0.084	   0.950
22:11:59	   28	0.083	   0.926
22:13:21	   29	0.083	   0.940
22:14:44	   30	0.083	   0.946

------------------------------

22:14:47	Parameters at epoch 30:

22:14:47	Theta:
22:14:47		 2.2985   1.3767   0.4246  
22:14:47		 0.0695  -2.3839  -2.1390  
22:14:47		-0.0632   0.7859  -1.8507  
22:14:47		 1.8353   1.2958  -0.9742  
22:14:47		 1.3468  -0.0451  -0.1687  
22:14:47		-1.1219   0.2081   1.2164  
22:14:47	Alpha:
22:14:47		 2.4423  -0.0146  
22:14:47		 0.7163   1.0593  
22:14:47		-2.5978   1.5368  
22:14:47		 1.6168   0.7583  
22:14:47		-0.4460  -0.5980  
22:14:47		-0.7464  -2.0291  
22:14:47	Class weight:
22:14:47		 1.0266   1.2011  

------------------------------

22:15:07	Accuracy on test set with the parameters above: 0.943

