22:57:41	Optimizer: adam
22:57:41	Optimizer params: {'lr': 0.03}
22:57:41	DataSet: sphere - nTrain: 500 - nValid: 0 - nTest: 3000
22:57:41	nLayers: 4 - nEpochs: 30 - batchSize: 32
22:57:41	Cost: fidelity
22:57:41	Seed: None

------------------------------

22:57:44	epoch	loss	accuracy
22:57:49	    0	0.449	   0.564
22:58:20	    1	0.352	   0.692
22:58:51	    2	0.335	   0.726
22:59:23	    3	0.328	   0.740
22:59:54	    4	0.324	   0.742
23:00:25	    5	0.319	   0.752
23:01:00	    6	0.314	   0.752
23:01:31	    7	0.310	   0.752
23:02:01	    8	0.306	   0.748
23:02:33	    9	0.303	   0.740
23:03:03	   10	0.301	   0.734
23:03:37	   11	0.299	   0.746
23:04:09	   12	0.297	   0.742
23:04:40	   13	0.295	   0.744
23:05:11	   14	0.295	   0.740
23:05:42	   15	0.294	   0.738
23:06:17	   16	0.293	   0.738
23:06:47	   17	0.293	   0.746
23:07:18	   18	0.292	   0.748
23:07:49	   19	0.292	   0.746
23:08:20	   20	0.292	   0.748
23:08:54	   21	0.291	   0.748
23:09:25	   22	0.292	   0.742
23:09:56	   23	0.291	   0.748
23:10:28	   24	0.291	   0.752
23:10:59	   25	0.292	   0.750
23:11:34	   26	0.292	   0.742
23:12:05	   27	0.291	   0.754
23:12:37	   28	0.291	   0.752
23:13:08	   29	0.291	   0.750
23:13:39	   30	0.291	   0.744

------------------------------

23:13:42	Parameters at epoch 30:

23:13:42	Theta:
23:13:42		-3.7153   0.0001  -2.5827  
23:13:42		-0.1815   0.0582   0.1800  
23:13:42		 1.4527   2.7849  -1.6862  
23:13:42		 1.5562   0.4069   0.9488  
23:13:42	Alpha:
23:13:42		 1.5073   1.2138   1.5875  
23:13:42		 0.3051  -2.1096  -2.0011  
23:13:42		-0.0959   1.7363   2.5212  
23:13:42		 0.0378   0.9104   0.7339  

------------------------------

23:13:58	Accuracy on test set with the parameters above: 0.735

