22:35:46	Optimizer: adam
22:35:46	Optimizer params: {'lr': 0.03}
22:35:46	DataSet: sphere - nTrain: 500 - nValid: 0 - nTest: 3000
22:35:46	nLayers: 3 - nEpochs: 30 - batchSize: 32
22:35:46	Cost: weighted fidelity
22:35:46	Seed: None

------------------------------

22:35:49	epoch	loss	accuracy
22:35:54	    0	0.322	   0.514
22:36:35	    1	0.254	   0.600
22:37:17	    2	0.245	   0.604
22:37:59	    3	0.235	   0.684
22:38:41	    4	0.220	   0.690
22:39:23	    5	0.207	   0.730
22:40:08	    6	0.199	   0.734
22:40:50	    7	0.192	   0.728
22:41:32	    8	0.187	   0.732
22:42:14	    9	0.182	   0.750
22:42:56	   10	0.178	   0.736
22:43:40	   11	0.174	   0.768
22:44:23	   12	0.170	   0.792
22:45:05	   13	0.167	   0.766
22:45:47	   14	0.163	   0.766
22:46:29	   15	0.162	   0.782
22:47:14	   16	0.160	   0.782
22:47:56	   17	0.159	   0.778
22:48:37	   18	0.158	   0.794
22:49:20	   19	0.156	   0.794
22:50:02	   20	0.155	   0.802
22:50:47	   21	0.155	   0.794
22:51:29	   22	0.153	   0.802
22:52:10	   23	0.153	   0.798
22:52:52	   24	0.152	   0.794
22:53:34	   25	0.151	   0.788
22:54:19	   26	0.150	   0.800
22:55:00	   27	0.150	   0.798
22:55:43	   28	0.149	   0.796
22:56:25	   29	0.149	   0.802
22:57:06	   30	0.148	   0.792

------------------------------

22:57:09	Parameters at epoch 30:

22:57:09	Theta:
22:57:09		 1.3573   0.7168  -0.5650  
22:57:09		 0.6731   1.8166   0.9502  
22:57:09		-1.0341   0.7121   2.1804  
22:57:09	Alpha:
22:57:09		-0.8192   1.5601  -1.5190  
22:57:09		 0.1737  -0.5420   2.4159  
22:57:09		 0.1397   0.8191  -2.3572  
22:57:09	Class weight:
22:57:09		 1.2414   0.9206  

------------------------------

22:57:23	Accuracy on test set with the parameters above: 0.781

