22:04:38	Optimizer: adam
22:04:38	Optimizer params: {'lr': 0.03}
22:04:38	DataSet: sphere - nTrain: 500 - nValid: 0 - nTest: 3000
22:04:38	nLayers: 4 - nEpochs: 30 - batchSize: 32
22:04:38	Cost: weighted fidelity
22:04:38	Seed: None

------------------------------

22:04:41	epoch	loss	accuracy
22:04:48	    0	0.250	   0.606
22:05:46	    1	0.184	   0.722
22:06:46	    2	0.170	   0.730
22:07:44	    3	0.163	   0.754
22:08:43	    4	0.160	   0.744
22:09:41	    5	0.155	   0.772
22:10:44	    6	0.153	   0.776
22:11:43	    7	0.152	   0.760
22:12:42	    8	0.152	   0.800
22:13:41	    9	0.149	   0.776
22:14:40	   10	0.149	   0.770
22:15:42	   11	0.149	   0.802
22:16:41	   12	0.149	   0.786
22:17:41	   13	0.148	   0.782
22:18:40	   14	0.148	   0.790
22:19:38	   15	0.148	   0.798
22:20:40	   16	0.147	   0.780
22:21:39	   17	0.147	   0.788
22:22:38	   18	0.147	   0.792
22:23:37	   19	0.147	   0.794
22:24:36	   20	0.147	   0.786
22:25:38	   21	0.147	   0.786
22:26:37	   22	0.147	   0.786
22:27:37	   23	0.147	   0.788
22:28:35	   24	0.146	   0.786
22:29:34	   25	0.147	   0.780
22:30:36	   26	0.147	   0.788
22:31:35	   27	0.146	   0.786
22:32:34	   28	0.146	   0.782
22:33:34	   29	0.146	   0.782
22:34:33	   30	0.146	   0.786

------------------------------

22:34:36	Parameters at epoch 30:

22:34:36	Theta:
22:34:36		 1.1381  -0.2959  -0.5091  
22:34:36		-0.4315   1.8514  -0.1016  
22:34:36		-0.7476   0.5595   0.6462  
22:34:36		 0.1033   1.0468  -1.0089  
22:34:36	Alpha:
22:34:36		 2.2029   0.8721  -0.3577  
22:34:36		-0.0698   0.0647   0.3150  
22:34:36		-1.8148   1.4213  -0.0243  
22:34:36		-0.4924  -0.1740   0.1274  
22:34:36	Class weight:
22:34:36		 1.0069   1.1045  

------------------------------

22:34:52	Accuracy on test set with the parameters above: 0.7873333333333333

