02:09:28	Optimizer: adam
02:09:28	Optimizer params: {'lr': 0.03}
02:09:28	DataSet: wavy lines - nTrain: 500 - nValid: 0 - nTest: 3000
02:09:28	nLayers: 1 - nEpochs: 30 - batchSize: 32
02:09:28	Cost: fidelity
02:09:28	Seed: None

------------------------------

02:09:33	epoch	loss	accuracy
02:09:37	    0	0.398	   0.346
02:09:45	    1	0.341	   0.472
02:09:52	    2	0.312	   0.470
02:10:00	    3	0.302	   0.482
02:10:08	    4	0.300	   0.466
02:10:16	    5	0.300	   0.478
02:10:27	    6	0.299	   0.490
02:10:35	    7	0.299	   0.486
02:10:43	    8	0.299	   0.488
02:10:50	    9	0.299	   0.482
02:10:58	   10	0.299	   0.496
02:11:09	   11	0.299	   0.480
02:11:17	   12	0.299	   0.474
02:11:25	   13	0.299	   0.492
02:11:33	   14	0.299	   0.490
02:11:41	   15	0.299	   0.486
02:11:52	   16	0.299	   0.480
02:12:00	   17	0.299	   0.490
02:12:08	   18	0.299	   0.482
02:12:16	   19	0.299	   0.486
02:12:24	   20	0.299	   0.492
02:12:35	   21	0.299	   0.476
02:12:43	   22	0.299	   0.486
02:12:51	   23	0.299	   0.480
02:12:59	   24	0.299	   0.486
02:13:06	   25	0.299	   0.480
02:13:18	   26	0.299	   0.486
02:13:25	   27	0.299	   0.482
02:13:33	   28	0.299	   0.480
02:13:41	   29	0.299	   0.482
02:13:49	   30	0.299	   0.486

------------------------------

02:13:52	Parameters at epoch 30:

02:13:52	Theta:
02:13:52		-0.3582  -0.8669   0.6521  
02:13:52	Alpha:
02:13:52		-1.0666   1.8512  

------------------------------

02:14:10	Accuracy on test set with the parameters above: 0.49566666666666664

