07:02:00	Optimizer: adam
07:02:00	Optimizer params: {'lr': 0.02}
07:02:00	DataSet: binary annulus - nTrain: 500 - nValid: 0 - nTest: 3000
07:02:00	nLayers: 4 - nEpochs: 40 - batchSize: 48
07:02:00	Cost: fidelity
07:02:00	Seed: None

------------------------------

07:02:04	epoch	loss	accuracy
07:02:08	    0	0.537	   0.476
07:02:36	    1	0.526	   0.472
07:03:03	    2	0.507	   0.464
07:03:31	    3	0.478	   0.512
07:03:59	    4	0.442	   0.554
07:04:27	    5	0.409	   0.672
07:04:59	    6	0.389	   0.708
07:05:28	    7	0.379	   0.704
07:05:56	    8	0.370	   0.708
07:06:24	    9	0.363	   0.708
07:06:52	   10	0.355	   0.710
07:07:23	   11	0.348	   0.712
07:07:51	   12	0.341	   0.720
07:08:20	   13	0.336	   0.710
07:08:48	   14	0.331	   0.714
07:09:16	   15	0.328	   0.722
07:09:47	   16	0.324	   0.726
07:10:16	   17	0.321	   0.736
07:10:44	   18	0.317	   0.736
07:11:12	   19	0.314	   0.746
07:11:40	   20	0.310	   0.752
07:12:11	   21	0.304	   0.758
07:12:39	   22	0.297	   0.760
07:13:07	   23	0.288	   0.762
07:13:35	   24	0.276	   0.776
07:14:03	   25	0.264	   0.794
07:14:35	   26	0.251	   0.826
07:15:03	   27	0.241	   0.856
07:15:32	   28	0.233	   0.872
07:16:00	   29	0.228	   0.884
07:16:28	   30	0.224	   0.886
07:16:59	   31	0.221	   0.888
07:17:27	   32	0.219	   0.898
07:17:55	   33	0.218	   0.902
07:18:23	   34	0.217	   0.906
07:18:51	   35	0.216	   0.908
07:19:22	   36	0.215	   0.908
07:19:50	   37	0.214	   0.908
07:20:18	   38	0.213	   0.910
07:20:46	   39	0.213	   0.916
07:21:14	   40	0.213	   0.912

------------------------------

07:21:17	Parameters at epoch 40:

07:21:17	Theta:
07:21:17		 0.1156  -1.5815   0.0512  
07:21:17		-1.9814  -0.0726  -1.1360  
07:21:17		-1.1421   3.0737   0.0268  
07:21:17		-1.1108   1.5820   2.1419  
07:21:17	Alpha:
07:21:17		-0.3459  -1.2442  
07:21:17		 1.5562  -1.7929  
07:21:17		 2.0249   1.8692  
07:21:17		-1.9066   0.7077  

------------------------------

07:21:34	Accuracy on test set with the parameters above: 0.9166666666666666

