06:12:31	Optimizer: adam
06:12:31	Optimizer params: {'lr': 0.02}
06:12:31	DataSet: binary annulus - nTrain: 500 - nValid: 0 - nTest: 3000
06:12:31	nLayers: 6 - nEpochs: 40 - batchSize: 48
06:12:31	Cost: fidelity
06:12:31	Seed: None

------------------------------

06:12:36	epoch	loss	accuracy
06:12:43	    0	0.505	   0.458
06:13:44	    1	0.385	   0.632
06:14:45	    2	0.345	   0.708
06:15:46	    3	0.341	   0.724
06:16:47	    4	0.337	   0.742
06:17:48	    5	0.333	   0.744
06:18:54	    6	0.332	   0.744
06:19:54	    7	0.331	   0.756
06:20:55	    8	0.330	   0.734
06:21:56	    9	0.329	   0.734
06:22:57	   10	0.328	   0.766
06:24:03	   11	0.328	   0.750
06:25:03	   12	0.326	   0.750
06:26:04	   13	0.326	   0.754
06:27:05	   14	0.325	   0.760
06:28:06	   15	0.325	   0.754
06:29:12	   16	0.325	   0.760
06:30:12	   17	0.324	   0.776
06:31:13	   18	0.324	   0.766
06:32:14	   19	0.324	   0.772
06:33:15	   20	0.323	   0.784
06:34:21	   21	0.323	   0.782
06:35:21	   22	0.323	   0.788
06:36:22	   23	0.323	   0.784
06:37:23	   24	0.323	   0.780
06:38:23	   25	0.322	   0.782
06:39:29	   26	0.322	   0.786
06:40:31	   27	0.322	   0.782
06:41:32	   28	0.322	   0.784
06:42:33	   29	0.322	   0.782
06:43:34	   30	0.322	   0.786
06:44:40	   31	0.322	   0.780
06:45:41	   32	0.322	   0.786
06:46:43	   33	0.322	   0.782
06:47:44	   34	0.322	   0.784
06:48:46	   35	0.322	   0.788
06:49:52	   36	0.322	   0.784
06:50:53	   37	0.322	   0.780
06:51:54	   38	0.322	   0.784
06:52:54	   39	0.322	   0.786
06:53:55	   40	0.321	   0.788

------------------------------

06:54:00	Parameters at epoch 40:

06:54:00	Theta:
06:54:00		-0.4671  -1.4930  -0.3637  
06:54:00		 0.2462  -0.0268  -0.6240  
06:54:00		-1.3654   0.2653   1.0091  
06:54:00		 1.0445   0.2140   0.1743  
06:54:00		 0.8096   0.1441   0.8876  
06:54:00		-0.5750  -1.6215  -0.3587  
06:54:00	Alpha:
06:54:00		 0.4815   0.6539  
06:54:00		-0.8392   0.9947  
06:54:00		-0.5583   1.8108  
06:54:00		 0.4302   1.6654  
06:54:00		 1.2914  -0.9688  
06:54:00		-0.1973  -0.4063  

------------------------------

06:54:26	Accuracy on test set with the parameters above: 0.7583333333333333

