02:09:21	Optimizer: adam
02:09:21	Optimizer params: {'lr': 0.03}
02:09:21	DataSet: wavy lines - nTrain: 500 - nValid: 0 - nTest: 3000
02:09:21	nLayers: 1 - nEpochs: 30 - batchSize: 32
02:09:21	Cost: fidelity
02:09:21	Seed: None

------------------------------

02:09:24	epoch	loss	accuracy
02:09:29	    0	0.402	   0.308
02:09:36	    1	0.376	   0.292
02:09:44	    2	0.360	   0.376
02:09:52	    3	0.336	   0.418
02:10:00	    4	0.311	   0.414
02:10:08	    5	0.305	   0.446
02:10:19	    6	0.305	   0.452
02:10:27	    7	0.304	   0.450
02:10:35	    8	0.305	   0.466
02:10:43	    9	0.304	   0.460
02:10:51	   10	0.304	   0.464
02:11:02	   11	0.305	   0.446
02:11:10	   12	0.304	   0.462
02:11:17	   13	0.304	   0.462
02:11:25	   14	0.305	   0.450
02:11:33	   15	0.304	   0.460
02:11:44	   16	0.304	   0.458
02:11:52	   17	0.304	   0.464
02:12:00	   18	0.304	   0.460
02:12:08	   19	0.304	   0.456
02:12:16	   20	0.305	   0.452
02:12:27	   21	0.304	   0.460
02:12:35	   22	0.304	   0.464
02:12:43	   23	0.304	   0.460
02:12:51	   24	0.304	   0.462
02:12:59	   25	0.304	   0.460
02:13:10	   26	0.304	   0.458
02:13:18	   27	0.304	   0.454
02:13:26	   28	0.304	   0.464
02:13:34	   29	0.304	   0.462
02:13:42	   30	0.304	   0.458

------------------------------

02:13:45	Parameters at epoch 30:

02:13:45	Theta:
02:13:45		 2.5720   0.9663  -2.2279  
02:13:45	Alpha:
02:13:45		-0.1017   1.7479  

------------------------------

02:14:03	Accuracy on test set with the parameters above: 0.49233333333333335

