22:49:29	Optimizer: adam
22:49:29	Optimizer params: {'lr': 0.03}
22:49:29	DataSet: sphere - nTrain: 500 - nValid: 0 - nTest: 3000
22:49:29	nLayers: 4 - nEpochs: 30 - batchSize: 32
22:49:29	Cost: fidelity
22:49:29	Seed: None

------------------------------

22:49:32	epoch	loss	accuracy
22:49:37	    0	0.473	   0.544
22:50:08	    1	0.371	   0.696
22:50:38	    2	0.333	   0.722
22:51:09	    3	0.318	   0.752
22:51:39	    4	0.312	   0.758
22:52:10	    5	0.308	   0.782
22:52:44	    6	0.303	   0.766
22:53:15	    7	0.299	   0.790
22:53:45	    8	0.296	   0.788
22:54:15	    9	0.291	   0.806
22:54:46	   10	0.289	   0.780
22:55:20	   11	0.286	   0.800
22:55:50	   12	0.285	   0.792
22:56:21	   13	0.284	   0.786
22:56:52	   14	0.284	   0.786
22:57:23	   15	0.283	   0.796
22:57:56	   16	0.282	   0.794
22:58:26	   17	0.282	   0.792
22:58:57	   18	0.282	   0.788
22:59:27	   19	0.282	   0.794
22:59:58	   20	0.282	   0.786
23:00:31	   21	0.281	   0.790
23:01:03	   22	0.281	   0.788
23:01:33	   23	0.281	   0.790
23:02:04	   24	0.281	   0.784
23:02:35	   25	0.281	   0.790
23:03:08	   26	0.281	   0.794
23:03:39	   27	0.281	   0.788
23:04:10	   28	0.281	   0.784
23:04:40	   29	0.281	   0.786
23:05:11	   30	0.281	   0.792

------------------------------

23:05:14	Parameters at epoch 30:

23:05:14	Theta:
23:05:14		-1.1849   0.7754  -0.2315  
23:05:14		 0.2512  -1.1085  -0.8367  
23:05:14		 0.5759   1.0014  -1.4571  
23:05:14		 1.6937   2.0349  -0.7952  
23:05:14	Alpha:
23:05:14		 0.8151   1.3166   0.6676  
23:05:14		-0.3314   0.0620   1.3996  
23:05:14		 0.3985   0.1964  -2.9824  
23:05:14		-0.3672  -1.4618  -2.3614  

------------------------------

23:05:30	Accuracy on test set with the parameters above: 0.7643333333333333

