22:28:29	Optimizer: adam
22:28:29	Optimizer params: {'lr': 0.03}
22:28:29	DataSet: circle - nTrain: 500 - nValid: 0 - nTest: 3000
22:28:29	nLayers: 1 - nEpochs: 30 - batchSize: 20
22:28:29	Cost: weighted fidelity
22:28:29	Seed: None

------------------------------

22:28:31	epoch	loss	accuracy
22:28:35	    0	0.502	   0.494
22:28:46	    1	0.276	   0.388
22:28:57	    2	0.250	   0.506
22:29:09	    3	0.250	   0.506
22:29:20	    4	0.250	   0.506
22:29:32	    5	0.250	   0.506
22:29:45	    6	0.252	   0.494
22:29:57	    7	0.253	   0.506
22:30:08	    8	0.251	   0.494
22:30:20	    9	0.250	   0.506
22:30:31	   10	0.250	   0.506
22:30:44	   11	0.250	   0.506
22:30:56	   12	0.250	   0.506
22:31:07	   13	0.250	   0.494
22:31:19	   14	0.250	   0.506
22:31:30	   15	0.250	   0.506
22:31:44	   16	0.250	   0.506
22:31:55	   17	0.250	   0.506
22:32:07	   18	0.251	   0.506
22:32:18	   19	0.250	   0.506
22:32:30	   20	0.250	   0.506
22:32:43	   21	0.250	   0.494
22:32:54	   22	0.250	   0.506
22:33:06	   23	0.250	   0.494
22:33:18	   24	0.250	   0.506
22:33:29	   25	0.250	   0.506
22:33:42	   26	0.250	   0.506
22:33:54	   27	0.250	   0.506
22:34:05	   28	0.250	   0.506
22:34:17	   29	0.250	   0.506
22:34:28	   30	0.250	   0.506

------------------------------

22:34:30	Parameters at epoch 30:

22:34:30	Theta:
22:34:30		 1.5709   1.0705   0.5377  
22:34:30	Alpha:
22:34:30		 0.8251   0.0000  
22:34:30	Class weight:
22:34:30		 0.6629   1.9495  

------------------------------

22:34:39	Accuracy on test set with the parameters above: 0.48233333333333334

