21:38:34	Optimizer: adam
21:38:34	Optimizer params: {'lr': 0.03}
21:38:34	DataSet: circle - nTrain: 500 - nValid: 0 - nTest: 3000
21:38:34	nLayers: 4 - nEpochs: 30 - batchSize: 20
21:38:34	Cost: weighted fidelity
21:38:34	Seed: None

------------------------------

21:38:38	epoch	loss	accuracy
21:38:44	    0	0.443	   0.476
21:39:34	    1	0.214	   0.692
21:40:26	    2	0.189	   0.746
21:41:17	    3	0.174	   0.730
21:42:09	    4	0.174	   0.734
21:43:00	    5	0.180	   0.720
21:43:55	    6	0.171	   0.738
21:44:46	    7	0.168	   0.764
21:45:38	    8	0.157	   0.764
21:46:29	    9	0.148	   0.798
21:47:22	   10	0.143	   0.812
21:48:17	   11	0.141	   0.812
21:49:09	   12	0.138	   0.822
21:50:00	   13	0.138	   0.816
21:50:52	   14	0.136	   0.826
21:51:45	   15	0.135	   0.820
21:52:43	   16	0.134	   0.818
21:53:35	   17	0.133	   0.824
21:54:26	   18	0.130	   0.826
21:55:18	   19	0.130	   0.826
21:56:10	   20	0.125	   0.832
21:57:05	   21	0.123	   0.838
21:57:58	   22	0.121	   0.832
21:58:50	   23	0.117	   0.846
21:59:42	   24	0.115	   0.862
22:00:34	   25	0.110	   0.868
22:01:30	   26	0.105	   0.902
22:02:22	   27	0.101	   0.930
22:03:14	   28	0.098	   0.926
22:04:06	   29	0.097	   0.922
22:04:59	   30	0.095	   0.928

------------------------------

22:05:03	Parameters at epoch 30:

22:05:03	Theta:
22:05:03		 1.9450   3.1814   1.8085  
22:05:03		-0.0852  -1.0474   0.2285  
22:05:03		-0.0497   1.6109  -1.1720  
22:05:03		 1.2109  -0.6664   0.9935  
22:05:03	Alpha:
22:05:03		 1.1838   2.2203  
22:05:03		-0.1855  -1.3482  
22:05:03		 1.8850   1.3163  
22:05:03		-1.3875   0.3328  
22:05:03	Class weight:
22:05:03		 1.0035   1.2756  

------------------------------

22:05:20	Accuracy on test set with the parameters above: 0.915

