00:15:27	Optimizer: adam
00:15:27	Optimizer params: {'lr': 0.03}
00:15:27	DataSet: three circles - nTrain: 500 - nValid: 0 - nTest: 3000
00:15:27	nLayers: 1 - nEpochs: 30 - batchSize: 15
00:15:27	Cost: fidelity
00:15:27	Seed: None

------------------------------

00:15:31	epoch	loss	accuracy
00:15:35	    0	0.514	   0.234
00:15:43	    1	0.446	   0.294
00:15:50	    2	0.338	   0.406
00:15:58	    3	0.305	   0.448
00:16:06	    4	0.298	   0.470
00:16:14	    5	0.298	   0.466
00:16:25	    6	0.298	   0.470
00:16:33	    7	0.298	   0.472
00:16:41	    8	0.298	   0.466
00:16:49	    9	0.298	   0.472
00:16:57	   10	0.298	   0.464
00:17:08	   11	0.298	   0.466
00:17:16	   12	0.298	   0.468
00:17:24	   13	0.298	   0.464
00:17:32	   14	0.298	   0.466
00:17:40	   15	0.298	   0.470
00:17:51	   16	0.298	   0.468
00:17:59	   17	0.298	   0.470
00:18:07	   18	0.298	   0.476
00:18:15	   19	0.298	   0.464
00:18:23	   20	0.298	   0.468
00:18:34	   21	0.298	   0.472
00:18:42	   22	0.298	   0.466
00:18:50	   23	0.298	   0.470
00:18:58	   24	0.298	   0.464
00:19:06	   25	0.298	   0.466
00:19:18	   26	0.298	   0.474
00:19:25	   27	0.298	   0.462
00:19:33	   28	0.298	   0.466
00:19:41	   29	0.298	   0.464
00:19:49	   30	0.298	   0.464

------------------------------

00:19:53	Parameters at epoch 30:

00:19:53	Theta:
00:19:53		-1.5743   1.9668  -2.1611  
00:19:53	Alpha:
00:19:53		-0.8571  -2.1802  

------------------------------

00:20:10	Accuracy on test set with the parameters above: 0.45766666666666667

