01:55:26	Optimizer: adam
01:55:26	Optimizer params: {'lr': 0.03}
01:55:26	DataSet: wavy lines - nTrain: 500 - nValid: 0 - nTest: 3000
01:55:26	nLayers: 3 - nEpochs: 30 - batchSize: 32
01:55:26	Cost: fidelity
01:55:26	Seed: None

------------------------------

01:55:34	epoch	loss	accuracy
01:55:40	    0	0.527	   0.188
01:56:02	    1	0.399	   0.306
01:56:25	    2	0.325	   0.524
01:56:47	    3	0.281	   0.580
01:57:09	    4	0.257	   0.582
01:57:31	    5	0.241	   0.612
01:57:59	    6	0.225	   0.620
01:58:21	    7	0.211	   0.660
01:58:43	    8	0.195	   0.664
01:59:05	    9	0.182	   0.708
01:59:27	   10	0.171	   0.730
01:59:54	   11	0.165	   0.756
02:00:17	   12	0.161	   0.762
02:00:39	   13	0.160	   0.772
02:01:01	   14	0.159	   0.770
02:01:24	   15	0.158	   0.774
02:01:51	   16	0.158	   0.796
02:02:14	   17	0.157	   0.794
02:02:36	   18	0.157	   0.792
02:02:58	   19	0.157	   0.788
02:03:20	   20	0.157	   0.794
02:03:48	   21	0.157	   0.804
02:04:10	   22	0.157	   0.802
02:04:32	   23	0.157	   0.806
02:04:54	   24	0.157	   0.782
02:05:17	   25	0.156	   0.798
02:05:44	   26	0.156	   0.792
02:06:06	   27	0.156	   0.798
02:06:29	   28	0.156	   0.804
02:06:51	   29	0.156	   0.800
02:07:13	   30	0.156	   0.810

------------------------------

02:07:18	Parameters at epoch 30:

02:07:18	Theta:
02:07:18		 3.2455   0.9666  -2.0534  
02:07:18		 0.1274   1.5382   0.9150  
02:07:18		 0.5006   0.1463   2.0739  
02:07:18	Alpha:
02:07:18		 1.1764  -2.4542  
02:07:18		 2.8342  -0.8214  
02:07:18		 2.0738   2.0286  

------------------------------

02:07:47	Accuracy on test set with the parameters above: 0.7913333333333333

