22:28:13	Optimizer: adam
22:28:13	Optimizer params: {'lr': 0.03}
22:28:13	DataSet: circle - nTrain: 500 - nValid: 0 - nTest: 3000
22:28:13	nLayers: 1 - nEpochs: 30 - batchSize: 20
22:28:13	Cost: weighted fidelity
22:28:13	Seed: None

------------------------------

22:28:17	epoch	loss	accuracy
22:28:20	    0	0.460	   0.510
22:28:33	    1	0.262	   0.610
22:28:45	    2	0.251	   0.510
22:28:58	    3	0.250	   0.510
22:29:10	    4	0.252	   0.510
22:29:23	    5	0.250	   0.510
22:29:38	    6	0.251	   0.490
22:29:50	    7	0.250	   0.490
22:30:03	    8	0.250	   0.510
22:30:15	    9	0.251	   0.490
22:30:28	   10	0.251	   0.510
22:30:43	   11	0.250	   0.510
22:30:55	   12	0.250	   0.510
22:31:08	   13	0.250	   0.510
22:31:20	   14	0.253	   0.490
22:31:33	   15	0.250	   0.510
22:31:48	   16	0.250	   0.510
22:32:00	   17	0.251	   0.510
22:32:13	   18	0.250	   0.490
22:32:26	   19	0.251	   0.510
22:32:39	   20	0.250	   0.550
22:32:54	   21	0.250	   0.510
22:33:06	   22	0.250	   0.426
22:33:19	   23	0.250	   0.488
22:33:31	   24	0.250	   0.510
22:33:44	   25	0.250	   0.624
22:33:58	   26	0.250	   0.510
22:34:11	   27	0.250	   0.594
22:34:24	   28	0.250	   0.510
22:34:37	   29	0.250	   0.510
22:34:49	   30	0.250	   0.510

------------------------------

22:34:51	Parameters at epoch 30:

22:34:51	Theta:
22:34:51		 1.3444   1.1076   0.5127  
22:34:51	Alpha:
22:34:51		-0.2200   0.0331  
22:34:51	Class weight:
22:34:51		 0.7014   1.7812  

------------------------------

22:35:01	Accuracy on test set with the parameters above: 0.49

