00:20:32	Optimizer: adam
00:20:32	Optimizer params: {'lr': 0.03}
00:20:32	DataSet: wavy lines - nTrain: 500 - nValid: 0 - nTest: 3000
00:20:32	nLayers: 6 - nEpochs: 30 - batchSize: 32
00:20:32	Cost: weighted fidelity
00:20:32	Seed: None

------------------------------

00:20:40	epoch	loss	accuracy
00:20:53	    0	0.332	   0.226
00:23:38	    1	0.177	   0.606
00:26:25	    2	0.094	   0.748
00:29:11	    3	0.085	   0.842
00:31:57	    4	0.080	   0.850
00:34:44	    5	0.080	   0.840
00:37:38	    6	0.078	   0.860
00:40:25	    7	0.077	   0.870
00:43:12	    8	0.077	   0.874
00:45:59	    9	0.078	   0.864
00:48:47	   10	0.076	   0.876
00:51:41	   11	0.078	   0.852
00:54:28	   12	0.076	   0.870
00:57:14	   13	0.075	   0.884
01:00:01	   14	0.076	   0.854
01:02:48	   15	0.075	   0.876
01:05:42	   16	0.074	   0.884
01:08:29	   17	0.073	   0.892
01:11:17	   18	0.072	   0.884
01:14:05	   19	0.073	   0.890
01:16:52	   20	0.071	   0.880
01:19:46	   21	0.069	   0.898
01:22:34	   22	0.068	   0.884
01:25:22	   23	0.066	   0.894
01:28:10	   24	0.065	   0.888
01:30:58	   25	0.064	   0.898
01:33:53	   26	0.064	   0.894
01:36:42	   27	0.062	   0.904
01:39:30	   28	0.062	   0.884
01:42:19	   29	0.061	   0.900
01:45:07	   30	0.061	   0.892

------------------------------

01:45:14	Parameters at epoch 30:

01:45:14	Theta:
01:45:14		 0.2519  -1.6705   1.2575  
01:45:14		-1.6683   0.0197  -0.1970  
01:45:14		 0.3961  -0.7637  -1.6100  
01:45:14		-0.2026  -0.4120  -0.4122  
01:45:14		-0.1205  -1.1910   1.6640  
01:45:14		 0.4598  -0.1562   1.7992  
01:45:14	Alpha:
01:45:14		 0.4388   1.5345  
01:45:14		 2.7598   1.1250  
01:45:14		 1.0667   1.3090  
01:45:14		-1.0110   1.5424  
01:45:14		-0.2779   0.0963  
01:45:14		-0.5882  -0.7782  
01:45:14	Class weight:
01:45:14		 0.9900   0.9132   0.9042   0.9955  

------------------------------

01:45:53	Accuracy on test set with the parameters above: 0.876

