23:22:47	Optimizer: adam
23:22:47	Optimizer params: {'lr': 0.03}
23:22:47	DataSet: three circles - nTrain: 500 - nValid: 0 - nTest: 3000
23:22:47	nLayers: 3 - nEpochs: 30 - batchSize: 15
23:22:47	Cost: weighted fidelity
23:22:47	Seed: None

------------------------------

23:22:52	epoch	loss	accuracy
23:23:04	    0	0.338	   0.204
23:24:16	    1	0.098	   0.728
23:25:28	    2	0.092	   0.792
23:26:40	    3	0.087	   0.780
23:27:52	    4	0.088	   0.790
23:29:06	    5	0.086	   0.764
23:30:24	    6	0.084	   0.788
23:31:36	    7	0.089	   0.788
23:32:51	    8	0.083	   0.788
23:34:06	    9	0.083	   0.782
23:35:19	   10	0.083	   0.800
23:36:39	   11	0.081	   0.798
23:37:53	   12	0.083	   0.788
23:39:08	   13	0.080	   0.792
23:40:23	   14	0.080	   0.786
23:41:37	   15	0.082	   0.772
23:42:57	   16	0.079	   0.790
23:44:13	   17	0.081	   0.804
23:45:30	   18	0.078	   0.798
23:46:45	   19	0.081	   0.774
23:48:00	   20	0.078	   0.790
23:49:20	   21	0.079	   0.794
23:50:34	   22	0.078	   0.798
23:51:49	   23	0.078	   0.810
23:53:04	   24	0.078	   0.778
23:54:18	   25	0.078	   0.804
23:55:38	   26	0.077	   0.792
23:56:52	   27	0.077	   0.790
23:58:06	   28	0.077	   0.814
23:59:21	   29	0.077	   0.796
00:00:37	   30	0.077	   0.790

------------------------------

00:00:43	Parameters at epoch 30:

00:00:43	Theta:
00:00:43		 1.8588   1.1503  -0.8716  
00:00:43		-0.4217   0.0698  -1.4267  
00:00:43		-0.2284   1.1115  -0.5112  
00:00:43	Alpha:
00:00:43		 0.2943  -0.4667  
00:00:43		 0.8778   0.8091  
00:00:43		 0.0703   1.0580  
00:00:43	Class weight:
00:00:43		 0.5142   1.3011   1.3523   1.5533  

------------------------------

00:01:14	Accuracy on test set with the parameters above: 0.7783333333333333

