04:52:44	Optimizer: adam
04:52:44	Optimizer params: {'lr': 0.02}
04:52:44	DataSet: non convex - nTrain: 500 - nValid: 0 - nTest: 3000
04:52:44	nLayers: 6 - nEpochs: 40 - batchSize: 32
04:52:44	Cost: fidelity
04:52:44	Seed: None

------------------------------

04:52:48	epoch	loss	accuracy
04:52:55	    0	0.534	   0.402
04:53:41	    1	0.287	   0.742
04:54:28	    2	0.276	   0.740
04:55:15	    3	0.270	   0.740
04:56:01	    4	0.266	   0.746
04:56:48	    5	0.260	   0.762
04:57:38	    6	0.251	   0.788
04:58:25	    7	0.238	   0.804
04:59:12	    8	0.222	   0.854
04:59:59	    9	0.211	   0.880
05:00:45	   10	0.206	   0.900
05:01:36	   11	0.203	   0.912
05:02:23	   12	0.199	   0.916
05:03:11	   13	0.195	   0.916
05:03:58	   14	0.192	   0.916
05:04:45	   15	0.188	   0.916
05:05:36	   16	0.186	   0.916
05:06:23	   17	0.185	   0.916
05:07:10	   18	0.185	   0.906
05:07:57	   19	0.183	   0.920
05:08:44	   20	0.183	   0.914
05:09:36	   21	0.183	   0.914
05:10:23	   22	0.183	   0.918
05:11:10	   23	0.182	   0.910
05:11:57	   24	0.181	   0.914
05:12:44	   25	0.181	   0.912
05:13:36	   26	0.181	   0.912
05:14:24	   27	0.180	   0.916
05:15:12	   28	0.180	   0.918
05:16:00	   29	0.179	   0.916
05:16:48	   30	0.179	   0.912
05:17:40	   31	0.179	   0.922
05:18:28	   32	0.178	   0.922
05:19:16	   33	0.178	   0.918
05:20:05	   34	0.178	   0.920
05:20:53	   35	0.177	   0.918
05:21:44	   36	0.177	   0.920
05:22:31	   37	0.177	   0.920
05:23:18	   38	0.176	   0.922
05:24:07	   39	0.176	   0.918
05:24:54	   40	0.176	   0.920

------------------------------

05:24:58	Parameters at epoch 40:

05:24:58	Theta:
05:24:58		-0.3106   0.5185   0.1029  
05:24:58		 0.5895   1.2113  -0.1010  
05:24:58		 0.5072   0.9748  -0.4100  
05:24:58		 0.7747   1.6285   0.4123  
05:24:58		-1.1683  -0.8896  -1.7462  
05:24:58		-1.5949   0.7629  -0.3793  
05:24:58	Alpha:
05:24:58		 0.6340  -1.0759  
05:24:58		-1.9310  -0.3972  
05:24:58		-0.9421  -0.8516  
05:24:58		-0.6927   0.6280  
05:24:58		 2.8134  -1.1187  
05:24:58		 0.2070   1.5874  

------------------------------

05:25:19	Accuracy on test set with the parameters above: 0.9013333333333333

