23:15:33	Optimizer: adam
23:15:33	Optimizer params: {'lr': 0.03}
23:15:33	DataSet: sphere - nTrain: 500 - nValid: 0 - nTest: 3000
23:15:33	nLayers: 1 - nEpochs: 30 - batchSize: 32
23:15:33	Cost: weighted fidelity
23:15:33	Seed: None

------------------------------

23:15:35	epoch	loss	accuracy
23:15:39	    0	0.486	   0.496
23:15:57	    1	0.308	   0.446
23:16:15	    2	0.263	   0.516
23:16:34	    3	0.250	   0.504
23:16:52	    4	0.250	   0.504
23:17:10	    5	0.250	   0.496
23:17:30	    6	0.250	   0.504
23:17:48	    7	0.250	   0.504
23:18:06	    8	0.250	   0.632
23:18:24	    9	0.250	   0.506
23:18:42	   10	0.250	   0.566
23:19:03	   11	0.250	   0.472
23:19:21	   12	0.250	   0.592
23:19:39	   13	0.250	   0.416
23:19:58	   14	0.250	   0.428
23:20:16	   15	0.250	   0.594
23:20:36	   16	0.250	   0.414
23:20:54	   17	0.250	   0.574
23:21:12	   18	0.250	   0.478
23:21:30	   19	0.250	   0.612
23:21:48	   20	0.250	   0.566
23:22:09	   21	0.250	   0.610
23:22:27	   22	0.250	   0.612
23:22:45	   23	0.250	   0.586
23:23:03	   24	0.250	   0.472
23:23:21	   25	0.250	   0.608
23:23:41	   26	0.250	   0.510
23:24:00	   27	0.250	   0.604
23:24:18	   28	0.250	   0.444
23:24:36	   29	0.250	   0.586
23:24:54	   30	0.250	   0.428

------------------------------

23:24:56	Parameters at epoch 30:

23:24:56	Theta:
23:24:56		-1.2715  -1.0872   0.2961  
23:24:56	Alpha:
23:24:56		-0.2168   0.0872   0.8360  
23:24:56	Class weight:
23:24:56		 0.6930   1.8233  

------------------------------

23:25:08	Accuracy on test set with the parameters above: 0.4126666666666667

