23:14:19	Optimizer: adam
23:14:19	Optimizer params: {'lr': 0.03}
23:14:19	DataSet: sphere - nTrain: 500 - nValid: 0 - nTest: 3000
23:14:19	nLayers: 3 - nEpochs: 30 - batchSize: 32
23:14:19	Cost: fidelity
23:14:19	Seed: None

------------------------------

23:14:23	epoch	loss	accuracy
23:14:26	    0	0.558	   0.442
23:14:49	    1	0.433	   0.586
23:15:11	    2	0.369	   0.690
23:15:33	    3	0.354	   0.706
23:15:55	    4	0.342	   0.726
23:16:17	    5	0.340	   0.712
23:16:42	    6	0.337	   0.720
23:17:04	    7	0.337	   0.714
23:17:26	    8	0.337	   0.712
23:17:48	    9	0.337	   0.714
23:18:10	   10	0.337	   0.722
23:18:35	   11	0.336	   0.712
23:18:57	   12	0.336	   0.722
23:19:19	   13	0.336	   0.712
23:19:41	   14	0.336	   0.714
23:20:03	   15	0.336	   0.718
23:20:28	   16	0.335	   0.720
23:20:51	   17	0.335	   0.718
23:21:13	   18	0.335	   0.716
23:21:35	   19	0.335	   0.722
23:21:58	   20	0.335	   0.728
23:22:22	   21	0.335	   0.730
23:22:44	   22	0.334	   0.728
23:23:06	   23	0.335	   0.726
23:23:28	   24	0.334	   0.728
23:23:50	   25	0.334	   0.730
23:24:14	   26	0.334	   0.730
23:24:37	   27	0.334	   0.730
23:24:59	   28	0.333	   0.730
23:25:21	   29	0.333	   0.742
23:25:43	   30	0.333	   0.744

------------------------------

23:25:46	Parameters at epoch 30:

23:25:46	Theta:
23:25:46		 1.1075  -0.0082   1.4793  
23:25:46		-2.5185   1.5657   2.4296  
23:25:46		 0.7654  -1.5544   0.1145  
23:25:46	Alpha:
23:25:46		-0.7135   1.1164   0.3716  
23:25:46		 0.0026   0.3953  -0.4465  
23:25:46		-3.0104  -1.1060  -0.0547  

------------------------------

23:26:00	Accuracy on test set with the parameters above: 0.7303333333333333

