00:11:21	Optimizer: adam
00:11:21	Optimizer params: {'lr': 0.03}
00:11:21	DataSet: three circles - nTrain: 500 - nValid: 0 - nTest: 3000
00:11:21	nLayers: 2 - nEpochs: 30 - batchSize: 15
00:11:21	Cost: fidelity
00:11:21	Seed: None

------------------------------

00:11:25	epoch	loss	accuracy
00:11:31	    0	0.355	   0.358
00:11:45	    1	0.214	   0.756
00:11:59	    2	0.204	   0.764
00:12:13	    3	0.198	   0.780
00:12:27	    4	0.195	   0.778
00:12:41	    5	0.193	   0.788
00:13:00	    6	0.191	   0.784
00:13:14	    7	0.188	   0.784
00:13:28	    8	0.187	   0.794
00:13:42	    9	0.187	   0.796
00:13:56	   10	0.184	   0.802
00:14:15	   11	0.183	   0.792
00:14:29	   12	0.183	   0.804
00:14:43	   13	0.182	   0.820
00:14:57	   14	0.182	   0.814
00:15:11	   15	0.182	   0.808
00:15:30	   16	0.182	   0.806
00:15:44	   17	0.182	   0.812
00:15:58	   18	0.182	   0.810
00:16:12	   19	0.182	   0.802
00:16:26	   20	0.182	   0.808
00:16:45	   21	0.182	   0.812
00:16:59	   22	0.182	   0.816
00:17:13	   23	0.182	   0.810
00:17:27	   24	0.182	   0.816
00:17:41	   25	0.182	   0.810
00:18:00	   26	0.182	   0.812
00:18:14	   27	0.182	   0.810
00:18:28	   28	0.182	   0.820
00:18:42	   29	0.182	   0.812
00:18:56	   30	0.182	   0.812

------------------------------

00:19:00	Parameters at epoch 30:

00:19:00	Theta:
00:19:00		 0.4550   1.5371  -0.3519  
00:19:00		-0.1536   1.6205  -0.7052  
00:19:00	Alpha:
00:19:00		-0.7683   0.5426  
00:19:00		-1.5614  -3.2449  

------------------------------

00:19:23	Accuracy on test set with the parameters above: 0.812

