22:08:19	Optimizer: adam
22:08:19	Optimizer params: {'lr': 0.03}
22:08:19	DataSet: circle - nTrain: 500 - nValid: 0 - nTest: 3000
22:08:19	nLayers: 3 - nEpochs: 30 - batchSize: 20
22:08:19	Cost: weighted fidelity
22:08:19	Seed: None

------------------------------

22:08:21	epoch	loss	accuracy
22:08:27	    0	0.344	   0.506
22:09:00	    1	0.247	   0.584
22:09:32	    2	0.205	   0.736
22:10:04	    3	0.176	   0.724
22:10:37	    4	0.170	   0.740
22:11:09	    5	0.165	   0.764
22:11:44	    6	0.156	   0.776
22:12:17	    7	0.111	   0.882
22:12:49	    8	0.094	   0.920
22:13:22	    9	0.090	   0.938
22:13:54	   10	0.091	   0.912
22:14:30	   11	0.089	   0.934
22:15:02	   12	0.089	   0.930
22:15:35	   13	0.089	   0.954
22:16:07	   14	0.090	   0.938
22:16:40	   15	0.090	   0.932
22:17:15	   16	0.089	   0.950
22:17:47	   17	0.088	   0.948
22:18:20	   18	0.089	   0.920
22:18:53	   19	0.089	   0.940
22:19:26	   20	0.088	   0.932
22:20:01	   21	0.090	   0.920
22:20:33	   22	0.088	   0.940
22:21:06	   23	0.088	   0.936
22:21:39	   24	0.090	   0.926
22:22:11	   25	0.088	   0.934
22:22:46	   26	0.089	   0.948
22:23:19	   27	0.089	   0.938
22:23:52	   28	0.088	   0.942
22:24:24	   29	0.088	   0.942
22:24:57	   30	0.089	   0.912

------------------------------

22:25:00	Parameters at epoch 30:

22:25:00	Theta:
22:25:00		 3.1604  -1.5525  -0.5189  
22:25:00		-0.5130   0.0006  -1.9663  
22:25:00		-0.0943   1.5650  -1.5947  
22:25:00	Alpha:
22:25:00		-0.3955   0.9844  
22:25:00		-0.9149  -0.4163  
22:25:00		-1.5540   1.1163  
22:25:00	Class weight:
22:25:00		 1.0139   1.3117  

------------------------------

22:25:13	Accuracy on test set with the parameters above: 0.89

