06:08:04	Optimizer: adam
06:08:04	Optimizer params: {'lr': 0.02}
06:08:04	DataSet: binary annulus - nTrain: 500 - nValid: 0 - nTest: 3000
06:08:04	nLayers: 6 - nEpochs: 40 - batchSize: 48
06:08:04	Cost: weighted fidelity
06:08:04	Seed: None

------------------------------

06:08:09	epoch	loss	accuracy
06:08:17	    0	0.285	   0.556
06:09:52	    1	0.232	   0.574
06:11:28	    2	0.217	   0.630
06:12:58	    3	0.205	   0.676
06:14:29	    4	0.198	   0.678
06:15:59	    5	0.193	   0.682
06:17:38	    6	0.189	   0.702
06:19:11	    7	0.185	   0.672
06:20:44	    8	0.182	   0.700
06:22:20	    9	0.181	   0.722
06:23:54	   10	0.178	   0.710
06:25:29	   11	0.176	   0.734
06:26:59	   12	0.174	   0.730
06:28:29	   13	0.172	   0.738
06:29:58	   14	0.170	   0.740
06:31:28	   15	0.168	   0.746
06:33:04	   16	0.165	   0.754
06:34:34	   17	0.162	   0.754
06:36:06	   18	0.159	   0.770
06:37:38	   19	0.156	   0.782
06:39:14	   20	0.152	   0.772
06:40:53	   21	0.148	   0.786
06:42:26	   22	0.145	   0.796
06:44:03	   23	0.142	   0.800
06:45:37	   24	0.138	   0.808
06:47:09	   25	0.135	   0.818
06:48:48	   26	0.132	   0.830
06:50:21	   27	0.129	   0.838
06:51:53	   28	0.126	   0.846
06:53:24	   29	0.123	   0.848
06:54:57	   30	0.120	   0.854
06:56:34	   31	0.118	   0.854
06:58:08	   32	0.116	   0.864
06:59:39	   33	0.113	   0.860
07:01:15	   34	0.112	   0.860
07:02:47	   35	0.110	   0.858
07:04:25	   36	0.109	   0.862
07:05:59	   37	0.107	   0.858
07:07:35	   38	0.106	   0.864
07:09:14	   39	0.105	   0.860
07:10:50	   40	0.104	   0.858

------------------------------

07:10:55	Parameters at epoch 40:

07:10:55	Theta:
07:10:55		-1.0178  -2.1519   0.4073  
07:10:55		-0.0882   0.3159  -1.3876  
07:10:55		 1.0904   1.1732  -0.6319  
07:10:55		 0.1871  -0.0071  -0.6666  
07:10:55		 0.7455  -0.3452   1.5328  
07:10:55		 0.8863  -0.2763   0.0930  
07:10:55	Alpha:
07:10:55		 0.4335   0.5843  
07:10:55		-1.0257   0.3743  
07:10:55		-3.3498   1.8854  
07:10:55		 1.6960  -0.3540  
07:10:55		 0.5455  -2.6242  
07:10:55		 0.5819   0.6280  
07:10:55	Class weight:
07:10:55		 1.1695   1.0058  

------------------------------

07:11:19	Accuracy on test set with the parameters above: 0.8596666666666667

