01:57:03	Optimizer: adam
01:57:03	Optimizer params: {'lr': 0.03}
01:57:03	DataSet: wavy lines - nTrain: 500 - nValid: 0 - nTest: 3000
01:57:03	nLayers: 1 - nEpochs: 30 - batchSize: 32
01:57:03	Cost: weighted fidelity
01:57:03	Seed: None

------------------------------

01:57:07	epoch	loss	accuracy
01:57:17	    0	0.325	   0.248
01:57:43	    1	0.173	   0.446
01:58:11	    2	0.152	   0.506
01:58:37	    3	0.144	   0.502
01:59:03	    4	0.142	   0.504
01:59:29	    5	0.142	   0.500
02:00:00	    6	0.142	   0.500
02:00:26	    7	0.142	   0.506
02:00:52	    8	0.142	   0.506
02:01:18	    9	0.142	   0.506
02:01:44	   10	0.142	   0.500
02:02:14	   11	0.142	   0.504
02:02:40	   12	0.141	   0.504
02:03:07	   13	0.141	   0.504
02:03:34	   14	0.142	   0.500
02:04:00	   15	0.141	   0.500
02:04:29	   16	0.141	   0.504
02:04:55	   17	0.141	   0.500
02:05:22	   18	0.141	   0.504
02:05:48	   19	0.142	   0.502
02:06:14	   20	0.141	   0.504
02:06:44	   21	0.141	   0.502
02:07:11	   22	0.141	   0.504
02:07:37	   23	0.141	   0.498
02:08:04	   24	0.141	   0.500
02:08:30	   25	0.141	   0.504
02:09:00	   26	0.141	   0.498
02:09:27	   27	0.141	   0.500
02:09:53	   28	0.141	   0.500
02:10:19	   29	0.141	   0.502
02:10:45	   30	0.141	   0.504

------------------------------

02:10:49	Parameters at epoch 30:

02:10:49	Theta:
02:10:49		-0.2826   1.8347  -0.1341  
02:10:49	Alpha:
02:10:49		-0.8446  -0.4341  
02:10:49	Class weight:
02:10:49		 1.4313   0.4624   1.7428   1.4331  

------------------------------

02:11:09	Accuracy on test set with the parameters above: 0.484

