23:08:56	Optimizer: adam
23:08:56	Optimizer params: {'lr': 0.03}
23:08:56	DataSet: sphere - nTrain: 500 - nValid: 0 - nTest: 3000
23:08:56	nLayers: 3 - nEpochs: 30 - batchSize: 32
23:08:56	Cost: fidelity
23:08:56	Seed: None

------------------------------

23:08:58	epoch	loss	accuracy
23:09:02	    0	0.528	   0.446
23:09:24	    1	0.454	   0.628
23:09:44	    2	0.378	   0.698
23:10:06	    3	0.350	   0.694
23:10:27	    4	0.346	   0.682
23:10:49	    5	0.343	   0.694
23:11:12	    6	0.343	   0.684
23:11:34	    7	0.340	   0.694
23:11:55	    8	0.339	   0.694
23:12:17	    9	0.338	   0.692
23:12:38	   10	0.335	   0.704
23:13:02	   11	0.333	   0.714
23:13:24	   12	0.331	   0.742
23:13:45	   13	0.328	   0.736
23:14:06	   14	0.325	   0.740
23:14:28	   15	0.322	   0.742
23:14:51	   16	0.320	   0.734
23:15:12	   17	0.317	   0.754
23:15:34	   18	0.316	   0.742
23:15:55	   19	0.314	   0.750
23:16:16	   20	0.313	   0.744
23:16:40	   21	0.312	   0.740
23:17:01	   22	0.311	   0.746
23:17:23	   23	0.311	   0.744
23:17:44	   24	0.310	   0.742
23:18:05	   25	0.310	   0.734
23:18:29	   26	0.310	   0.754
23:18:50	   27	0.310	   0.740
23:19:11	   28	0.309	   0.738
23:19:32	   29	0.310	   0.754
23:19:54	   30	0.309	   0.738

------------------------------

23:19:56	Parameters at epoch 30:

23:19:56	Theta:
23:19:56		 0.1748  -1.4299  -0.0143  
23:19:56		-0.4086  -0.1703   0.4569  
23:19:56		-0.0857  -1.4479   0.8738  
23:19:56	Alpha:
23:19:56		 2.4781  -0.8128  -0.0810  
23:19:56		-1.0311  -0.9209  -0.2413  
23:19:56		-1.3162  -0.9416   0.1098  

------------------------------

23:20:10	Accuracy on test set with the parameters above: 0.72

