22:26:38	Optimizer: adam
22:26:38	Optimizer params: {'lr': 0.03}
22:26:38	DataSet: circle - nTrain: 500 - nValid: 0 - nTest: 3000
22:26:38	nLayers: 1 - nEpochs: 30 - batchSize: 20
22:26:38	Cost: weighted fidelity
22:26:38	Seed: None

------------------------------

22:26:40	epoch	loss	accuracy
22:26:44	    0	0.344	   0.514
22:26:57	    1	0.253	   0.486
22:27:09	    2	0.250	   0.424
22:27:22	    3	0.249	   0.406
22:27:34	    4	0.250	   0.516
22:27:47	    5	0.250	   0.410
22:28:01	    6	0.250	   0.628
22:28:13	    7	0.250	   0.514
22:28:26	    8	0.251	   0.626
22:28:38	    9	0.249	   0.426
22:28:51	   10	0.251	   0.514
22:29:06	   11	0.250	   0.584
22:29:18	   12	0.250	   0.560
22:29:31	   13	0.249	   0.414
22:29:44	   14	0.249	   0.426
22:29:57	   15	0.249	   0.420
22:30:11	   16	0.249	   0.424
22:30:24	   17	0.249	   0.494
22:30:37	   18	0.249	   0.412
22:30:50	   19	0.249	   0.410
22:31:02	   20	0.249	   0.424
22:31:17	   21	0.249	   0.536
22:31:30	   22	0.249	   0.406
22:31:42	   23	0.249	   0.452
22:31:55	   24	0.250	   0.560
22:32:07	   25	0.249	   0.408
22:32:22	   26	0.249	   0.414
22:32:34	   27	0.249	   0.428
22:32:47	   28	0.249	   0.428
22:32:59	   29	0.249	   0.410
22:33:12	   30	0.249	   0.426

------------------------------

22:33:14	Parameters at epoch 30:

22:33:14	Theta:
22:33:14		-0.7207   1.2963   0.4380  
22:33:14	Alpha:
22:33:14		-0.4852   0.1127  
22:33:14	Class weight:
22:33:14		 0.8126   1.3241  

------------------------------

22:33:24	Accuracy on test set with the parameters above: 0.40166666666666667

