21:34:49	Optimizer: adam
21:34:49	Optimizer params: {'lr': 0.03}
21:34:49	DataSet: circle - nTrain: 500 - nValid: 0 - nTest: 3000
21:34:49	nLayers: 4 - nEpochs: 30 - batchSize: 20
21:34:49	Cost: weighted fidelity
21:34:49	Seed: None

------------------------------

21:34:52	epoch	loss	accuracy
21:34:58	    0	0.298	   0.572
21:35:46	    1	0.106	   0.878
21:36:33	    2	0.083	   0.948
21:37:21	    3	0.077	   0.962
21:38:09	    4	0.077	   0.944
21:38:57	    5	0.075	   0.954
21:39:48	    6	0.074	   0.942
21:40:36	    7	0.073	   0.948
21:41:24	    8	0.075	   0.916
21:42:12	    9	0.073	   0.944
21:43:00	   10	0.071	   0.960
21:43:51	   11	0.072	   0.964
21:44:38	   12	0.073	   0.942
21:45:26	   13	0.071	   0.968
21:46:14	   14	0.072	   0.944
21:47:02	   15	0.070	   0.962
21:47:53	   16	0.069	   0.972
21:48:41	   17	0.071	   0.948
21:49:29	   18	0.070	   0.948
21:50:17	   19	0.069	   0.956
21:51:05	   20	0.070	   0.970
21:51:56	   21	0.069	   0.960
21:52:45	   22	0.069	   0.966
21:53:33	   23	0.070	   0.948
21:54:21	   24	0.069	   0.960
21:55:09	   25	0.069	   0.978
21:56:00	   26	0.069	   0.964
21:56:48	   27	0.069	   0.960
21:57:36	   28	0.068	   0.968
21:58:24	   29	0.069	   0.970
21:59:12	   30	0.068	   0.960

------------------------------

21:59:15	Parameters at epoch 30:

21:59:15	Theta:
21:59:15		 0.1310  -0.1036  -0.7402  
21:59:15		-1.3902  -1.3878  -1.3818  
21:59:15		-0.5944   0.4743   0.5825  
21:59:15		 1.5492  -0.9588   1.0049  
21:59:15	Alpha:
21:59:15		-0.9576  -1.7597  
21:59:15		-1.2623   0.1583  
21:59:15		-0.3453   1.8070  
21:59:15		-1.8705   2.7521  
21:59:15	Class weight:
21:59:15		 1.0234   1.2034  

------------------------------

21:59:31	Accuracy on test set with the parameters above: 0.9713333333333334

