22:04:29	Optimizer: adam
22:04:29	Optimizer params: {'lr': 0.03}
22:04:29	DataSet: circle - nTrain: 500 - nValid: 0 - nTest: 3000
22:04:29	nLayers: 3 - nEpochs: 30 - batchSize: 20
22:04:29	Cost: weighted fidelity
22:04:29	Seed: None

------------------------------

22:04:32	epoch	loss	accuracy
22:04:38	    0	0.413	   0.270
22:05:15	    1	0.210	   0.728
22:05:51	    2	0.167	   0.740
22:06:29	    3	0.121	   0.870
22:07:05	    4	0.094	   0.920
22:07:42	    5	0.090	   0.900
22:08:21	    6	0.087	   0.916
22:08:58	    7	0.086	   0.926
22:09:35	    8	0.087	   0.888
22:10:11	    9	0.087	   0.914
22:10:48	   10	0.085	   0.912
22:11:28	   11	0.086	   0.898
22:12:06	   12	0.087	   0.948
22:12:44	   13	0.086	   0.906
22:13:21	   14	0.089	   0.954
22:13:58	   15	0.086	   0.918
22:14:38	   16	0.087	   0.950
22:15:15	   17	0.086	   0.928
22:15:53	   18	0.086	   0.898
22:16:30	   19	0.085	   0.950
22:17:08	   20	0.086	   0.920
22:17:48	   21	0.085	   0.932
22:18:25	   22	0.085	   0.924
22:19:02	   23	0.085	   0.928
22:19:39	   24	0.085	   0.926
22:20:16	   25	0.084	   0.920
22:20:56	   26	0.085	   0.930
22:21:33	   27	0.085	   0.922
22:22:10	   28	0.085	   0.926
22:22:48	   29	0.085	   0.920
22:23:25	   30	0.084	   0.926

------------------------------

22:23:28	Parameters at epoch 30:

22:23:28	Theta:
22:23:28		 1.1773   0.3686   1.7773  
22:23:28		 0.1429  -1.4504   0.4366  
22:23:28		-0.0896  -1.5829   1.7080  
22:23:28	Alpha:
22:23:28		-2.2331   1.2664  
22:23:28		-0.0184   0.1249  
22:23:28		 2.4672  -1.1549  
22:23:28	Class weight:
22:23:28		 1.0056   1.2880  

------------------------------

22:23:43	Accuracy on test set with the parameters above: 0.9076666666666666

