05:18:09	Optimizer: adam
05:18:09	Optimizer params: {'lr': 0.02}
05:18:09	DataSet: non convex - nTrain: 500 - nValid: 0 - nTest: 3000
05:18:09	nLayers: 3 - nEpochs: 40 - batchSize: 32
05:18:09	Cost: weighted fidelity
05:18:09	Seed: None

------------------------------

05:18:12	epoch	loss	accuracy
05:18:18	    0	0.336	   0.476
05:19:07	    1	0.229	   0.622
05:19:54	    2	0.183	   0.714
05:20:41	    3	0.164	   0.736
05:21:29	    4	0.160	   0.764
05:22:16	    5	0.159	   0.776
05:23:06	    6	0.157	   0.764
05:23:53	    7	0.157	   0.766
05:24:41	    8	0.156	   0.764
05:25:28	    9	0.156	   0.768
05:26:15	   10	0.156	   0.768
05:27:06	   11	0.156	   0.774
05:27:54	   12	0.155	   0.764
05:28:40	   13	0.155	   0.770
05:29:28	   14	0.155	   0.762
05:30:15	   15	0.155	   0.760
05:31:06	   16	0.155	   0.764
05:31:54	   17	0.155	   0.760
05:32:41	   18	0.155	   0.762
05:33:29	   19	0.155	   0.764
05:34:16	   20	0.155	   0.764
05:35:07	   21	0.155	   0.764
05:35:54	   22	0.155	   0.758
05:36:41	   23	0.155	   0.762
05:37:29	   24	0.155	   0.760
05:38:16	   25	0.155	   0.764
05:39:06	   26	0.155	   0.762
05:39:54	   27	0.155	   0.764
05:40:41	   28	0.155	   0.760
05:41:28	   29	0.155	   0.764
05:42:16	   30	0.155	   0.762
05:43:07	   31	0.155	   0.760
05:43:54	   32	0.155	   0.760
05:44:41	   33	0.155	   0.760
05:45:29	   34	0.155	   0.760
05:46:16	   35	0.155	   0.764
05:47:07	   36	0.155	   0.760
05:47:54	   37	0.155	   0.764
05:48:41	   38	0.155	   0.760
05:49:28	   39	0.155	   0.758
05:50:16	   40	0.155	   0.758

------------------------------

05:50:19	Parameters at epoch 40:

05:50:19	Theta:
05:50:19		 0.5435  -0.2869   0.8957  
05:50:19		-0.2796   1.0294  -1.1837  
05:50:19		 0.0256   1.3631  -1.6324  
05:50:19	Alpha:
05:50:19		-0.8422  -1.3826  
05:50:19		-1.1507  -2.5084  
05:50:19		-0.1395   0.4923  
05:50:19	Class weight:
05:50:19		 1.0638   0.9686  

------------------------------

05:50:37	Accuracy on test set with the parameters above: 0.7383333333333333

