20:44:43	Optimizer: adam
20:44:43	Optimizer params: {'lr': 0.03}
20:44:43	DataSet: sphere - nTrain: 500 - nValid: 0 - nTest: 3000
20:44:43	nLayers: 6 - nEpochs: 30 - batchSize: 32
20:44:43	Cost: weighted fidelity
20:44:43	Seed: None

------------------------------

20:44:47	epoch	loss	accuracy
20:44:54	    0	0.285	   0.590
20:46:36	    1	0.205	   0.690
20:48:19	    2	0.177	   0.758
20:50:01	    3	0.167	   0.764
20:51:42	    4	0.159	   0.786
20:53:24	    5	0.159	   0.790
20:55:09	    6	0.155	   0.772
20:56:52	    7	0.163	   0.758
20:58:35	    8	0.156	   0.778
21:00:17	    9	0.153	   0.790
21:02:00	   10	0.158	   0.776
21:03:46	   11	0.152	   0.788
21:05:29	   12	0.157	   0.782
21:07:12	   13	0.151	   0.798
21:08:54	   14	0.153	   0.794
21:10:36	   15	0.152	   0.792
21:12:22	   16	0.151	   0.784
21:14:04	   17	0.151	   0.792
21:15:45	   18	0.153	   0.780
21:17:28	   19	0.151	   0.786
21:19:10	   20	0.151	   0.788
21:20:54	   21	0.151	   0.796
21:22:36	   22	0.150	   0.792
21:24:18	   23	0.151	   0.788
21:25:59	   24	0.150	   0.802
21:27:42	   25	0.151	   0.792
21:29:28	   26	0.151	   0.790
21:31:08	   27	0.150	   0.790
21:32:50	   28	0.150	   0.792
21:34:32	   29	0.150	   0.784
21:36:13	   30	0.150	   0.786

------------------------------

21:36:17	Parameters at epoch 30:

21:36:17	Theta:
21:36:17		-1.1457  -1.3726   0.9032  
21:36:17		 0.2963   0.0984  -1.0214  
21:36:17		-0.1726   1.9123   0.0174  
21:36:17		-1.1176  -1.1120  -0.6931  
21:36:17		 0.1025  -0.9874   0.0991  
21:36:17		 2.9254   1.3706   1.2555  
21:36:17	Alpha:
21:36:17		-0.1040  -0.0006   0.2405  
21:36:17		 0.4425  -0.1883  -0.2945  
21:36:17		-0.3118   1.1050  -1.2599  
21:36:17		-0.0152   1.3298   0.9097  
21:36:17		-0.3068  -0.3507   0.0332  
21:36:17		 0.1955   0.4240  -0.0178  
21:36:17	Class weight:
21:36:17		 0.9807   1.1453  

------------------------------

21:36:37	Accuracy on test set with the parameters above: 0.7836666666666666

