00:11:56	Optimizer: adam
00:11:56	Optimizer params: {'lr': 0.03}
00:11:56	DataSet: three circles - nTrain: 500 - nValid: 0 - nTest: 3000
00:11:56	nLayers: 2 - nEpochs: 30 - batchSize: 15
00:11:56	Cost: fidelity
00:11:56	Seed: None

------------------------------

00:12:03	epoch	loss	accuracy
00:12:08	    0	0.532	   0.198
00:12:23	    1	0.285	   0.602
00:12:38	    2	0.250	   0.646
00:12:53	    3	0.212	   0.660
00:13:08	    4	0.199	   0.682
00:13:23	    5	0.200	   0.698
00:13:42	    6	0.198	   0.682
00:13:57	    7	0.197	   0.672
00:14:12	    8	0.198	   0.682
00:14:27	    9	0.197	   0.670
00:14:43	   10	0.197	   0.672
00:15:02	   11	0.198	   0.682
00:15:17	   12	0.197	   0.678
00:15:33	   13	0.197	   0.676
00:15:48	   14	0.197	   0.680
00:16:03	   15	0.196	   0.676
00:16:22	   16	0.199	   0.658
00:16:38	   17	0.196	   0.676
00:16:53	   18	0.196	   0.670
00:17:08	   19	0.196	   0.668
00:17:23	   20	0.196	   0.676
00:17:43	   21	0.196	   0.676
00:17:58	   22	0.195	   0.674
00:18:13	   23	0.195	   0.672
00:18:28	   24	0.195	   0.672
00:18:43	   25	0.195	   0.670
00:19:02	   26	0.195	   0.674
00:19:18	   27	0.195	   0.676
00:19:33	   28	0.195	   0.672
00:19:48	   29	0.195	   0.670
00:20:03	   30	0.195	   0.680

------------------------------

00:20:08	Parameters at epoch 30:

00:20:08	Theta:
00:20:08		-1.1589   0.4145  -0.7433  
00:20:08		-0.3673  -1.5153   0.8534  
00:20:08	Alpha:
00:20:08		 0.9343   2.0215  
00:20:08		-1.6045   2.2469  

------------------------------

00:20:33	Accuracy on test set with the parameters above: 0.6736666666666666

