02:07:35	Optimizer: adam
02:07:35	Optimizer params: {'lr': 0.03}
02:07:35	DataSet: wavy lines - nTrain: 500 - nValid: 0 - nTest: 3000
02:07:35	nLayers: 2 - nEpochs: 30 - batchSize: 32
02:07:35	Cost: fidelity
02:07:35	Seed: None

------------------------------

02:07:41	epoch	loss	accuracy
02:07:45	    0	0.463	   0.182
02:07:59	    1	0.358	   0.418
02:08:14	    2	0.323	   0.494
02:08:28	    3	0.299	   0.568
02:08:42	    4	0.265	   0.622
02:08:56	    5	0.237	   0.668
02:09:14	    6	0.223	   0.718
02:09:27	    7	0.214	   0.702
02:09:41	    8	0.211	   0.700
02:09:55	    9	0.208	   0.708
02:10:09	   10	0.207	   0.708
02:10:27	   11	0.206	   0.712
02:10:40	   12	0.204	   0.732
02:10:54	   13	0.204	   0.746
02:11:08	   14	0.203	   0.748
02:11:22	   15	0.202	   0.750
02:11:40	   16	0.202	   0.736
02:11:54	   17	0.202	   0.742
02:12:07	   18	0.201	   0.740
02:12:21	   19	0.200	   0.750
02:12:35	   20	0.200	   0.770
02:12:53	   21	0.199	   0.772
02:13:06	   22	0.197	   0.766
02:13:20	   23	0.195	   0.788
02:13:34	   24	0.191	   0.804
02:13:47	   25	0.185	   0.800
02:14:05	   26	0.174	   0.808
02:14:19	   27	0.160	   0.814
02:14:34	   28	0.144	   0.832
02:14:48	   29	0.133	   0.848
02:15:01	   30	0.127	   0.878

------------------------------

02:15:06	Parameters at epoch 30:

02:15:06	Theta:
02:15:06		 2.6995  -1.6170   1.0006  
02:15:06		-0.2315   1.0698   0.0746  
02:15:06	Alpha:
02:15:06		 0.5760  -1.1100  
02:15:06		 2.4981  -0.2110  

------------------------------

02:15:29	Accuracy on test set with the parameters above: 0.871

