23:43:50	Optimizer: adam
23:43:50	Optimizer params: {'lr': 0.03}
23:43:50	DataSet: three circles - nTrain: 500 - nValid: 0 - nTest: 3000
23:43:50	nLayers: 4 - nEpochs: 30 - batchSize: 15
23:43:50	Cost: fidelity
23:43:50	Seed: None

------------------------------

23:43:59	epoch	loss	accuracy
23:44:07	    0	0.557	   0.182
23:44:38	    1	0.172	   0.756
23:45:10	    2	0.155	   0.790
23:45:42	    3	0.150	   0.792
23:46:13	    4	0.150	   0.794
23:46:45	    5	0.149	   0.834
23:47:23	    6	0.148	   0.796
23:47:54	    7	0.144	   0.814
23:48:25	    8	0.144	   0.800
23:48:57	    9	0.144	   0.804
23:49:28	   10	0.144	   0.804
23:50:06	   11	0.146	   0.802
23:50:38	   12	0.142	   0.808
23:51:10	   13	0.142	   0.800
23:51:41	   14	0.142	   0.812
23:52:13	   15	0.142	   0.808
23:52:52	   16	0.141	   0.792
23:53:24	   17	0.147	   0.794
23:53:55	   18	0.141	   0.794
23:54:26	   19	0.145	   0.798
23:54:58	   20	0.141	   0.800
23:55:36	   21	0.140	   0.806
23:56:08	   22	0.140	   0.788
23:56:40	   23	0.140	   0.790
23:57:11	   24	0.139	   0.804
23:57:43	   25	0.139	   0.800
23:58:21	   26	0.139	   0.794
23:58:52	   27	0.138	   0.800
23:59:24	   28	0.138	   0.798
23:59:56	   29	0.138	   0.796
00:00:28	   30	0.139	   0.794

------------------------------

00:00:35	Parameters at epoch 30:

00:00:35	Theta:
00:00:35		-0.6147  -0.5120  -0.8008  
00:00:35		 0.6796   1.4404  -0.5027  
00:00:35		 0.4020   0.0061  -0.1101  
00:00:35		 0.4879  -0.6401   2.5650  
00:00:35	Alpha:
00:00:35		-0.4164  -0.8748  
00:00:35		-3.1813  -0.8255  
00:00:35		 1.2018  -0.7350  
00:00:35		 0.7934   0.7062  

------------------------------

00:01:10	Accuracy on test set with the parameters above: 0.7766666666666666

