08:10:42	Optimizer: adam
08:10:42	Optimizer params: {'lr': 0.02}
08:10:42	DataSet: non convex - nTrain: 500 - nValid: 0 - nTest: 3000
08:10:42	nLayers: 8 - nEpochs: 40 - batchSize: 32
08:10:42	Cost: fidelity
08:10:42	Seed: None

------------------------------

08:10:48	epoch	loss	accuracy
08:10:55	    0	0.550	   0.408
08:12:07	    1	0.338	   0.712
08:13:20	    2	0.264	   0.826
08:14:33	    3	0.207	   0.896
08:15:45	    4	0.190	   0.906
08:16:58	    5	0.188	   0.892
08:18:17	    6	0.184	   0.920
08:19:29	    7	0.182	   0.908
08:20:43	    8	0.182	   0.912
08:21:57	    9	0.180	   0.912
08:23:11	   10	0.180	   0.904
08:24:28	   11	0.179	   0.910
08:25:41	   12	0.179	   0.924
08:26:53	   13	0.178	   0.910
08:28:06	   14	0.177	   0.914
08:29:19	   15	0.177	   0.914
08:30:36	   16	0.176	   0.914
08:31:49	   17	0.176	   0.914
08:33:02	   18	0.176	   0.914
08:34:16	   19	0.176	   0.924
08:35:29	   20	0.175	   0.918
08:36:47	   21	0.176	   0.914
08:37:59	   22	0.175	   0.912
08:39:11	   23	0.175	   0.920
08:40:22	   24	0.174	   0.920
08:41:33	   25	0.174	   0.918
08:42:49	   26	0.174	   0.914
08:43:59	   27	0.174	   0.922
08:45:09	   28	0.174	   0.920
08:46:20	   29	0.174	   0.914
08:47:30	   30	0.173	   0.922
08:48:45	   31	0.173	   0.920
08:49:56	   32	0.173	   0.916
08:51:06	   33	0.173	   0.924
08:52:16	   34	0.173	   0.920
08:53:27	   35	0.173	   0.918
08:54:42	   36	0.173	   0.922
08:55:54	   37	0.172	   0.918
08:57:04	   38	0.173	   0.918
08:58:15	   39	0.172	   0.920
08:59:25	   40	0.172	   0.918

------------------------------

08:59:30	Parameters at epoch 40:

08:59:30	Theta:
08:59:30		-0.2462  -0.7498   1.1608  
08:59:30		 0.3298  -0.7304   0.9722  
08:59:30		-0.1685  -1.3393   1.6148  
08:59:30		-0.3470   1.0080   1.5521  
08:59:30		 1.0866  -1.1252   1.3708  
08:59:30		-0.2084   1.1800  -0.6644  
08:59:30		 0.0607  -1.7472   0.5984  
08:59:30		 2.0959   1.1717   2.2931  
08:59:30	Alpha:
08:59:30		 1.1615  -0.3548  
08:59:30		 0.7543   2.9731  
08:59:30		 0.7260   0.2596  
08:59:30		-1.6130   1.0909  
08:59:30		-0.7577  -0.0772  
08:59:30		 1.9767  -0.9786  
08:59:30		 0.1299  -1.8266  
08:59:30		 1.4643   0.8832  

------------------------------

08:59:55	Accuracy on test set with the parameters above: 0.8783333333333333

