06:57:02	Optimizer: adam
06:57:02	Optimizer params: {'lr': 0.02}
06:57:02	DataSet: binary annulus - nTrain: 500 - nValid: 0 - nTest: 3000
06:57:02	nLayers: 4 - nEpochs: 40 - batchSize: 48
06:57:02	Cost: fidelity
06:57:02	Seed: None

------------------------------

06:57:05	epoch	loss	accuracy
06:57:11	    0	0.525	   0.474
06:57:35	    1	0.483	   0.504
06:58:00	    2	0.447	   0.586
06:58:25	    3	0.431	   0.518
06:58:50	    4	0.423	   0.558
06:59:15	    5	0.420	   0.582
06:59:43	    6	0.418	   0.612
07:00:08	    7	0.418	   0.610
07:00:32	    8	0.417	   0.606
07:00:57	    9	0.417	   0.602
07:01:22	   10	0.416	   0.590
07:01:50	   11	0.416	   0.600
07:02:14	   12	0.416	   0.594
07:02:39	   13	0.415	   0.602
07:03:05	   14	0.415	   0.610
07:03:29	   15	0.415	   0.600
07:03:57	   16	0.415	   0.612
07:04:22	   17	0.414	   0.608
07:04:47	   18	0.414	   0.608
07:05:12	   19	0.414	   0.614
07:05:37	   20	0.413	   0.616
07:06:05	   21	0.413	   0.620
07:06:30	   22	0.412	   0.622
07:06:55	   23	0.412	   0.622
07:07:20	   24	0.411	   0.632
07:07:45	   25	0.411	   0.626
07:08:13	   26	0.410	   0.646
07:08:39	   27	0.410	   0.644
07:09:04	   28	0.409	   0.646
07:09:29	   29	0.408	   0.650
07:09:54	   30	0.408	   0.652
07:10:22	   31	0.407	   0.654
07:10:47	   32	0.406	   0.650
07:11:12	   33	0.405	   0.654
07:11:37	   34	0.405	   0.658
07:12:02	   35	0.404	   0.648
07:12:29	   36	0.403	   0.650
07:12:54	   37	0.402	   0.648
07:13:20	   38	0.402	   0.662
07:13:44	   39	0.401	   0.658
07:14:10	   40	0.400	   0.644

------------------------------

07:14:13	Parameters at epoch 40:

07:14:13	Theta:
07:14:13		-0.3642   0.5043   1.4622  
07:14:13		-0.5413   0.9630   2.6758  
07:14:13		 1.0783  -0.2980  -1.0047  
07:14:13		-0.2676  -2.3382   1.9253  
07:14:13	Alpha:
07:14:13		 0.7820  -0.6075  
07:14:13		-1.7935  -0.0102  
07:14:13		-0.1520  -2.6977  
07:14:13		-0.6992  -0.3161  

------------------------------

07:14:28	Accuracy on test set with the parameters above: 0.6326666666666667

