01:30:57	Optimizer: adam
01:30:57	Optimizer params: {'lr': 0.03}
01:30:57	DataSet: wavy lines - nTrain: 500 - nValid: 0 - nTest: 3000
01:30:57	nLayers: 3 - nEpochs: 30 - batchSize: 32
01:30:57	Cost: weighted fidelity
01:30:57	Seed: None

------------------------------

01:31:02	epoch	loss	accuracy
01:31:14	    0	0.438	   0.068
01:32:25	    1	0.286	   0.124
01:33:36	    2	0.194	   0.486
01:34:47	    3	0.124	   0.708
01:35:58	    4	0.097	   0.840
01:37:09	    5	0.095	   0.854
01:38:26	    6	0.092	   0.862
01:39:38	    7	0.088	   0.924
01:40:50	    8	0.085	   0.902
01:42:03	    9	0.082	   0.912
01:43:15	   10	0.082	   0.876
01:44:33	   11	0.081	   0.914
01:45:46	   12	0.081	   0.904
01:47:00	   13	0.081	   0.906
01:48:13	   14	0.081	   0.902
01:49:24	   15	0.080	   0.902
01:50:41	   16	0.080	   0.900
01:51:53	   17	0.081	   0.892
01:53:05	   18	0.081	   0.908
01:54:17	   19	0.081	   0.876
01:55:29	   20	0.080	   0.908
01:56:45	   21	0.080	   0.898
01:57:58	   22	0.080	   0.902
01:59:09	   23	0.080	   0.892
02:00:21	   24	0.080	   0.904
02:01:33	   25	0.080	   0.900
02:02:51	   26	0.080	   0.914
02:04:03	   27	0.080	   0.890
02:05:15	   28	0.080	   0.898
02:06:27	   29	0.080	   0.894
02:07:39	   30	0.080	   0.900

------------------------------

02:07:45	Parameters at epoch 30:

02:07:45	Theta:
02:07:45		-0.7253   1.4136  -0.8525  
02:07:45		-0.8070  -1.8818   1.1727  
02:07:45		-0.3343  -0.9295  -1.3797  
02:07:45	Alpha:
02:07:45		 1.1947   0.9279  
02:07:45		-2.4781   0.4181  
02:07:45		-0.5097  -0.0238  
02:07:45	Class weight:
02:07:45		 1.0746   0.9236   0.8693   0.8847  

------------------------------

02:08:13	Accuracy on test set with the parameters above: 0.879

