00:15:04	Optimizer: adam
00:15:04	Optimizer params: {'lr': 0.03}
00:15:04	DataSet: three circles - nTrain: 500 - nValid: 0 - nTest: 3000
00:15:04	nLayers: 1 - nEpochs: 30 - batchSize: 15
00:15:04	Cost: fidelity
00:15:04	Seed: None

------------------------------

00:15:07	epoch	loss	accuracy
00:15:12	    0	0.485	   0.292
00:15:19	    1	0.425	   0.292
00:15:27	    2	0.371	   0.312
00:15:35	    3	0.333	   0.434
00:15:43	    4	0.317	   0.442
00:15:51	    5	0.312	   0.446
00:16:02	    6	0.311	   0.454
00:16:10	    7	0.311	   0.446
00:16:17	    8	0.311	   0.456
00:16:25	    9	0.311	   0.454
00:16:33	   10	0.311	   0.452
00:16:44	   11	0.311	   0.446
00:16:52	   12	0.311	   0.446
00:17:00	   13	0.311	   0.452
00:17:08	   14	0.311	   0.444
00:17:16	   15	0.311	   0.450
00:17:27	   16	0.311	   0.448
00:17:35	   17	0.311	   0.454
00:17:43	   18	0.311	   0.444
00:17:51	   19	0.311	   0.458
00:17:59	   20	0.311	   0.450
00:18:10	   21	0.311	   0.448
00:18:18	   22	0.311	   0.448
00:18:26	   23	0.311	   0.452
00:18:34	   24	0.311	   0.452
00:18:41	   25	0.311	   0.452
00:18:53	   26	0.311	   0.450
00:19:01	   27	0.311	   0.452
00:19:08	   28	0.311	   0.448
00:19:16	   29	0.311	   0.452
00:19:24	   30	0.311	   0.456

------------------------------

00:19:27	Parameters at epoch 30:

00:19:27	Theta:
00:19:27		-1.5799   2.0275   3.9909  
00:19:27	Alpha:
00:19:27		 0.6020  -2.2178  

------------------------------

00:19:45	Accuracy on test set with the parameters above: 0.4686666666666667

