23:52:27	Optimizer: adam
23:52:27	Optimizer params: {'lr': 0.03}
23:52:27	DataSet: three circles - nTrain: 500 - nValid: 0 - nTest: 3000
23:52:27	nLayers: 2 - nEpochs: 30 - batchSize: 15
23:52:27	Cost: weighted fidelity
23:52:27	Seed: None

------------------------------

23:52:35	epoch	loss	accuracy
23:52:44	    0	0.312	   0.274
23:53:44	    1	0.126	   0.692
23:54:44	    2	0.115	   0.740
23:55:44	    3	0.113	   0.762
23:56:44	    4	0.114	   0.780
23:57:43	    5	0.111	   0.770
23:58:49	    6	0.114	   0.724
23:59:49	    7	0.112	   0.762
00:00:49	    8	0.113	   0.720
00:01:49	    9	0.112	   0.762
00:02:50	   10	0.111	   0.754
00:03:56	   11	0.111	   0.762
00:04:57	   12	0.113	   0.740
00:05:57	   13	0.112	   0.782
00:06:57	   14	0.111	   0.784
00:07:58	   15	0.111	   0.756
00:09:03	   16	0.111	   0.774
00:10:03	   17	0.113	   0.720
00:11:04	   18	0.111	   0.782
00:12:04	   19	0.113	   0.770
00:13:05	   20	0.112	   0.748
00:14:10	   21	0.111	   0.772
00:15:10	   22	0.111	   0.766
00:16:10	   23	0.110	   0.770
00:17:10	   24	0.111	   0.776
00:18:10	   25	0.110	   0.778
00:19:16	   26	0.111	   0.762
00:20:16	   27	0.111	   0.780
00:21:17	   28	0.111	   0.774
00:22:17	   29	0.112	   0.788
00:23:17	   30	0.110	   0.780

------------------------------

00:23:23	Parameters at epoch 30:

00:23:23	Theta:
00:23:23		-1.0411  -0.3894   0.2416  
00:23:23		 0.4531  -1.8360   0.4842  
00:23:23	Alpha:
00:23:23		-0.1443   1.1191  
00:23:23		 1.1322  -1.1397  
00:23:23	Class weight:
00:23:23		 1.3783   1.5078   0.9414   0.6832  

------------------------------

00:23:51	Accuracy on test set with the parameters above: 0.7266666666666667

