22:35:09	Optimizer: adam
22:35:09	Optimizer params: {'lr': 0.03}
22:35:09	DataSet: three circles - nTrain: 500 - nValid: 0 - nTest: 3000
22:35:09	nLayers: 8 - nEpochs: 30 - batchSize: 15
22:35:09	Cost: weighted fidelity
22:35:09	Seed: None

------------------------------

22:35:19	epoch	loss	accuracy
22:35:35	    0	0.363	   0.288
22:39:55	    1	0.135	   0.726
22:44:16	    2	0.116	   0.752
22:48:36	    3	0.110	   0.774
22:52:57	    4	0.107	   0.772
22:57:19	    5	0.105	   0.778
23:01:51	    6	0.104	   0.780
23:06:13	    7	0.103	   0.792
23:10:36	    8	0.108	   0.798
23:14:58	    9	0.102	   0.786
23:19:21	   10	0.101	   0.810
23:23:52	   11	0.102	   0.770
23:28:16	   12	0.100	   0.784
23:32:40	   13	0.102	   0.786
23:37:04	   14	0.098	   0.796
23:41:28	   15	0.098	   0.810
23:46:01	   16	0.098	   0.794
23:50:23	   17	0.096	   0.828
23:54:47	   18	0.095	   0.816
23:59:10	   19	0.097	   0.774
00:03:33	   20	0.094	   0.800
00:08:05	   21	0.094	   0.810
00:12:27	   22	0.094	   0.788
00:16:49	   23	0.093	   0.816
00:21:11	   24	0.091	   0.810
00:25:34	   25	0.091	   0.820
00:30:05	   26	0.089	   0.826
00:34:28	   27	0.090	   0.820
00:38:48	   28	0.089	   0.824
00:43:10	   29	0.088	   0.824
00:47:33	   30	0.088	   0.806

------------------------------

00:47:42	Parameters at epoch 30:

00:47:42	Theta:
00:47:42		 0.4300   1.5061  -1.1428  
00:47:42		 1.8855  -0.1160   1.1746  
00:47:42		-1.0033  -1.0487   1.0811  
00:47:42		-0.2028   1.4512   0.4440  
00:47:42		-2.4551   0.3986  -1.8273  
00:47:42		 0.7185  -0.8915   0.4448  
00:47:42		-0.8023   1.2897  -0.7212  
00:47:42		-0.4557   2.1447  -0.6168  
00:47:42	Alpha:
00:47:42		 0.6578   2.3338  
00:47:42		 2.2517  -1.1822  
00:47:42		-0.4004   0.7251  
00:47:42		 0.2107   0.6246  
00:47:42		-2.7441   0.6770  
00:47:42		 2.4096   0.5496  
00:47:42		 2.3123   0.0065  
00:47:42		-0.6368  -2.6760  
00:47:42	Class weight:
00:47:42		 0.7214   0.8684   1.3726   0.9948  

------------------------------

00:48:31	Accuracy on test set with the parameters above: 0.792

