00:14:47	Optimizer: adam
00:14:47	Optimizer params: {'lr': 0.03}
00:14:47	DataSet: three circles - nTrain: 500 - nValid: 0 - nTest: 3000
00:14:47	nLayers: 1 - nEpochs: 30 - batchSize: 15
00:14:47	Cost: fidelity
00:14:47	Seed: None

------------------------------

00:14:52	epoch	loss	accuracy
00:14:56	    0	0.491	   0.228
00:15:05	    1	0.431	   0.234
00:15:14	    2	0.396	   0.296
00:15:22	    3	0.376	   0.334
00:15:31	    4	0.349	   0.392
00:15:40	    5	0.310	   0.476
00:15:52	    6	0.296	   0.472
00:16:01	    7	0.295	   0.472
00:16:10	    8	0.295	   0.480
00:16:19	    9	0.295	   0.470
00:16:28	   10	0.295	   0.474
00:16:40	   11	0.295	   0.478
00:16:49	   12	0.295	   0.474
00:16:58	   13	0.295	   0.478
00:17:07	   14	0.295	   0.470
00:17:16	   15	0.295	   0.472
00:17:28	   16	0.295	   0.474
00:17:37	   17	0.295	   0.478
00:17:46	   18	0.295	   0.474
00:17:55	   19	0.295	   0.476
00:18:04	   20	0.295	   0.470
00:18:16	   21	0.295	   0.474
00:18:25	   22	0.295	   0.480
00:18:34	   23	0.295	   0.474
00:18:43	   24	0.295	   0.476
00:18:52	   25	0.295	   0.478
00:19:05	   26	0.295	   0.476
00:19:13	   27	0.295	   0.470
00:19:22	   28	0.295	   0.474
00:19:31	   29	0.295	   0.474
00:19:40	   30	0.295	   0.474

------------------------------

00:19:44	Parameters at epoch 30:

00:19:44	Theta:
00:19:44		-1.5938  -2.0380   1.0359  
00:19:44	Alpha:
00:19:44		 0.0406   2.1155  

------------------------------

00:20:03	Accuracy on test set with the parameters above: 0.4613333333333333

