00:01:54	Optimizer: adam
00:01:54	Optimizer params: {'lr': 0.03}
00:01:54	DataSet: three circles - nTrain: 500 - nValid: 0 - nTest: 3000
00:01:54	nLayers: 3 - nEpochs: 30 - batchSize: 15
00:01:54	Cost: fidelity
00:01:54	Seed: None

------------------------------

00:01:59	epoch	loss	accuracy
00:02:07	    0	0.571	   0.218
00:02:29	    1	0.270	   0.432
00:02:52	    2	0.201	   0.724
00:03:15	    3	0.192	   0.724
00:03:37	    4	0.187	   0.734
00:03:59	    5	0.185	   0.728
00:04:27	    6	0.186	   0.724
00:04:50	    7	0.184	   0.738
00:05:12	    8	0.183	   0.734
00:05:35	    9	0.187	   0.736
00:05:57	   10	0.183	   0.740
00:06:26	   11	0.184	   0.728
00:06:48	   12	0.182	   0.744
00:07:12	   13	0.182	   0.730
00:07:35	   14	0.181	   0.744
00:07:58	   15	0.181	   0.742
00:08:27	   16	0.180	   0.736
00:08:49	   17	0.183	   0.726
00:09:12	   18	0.183	   0.742
00:09:34	   19	0.179	   0.746
00:09:57	   20	0.180	   0.734
00:10:26	   21	0.180	   0.746
00:10:48	   22	0.179	   0.738
00:11:11	   23	0.179	   0.734
00:11:33	   24	0.178	   0.744
00:11:56	   25	0.178	   0.746
00:12:25	   26	0.178	   0.736
00:12:47	   27	0.178	   0.740
00:13:10	   28	0.178	   0.738
00:13:33	   29	0.178	   0.744
00:13:56	   30	0.178	   0.736

------------------------------

00:14:01	Parameters at epoch 30:

00:14:01	Theta:
00:14:01		-1.2419  -1.0291   0.0866  
00:14:01		-1.9160  -0.6143  -1.4247  
00:14:01		 1.2510  -0.2574   1.3596  
00:14:01	Alpha:
00:14:01		 0.5097  -1.0041  
00:14:01		 2.0002   0.8265  
00:14:01		 0.3944  -1.1631  

------------------------------

00:14:31	Accuracy on test set with the parameters above: 0.715

