06:07:22	Optimizer: adam
06:07:22	Optimizer params: {'lr': 0.02}
06:07:22	DataSet: binary annulus - nTrain: 500 - nValid: 0 - nTest: 3000
06:07:22	nLayers: 8 - nEpochs: 40 - batchSize: 48
06:07:22	Cost: weighted fidelity
06:07:22	Seed: None

------------------------------

06:07:27	epoch	loss	accuracy
06:07:36	    0	0.313	   0.542
06:09:50	    1	0.248	   0.578
06:12:06	    2	0.241	   0.600
06:14:21	    3	0.228	   0.632
06:16:36	    4	0.216	   0.656
06:18:52	    5	0.204	   0.674
06:21:12	    6	0.191	   0.700
06:23:28	    7	0.184	   0.704
06:25:44	    8	0.179	   0.730
06:28:00	    9	0.174	   0.738
06:30:17	   10	0.171	   0.744
06:32:38	   11	0.168	   0.758
06:34:54	   12	0.167	   0.762
06:37:12	   13	0.165	   0.770
06:39:28	   14	0.163	   0.790
06:41:44	   15	0.161	   0.786
06:44:06	   16	0.157	   0.798
06:46:23	   17	0.154	   0.808
06:48:41	   18	0.152	   0.818
06:50:59	   19	0.152	   0.816
06:53:16	   20	0.151	   0.804
06:55:39	   21	0.151	   0.810
06:57:59	   22	0.150	   0.804
07:00:17	   23	0.150	   0.806
07:02:36	   24	0.150	   0.804
07:04:53	   25	0.150	   0.800
07:07:16	   26	0.150	   0.806
07:09:34	   27	0.150	   0.816
07:11:52	   28	0.149	   0.804
07:14:11	   29	0.149	   0.808
07:16:29	   30	0.149	   0.810
07:18:53	   31	0.149	   0.800
07:21:12	   32	0.149	   0.804
07:23:31	   33	0.149	   0.810
07:25:50	   34	0.149	   0.808
07:28:19	   35	0.148	   0.804
07:30:40	   36	0.148	   0.806
07:32:56	   37	0.148	   0.802
07:35:13	   38	0.148	   0.806
07:37:30	   39	0.148	   0.816
07:39:46	   40	0.148	   0.804

------------------------------

07:39:51	Parameters at epoch 40:

07:39:51	Theta:
07:39:51		 0.1608   0.3361   0.6189  
07:39:51		-0.7485  -0.2211  -0.2332  
07:39:51		-0.6232  -1.0652   1.1502  
07:39:51		 0.5233   1.0099  -0.0324  
07:39:51		 0.1755   1.6754  -0.1176  
07:39:51		-1.7386   0.2271  -2.7136  
07:39:51		 1.3837  -0.6891   0.2465  
07:39:51		 1.4367   0.9642   0.6234  
07:39:51	Alpha:
07:39:51		 1.5842   0.2325  
07:39:51		 0.4949   0.5503  
07:39:51		-0.8656  -0.0033  
07:39:51		-2.2640  -1.1242  
07:39:51		-0.7096   0.1348  
07:39:51		 1.0792  -1.2880  
07:39:51		 0.3093  -0.5422  
07:39:51		 2.0310  -0.8178  
07:39:51	Class weight:
07:39:51		 1.0704   1.0635  

------------------------------

07:40:16	Accuracy on test set with the parameters above: 0.7686666666666667

