03:49:45	Optimizer: adam
03:49:45	Optimizer params: {'lr': 0.02}
03:49:45	DataSet: squares - nTrain: 500 - nValid: 0 - nTest: 3000
03:49:45	nLayers: 2 - nEpochs: 30 - batchSize: 32
03:49:45	Cost: fidelity
03:49:45	Seed: None

------------------------------

03:49:49	epoch	loss	accuracy
03:49:57	    0	0.558	   0.218
03:50:12	    1	0.491	   0.360
03:50:27	    2	0.420	   0.416
03:50:43	    3	0.342	   0.458
03:50:58	    4	0.296	   0.556
03:51:13	    5	0.252	   0.642
03:51:33	    6	0.220	   0.664
03:51:48	    7	0.206	   0.684
03:52:03	    8	0.198	   0.728
03:52:18	    9	0.194	   0.744
03:52:33	   10	0.191	   0.758
03:52:52	   11	0.190	   0.760
03:53:07	   12	0.188	   0.772
03:53:22	   13	0.187	   0.766
03:53:37	   14	0.187	   0.768
03:53:52	   15	0.186	   0.772
03:54:12	   16	0.185	   0.766
03:54:27	   17	0.185	   0.766
03:54:42	   18	0.185	   0.770
03:54:57	   19	0.184	   0.774
03:55:13	   20	0.184	   0.774
03:55:33	   21	0.184	   0.768
03:55:48	   22	0.184	   0.774
03:56:03	   23	0.184	   0.774
03:56:18	   24	0.184	   0.770
03:56:33	   25	0.183	   0.778
03:56:53	   26	0.183	   0.772
03:57:08	   27	0.183	   0.772
03:57:23	   28	0.183	   0.774
03:57:38	   29	0.183	   0.770
03:57:53	   30	0.183	   0.782

------------------------------

03:57:58	Parameters at epoch 30:

03:57:58	Theta:
03:57:58		 3.4043   0.0390   0.5188  
03:57:58		-0.3430  -0.9902   0.9868  
03:57:58	Alpha:
03:57:58		-1.8863  -1.7253  
03:57:58		 1.7459  -3.2789  

------------------------------

03:58:22	Accuracy on test set with the parameters above: 0.7453333333333333

