23:58:39	Optimizer: adam
23:58:39	Optimizer params: {'lr': 0.03}
23:58:39	DataSet: three circles - nTrain: 500 - nValid: 0 - nTest: 3000
23:58:39	nLayers: 3 - nEpochs: 30 - batchSize: 15
23:58:39	Cost: fidelity
23:58:39	Seed: None

------------------------------

23:58:47	epoch	loss	accuracy
23:58:53	    0	0.454	   0.218
23:59:15	    1	0.259	   0.802
23:59:38	    2	0.217	   0.746
00:00:00	    3	0.215	   0.728
00:00:24	    4	0.215	   0.746
00:00:47	    5	0.210	   0.786
00:01:15	    6	0.204	   0.812
00:01:38	    7	0.201	   0.812
00:02:01	    8	0.194	   0.818
00:02:24	    9	0.191	   0.798
00:02:46	   10	0.187	   0.816
00:03:14	   11	0.187	   0.816
00:03:36	   12	0.183	   0.816
00:03:59	   13	0.182	   0.812
00:04:21	   14	0.182	   0.802
00:04:44	   15	0.180	   0.790
00:05:12	   16	0.180	   0.798
00:05:34	   17	0.180	   0.782
00:05:56	   18	0.180	   0.784
00:06:19	   19	0.179	   0.800
00:06:41	   20	0.179	   0.794
00:07:09	   21	0.179	   0.778
00:07:32	   22	0.179	   0.786
00:07:54	   23	0.178	   0.800
00:08:17	   24	0.178	   0.800
00:08:39	   25	0.178	   0.802
00:09:07	   26	0.177	   0.802
00:09:30	   27	0.178	   0.808
00:09:52	   28	0.177	   0.794
00:10:14	   29	0.177	   0.812
00:10:37	   30	0.177	   0.808

------------------------------

00:10:42	Parameters at epoch 30:

00:10:42	Theta:
00:10:42		 2.6942  -1.5937  -3.5398  
00:10:42		 0.3987   0.0841  -0.1920  
00:10:42		-0.5525   1.4673  -0.5697  
00:10:42	Alpha:
00:10:42		 0.0784  -0.1320  
00:10:42		-1.6915  -2.2884  
00:10:42		 0.7282  -0.3471  

------------------------------

00:11:12	Accuracy on test set with the parameters above: 0.7953333333333333

