01:34:28	Optimizer: adam
01:34:28	Optimizer params: {'lr': 0.03}
01:34:28	DataSet: wavy lines - nTrain: 500 - nValid: 0 - nTest: 3000
01:34:28	nLayers: 4 - nEpochs: 30 - batchSize: 32
01:34:28	Cost: fidelity
01:34:28	Seed: None

------------------------------

01:34:38	epoch	loss	accuracy
01:34:47	    0	0.445	   0.316
01:35:26	    1	0.206	   0.688
01:36:05	    2	0.151	   0.820
01:36:45	    3	0.132	   0.838
01:37:25	    4	0.129	   0.838
01:38:04	    5	0.128	   0.838
01:38:51	    6	0.127	   0.864
01:39:30	    7	0.124	   0.852
01:40:09	    8	0.123	   0.864
01:40:48	    9	0.124	   0.866
01:41:27	   10	0.128	   0.848
01:42:14	   11	0.125	   0.884
01:42:53	   12	0.122	   0.864
01:43:32	   13	0.121	   0.874
01:44:11	   14	0.121	   0.876
01:44:50	   15	0.121	   0.870
01:45:37	   16	0.121	   0.890
01:46:16	   17	0.120	   0.870
01:46:55	   18	0.119	   0.882
01:47:35	   19	0.118	   0.882
01:48:13	   20	0.120	   0.888
01:49:01	   21	0.118	   0.876
01:49:40	   22	0.117	   0.896
01:50:20	   23	0.117	   0.888
01:51:00	   24	0.116	   0.896
01:51:40	   25	0.116	   0.888
01:52:26	   26	0.116	   0.890
01:53:06	   27	0.116	   0.898
01:53:45	   28	0.116	   0.888
01:54:24	   29	0.115	   0.904
01:55:04	   30	0.115	   0.896

------------------------------

01:55:12	Parameters at epoch 30:

01:55:12	Theta:
01:55:12		 0.4374  -0.8972  -2.2721  
01:55:12		-0.7241  -1.9485   1.5113  
01:55:12		 0.4231  -0.0335  -0.6995  
01:55:12		 0.0676   0.7389  -0.5801  
01:55:12	Alpha:
01:55:12		 1.0447  -0.6425  
01:55:12		-1.7552   0.9840  
01:55:12		 1.1660   0.8512  
01:55:12		-0.1118  -0.0582  

------------------------------

01:55:55	Accuracy on test set with the parameters above: 0.894

