07:25:30	Optimizer: adam
07:25:30	Optimizer params: {'lr': 0.02}
07:25:30	DataSet: binary annulus - nTrain: 500 - nValid: 0 - nTest: 3000
07:25:30	nLayers: 1 - nEpochs: 40 - batchSize: 48
07:25:30	Cost: weighted fidelity
07:25:30	Seed: None

------------------------------

07:25:33	epoch	loss	accuracy
07:25:36	    0	0.376	   0.432
07:25:46	    1	0.309	   0.470
07:25:57	    2	0.275	   0.510
07:26:08	    3	0.262	   0.522
07:26:19	    4	0.256	   0.510
07:26:30	    5	0.253	   0.510
07:26:42	    6	0.252	   0.510
07:26:52	    7	0.251	   0.510
07:27:03	    8	0.251	   0.510
07:27:13	    9	0.251	   0.510
07:27:24	   10	0.251	   0.510
07:27:36	   11	0.250	   0.510
07:27:47	   12	0.250	   0.518
07:27:57	   13	0.250	   0.580
07:28:08	   14	0.250	   0.526
07:28:18	   15	0.250	   0.518
07:28:30	   16	0.250	   0.610
07:28:41	   17	0.250	   0.522
07:28:51	   18	0.250	   0.510
07:29:02	   19	0.250	   0.602
07:29:12	   20	0.250	   0.528
07:29:25	   21	0.250	   0.510
07:29:36	   22	0.250	   0.510
07:29:46	   23	0.250	   0.604
07:29:57	   24	0.250	   0.598
07:30:07	   25	0.250	   0.514
07:30:19	   26	0.250	   0.518
07:30:30	   27	0.250	   0.510
07:30:40	   28	0.250	   0.586
07:30:51	   29	0.250	   0.510
07:31:01	   30	0.250	   0.524
07:31:14	   31	0.250	   0.566
07:31:24	   32	0.250	   0.540
07:31:34	   33	0.250	   0.510
07:31:45	   34	0.250	   0.510
07:31:55	   35	0.250	   0.570
07:32:08	   36	0.250	   0.588
07:32:18	   37	0.250	   0.560
07:32:29	   38	0.250	   0.510
07:32:39	   39	0.250	   0.510
07:32:50	   40	0.250	   0.558

------------------------------

07:32:51	Parameters at epoch 40:

07:32:51	Theta:
07:32:51		-1.7118   1.5066   1.1687  
07:32:51	Alpha:
07:32:51		 0.0826   0.2163  
07:32:51	Class weight:
07:32:51		 0.9247   1.0839  

------------------------------

07:33:00	Accuracy on test set with the parameters above: 0.561

