03:58:52	Optimizer: adam
03:58:52	Optimizer params: {'lr': 0.02}
03:58:52	DataSet: non convex - nTrain: 500 - nValid: 0 - nTest: 3000
03:58:52	nLayers: 8 - nEpochs: 40 - batchSize: 32
03:58:52	Cost: weighted fidelity
03:58:52	Seed: None

------------------------------

03:58:59	epoch	loss	accuracy
03:59:08	    0	0.249	   0.638
04:01:30	    1	0.128	   0.796
04:03:51	    2	0.092	   0.882
04:06:14	    3	0.072	   0.920
04:08:34	    4	0.064	   0.954
04:10:56	    5	0.063	   0.946
04:13:24	    6	0.058	   0.968
04:15:46	    7	0.058	   0.944
04:18:09	    8	0.056	   0.966
04:20:32	    9	0.054	   0.966
04:22:56	   10	0.054	   0.960
04:25:24	   11	0.053	   0.970
04:27:48	   12	0.052	   0.954
04:30:11	   13	0.053	   0.958
04:32:33	   14	0.054	   0.958
04:34:56	   15	0.051	   0.960
04:37:23	   16	0.050	   0.974
04:39:46	   17	0.049	   0.976
04:42:10	   18	0.049	   0.958
04:44:33	   19	0.048	   0.974
04:46:55	   20	0.047	   0.962
04:49:24	   21	0.046	   0.970
04:51:47	   22	0.046	   0.972
04:54:11	   23	0.046	   0.970
04:56:34	   24	0.045	   0.970
04:58:56	   25	0.045	   0.970
05:01:28	   26	0.044	   0.966
05:03:51	   27	0.044	   0.970
05:06:15	   28	0.044	   0.970
05:08:37	   29	0.044	   0.972
05:11:01	   30	0.043	   0.966
05:13:29	   31	0.044	   0.970
05:15:53	   32	0.043	   0.968
05:18:16	   33	0.043	   0.974
05:20:40	   34	0.043	   0.968
05:23:04	   35	0.043	   0.974
05:25:32	   36	0.043	   0.968
05:27:55	   37	0.042	   0.976
05:30:19	   38	0.043	   0.968
05:32:43	   39	0.042	   0.970
05:35:06	   40	0.042	   0.972

------------------------------

05:35:12	Parameters at epoch 40:

05:35:12	Theta:
05:35:12		 1.1579  -1.1600   0.2149  
05:35:12		 0.0121  -0.4385   0.1596  
05:35:12		 2.2394  -0.2550  -1.3816  
05:35:12		 0.4448  -0.9225  -0.0062  
05:35:12		-1.2019   1.7623  -1.0794  
05:35:12		-2.0609  -0.6794   1.0095  
05:35:12		-0.6745  -0.0548  -0.0256  
05:35:12		 0.6794  -0.6949  -0.0451  
05:35:12	Alpha:
05:35:12		-0.1662   0.7073  
05:35:12		 2.0307   0.2247  
05:35:12		-0.0188   1.5418  
05:35:12		 2.1371  -0.1716  
05:35:12		 1.9373  -1.1572  
05:35:12		-2.2303   1.4152  
05:35:12		 0.1019   0.8476  
05:35:12		 1.9843  -1.9179  
05:35:12	Class weight:
05:35:12		 1.1066   1.0659  

------------------------------

05:35:40	Accuracy on test set with the parameters above: 0.9636666666666667

