21:38:10	Optimizer: adam
21:38:10	Optimizer params: {'lr': 0.03}
21:38:10	DataSet: sphere - nTrain: 500 - nValid: 0 - nTest: 3000
21:38:10	nLayers: 8 - nEpochs: 30 - batchSize: 32
21:38:10	Cost: fidelity
21:38:10	Seed: None

------------------------------

21:38:15	epoch	loss	accuracy
21:38:21	    0	0.582	   0.384
21:39:44	    1	0.394	   0.644
21:41:07	    2	0.343	   0.716
21:42:30	    3	0.326	   0.774
21:43:53	    4	0.325	   0.764
21:45:17	    5	0.306	   0.800
21:46:44	    6	0.297	   0.822
21:48:07	    7	0.291	   0.806
21:49:31	    8	0.284	   0.812
21:50:54	    9	0.277	   0.830
21:52:16	   10	0.268	   0.836
21:53:44	   11	0.261	   0.848
21:55:08	   12	0.256	   0.840
21:56:31	   13	0.252	   0.838
21:57:54	   14	0.249	   0.848
21:59:17	   15	0.247	   0.838
22:00:46	   16	0.246	   0.850
22:02:10	   17	0.246	   0.846
22:03:33	   18	0.244	   0.844
22:04:56	   19	0.244	   0.844
22:06:20	   20	0.244	   0.850
22:07:47	   21	0.243	   0.846
22:09:11	   22	0.243	   0.850
22:10:35	   23	0.242	   0.846
22:11:57	   24	0.241	   0.850
22:13:20	   25	0.241	   0.844
22:14:48	   26	0.240	   0.848
22:16:12	   27	0.240	   0.856
22:17:36	   28	0.240	   0.844
22:18:59	   29	0.240	   0.856
22:20:23	   30	0.239	   0.850

------------------------------

22:20:27	Parameters at epoch 30:

22:20:27	Theta:
22:20:27		 0.1139  -1.4996  -0.1338  
22:20:27		 0.1233  -0.6508   0.1744  
22:20:27		-0.1778  -0.5188   1.3054  
22:20:27		 1.8185   0.4590   1.5867  
22:20:27		-0.3737  -0.3288  -1.7327  
22:20:27		 0.3022   1.0995   0.4479  
22:20:27		-0.3495  -0.8563   0.3923  
22:20:27		 1.1781   0.3286  -0.7525  
22:20:27	Alpha:
22:20:27		 0.0141  -1.6564  -0.7510  
22:20:27		 0.2769  -0.7993   0.3417  
22:20:27		 0.6080   0.8951   1.6791  
22:20:27		-1.3390  -0.0139   0.9843  
22:20:27		-2.3338  -0.0128  -0.6813  
22:20:27		-0.0412  -1.4170  -2.2211  
22:20:27		-0.3838   0.2406   2.3723  
22:20:27		 0.0607  -0.6870   0.2530  

------------------------------

22:20:53	Accuracy on test set with the parameters above: 0.83

