21:33:33	Optimizer: adam
21:33:33	Optimizer params: {'lr': 0.03}
21:33:33	DataSet: circle - nTrain: 500 - nValid: 0 - nTest: 3000
21:33:33	nLayers: 6 - nEpochs: 30 - batchSize: 20
21:33:33	Cost: weighted fidelity
21:33:33	Seed: None

------------------------------

21:33:38	epoch	loss	accuracy
21:33:47	    0	0.404	   0.384
21:35:44	    1	0.143	   0.828
21:37:40	    2	0.096	   0.924
21:39:36	    3	0.082	   0.926
21:41:32	    4	0.075	   0.958
21:43:29	    5	0.074	   0.918
21:45:30	    6	0.070	   0.928
21:47:27	    7	0.069	   0.942
21:49:24	    8	0.067	   0.934
21:51:20	    9	0.067	   0.940
21:53:17	   10	0.066	   0.968
21:55:18	   11	0.065	   0.950
21:57:14	   12	0.066	   0.960
21:59:10	   13	0.065	   0.940
22:01:07	   14	0.067	   0.930
22:03:04	   15	0.067	   0.944
22:05:05	   16	0.064	   0.958
22:07:02	   17	0.065	   0.960
22:08:59	   18	0.065	   0.964
22:10:55	   19	0.064	   0.952
22:12:51	   20	0.064	   0.960
22:14:53	   21	0.064	   0.958
22:16:51	   22	0.063	   0.958
22:18:49	   23	0.063	   0.952
22:20:46	   24	0.064	   0.950
22:22:43	   25	0.064	   0.966
22:24:45	   26	0.066	   0.958
22:26:42	   27	0.064	   0.940
22:28:38	   28	0.063	   0.960
22:30:35	   29	0.063	   0.956
22:32:33	   30	0.063	   0.962

------------------------------

22:32:38	Parameters at epoch 30:

22:32:38	Theta:
22:32:38		 0.5337   1.6820  -1.1527  
22:32:38		-3.0078  -1.2898   1.8323  
22:32:38		 1.7890  -0.6702  -0.3051  
22:32:38		-0.2049  -0.3922   0.3256  
22:32:38		 1.2792   0.8966   1.4815  
22:32:38		 0.2751  -0.2238   0.3128  
22:32:38	Alpha:
22:32:38		-1.5531   1.4578  
22:32:38		-0.4325   0.8848  
22:32:38		 0.7497   2.4192  
22:32:38		-1.2022  -1.3692  
22:32:38		-1.0371  -0.9556  
22:32:38		-0.7447   1.3813  
22:32:38	Class weight:
22:32:38		 1.0207   1.1951  

------------------------------

22:33:05	Accuracy on test set with the parameters above: 0.958

