05:49:34	Optimizer: adam
05:49:34	Optimizer params: {'lr': 0.02}
05:49:34	DataSet: non convex - nTrain: 500 - nValid: 0 - nTest: 3000
05:49:34	nLayers: 4 - nEpochs: 40 - batchSize: 32
05:49:34	Cost: fidelity
05:49:34	Seed: None

------------------------------

05:49:37	epoch	loss	accuracy
05:49:42	    0	0.449	   0.624
05:50:06	    1	0.292	   0.760
05:50:30	    2	0.277	   0.748
05:50:55	    3	0.275	   0.748
05:51:20	    4	0.274	   0.744
05:51:45	    5	0.273	   0.750
05:52:12	    6	0.273	   0.748
05:52:37	    7	0.272	   0.748
05:53:01	    8	0.271	   0.754
05:53:26	    9	0.271	   0.756
05:53:50	   10	0.271	   0.752
05:54:18	   11	0.271	   0.752
05:54:43	   12	0.270	   0.754
05:55:07	   13	0.270	   0.752
05:55:32	   14	0.270	   0.754
05:55:57	   15	0.269	   0.758
05:56:24	   16	0.269	   0.756
05:56:49	   17	0.269	   0.756
05:57:14	   18	0.269	   0.756
05:57:39	   19	0.268	   0.756
05:58:04	   20	0.268	   0.758
05:58:31	   21	0.268	   0.756
05:58:56	   22	0.268	   0.756
05:59:21	   23	0.268	   0.758
05:59:46	   24	0.267	   0.758
06:00:11	   25	0.267	   0.754
06:00:38	   26	0.267	   0.756
06:01:03	   27	0.267	   0.756
06:01:28	   28	0.266	   0.756
06:01:53	   29	0.266	   0.760
06:02:18	   30	0.266	   0.756
06:02:45	   31	0.266	   0.756
06:03:10	   32	0.265	   0.756
06:03:35	   33	0.265	   0.756
06:04:00	   34	0.265	   0.756
06:04:24	   35	0.264	   0.756
06:04:52	   36	0.264	   0.750
06:05:17	   37	0.263	   0.750
06:05:41	   38	0.263	   0.750
06:06:07	   39	0.263	   0.750
06:06:32	   40	0.262	   0.750

------------------------------

06:06:35	Parameters at epoch 40:

06:06:35	Theta:
06:06:35		 0.8395  -0.9446   0.6143  
06:06:35		 0.9353   0.8152  -0.4494  
06:06:35		-1.7604  -0.8068  -0.9382  
06:06:35		-0.5415   1.1084   0.2369  
06:06:35	Alpha:
06:06:35		-3.0516   0.7026  
06:06:35		-0.2523   0.6438  
06:06:35		 0.3323   2.0330  
06:06:35		 0.4485   1.9316  

------------------------------

06:06:50	Accuracy on test set with the parameters above: 0.7416666666666667

