23:34:03	Optimizer: adam
23:34:03	Optimizer params: {'lr': 0.03}
23:34:03	DataSet: three circles - nTrain: 500 - nValid: 0 - nTest: 3000
23:34:03	nLayers: 3 - nEpochs: 30 - batchSize: 15
23:34:03	Cost: weighted fidelity
23:34:03	Seed: None

------------------------------

23:34:10	epoch	loss	accuracy
23:34:23	    0	0.256	   0.348
23:35:56	    1	0.124	   0.638
23:37:30	    2	0.109	   0.664
23:39:03	    3	0.110	   0.646
23:40:38	    4	0.107	   0.662
23:42:15	    5	0.105	   0.630
23:43:57	    6	0.109	   0.664
23:45:33	    7	0.109	   0.660
23:47:10	    8	0.105	   0.666
23:48:46	    9	0.104	   0.674
23:50:23	   10	0.105	   0.700
23:52:07	   11	0.103	   0.632
23:53:43	   12	0.103	   0.666
23:55:19	   13	0.108	   0.628
23:56:55	   14	0.103	   0.658
23:58:29	   15	0.102	   0.670
00:00:09	   16	0.102	   0.696
00:01:44	   17	0.104	   0.632
00:03:18	   18	0.102	   0.658
00:04:51	   19	0.102	   0.692
00:06:26	   20	0.101	   0.666
00:08:06	   21	0.101	   0.668
00:09:39	   22	0.100	   0.682
00:11:13	   23	0.100	   0.734
00:12:48	   24	0.098	   0.700
00:14:21	   25	0.098	   0.710
00:16:01	   26	0.098	   0.700
00:17:35	   27	0.098	   0.720
00:19:08	   28	0.097	   0.734
00:20:42	   29	0.096	   0.734
00:22:17	   30	0.096	   0.760

------------------------------

00:22:24	Parameters at epoch 30:

00:22:24	Theta:
00:22:24		 0.2427   2.7245   0.9019  
00:22:24		 0.9344  -0.8018  -0.2963  
00:22:24		-1.2647  -0.4657   0.7704  
00:22:24	Alpha:
00:22:24		 1.4846   0.0852  
00:22:24		-1.8909   0.2838  
00:22:24		-1.4829  -0.4430  
00:22:24	Class weight:
00:22:24		 2.1261   0.5782   1.1173   1.1258  

------------------------------

00:22:59	Accuracy on test set with the parameters above: 0.7243333333333334

