23:05:54	Optimizer: adam
23:05:54	Optimizer params: {'lr': 0.03}
23:05:54	DataSet: sphere - nTrain: 500 - nValid: 0 - nTest: 3000
23:05:54	nLayers: 2 - nEpochs: 30 - batchSize: 32
23:05:54	Cost: weighted fidelity
23:05:54	Seed: None

------------------------------

23:05:55	epoch	loss	accuracy
23:06:00	    0	0.373	   0.518
23:06:26	    1	0.257	   0.538
23:06:51	    2	0.233	   0.632
23:07:17	    3	0.208	   0.684
23:07:43	    4	0.181	   0.736
23:08:09	    5	0.161	   0.774
23:08:36	    6	0.157	   0.784
23:09:02	    7	0.155	   0.784
23:09:28	    8	0.154	   0.786
23:09:54	    9	0.155	   0.800
23:10:19	   10	0.154	   0.780
23:10:47	   11	0.154	   0.784
23:11:13	   12	0.155	   0.798
23:11:38	   13	0.154	   0.782
23:12:04	   14	0.154	   0.784
23:12:30	   15	0.154	   0.796
23:12:58	   16	0.154	   0.782
23:13:23	   17	0.153	   0.780
23:13:49	   18	0.154	   0.780
23:14:15	   19	0.153	   0.778
23:14:40	   20	0.153	   0.778
23:15:08	   21	0.154	   0.788
23:15:34	   22	0.154	   0.778
23:16:00	   23	0.154	   0.788
23:16:26	   24	0.154	   0.784
23:16:51	   25	0.153	   0.782
23:17:19	   26	0.153	   0.784
23:17:45	   27	0.153	   0.786
23:18:11	   28	0.153	   0.784
23:18:36	   29	0.153	   0.786
23:19:02	   30	0.153	   0.784

------------------------------

23:19:05	Parameters at epoch 30:

23:19:05	Theta:
23:19:05		 0.0866   1.5492   0.1204  
23:19:05		-0.0304   1.5734  -0.2110  
23:19:05	Alpha:
23:19:05		 1.5229  -1.0721  -0.1066  
23:19:05		 2.1557  -1.1115  -0.1105  
23:19:05	Class weight:
23:19:05		 1.0144   1.1097  

------------------------------

23:19:16	Accuracy on test set with the parameters above: 0.7843333333333333

