22:10:25	Optimizer: adam
22:10:25	Optimizer params: {'lr': 0.03}
22:10:25	DataSet: sphere - nTrain: 500 - nValid: 0 - nTest: 3000
22:10:25	nLayers: 4 - nEpochs: 30 - batchSize: 32
22:10:25	Cost: weighted fidelity
22:10:25	Seed: None

------------------------------

22:10:28	epoch	loss	accuracy
22:10:35	    0	0.247	   0.618
22:11:37	    1	0.191	   0.724
22:12:39	    2	0.185	   0.732
22:13:40	    3	0.176	   0.746
22:14:42	    4	0.160	   0.776
22:15:44	    5	0.155	   0.770
22:16:50	    6	0.151	   0.788
22:17:53	    7	0.148	   0.796
22:18:54	    8	0.150	   0.786
22:19:57	    9	0.148	   0.794
22:20:59	   10	0.145	   0.806
22:22:05	   11	0.145	   0.802
22:23:09	   12	0.144	   0.804
22:24:11	   13	0.144	   0.792
22:25:13	   14	0.144	   0.796
22:26:15	   15	0.143	   0.796
22:27:20	   16	0.143	   0.786
22:28:23	   17	0.143	   0.796
22:29:27	   18	0.142	   0.790
22:30:30	   19	0.143	   0.804
22:31:32	   20	0.142	   0.788
22:32:37	   21	0.142	   0.790
22:33:39	   22	0.142	   0.800
22:34:42	   23	0.142	   0.790
22:35:45	   24	0.142	   0.798
22:36:46	   25	0.142	   0.802
22:37:49	   26	0.142	   0.788
22:38:50	   27	0.142	   0.784
22:39:54	   28	0.142	   0.798
22:40:57	   29	0.142	   0.794
22:42:00	   30	0.142	   0.794

------------------------------

22:42:03	Parameters at epoch 30:

22:42:03	Theta:
22:42:03		 0.3828   1.5812  -1.3141  
22:42:03		 0.0501   1.9103   0.1544  
22:42:03		 1.5483   1.1128  -1.7409  
22:42:03		 0.8928   0.1481   0.1540  
22:42:03	Alpha:
22:42:03		-0.3332   1.4593  -1.0859  
22:42:03		-0.0856   1.0185   0.1773  
22:42:03		 0.0194   0.6941   1.9033  
22:42:03		-0.2070  -0.7303   0.3519  
22:42:03	Class weight:
22:42:03		 1.0466   1.0390  

------------------------------

22:42:22	Accuracy on test set with the parameters above: 0.7843333333333333

