22:35:05	Optimizer: adam
22:35:05	Optimizer params: {'lr': 0.03}
22:35:05	DataSet: three circles - nTrain: 500 - nValid: 0 - nTest: 3000
22:35:05	nLayers: 8 - nEpochs: 30 - batchSize: 15
22:35:05	Cost: weighted fidelity
22:35:05	Seed: None

------------------------------

22:35:15	epoch	loss	accuracy
22:35:33	    0	0.367	   0.164
22:40:18	    1	0.144	   0.756
22:45:02	    2	0.127	   0.766
22:49:46	    3	0.122	   0.776
22:54:33	    4	0.123	   0.782
22:59:20	    5	0.119	   0.784
23:04:18	    6	0.110	   0.830
23:09:05	    7	0.110	   0.790
23:13:53	    8	0.107	   0.840
23:18:40	    9	0.109	   0.828
23:23:27	   10	0.103	   0.822
23:28:25	   11	0.105	   0.840
23:33:14	   12	0.105	   0.830
23:38:03	   13	0.099	   0.842
23:42:51	   14	0.099	   0.840
23:47:41	   15	0.098	   0.838
23:52:39	   16	0.099	   0.852
23:57:27	   17	0.106	   0.818
00:02:18	   18	0.100	   0.820
00:07:08	   19	0.100	   0.828
00:12:00	   20	0.098	   0.842
00:17:03	   21	0.098	   0.854
00:21:53	   22	0.097	   0.844
00:26:44	   23	0.097	   0.854
00:31:37	   24	0.101	   0.832
00:36:28	   25	0.100	   0.844
00:41:28	   26	0.096	   0.846
00:46:20	   27	0.095	   0.862
00:51:12	   28	0.096	   0.860
00:56:07	   29	0.095	   0.858
01:00:57	   30	0.095	   0.856

------------------------------

01:01:08	Parameters at epoch 30:

01:01:08	Theta:
01:01:08		 0.3727  -0.8486   1.2212  
01:01:08		-2.2714  -0.4412  -2.1034  
01:01:08		 0.1666   3.1359  -1.0021  
01:01:08		-0.1513   0.4429  -2.4911  
01:01:08		-1.6511  -0.1250  -0.7482  
01:01:08		-0.7301  -0.2350   1.2157  
01:01:08		 0.7305  -0.2083  -1.3341  
01:01:08		 0.0793  -0.7544   0.0670  
01:01:08	Alpha:
01:01:08		-0.1491   0.7137  
01:01:08		 0.3849  -0.6254  
01:01:08		-1.0060  -1.5946  
01:01:08		 2.9943   0.6787  
01:01:08		 1.8236   1.0689  
01:01:08		-1.2395  -0.5571  
01:01:08		-1.5028  -0.5075  
01:01:08		-1.0564   0.6494  
01:01:08	Class weight:
01:01:08		 0.9542   0.8721   0.7959   1.0178  

------------------------------

01:02:02	Accuracy on test set with the parameters above: 0.8486666666666667

