08:10:20	Optimizer: adam
08:10:20	Optimizer params: {'lr': 0.03}
08:10:20	DataSet: circle - nTrain: 500 - nValid: 0 - nTest: 3000
08:10:20	nLayers: 2 - nEpochs: 30 - batchSize: 20
08:10:20	Cost: fidelity
08:10:20	Seed: None

------------------------------

08:10:23	epoch	loss	accuracy
08:10:26	    0	0.506	   0.504
08:10:39	    1	0.432	   0.598
08:10:52	    2	0.327	   0.750
08:11:04	    3	0.300	   0.750
08:11:17	    4	0.296	   0.754
08:11:30	    5	0.296	   0.760
08:11:45	    6	0.295	   0.760
08:11:58	    7	0.295	   0.752
08:12:10	    8	0.296	   0.758
08:12:23	    9	0.295	   0.756
08:12:36	   10	0.295	   0.758
08:12:52	   11	0.295	   0.756
08:13:04	   12	0.295	   0.760
08:13:17	   13	0.296	   0.756
08:13:29	   14	0.296	   0.758
08:13:42	   15	0.297	   0.754
08:13:57	   16	0.296	   0.760
08:14:10	   17	0.296	   0.752
08:14:23	   18	0.295	   0.754
08:14:36	   19	0.295	   0.758
08:14:48	   20	0.296	   0.760
08:15:04	   21	0.296	   0.754
08:15:16	   22	0.295	   0.756
08:15:29	   23	0.295	   0.754
08:15:43	   24	0.295	   0.754
08:15:55	   25	0.295	   0.756
08:16:10	   26	0.296	   0.754
08:16:23	   27	0.296	   0.754
08:16:36	   28	0.295	   0.754
08:16:49	   29	0.295	   0.758
08:17:02	   30	0.295	   0.754

------------------------------

08:17:04	Parameters at epoch 30:

08:17:04	Theta:
08:17:04		-3.1416   2.5415  -0.0000  
08:17:04		 0.0000   0.6198  -0.5279  
08:17:04	Alpha:
08:17:04		-0.6423   0.6160  
08:17:04		-0.0000  -2.7276  

------------------------------

08:17:16	Accuracy on test set with the parameters above: 0.7263333333333334

