22:35:20	Optimizer: adam
22:35:20	Optimizer params: {'lr': 0.03}
22:35:20	DataSet: three circles - nTrain: 500 - nValid: 0 - nTest: 3000
22:35:20	nLayers: 8 - nEpochs: 30 - batchSize: 15
22:35:20	Cost: weighted fidelity
22:35:20	Seed: None

------------------------------

22:35:30	epoch	loss	accuracy
22:35:48	    0	0.275	   0.370
22:40:31	    1	0.108	   0.778
22:45:13	    2	0.090	   0.828
22:49:56	    3	0.088	   0.818
22:54:40	    4	0.088	   0.816
22:59:24	    5	0.085	   0.838
23:04:19	    6	0.083	   0.856
23:09:04	    7	0.084	   0.856
23:13:53	    8	0.080	   0.862
23:18:40	    9	0.079	   0.864
23:23:26	   10	0.086	   0.862
23:28:22	   11	0.079	   0.868
23:33:07	   12	0.077	   0.878
23:37:52	   13	0.077	   0.876
23:42:38	   14	0.078	   0.874
23:47:26	   15	0.079	   0.870
23:52:23	   16	0.077	   0.882
23:57:11	   17	0.075	   0.872
00:01:59	   18	0.075	   0.882
00:06:48	   19	0.074	   0.876
00:11:39	   20	0.075	   0.870
00:16:40	   21	0.074	   0.888
00:21:31	   22	0.074	   0.880
00:26:23	   23	0.073	   0.884
00:31:14	   24	0.072	   0.882
00:36:04	   25	0.072	   0.886
00:41:04	   26	0.071	   0.874
00:45:58	   27	0.070	   0.878
00:50:49	   28	0.068	   0.880
00:55:40	   29	0.068	   0.888
01:00:31	   30	0.066	   0.892

------------------------------

01:00:41	Parameters at epoch 30:

01:00:41	Theta:
01:00:41		 1.2090  -0.5196   0.2464  
01:00:41		 0.2174  -0.3045  -0.6049  
01:00:41		-1.3556   1.2348  -0.2232  
01:00:41		 0.6165  -2.0924   1.4582  
01:00:41		 0.2482  -1.7229   0.1713  
01:00:41		 0.0556  -0.0623   1.1028  
01:00:41		-0.4566   0.7240  -0.0106  
01:00:41		-1.8732  -1.4365  -0.6594  
01:00:41	Alpha:
01:00:41		-0.7499   0.5181  
01:00:41		 2.9477  -1.6592  
01:00:41		 2.7576   0.5651  
01:00:41		-0.0914   2.5704  
01:00:41		 1.4163  -3.0550  
01:00:41		 2.1271   0.5280  
01:00:41		 0.8010  -1.1832  
01:00:41		-0.6608  -1.6687  
01:00:41	Class weight:
01:00:41		 0.9423   0.7995   1.0316   1.0440  

------------------------------

01:01:34	Accuracy on test set with the parameters above: 0.855

