06:07:45	Optimizer: adam
06:07:45	Optimizer params: {'lr': 0.02}
06:07:45	DataSet: binary annulus - nTrain: 500 - nValid: 0 - nTest: 3000
06:07:45	nLayers: 6 - nEpochs: 40 - batchSize: 48
06:07:45	Cost: weighted fidelity
06:07:45	Seed: None

------------------------------

06:07:50	epoch	loss	accuracy
06:07:57	    0	0.350	   0.482
06:09:25	    1	0.268	   0.592
06:10:54	    2	0.234	   0.590
06:12:22	    3	0.217	   0.652
06:13:50	    4	0.202	   0.734
06:15:19	    5	0.187	   0.704
06:16:52	    6	0.173	   0.714
06:18:20	    7	0.167	   0.720
06:19:49	    8	0.163	   0.754
06:21:18	    9	0.159	   0.750
06:22:46	   10	0.156	   0.768
06:24:19	   11	0.153	   0.780
06:25:47	   12	0.151	   0.774
06:27:16	   13	0.150	   0.788
06:28:45	   14	0.147	   0.786
06:30:14	   15	0.146	   0.790
06:31:47	   16	0.144	   0.802
06:33:15	   17	0.141	   0.804
06:34:44	   18	0.141	   0.806
06:36:13	   19	0.138	   0.812
06:37:42	   20	0.137	   0.808
06:39:15	   21	0.134	   0.814
06:40:44	   22	0.132	   0.818
06:42:13	   23	0.131	   0.818
06:43:42	   24	0.129	   0.818
06:45:11	   25	0.127	   0.828
06:46:44	   26	0.125	   0.836
06:48:14	   27	0.123	   0.820
06:49:43	   28	0.121	   0.842
06:51:12	   29	0.120	   0.848
06:52:41	   30	0.118	   0.838
06:54:14	   31	0.117	   0.844
06:55:44	   32	0.116	   0.840
06:57:13	   33	0.115	   0.846
06:58:42	   34	0.114	   0.846
07:00:11	   35	0.113	   0.852
07:01:45	   36	0.113	   0.852
07:03:14	   37	0.112	   0.856
07:04:43	   38	0.111	   0.860
07:06:13	   39	0.111	   0.856
07:07:43	   40	0.110	   0.856

------------------------------

07:07:47	Parameters at epoch 40:

07:07:47	Theta:
07:07:47		-1.8370   1.6922  -1.1169  
07:07:47		-1.7388   0.3430  -1.6120  
07:07:47		-0.4232   2.6297  -0.1647  
07:07:47		-1.8048  -0.9069  -1.4289  
07:07:47		-0.7475   0.6546  -2.0607  
07:07:47		-0.7812   0.7522  -0.4943  
07:07:47	Alpha:
07:07:47		 0.9445   1.7260  
07:07:47		-0.7722   1.1999  
07:07:47		-1.4100  -0.2163  
07:07:47		 1.8520  -0.7791  
07:07:47		 0.4220  -2.4267  
07:07:47		-1.9240  -3.0814  
07:07:47	Class weight:
07:07:47		 1.2381   0.9600  

------------------------------

07:08:07	Accuracy on test set with the parameters above: 0.85

