22:36:44	Optimizer: adam
22:36:44	Optimizer params: {'lr': 0.03}
22:36:44	DataSet: three circles - nTrain: 500 - nValid: 0 - nTest: 3000
22:36:44	nLayers: 8 - nEpochs: 30 - batchSize: 15
22:36:44	Cost: fidelity
22:36:44	Seed: None

------------------------------

22:36:54	epoch	loss	accuracy
22:37:05	    0	0.543	   0.266
22:38:21	    1	0.268	   0.580
22:39:36	    2	0.221	   0.656
22:40:52	    3	0.209	   0.714
22:42:07	    4	0.191	   0.750
22:43:22	    5	0.160	   0.766
22:44:47	    6	0.134	   0.812
22:46:02	    7	0.123	   0.844
22:47:18	    8	0.115	   0.854
22:48:34	    9	0.110	   0.848
22:49:49	   10	0.111	   0.850
22:51:14	   11	0.106	   0.862
22:52:30	   12	0.103	   0.862
22:53:46	   13	0.104	   0.854
22:55:02	   14	0.110	   0.850
22:56:18	   15	0.104	   0.866
22:57:44	   16	0.099	   0.878
22:59:01	   17	0.098	   0.886
23:00:17	   18	0.095	   0.894
23:01:32	   19	0.093	   0.882
23:02:48	   20	0.095	   0.886
23:04:14	   21	0.089	   0.906
23:05:30	   22	0.087	   0.908
23:06:46	   23	0.086	   0.888
23:08:02	   24	0.082	   0.914
23:09:19	   25	0.081	   0.922
23:10:45	   26	0.079	   0.928
23:12:00	   27	0.077	   0.930
23:13:17	   28	0.076	   0.934
23:14:32	   29	0.076	   0.934
23:15:48	   30	0.075	   0.940

------------------------------

23:15:58	Parameters at epoch 30:

23:15:58	Theta:
23:15:58		-0.9793   1.6244   1.2331  
23:15:58		-0.0856  -1.1518   2.4103  
23:15:58		-0.2338  -0.6754   0.4755  
23:15:58		 1.9496  -1.3752   1.3231  
23:15:58		 0.6310  -0.3369   1.3120  
23:15:58		 1.6255   1.8313   1.9843  
23:15:58		 0.2333  -0.7407   2.7877  
23:15:58		 1.7437  -2.4241   0.1047  
23:15:58	Alpha:
23:15:58		-1.1354  -1.8052  
23:15:58		 2.0012   1.3875  
23:15:58		-3.1182  -2.1948  
23:15:58		 1.8447   1.5213  
23:15:58		-1.5218  -0.2988  
23:15:58		-0.1035   1.4859  
23:15:58		-1.5559  -0.3274  
23:15:58		-2.3586   0.1425  

------------------------------

23:16:49	Accuracy on test set with the parameters above: 0.9016666666666666

