07:11:07	Optimizer: adam
07:11:07	Optimizer params: {'lr': 0.02}
07:11:07	DataSet: binary annulus - nTrain: 500 - nValid: 0 - nTest: 3000
07:11:07	nLayers: 2 - nEpochs: 40 - batchSize: 48
07:11:07	Cost: weighted fidelity
07:11:07	Seed: None

------------------------------

07:11:09	epoch	loss	accuracy
07:11:14	    0	0.261	   0.570
07:11:33	    1	0.243	   0.498
07:11:53	    2	0.237	   0.658
07:12:12	    3	0.235	   0.660
07:12:32	    4	0.234	   0.626
07:12:52	    5	0.233	   0.642
07:13:16	    6	0.233	   0.628
07:13:37	    7	0.233	   0.612
07:13:58	    8	0.233	   0.638
07:14:17	    9	0.233	   0.622
07:14:38	   10	0.232	   0.638
07:15:02	   11	0.232	   0.630
07:15:25	   12	0.232	   0.624
07:15:45	   13	0.233	   0.630
07:16:05	   14	0.232	   0.634
07:16:24	   15	0.232	   0.626
07:16:46	   16	0.232	   0.632
07:17:06	   17	0.232	   0.640
07:17:26	   18	0.232	   0.620
07:17:46	   19	0.232	   0.630
07:18:07	   20	0.232	   0.638
07:18:31	   21	0.232	   0.614
07:18:53	   22	0.232	   0.628
07:19:13	   23	0.232	   0.642
07:19:32	   24	0.232	   0.624
07:19:53	   25	0.232	   0.628
07:20:17	   26	0.232	   0.628
07:20:39	   27	0.232	   0.630
07:20:58	   28	0.232	   0.636
07:21:18	   29	0.232	   0.626
07:21:39	   30	0.232	   0.634
07:22:02	   31	0.232	   0.626
07:22:23	   32	0.232	   0.626
07:22:43	   33	0.232	   0.632
07:23:02	   34	0.232	   0.628
07:23:22	   35	0.232	   0.630
07:23:44	   36	0.232	   0.622
07:24:04	   37	0.232	   0.632
07:24:24	   38	0.232	   0.624
07:24:43	   39	0.232	   0.626
07:25:03	   40	0.232	   0.618

------------------------------

07:25:05	Parameters at epoch 40:

07:25:05	Theta:
07:25:05		-1.9105  -1.4302   0.7667  
07:25:05		-0.0618  -0.9187  -0.8861  
07:25:05	Alpha:
07:25:05		 0.3806   1.1659  
07:25:05		 0.0158  -0.7097  
07:25:05	Class weight:
07:25:05		 1.2073   0.8773  

------------------------------

07:25:15	Accuracy on test set with the parameters above: 0.6263333333333333

