01:32:15	Optimizer: adam
01:32:15	Optimizer params: {'lr': 0.03}
01:32:15	DataSet: wavy lines - nTrain: 500 - nValid: 0 - nTest: 3000
01:32:15	nLayers: 4 - nEpochs: 30 - batchSize: 32
01:32:15	Cost: fidelity
01:32:15	Seed: None

------------------------------

01:32:24	epoch	loss	accuracy
01:32:32	    0	0.532	   0.294
01:33:03	    1	0.273	   0.560
01:33:35	    2	0.138	   0.818
01:34:08	    3	0.109	   0.892
01:34:39	    4	0.107	   0.898
01:35:11	    5	0.105	   0.896
01:35:49	    6	0.103	   0.900
01:36:20	    7	0.103	   0.900
01:36:52	    8	0.103	   0.904
01:37:24	    9	0.101	   0.902
01:37:55	   10	0.101	   0.904
01:38:34	   11	0.102	   0.894
01:39:05	   12	0.100	   0.896
01:39:36	   13	0.101	   0.900
01:40:07	   14	0.100	   0.894
01:40:39	   15	0.099	   0.908
01:41:17	   16	0.100	   0.900
01:41:48	   17	0.098	   0.908
01:42:20	   18	0.098	   0.910
01:42:51	   19	0.097	   0.910
01:43:23	   20	0.097	   0.912
01:44:01	   21	0.096	   0.914
01:44:32	   22	0.096	   0.906
01:45:03	   23	0.096	   0.908
01:45:35	   24	0.096	   0.906
01:46:06	   25	0.095	   0.912
01:46:44	   26	0.095	   0.906
01:47:15	   27	0.095	   0.896
01:47:47	   28	0.095	   0.910
01:48:19	   29	0.094	   0.896
01:48:50	   30	0.094	   0.902

------------------------------

01:48:57	Parameters at epoch 30:

01:48:57	Theta:
01:48:57		 0.2318  -1.3797   0.0947  
01:48:57		 1.0152   0.3761  -0.1922  
01:48:57		 0.2810   0.8488  -1.5954  
01:48:57		 2.8568  -0.0803  -1.5957  
01:48:57	Alpha:
01:48:57		-2.3430   1.4868  
01:48:57		 3.5175   1.2676  
01:48:57		-0.7961  -0.3100  
01:48:57		-0.5967  -1.6283  

------------------------------

01:49:32	Accuracy on test set with the parameters above: 0.893

