01:39:35	Optimizer: adam
01:39:35	Optimizer params: {'lr': 0.03}
01:39:35	DataSet: wavy lines - nTrain: 500 - nValid: 0 - nTest: 3000
01:39:35	nLayers: 4 - nEpochs: 30 - batchSize: 32
01:39:35	Cost: fidelity
01:39:35	Seed: None

------------------------------

01:39:42	epoch	loss	accuracy
01:39:49	    0	0.441	   0.358
01:40:17	    1	0.202	   0.644
01:40:45	    2	0.157	   0.786
01:41:13	    3	0.141	   0.824
01:41:41	    4	0.138	   0.824
01:42:10	    5	0.133	   0.834
01:42:43	    6	0.131	   0.836
01:43:12	    7	0.130	   0.842
01:43:40	    8	0.129	   0.842
01:44:08	    9	0.130	   0.858
01:44:36	   10	0.126	   0.856
01:45:11	   11	0.126	   0.866
01:45:40	   12	0.124	   0.878
01:46:09	   13	0.124	   0.876
01:46:37	   14	0.123	   0.880
01:47:05	   15	0.122	   0.886
01:47:39	   16	0.122	   0.878
01:48:07	   17	0.122	   0.886
01:48:36	   18	0.121	   0.890
01:49:04	   19	0.121	   0.890
01:49:32	   20	0.121	   0.894
01:50:06	   21	0.121	   0.888
01:50:35	   22	0.120	   0.896
01:51:04	   23	0.120	   0.886
01:51:33	   24	0.120	   0.908
01:52:01	   25	0.120	   0.894
01:52:35	   26	0.120	   0.890
01:53:03	   27	0.120	   0.892
01:53:32	   28	0.119	   0.900
01:54:00	   29	0.119	   0.906
01:54:28	   30	0.119	   0.900

------------------------------

01:54:34	Parameters at epoch 30:

01:54:34	Theta:
01:54:34		-0.1978  -0.7335  -1.9165  
01:54:34		 0.7761   0.2464  -1.3025  
01:54:34		-0.1139   1.1951  -0.7425  
01:54:34		-1.9356   1.1007   0.5500  
01:54:34	Alpha:
01:54:34		 0.7046  -0.2348  
01:54:34		-1.5404  -0.7548  
01:54:34		 0.1099  -0.5814  
01:54:34		 2.9478  -0.4034  

------------------------------

01:55:06	Accuracy on test set with the parameters above: 0.888

