00:19:03	Optimizer: adam
00:19:03	Optimizer params: {'lr': 0.03}
00:19:03	DataSet: wavy lines - nTrain: 500 - nValid: 0 - nTest: 3000
00:19:03	nLayers: 8 - nEpochs: 30 - batchSize: 32
00:19:03	Cost: weighted fidelity
00:19:03	Seed: None

------------------------------

00:19:13	epoch	loss	accuracy
00:19:31	    0	0.307	   0.280
00:24:13	    1	0.151	   0.626
00:28:58	    2	0.117	   0.796
00:33:41	    3	0.095	   0.830
00:38:25	    4	0.093	   0.806
00:43:09	    5	0.093	   0.822
00:48:02	    6	0.090	   0.814
00:52:46	    7	0.089	   0.840
00:57:30	    8	0.082	   0.852
01:02:12	    9	0.084	   0.852
01:06:55	   10	0.079	   0.850
01:11:47	   11	0.079	   0.870
01:16:30	   12	0.075	   0.908
01:21:12	   13	0.074	   0.920
01:25:54	   14	0.075	   0.910
01:30:36	   15	0.072	   0.904
01:35:28	   16	0.070	   0.926
01:40:11	   17	0.072	   0.886
01:44:55	   18	0.072	   0.908
01:49:37	   19	0.068	   0.922
01:54:20	   20	0.067	   0.912
01:59:13	   21	0.067	   0.930
02:03:55	   22	0.067	   0.908
02:08:38	   23	0.067	   0.914
02:13:21	   24	0.067	   0.910
02:18:05	   25	0.066	   0.902
02:23:00	   26	0.065	   0.922
02:27:45	   27	0.064	   0.932
02:32:30	   28	0.064	   0.922
02:37:19	   29	0.065	   0.916
02:42:06	   30	0.066	   0.922

------------------------------

02:42:16	Parameters at epoch 30:

02:42:16	Theta:
02:42:16		-0.3104   0.4580  -0.4073  
02:42:16		-1.1367  -0.9477  -0.5896  
02:42:16		-0.2928  -0.7094   0.1485  
02:42:16		 1.5514  -2.6410  -1.1128  
02:42:16		-1.3073   2.0799  -2.1799  
02:42:16		-0.0641   0.4523   0.3619  
02:42:16		 0.9006  -0.4764  -0.3553  
02:42:16		 0.6870   0.4129  -2.5607  
02:42:16	Alpha:
02:42:16		-1.0866  -1.4195  
02:42:16		 1.1238   0.0543  
02:42:16		-1.5382  -2.8262  
02:42:16		 1.8313   2.1496  
02:42:16		-1.6800  -0.3309  
02:42:16		 0.2090   0.1906  
02:42:16		-0.9464   0.2361  
02:42:16		-0.0587  -0.1744  
02:42:16	Class weight:
02:42:16		 0.9825   0.9941   0.8816   0.9367  

------------------------------

02:43:09	Accuracy on test set with the parameters above: 0.9163333333333333

