06:11:12	Optimizer: adam
06:11:12	Optimizer params: {'lr': 0.02}
06:11:12	DataSet: binary annulus - nTrain: 500 - nValid: 0 - nTest: 3000
06:11:12	nLayers: 8 - nEpochs: 40 - batchSize: 48
06:11:12	Cost: fidelity
06:11:12	Seed: None

------------------------------

06:11:18	epoch	loss	accuracy
06:11:25	    0	0.507	   0.478
06:12:38	    1	0.423	   0.612
06:13:50	    2	0.390	   0.642
06:15:03	    3	0.383	   0.672
06:16:15	    4	0.375	   0.684
06:17:29	    5	0.367	   0.688
06:18:47	    6	0.362	   0.710
06:19:59	    7	0.357	   0.710
06:21:12	    8	0.351	   0.690
06:22:26	    9	0.347	   0.714
06:23:39	   10	0.343	   0.728
06:24:56	   11	0.337	   0.714
06:26:09	   12	0.330	   0.748
06:27:23	   13	0.319	   0.766
06:28:36	   14	0.302	   0.780
06:29:50	   15	0.279	   0.816
06:31:10	   16	0.255	   0.870
06:32:24	   17	0.239	   0.888
06:33:40	   18	0.231	   0.874
06:34:54	   19	0.227	   0.882
06:36:06	   20	0.225	   0.890
06:37:24	   21	0.224	   0.904
06:38:38	   22	0.222	   0.894
06:39:51	   23	0.221	   0.876
06:41:05	   24	0.220	   0.898
06:42:17	   25	0.219	   0.890
06:43:37	   26	0.219	   0.888
06:44:50	   27	0.218	   0.888
06:46:04	   28	0.218	   0.888
06:47:17	   29	0.218	   0.902
06:48:30	   30	0.217	   0.892
06:49:49	   31	0.217	   0.882
06:51:02	   32	0.217	   0.908
06:52:16	   33	0.216	   0.894
06:53:29	   34	0.217	   0.890
06:54:43	   35	0.217	   0.908
06:56:01	   36	0.217	   0.890
06:57:13	   37	0.216	   0.888
06:58:27	   38	0.216	   0.896
06:59:41	   39	0.216	   0.894
07:00:55	   40	0.216	   0.890

------------------------------

07:01:00	Parameters at epoch 40:

07:01:00	Theta:
07:01:00		-2.9041  -1.5053   0.5319  
07:01:00		 0.7592   0.1047   0.8219  
07:01:00		 0.7882   0.1710   0.5183  
07:01:00		 0.6702   0.0490   2.2729  
07:01:00		-0.3031   0.2806  -0.3202  
07:01:00		-1.1151   0.0213  -1.4676  
07:01:00		-0.4775  -1.4304   0.1088  
07:01:00		-1.6144   0.4234   0.3598  
07:01:00	Alpha:
07:01:00		 1.3308   0.7550  
07:01:00		 1.3877  -0.9372  
07:01:00		 0.6823   0.8545  
07:01:00		 0.1983   0.9874  
07:01:00		 1.5760  -1.4268  
07:01:00		 0.2833  -0.2578  
07:01:00		 1.5042   0.4143  
07:01:00		-0.4286   0.5055  

------------------------------

07:01:27	Accuracy on test set with the parameters above: 0.9013333333333333

