01:34:00	Optimizer: adam
01:34:00	Optimizer params: {'lr': 0.03}
01:34:00	DataSet: wavy lines - nTrain: 500 - nValid: 0 - nTest: 3000
01:34:00	nLayers: 4 - nEpochs: 30 - batchSize: 32
01:34:00	Cost: fidelity
01:34:00	Seed: None

------------------------------

01:34:09	epoch	loss	accuracy
01:34:18	    0	0.434	   0.352
01:34:56	    1	0.172	   0.730
01:35:34	    2	0.157	   0.784
01:36:12	    3	0.147	   0.822
01:36:51	    4	0.140	   0.832
01:37:29	    5	0.134	   0.844
01:38:15	    6	0.127	   0.876
01:38:54	    7	0.124	   0.878
01:39:33	    8	0.123	   0.880
01:40:11	    9	0.123	   0.876
01:40:50	   10	0.125	   0.874
01:41:36	   11	0.123	   0.876
01:42:15	   12	0.124	   0.868
01:42:54	   13	0.123	   0.854
01:43:33	   14	0.123	   0.864
01:44:11	   15	0.122	   0.872
01:44:57	   16	0.122	   0.870
01:45:36	   17	0.122	   0.860
01:46:15	   18	0.122	   0.870
01:46:54	   19	0.122	   0.874
01:47:33	   20	0.122	   0.868
01:48:19	   21	0.122	   0.860
01:48:57	   22	0.121	   0.870
01:49:36	   23	0.122	   0.854
01:50:15	   24	0.121	   0.872
01:50:54	   25	0.121	   0.868
01:51:40	   26	0.121	   0.860
01:52:19	   27	0.121	   0.868
01:52:58	   28	0.121	   0.868
01:53:36	   29	0.121	   0.868
01:54:15	   30	0.121	   0.862

------------------------------

01:54:22	Parameters at epoch 30:

01:54:22	Theta:
01:54:22		 0.1394   0.4373  -0.1394  
01:54:22		 2.0918  -0.1175  -0.0945  
01:54:22		 0.4490  -1.2159   0.1715  
01:54:22		 0.7162   0.9955   0.2737  
01:54:22	Alpha:
01:54:22		-0.9605  -1.5272  
01:54:22		 0.3129   0.5059  
01:54:22		-0.1629   0.1653  
01:54:22		 2.2350   0.2881  

------------------------------

01:55:03	Accuracy on test set with the parameters above: 0.8583333333333333

