23:35:23	Optimizer: adam
23:35:23	Optimizer params: {'lr': 0.03}
23:35:23	DataSet: three circles - nTrain: 500 - nValid: 0 - nTest: 3000
23:35:23	nLayers: 4 - nEpochs: 30 - batchSize: 15
23:35:23	Cost: fidelity
23:35:23	Seed: None

------------------------------

23:35:31	epoch	loss	accuracy
23:35:38	    0	0.552	   0.216
23:36:08	    1	0.394	   0.396
23:36:37	    2	0.323	   0.548
23:37:07	    3	0.303	   0.594
23:37:36	    4	0.239	   0.674
23:38:06	    5	0.193	   0.780
23:38:41	    6	0.183	   0.794
23:39:11	    7	0.177	   0.808
23:39:41	    8	0.175	   0.808
23:40:11	    9	0.173	   0.828
23:40:41	   10	0.171	   0.838
23:41:16	   11	0.169	   0.826
23:41:46	   12	0.169	   0.834
23:42:16	   13	0.167	   0.832
23:42:45	   14	0.167	   0.836
23:43:15	   15	0.167	   0.826
23:43:50	   16	0.167	   0.832
23:44:20	   17	0.166	   0.846
23:44:50	   18	0.166	   0.844
23:45:19	   19	0.165	   0.836
23:45:49	   20	0.164	   0.834
23:46:25	   21	0.164	   0.842
23:46:54	   22	0.163	   0.838
23:47:24	   23	0.164	   0.840
23:47:54	   24	0.163	   0.840
23:48:23	   25	0.162	   0.834
23:49:00	   26	0.161	   0.844
23:49:29	   27	0.161	   0.840
23:49:59	   28	0.160	   0.840
23:50:29	   29	0.159	   0.842
23:50:59	   30	0.158	   0.838

------------------------------

23:51:05	Parameters at epoch 30:

23:51:05	Theta:
23:51:05		 1.8072  -0.1881   2.0179  
23:51:05		 0.4870   1.5019   0.2161  
23:51:05		-0.1375   0.2562  -1.0605  
23:51:05		 0.5861   1.1729  -0.6166  
23:51:05	Alpha:
23:51:05		 0.1456  -0.8947  
23:51:05		-1.2178  -0.4237  
23:51:05		-1.8263  -2.3214  
23:51:05		 0.7788  -1.2869  

------------------------------

23:51:38	Accuracy on test set with the parameters above: 0.8316666666666667

