22:42:47	Optimizer: adam
22:42:47	Optimizer params: {'lr': 0.03}
22:42:47	DataSet: three circles - nTrain: 500 - nValid: 0 - nTest: 3000
22:42:47	nLayers: 4 - nEpochs: 30 - batchSize: 15
22:42:47	Cost: weighted fidelity
22:42:47	Seed: None

------------------------------

22:42:53	epoch	loss	accuracy
22:43:06	    0	0.456	   0.062
22:44:45	    1	0.134	   0.716
22:46:26	    2	0.092	   0.776
22:48:05	    3	0.087	   0.768
22:49:46	    4	0.089	   0.734
22:51:27	    5	0.081	   0.784
22:53:14	    6	0.078	   0.814
22:54:54	    7	0.081	   0.798
22:56:34	    8	0.075	   0.794
22:58:15	    9	0.078	   0.792
22:59:55	   10	0.074	   0.824
23:01:42	   11	0.077	   0.828
23:03:23	   12	0.075	   0.830
23:05:04	   13	0.073	   0.830
23:06:44	   14	0.073	   0.818
23:08:26	   15	0.072	   0.802
23:10:14	   16	0.071	   0.834
23:11:55	   17	0.071	   0.828
23:13:36	   18	0.070	   0.824
23:15:17	   19	0.071	   0.814
23:16:58	   20	0.070	   0.832
23:18:45	   21	0.070	   0.810
23:20:27	   22	0.075	   0.790
23:22:08	   23	0.069	   0.810
23:23:50	   24	0.068	   0.830
23:25:31	   25	0.067	   0.832
23:27:18	   26	0.068	   0.802
23:29:00	   27	0.067	   0.828
23:30:42	   28	0.067	   0.834
23:32:22	   29	0.068	   0.814
23:34:03	   30	0.067	   0.866

------------------------------

23:34:10	Parameters at epoch 30:

23:34:10	Theta:
23:34:10		 1.4283  -1.7454   1.2323  
23:34:10		 0.0681  -0.4839   1.1093  
23:34:10		 1.3376   0.7980  -0.3445  
23:34:10		-0.6892   3.6093   1.0473  
23:34:10	Alpha:
23:34:10		 0.3043   0.6399  
23:34:10		 1.0239  -0.8982  
23:34:10		 0.3770   1.0406  
23:34:10		-1.0436  -1.3842  
23:34:10	Class weight:
23:34:10		 0.5815   1.1635   1.7132   1.1669  

------------------------------

23:34:43	Accuracy on test set with the parameters above: 0.865

