21:34:19	Optimizer: adam
21:34:19	Optimizer params: {'lr': 0.03}
21:34:19	DataSet: circle - nTrain: 500 - nValid: 0 - nTest: 3000
21:34:19	nLayers: 8 - nEpochs: 30 - batchSize: 20
21:34:19	Cost: fidelity
21:34:19	Seed: None

------------------------------

21:34:26	epoch	loss	accuracy
21:34:35	    0	0.465	   0.542
21:36:07	    1	0.285	   0.846
21:37:40	    2	0.232	   0.890
21:39:12	    3	0.211	   0.956
21:40:45	    4	0.204	   0.944
21:42:18	    5	0.196	   0.948
21:43:57	    6	0.189	   0.936
21:45:30	    7	0.197	   0.940
21:47:04	    8	0.182	   0.946
21:48:38	    9	0.183	   0.924
21:50:10	   10	0.181	   0.934
21:51:50	   11	0.181	   0.950
21:53:25	   12	0.179	   0.946
21:54:58	   13	0.187	   0.930
21:56:31	   14	0.184	   0.926
21:58:05	   15	0.177	   0.960
21:59:45	   16	0.180	   0.950
22:01:18	   17	0.175	   0.960
22:02:52	   18	0.174	   0.964
22:04:24	   19	0.173	   0.958
22:05:58	   20	0.172	   0.958
22:07:38	   21	0.169	   0.960
22:09:13	   22	0.170	   0.952
22:10:47	   23	0.168	   0.962
22:12:21	   24	0.167	   0.950
22:13:55	   25	0.166	   0.954
22:15:35	   26	0.165	   0.950
22:17:09	   27	0.164	   0.950
22:18:42	   28	0.164	   0.954
22:20:16	   29	0.164	   0.946
22:21:49	   30	0.163	   0.954

------------------------------

22:21:55	Parameters at epoch 30:

22:21:55	Theta:
22:21:55		 0.6009   1.6698   1.3045  
22:21:55		-0.2565  -1.9533  -0.2090  
22:21:55		-1.3006  -1.2756   0.4286  
22:21:55		-0.4626  -2.0254  -1.7058  
22:21:55		 0.0303   0.3649  -0.1416  
22:21:55		-0.8020   0.3517  -1.3293  
22:21:55		-1.2410   1.0396   0.2557  
22:21:55		-0.9624  -0.8090  -1.1481  
22:21:55	Alpha:
22:21:55		 0.6266   2.3825  
22:21:55		 0.4536  -3.8568  
22:21:55		-2.2628  -1.0255  
22:21:55		-3.2840   0.0338  
22:21:55		 2.1608   1.8107  
22:21:55		 0.0476  -0.2238  
22:21:55		 0.6123  -0.2054  
22:21:55		 1.1264   1.0376  

------------------------------

22:22:28	Accuracy on test set with the parameters above: 0.936

