06:13:31	Optimizer: adam
06:13:31	Optimizer params: {'lr': 0.02}
06:13:31	DataSet: binary annulus - nTrain: 500 - nValid: 0 - nTest: 3000
06:13:31	nLayers: 6 - nEpochs: 40 - batchSize: 48
06:13:31	Cost: fidelity
06:13:31	Seed: None

------------------------------

06:13:36	epoch	loss	accuracy
06:13:41	    0	0.492	   0.474
06:14:23	    1	0.463	   0.540
06:15:06	    2	0.426	   0.672
06:15:49	    3	0.406	   0.666
06:16:32	    4	0.380	   0.692
06:17:15	    5	0.358	   0.726
06:18:02	    6	0.349	   0.732
06:18:44	    7	0.345	   0.730
06:19:26	    8	0.342	   0.722
06:20:10	    9	0.339	   0.718
06:20:53	   10	0.337	   0.736
06:21:39	   11	0.335	   0.734
06:22:22	   12	0.332	   0.732
06:23:04	   13	0.329	   0.736
06:23:46	   14	0.326	   0.732
06:24:29	   15	0.322	   0.738
06:25:16	   16	0.317	   0.754
06:25:58	   17	0.312	   0.778
06:26:41	   18	0.306	   0.780
06:27:24	   19	0.299	   0.786
06:28:07	   20	0.292	   0.800
06:28:53	   21	0.286	   0.800
06:29:36	   22	0.280	   0.802
06:30:18	   23	0.275	   0.804
06:31:01	   24	0.271	   0.812
06:31:43	   25	0.267	   0.812
06:32:30	   26	0.264	   0.818
06:33:13	   27	0.261	   0.828
06:33:56	   28	0.258	   0.822
06:34:39	   29	0.255	   0.822
06:35:21	   30	0.253	   0.824
06:36:08	   31	0.251	   0.830
06:36:51	   32	0.249	   0.840
06:37:34	   33	0.248	   0.828
06:38:17	   34	0.246	   0.842
06:38:59	   35	0.245	   0.856
06:39:46	   36	0.244	   0.854
06:40:29	   37	0.243	   0.852
06:41:11	   38	0.242	   0.858
06:41:54	   39	0.242	   0.864
06:42:37	   40	0.241	   0.868

------------------------------

06:42:41	Parameters at epoch 40:

06:42:41	Theta:
06:42:41		-0.1992   1.6954   0.0967  
06:42:41		 0.0453   1.6412  -0.9532  
06:42:41		 0.2020   1.6603   0.6623  
06:42:41		 0.2034  -0.5045  -1.9515  
06:42:41		 0.3800   2.2676   1.3023  
06:42:41		 0.1489   0.8797  -0.6206  
06:42:41	Alpha:
06:42:41		-1.6467  -0.4161  
06:42:41		 1.3968  -0.1944  
06:42:41		 0.4214  -1.5885  
06:42:41		-2.4554  -1.1623  
06:42:41		-1.2993   1.0065  
06:42:41		 1.2239   2.0082  

------------------------------

06:43:00	Accuracy on test set with the parameters above: 0.847

