07:13:47	Optimizer: adam
07:13:47	Optimizer params: {'lr': 0.02}
07:13:47	DataSet: binary annulus - nTrain: 500 - nValid: 0 - nTest: 3000
07:13:47	nLayers: 3 - nEpochs: 40 - batchSize: 48
07:13:47	Cost: fidelity
07:13:47	Seed: None

------------------------------

07:13:50	epoch	loss	accuracy
07:13:54	    0	0.503	   0.456
07:14:13	    1	0.481	   0.514
07:14:33	    2	0.459	   0.554
07:14:52	    3	0.441	   0.586
07:15:11	    4	0.427	   0.636
07:15:31	    5	0.418	   0.668
07:15:53	    6	0.414	   0.680
07:16:13	    7	0.411	   0.692
07:16:32	    8	0.410	   0.692
07:16:51	    9	0.409	   0.678
07:17:11	   10	0.409	   0.670
07:17:33	   11	0.408	   0.664
07:17:53	   12	0.407	   0.652
07:18:12	   13	0.407	   0.648
07:18:32	   14	0.407	   0.646
07:18:51	   15	0.406	   0.648
07:19:13	   16	0.406	   0.650
07:19:33	   17	0.406	   0.636
07:19:52	   18	0.406	   0.640
07:20:12	   19	0.405	   0.640
07:20:31	   20	0.405	   0.644
07:20:53	   21	0.405	   0.644
07:21:13	   22	0.405	   0.642
07:21:32	   23	0.405	   0.638
07:21:52	   24	0.405	   0.636
07:22:11	   25	0.405	   0.638
07:22:34	   26	0.405	   0.640
07:22:53	   27	0.405	   0.634
07:23:12	   28	0.405	   0.640
07:23:32	   29	0.404	   0.640
07:23:52	   30	0.404	   0.640
07:24:14	   31	0.404	   0.634
07:24:34	   32	0.404	   0.640
07:24:54	   33	0.404	   0.642
07:25:13	   34	0.404	   0.636
07:25:32	   35	0.404	   0.640
07:25:54	   36	0.404	   0.634
07:26:14	   37	0.404	   0.642
07:26:33	   38	0.404	   0.640
07:26:53	   39	0.404	   0.632
07:27:12	   40	0.404	   0.632

------------------------------

07:27:15	Parameters at epoch 40:

07:27:15	Theta:
07:27:15		 0.7193  -0.6195   0.2547  
07:27:15		-0.2099  -0.9534  -0.6395  
07:27:15		 0.6684  -1.5528  -0.3000  
07:27:15	Alpha:
07:27:15		-0.0600   0.3426  
07:27:15		-0.3533  -0.4170  
07:27:15		-2.5832  -0.1750  

------------------------------

07:27:29	Accuracy on test set with the parameters above: 0.6386666666666667

