22:29:37	Optimizer: adam
22:29:37	Optimizer params: {'lr': 0.03}
22:29:37	DataSet: circle - nTrain: 500 - nValid: 0 - nTest: 3000
22:29:37	nLayers: 2 - nEpochs: 30 - batchSize: 20
22:29:37	Cost: fidelity
22:29:37	Seed: None

------------------------------

22:29:40	epoch	loss	accuracy
22:29:44	    0	0.652	   0.252
22:29:56	    1	0.485	   0.492
22:30:07	    2	0.376	   0.716
22:30:19	    3	0.298	   0.828
22:30:30	    4	0.279	   0.788
22:30:42	    5	0.274	   0.760
22:30:56	    6	0.272	   0.790
22:31:07	    7	0.270	   0.796
22:31:19	    8	0.270	   0.786
22:31:30	    9	0.268	   0.806
22:31:42	   10	0.268	   0.808
22:31:55	   11	0.268	   0.818
22:32:07	   12	0.268	   0.806
22:32:18	   13	0.268	   0.830
22:32:30	   14	0.268	   0.816
22:32:41	   15	0.268	   0.836
22:32:55	   16	0.268	   0.830
22:33:06	   17	0.268	   0.830
22:33:17	   18	0.268	   0.830
22:33:29	   19	0.268	   0.848
22:33:41	   20	0.268	   0.830
22:33:54	   21	0.268	   0.846
22:34:06	   22	0.268	   0.832
22:34:17	   23	0.268	   0.848
22:34:28	   24	0.268	   0.838
22:34:40	   25	0.268	   0.844
22:34:54	   26	0.268	   0.840
22:35:05	   27	0.268	   0.836
22:35:17	   28	0.268	   0.838
22:35:28	   29	0.268	   0.850
22:35:40	   30	0.268	   0.840

------------------------------

22:35:42	Parameters at epoch 30:

22:35:42	Theta:
22:35:42		 0.0181  -1.5735  -0.0191  
22:35:42		-0.0116  -1.5739  -0.9001  
22:35:42	Alpha:
22:35:42		-1.3848  -1.5148  
22:35:42		 1.9740  -1.5139  

------------------------------

22:35:53	Accuracy on test set with the parameters above: 0.8193333333333334

