00:19:55	Optimizer: adam
00:19:55	Optimizer params: {'lr': 0.03}
00:19:55	DataSet: wavy lines - nTrain: 500 - nValid: 0 - nTest: 3000
00:19:55	nLayers: 8 - nEpochs: 30 - batchSize: 32
00:19:55	Cost: weighted fidelity
00:19:55	Seed: None

------------------------------

00:20:04	epoch	loss	accuracy
00:20:21	    0	0.216	   0.464
00:24:49	    1	0.105	   0.784
00:29:20	    2	0.091	   0.846
00:33:51	    3	0.086	   0.826
00:38:23	    4	0.079	   0.856
00:42:54	    5	0.073	   0.886
00:47:35	    6	0.073	   0.898
00:52:07	    7	0.067	   0.890
00:56:40	    8	0.069	   0.880
01:01:12	    9	0.065	   0.898
01:05:45	   10	0.066	   0.912
01:10:27	   11	0.064	   0.904
01:15:00	   12	0.064	   0.892
01:19:33	   13	0.063	   0.898
01:24:05	   14	0.062	   0.896
01:28:38	   15	0.062	   0.902
01:33:19	   16	0.062	   0.894
01:37:52	   17	0.062	   0.900
01:42:25	   18	0.061	   0.900
01:46:58	   19	0.061	   0.902
01:51:32	   20	0.061	   0.898
01:56:14	   21	0.061	   0.896
02:00:48	   22	0.062	   0.898
02:05:22	   23	0.061	   0.898
02:09:56	   24	0.062	   0.900
02:14:31	   25	0.060	   0.898
02:19:15	   26	0.060	   0.898
02:23:51	   27	0.060	   0.904
02:28:27	   28	0.061	   0.884
02:33:02	   29	0.061	   0.890
02:37:36	   30	0.060	   0.900

------------------------------

02:37:46	Parameters at epoch 30:

02:37:46	Theta:
02:37:46		-0.2364  -1.3455  -2.0099  
02:37:46		 0.3817  -1.3713   0.1639  
02:37:46		 0.6014   1.1162   0.9449  
02:37:46		 0.0556   0.5962   0.1998  
02:37:46		 1.0412  -1.1146   1.2482  
02:37:46		-1.5078  -0.8814  -1.5874  
02:37:46		-0.3798  -0.0032  -2.3027  
02:37:46		-0.6137   1.4170   0.2100  
02:37:46	Alpha:
02:37:46		 0.0731  -1.4807  
02:37:46		-0.4838  -0.4550  
02:37:46		-0.8859  -0.7230  
02:37:46		-0.0145   1.4525  
02:37:46		-3.4192   0.2866  
02:37:46		 1.3218   1.1968  
02:37:46		 1.9665  -1.5696  
02:37:46		-0.6184  -1.2541  
02:37:46	Class weight:
02:37:46		 0.9574   0.9870   0.9518   0.9297  

------------------------------

02:38:36	Accuracy on test set with the parameters above: 0.912

