01:39:55	Optimizer: adam
01:39:55	Optimizer params: {'lr': 0.03}
01:39:55	DataSet: wavy lines - nTrain: 500 - nValid: 0 - nTest: 3000
01:39:55	nLayers: 2 - nEpochs: 30 - batchSize: 32
01:39:55	Cost: weighted fidelity
01:39:55	Seed: None

------------------------------

01:40:00	epoch	loss	accuracy
01:40:09	    0	0.311	   0.250
01:40:52	    1	0.163	   0.590
01:41:35	    2	0.121	   0.698
01:42:17	    3	0.116	   0.696
01:43:01	    4	0.113	   0.694
01:43:44	    5	0.112	   0.714
01:44:32	    6	0.112	   0.684
01:45:16	    7	0.111	   0.720
01:46:00	    8	0.110	   0.734
01:46:43	    9	0.110	   0.750
01:47:27	   10	0.110	   0.732
01:48:14	   11	0.109	   0.710
01:48:59	   12	0.109	   0.748
01:49:42	   13	0.108	   0.738
01:50:26	   14	0.107	   0.746
01:51:09	   15	0.107	   0.750
01:51:57	   16	0.106	   0.736
01:52:41	   17	0.107	   0.770
01:53:24	   18	0.105	   0.752
01:54:08	   19	0.105	   0.730
01:54:52	   20	0.104	   0.776
01:55:40	   21	0.103	   0.750
01:56:23	   22	0.103	   0.756
01:57:07	   23	0.102	   0.778
01:57:50	   24	0.101	   0.756
01:58:34	   25	0.101	   0.776
01:59:21	   26	0.100	   0.772
02:00:05	   27	0.100	   0.778
02:00:49	   28	0.100	   0.764
02:01:32	   29	0.099	   0.794
02:02:16	   30	0.099	   0.778

------------------------------

02:02:21	Parameters at epoch 30:

02:02:21	Theta:
02:02:21		-1.1105  -0.6402   0.7131  
02:02:21		 1.9133  -0.8216   0.9715  
02:02:21	Alpha:
02:02:21		 0.2267   0.6861  
02:02:21		-1.1687  -1.1259  
02:02:21	Class weight:
02:02:21		 0.6139   1.2156   1.9899   1.0532  

------------------------------

02:02:43	Accuracy on test set with the parameters above: 0.7473333333333333

