23:01:16	Optimizer: adam
23:01:16	Optimizer params: {'lr': 0.03}
23:01:16	DataSet: sphere - nTrain: 500 - nValid: 0 - nTest: 3000
23:01:16	nLayers: 2 - nEpochs: 30 - batchSize: 32
23:01:16	Cost: weighted fidelity
23:01:16	Seed: None

------------------------------

23:01:18	epoch	loss	accuracy
23:01:23	    0	0.401	   0.466
23:01:48	    1	0.260	   0.596
23:02:14	    2	0.207	   0.696
23:02:40	    3	0.202	   0.690
23:03:05	    4	0.199	   0.694
23:03:31	    5	0.200	   0.694
23:03:59	    6	0.199	   0.698
23:04:24	    7	0.199	   0.696
23:04:51	    8	0.199	   0.696
23:05:16	    9	0.199	   0.700
23:05:42	   10	0.199	   0.698
23:06:10	   11	0.199	   0.696
23:06:36	   12	0.199	   0.692
23:07:02	   13	0.198	   0.692
23:07:28	   14	0.199	   0.696
23:07:54	   15	0.199	   0.696
23:08:22	   16	0.198	   0.694
23:08:48	   17	0.199	   0.698
23:09:14	   18	0.199	   0.692
23:09:40	   19	0.199	   0.686
23:10:06	   20	0.198	   0.698
23:10:34	   21	0.198	   0.692
23:11:01	   22	0.198	   0.696
23:11:27	   23	0.198	   0.696
23:11:53	   24	0.199	   0.696
23:12:19	   25	0.198	   0.696
23:12:47	   26	0.198	   0.694
23:13:13	   27	0.198	   0.700
23:13:39	   28	0.198	   0.700
23:14:06	   29	0.197	   0.696
23:14:33	   30	0.197	   0.692

------------------------------

23:14:35	Parameters at epoch 30:

23:14:35	Theta:
23:14:35		-1.3928  -1.9831  -1.3971  
23:14:35		 0.6698  -0.3527   0.9687  
23:14:35	Alpha:
23:14:35		-0.1906  -1.1797  -0.0549  
23:14:35		-0.1625  -1.2674   0.5824  
23:14:35	Class weight:
23:14:35		 1.0597   0.9493  

------------------------------

23:14:47	Accuracy on test set with the parameters above: 0.697

