20:41:36	Optimizer: adam
20:41:36	Optimizer params: {'lr': 0.03}
20:41:36	DataSet: sphere - nTrain: 500 - nValid: 0 - nTest: 3000
20:41:36	nLayers: 8 - nEpochs: 30 - batchSize: 32
20:41:36	Cost: weighted fidelity
20:41:36	Seed: None

------------------------------

20:41:41	epoch	loss	accuracy
20:41:51	    0	0.455	   0.368
20:44:43	    1	0.194	   0.726
20:47:34	    2	0.141	   0.828
20:50:31	    3	0.110	   0.880
20:53:24	    4	0.102	   0.884
20:56:17	    5	0.095	   0.906
20:59:19	    6	0.095	   0.916
21:02:14	    7	0.092	   0.924
21:05:10	    8	0.091	   0.902
21:08:03	    9	0.091	   0.908
21:10:53	   10	0.093	   0.888
21:13:53	   11	0.091	   0.896
21:16:47	   12	0.086	   0.926
21:19:40	   13	0.087	   0.904
21:22:35	   14	0.086	   0.916
21:25:30	   15	0.085	   0.914
21:28:29	   16	0.084	   0.926
21:31:23	   17	0.084	   0.914
21:34:17	   18	0.082	   0.926
21:37:07	   19	0.082	   0.922
21:40:01	   20	0.082	   0.928
21:43:03	   21	0.081	   0.926
21:45:58	   22	0.081	   0.926
21:48:54	   23	0.081	   0.932
21:51:49	   24	0.081	   0.936
21:54:44	   25	0.079	   0.932
21:57:44	   26	0.079	   0.930
22:00:39	   27	0.079	   0.930
22:03:31	   28	0.079	   0.926
22:06:25	   29	0.079	   0.928
22:09:18	   30	0.079	   0.938

------------------------------

22:09:23	Parameters at epoch 30:

22:09:23	Theta:
22:09:23		-0.3350   0.0968  -1.5202  
22:09:23		-0.5792  -0.6158  -0.4019  
22:09:23		-0.5849   0.4511  -1.2947  
22:09:23		 1.3861  -0.0635  -0.4109  
22:09:23		-1.3793   1.0332   0.9583  
22:09:23		 1.0790  -0.3059  -0.5333  
22:09:23		-1.6248   1.0687   0.8261  
22:09:23		-0.6608   0.9884  -0.6903  
22:09:23	Alpha:
22:09:23		-0.0304   0.6821  -0.0629  
22:09:23		 0.3379   0.1937  -0.6377  
22:09:23		 0.5920  -0.1296   0.1149  
22:09:23		 0.6606  -0.1980  -0.3380  
22:09:23		 0.9217   2.3931  -1.6430  
22:09:23		 0.2396   0.0315   0.5604  
22:09:23		-0.5487  -2.3308   2.6208  
22:09:23		 1.0709   0.1474  -1.7658  
22:09:23	Class weight:
22:09:23		 1.0474   1.1655  

------------------------------

22:09:52	Accuracy on test set with the parameters above: 0.9043333333333333

