21:34:27	Optimizer: adam
21:34:27	Optimizer params: {'lr': 0.03}
21:34:27	DataSet: circle - nTrain: 500 - nValid: 0 - nTest: 3000
21:34:27	nLayers: 8 - nEpochs: 30 - batchSize: 20
21:34:27	Cost: fidelity
21:34:27	Seed: None

------------------------------

21:34:32	epoch	loss	accuracy
21:34:38	    0	0.616	   0.348
21:35:49	    1	0.275	   0.872
21:37:00	    2	0.246	   0.886
21:38:11	    3	0.234	   0.888
21:39:22	    4	0.227	   0.910
21:40:33	    5	0.233	   0.866
21:41:49	    6	0.212	   0.896
21:43:02	    7	0.211	   0.902
21:44:13	    8	0.203	   0.902
21:45:24	    9	0.202	   0.920
21:46:35	   10	0.195	   0.920
21:47:52	   11	0.194	   0.934
21:49:02	   12	0.191	   0.930
21:50:13	   13	0.189	   0.942
21:51:24	   14	0.187	   0.944
21:52:36	   15	0.186	   0.946
21:53:53	   16	0.187	   0.954
21:55:03	   17	0.183	   0.944
21:56:15	   18	0.184	   0.940
21:57:26	   19	0.182	   0.940
21:58:38	   20	0.183	   0.942
21:59:54	   21	0.180	   0.954
22:01:05	   22	0.179	   0.958
22:02:18	   23	0.178	   0.954
22:03:31	   24	0.181	   0.944
22:04:43	   25	0.178	   0.960
22:06:00	   26	0.177	   0.962
22:07:13	   27	0.178	   0.958
22:08:25	   28	0.177	   0.956
22:09:37	   29	0.176	   0.962
22:10:50	   30	0.178	   0.954

------------------------------

22:10:55	Parameters at epoch 30:

22:10:55	Theta:
22:10:55		 0.0159  -1.7663  -0.6535  
22:10:55		 1.1105  -0.8640  -2.2343  
22:10:55		-0.9658  -1.0962   1.0737  
22:10:55		 0.2142   0.3936   0.6182  
22:10:55		-1.7381  -2.0370   1.3716  
22:10:55		-1.1709  -2.0752   0.4011  
22:10:55		-0.2873  -0.7147  -1.0930  
22:10:55		-0.8198  -0.1811   0.1577  
22:10:55	Alpha:
22:10:55		 0.7737   0.9661  
22:10:55		-0.7208   1.3608  
22:10:55		 1.6052  -0.2297  
22:10:55		 1.0748   2.7765  
22:10:55		-0.1592  -1.9927  
22:10:55		 4.1113  -0.5807  
22:10:55		-3.0269   0.1918  
22:10:55		 2.4752  -0.3512  

------------------------------

22:11:22	Accuracy on test set with the parameters above: 0.9293333333333333

