00:08:17	Optimizer: adam
00:08:17	Optimizer params: {'lr': 0.03}
00:08:17	DataSet: three circles - nTrain: 500 - nValid: 0 - nTest: 3000
00:08:17	nLayers: 1 - nEpochs: 30 - batchSize: 15
00:08:17	Cost: weighted fidelity
00:08:17	Seed: None

------------------------------

00:08:20	epoch	loss	accuracy
00:08:28	    0	0.309	   0.276
00:08:53	    1	0.206	   0.356
00:09:19	    2	0.177	   0.348
00:09:44	    3	0.151	   0.428
00:10:09	    4	0.150	   0.430
00:10:34	    5	0.152	   0.416
00:11:03	    6	0.151	   0.410
00:11:28	    7	0.150	   0.456
00:11:54	    8	0.150	   0.392
00:12:19	    9	0.151	   0.422
00:12:45	   10	0.149	   0.454
00:13:14	   11	0.149	   0.440
00:13:39	   12	0.150	   0.380
00:14:04	   13	0.149	   0.430
00:14:30	   14	0.149	   0.412
00:14:55	   15	0.149	   0.430
00:15:24	   16	0.149	   0.446
00:15:49	   17	0.149	   0.444
00:16:14	   18	0.151	   0.416
00:16:39	   19	0.150	   0.438
00:17:04	   20	0.149	   0.450
00:17:33	   21	0.149	   0.406
00:17:59	   22	0.149	   0.432
00:18:24	   23	0.150	   0.446
00:18:49	   24	0.150	   0.440
00:19:15	   25	0.149	   0.440
00:19:44	   26	0.149	   0.424
00:20:09	   27	0.149	   0.438
00:20:35	   28	0.149	   0.420
00:21:00	   29	0.149	   0.450
00:21:25	   30	0.149	   0.428

------------------------------

00:21:28	Parameters at epoch 30:

00:21:28	Theta:
00:21:28		 0.5001   0.0686  -1.0996  
00:21:28	Alpha:
00:21:28		 1.7054   0.3392  
00:21:28	Class weight:
00:21:28		 0.4883   1.3542   1.4511   1.6580  

------------------------------

00:21:47	Accuracy on test set with the parameters above: 0.44533333333333336

