00:10:19	Optimizer: adam
00:10:19	Optimizer params: {'lr': 0.03}
00:10:19	DataSet: three circles - nTrain: 500 - nValid: 0 - nTest: 3000
00:10:19	nLayers: 2 - nEpochs: 30 - batchSize: 15
00:10:19	Cost: fidelity
00:10:19	Seed: None

------------------------------

00:10:26	epoch	loss	accuracy
00:10:32	    0	0.568	   0.204
00:10:47	    1	0.314	   0.450
00:11:02	    2	0.259	   0.628
00:11:17	    3	0.222	   0.686
00:11:32	    4	0.218	   0.684
00:11:47	    5	0.210	   0.690
00:12:07	    6	0.205	   0.698
00:12:22	    7	0.198	   0.710
00:12:37	    8	0.190	   0.738
00:12:52	    9	0.185	   0.756
00:13:07	   10	0.182	   0.756
00:13:27	   11	0.181	   0.750
00:13:41	   12	0.182	   0.754
00:13:56	   13	0.179	   0.744
00:14:11	   14	0.178	   0.742
00:14:26	   15	0.177	   0.746
00:14:46	   16	0.176	   0.752
00:15:01	   17	0.177	   0.734
00:15:15	   18	0.175	   0.744
00:15:30	   19	0.176	   0.738
00:15:45	   20	0.174	   0.760
00:16:04	   21	0.174	   0.754
00:16:19	   22	0.173	   0.758
00:16:34	   23	0.174	   0.750
00:16:49	   24	0.173	   0.754
00:17:03	   25	0.174	   0.752
00:17:22	   26	0.172	   0.760
00:17:37	   27	0.172	   0.766
00:17:52	   28	0.172	   0.766
00:18:07	   29	0.172	   0.758
00:18:21	   30	0.172	   0.754

------------------------------

00:18:26	Parameters at epoch 30:

00:18:26	Theta:
00:18:26		-1.8561   1.1912   0.3998  
00:18:26		 0.5036  -0.8190   1.7160  
00:18:26	Alpha:
00:18:26		 0.9500   1.2060  
00:18:26		 2.1064  -1.3821  

------------------------------

00:18:50	Accuracy on test set with the parameters above: 0.723

