23:17:22	Optimizer: adam
23:17:22	Optimizer params: {'lr': 0.03}
23:17:22	DataSet: three circles - nTrain: 500 - nValid: 0 - nTest: 3000
23:17:22	nLayers: 6 - nEpochs: 30 - batchSize: 15
23:17:22	Cost: fidelity
23:17:22	Seed: None

------------------------------

23:17:31	epoch	loss	accuracy
23:17:41	    0	0.525	   0.292
23:18:34	    1	0.189	   0.712
23:19:28	    2	0.168	   0.738
23:20:22	    3	0.156	   0.768
23:21:16	    4	0.147	   0.786
23:22:09	    5	0.138	   0.836
23:23:11	    6	0.137	   0.834
23:24:05	    7	0.132	   0.794
23:24:58	    8	0.129	   0.816
23:25:52	    9	0.126	   0.836
23:26:47	   10	0.131	   0.828
23:27:49	   11	0.126	   0.824
23:28:43	   12	0.126	   0.828
23:29:37	   13	0.125	   0.812
23:30:32	   14	0.122	   0.848
23:31:26	   15	0.126	   0.796
23:32:28	   16	0.123	   0.846
23:33:21	   17	0.123	   0.838
23:34:16	   18	0.130	   0.820
23:35:10	   19	0.120	   0.850
23:36:03	   20	0.120	   0.850
23:37:05	   21	0.119	   0.848
23:38:00	   22	0.121	   0.844
23:38:54	   23	0.118	   0.846
23:39:49	   24	0.117	   0.862
23:40:44	   25	0.117	   0.884
23:41:46	   26	0.116	   0.858
23:42:42	   27	0.116	   0.840
23:43:37	   28	0.116	   0.842
23:44:32	   29	0.117	   0.860
23:45:26	   30	0.116	   0.860

------------------------------

23:45:35	Parameters at epoch 30:

23:45:35	Theta:
23:45:35		 1.4849   1.8871  -0.3231  
23:45:35		-1.9066  -1.6672  -0.8907  
23:45:35		-0.4020   0.1570   2.1682  
23:45:35		-0.5164   0.2297   2.0085  
23:45:35		-0.8889  -0.9673  -1.6058  
23:45:35		 1.1125  -1.6566   0.2094  
23:45:35	Alpha:
23:45:35		-0.6739  -0.7901  
23:45:35		 0.3632  -0.7321  
23:45:35		-1.9777   2.0606  
23:45:35		 0.0844   1.0227  
23:45:35		 1.3426   2.9010  
23:45:35		-2.1374   0.8792  

------------------------------

23:46:19	Accuracy on test set with the parameters above: 0.8253333333333334

