07:27:44	Optimizer: adam
07:27:44	Optimizer params: {'lr': 0.02}
07:27:44	DataSet: binary annulus - nTrain: 500 - nValid: 0 - nTest: 3000
07:27:44	nLayers: 2 - nEpochs: 40 - batchSize: 48
07:27:44	Cost: fidelity
07:27:44	Seed: None

------------------------------

07:27:47	epoch	loss	accuracy
07:27:50	    0	0.524	   0.468
07:28:03	    1	0.520	   0.468
07:28:15	    2	0.515	   0.468
07:28:28	    3	0.508	   0.468
07:28:40	    4	0.492	   0.512
07:28:53	    5	0.472	   0.544
07:29:08	    6	0.450	   0.594
07:29:21	    7	0.432	   0.616
07:29:34	    8	0.421	   0.612
07:29:46	    9	0.415	   0.598
07:29:59	   10	0.412	   0.622
07:30:14	   11	0.411	   0.642
07:30:27	   12	0.410	   0.650
07:30:39	   13	0.410	   0.640
07:30:52	   14	0.410	   0.642
07:31:05	   15	0.410	   0.642
07:31:20	   16	0.409	   0.646
07:31:33	   17	0.409	   0.652
07:31:45	   18	0.409	   0.642
07:31:58	   19	0.409	   0.642
07:32:11	   20	0.409	   0.644
07:32:26	   21	0.409	   0.642
07:32:39	   22	0.409	   0.638
07:32:51	   23	0.409	   0.640
07:33:04	   24	0.409	   0.636
07:33:16	   25	0.409	   0.634
07:33:31	   26	0.409	   0.634
07:33:44	   27	0.409	   0.634
07:33:57	   28	0.409	   0.638
07:34:09	   29	0.409	   0.638
07:34:22	   30	0.409	   0.638
07:34:37	   31	0.409	   0.638
07:34:50	   32	0.409	   0.638
07:35:02	   33	0.409	   0.638
07:35:15	   34	0.409	   0.638
07:35:28	   35	0.409	   0.638
07:35:43	   36	0.409	   0.634
07:35:56	   37	0.409	   0.638
07:36:08	   38	0.409	   0.638
07:36:21	   39	0.409	   0.638
07:36:34	   40	0.409	   0.638

------------------------------

07:36:36	Parameters at epoch 40:

07:36:36	Theta:
07:36:36		-0.6147  -1.5595  -2.3293  
07:36:36		-0.3800   1.5631   1.1175  
07:36:36	Alpha:
07:36:36		 1.0908  -0.2045  
07:36:36		 2.5012   0.1702  

------------------------------

07:36:48	Accuracy on test set with the parameters above: 0.6063333333333333

