00:17:27	Optimizer: adam
00:17:27	Optimizer params: {'lr': 0.03}
00:17:27	DataSet: wavy lines - nTrain: 500 - nValid: 0 - nTest: 3000
00:17:27	nLayers: 8 - nEpochs: 30 - batchSize: 32
00:17:27	Cost: weighted fidelity
00:17:27	Seed: None

------------------------------

00:17:38	epoch	loss	accuracy
00:17:57	    0	0.228	   0.412
00:22:57	    1	0.096	   0.826
00:27:40	    2	0.088	   0.852
00:32:22	    3	0.096	   0.830
00:37:03	    4	0.084	   0.866
00:41:41	    5	0.080	   0.896
00:46:28	    6	0.085	   0.844
00:51:08	    7	0.077	   0.904
00:55:48	    8	0.081	   0.852
01:00:32	    9	0.076	   0.898
01:05:14	   10	0.074	   0.894
01:10:03	   11	0.072	   0.918
01:14:46	   12	0.072	   0.900
01:19:28	   13	0.070	   0.904
01:24:11	   14	0.067	   0.926
01:28:55	   15	0.065	   0.906
01:33:44	   16	0.065	   0.906
01:38:26	   17	0.063	   0.900
01:43:06	   18	0.064	   0.892
01:47:46	   19	0.064	   0.904
01:52:28	   20	0.063	   0.888
01:57:18	   21	0.064	   0.890
02:01:59	   22	0.062	   0.896
02:06:43	   23	0.063	   0.894
02:11:26	   24	0.062	   0.894
02:16:11	   25	0.062	   0.904
02:21:06	   26	0.063	   0.898
02:25:50	   27	0.063	   0.900
02:30:35	   28	0.063	   0.880
02:35:22	   29	0.062	   0.900
02:40:11	   30	0.063	   0.894

------------------------------

02:40:21	Parameters at epoch 30:

02:40:21	Theta:
02:40:21		 0.3597  -1.3960   0.6154  
02:40:21		 0.6779  -0.2501  -1.4588  
02:40:21		-0.9969  -0.4007  -0.5657  
02:40:21		 0.9879   2.7728  -0.4639  
02:40:21		-1.9903   0.7703   0.8375  
02:40:21		 0.1405  -0.9224   0.2418  
02:40:21		-2.8292   0.4710  -0.9685  
02:40:21		 0.4124  -1.0556   1.3608  
02:40:21	Alpha:
02:40:21		-1.3450  -1.7013  
02:40:21		-1.5045  -0.3717  
02:40:21		-0.1150   0.5364  
02:40:21		-1.3339   0.4170  
02:40:21		 0.6753  -1.0845  
02:40:21		-1.1895   0.4249  
02:40:21		-0.6031   0.1019  
02:40:21		 0.7628  -1.5821  
02:40:21	Class weight:
02:40:21		 0.9995   0.8424   0.8939   1.0429  

------------------------------

02:41:16	Accuracy on test set with the parameters above: 0.9036666666666666

