21:34:00	Optimizer: adam
21:34:00	Optimizer params: {'lr': 0.03}
21:34:00	DataSet: circle - nTrain: 500 - nValid: 0 - nTest: 3000
21:34:00	nLayers: 6 - nEpochs: 30 - batchSize: 20
21:34:00	Cost: weighted fidelity
21:34:00	Seed: None

------------------------------

21:34:04	epoch	loss	accuracy
21:34:11	    0	0.364	   0.368
21:35:34	    1	0.128	   0.860
21:36:57	    2	0.089	   0.902
21:38:20	    3	0.076	   0.922
21:39:43	    4	0.069	   0.934
21:41:06	    5	0.064	   0.942
21:42:33	    6	0.062	   0.944
21:43:56	    7	0.063	   0.938
21:45:19	    8	0.057	   0.946
21:46:42	    9	0.057	   0.954
21:48:05	   10	0.056	   0.950
21:49:32	   11	0.052	   0.964
21:50:56	   12	0.052	   0.960
21:52:19	   13	0.054	   0.956
21:53:43	   14	0.057	   0.944
21:55:07	   15	0.050	   0.964
21:56:34	   16	0.050	   0.962
21:57:57	   17	0.049	   0.958
21:59:21	   18	0.049	   0.956
22:00:48	   19	0.048	   0.968
22:02:12	   20	0.047	   0.962
22:03:39	   21	0.048	   0.966
22:05:02	   22	0.047	   0.970
22:06:26	   23	0.047	   0.984
22:07:48	   24	0.047	   0.958
22:09:11	   25	0.047	   0.972
22:10:39	   26	0.048	   0.962
22:12:01	   27	0.046	   0.970
22:13:24	   28	0.046	   0.958
22:14:47	   29	0.046	   0.964
22:16:12	   30	0.047	   0.968

------------------------------

22:16:16	Parameters at epoch 30:

22:16:16	Theta:
22:16:16		-0.2855  -0.1429  -0.6842  
22:16:16		-1.9237   1.2322   1.5737  
22:16:16		-0.5404  -2.2432  -0.2752  
22:16:16		-1.8608   1.6483   1.4280  
22:16:16		-0.8275   0.4594   0.5859  
22:16:16		-1.2176   0.9215  -0.0311  
22:16:16	Alpha:
22:16:16		 1.9034   0.5809  
22:16:16		 1.1938   1.4333  
22:16:16		 0.0713   2.6194  
22:16:16		-2.6790   1.2412  
22:16:16		 0.0326  -1.5563  
22:16:16		 2.9949   0.8882  
22:16:16	Class weight:
22:16:16		 1.0557   1.1316  

------------------------------

22:16:36	Accuracy on test set with the parameters above: 0.9706666666666667

