04:00:52	Optimizer: adam
04:00:52	Optimizer params: {'lr': 0.02}
04:00:52	DataSet: non convex - nTrain: 500 - nValid: 0 - nTest: 3000
04:00:52	nLayers: 8 - nEpochs: 40 - batchSize: 32
04:00:52	Cost: weighted fidelity
04:00:52	Seed: None

------------------------------

04:00:58	epoch	loss	accuracy
04:01:08	    0	0.341	   0.524
04:03:28	    1	0.108	   0.854
04:05:50	    2	0.087	   0.896
04:08:11	    3	0.083	   0.942
04:10:33	    4	0.077	   0.922
04:12:53	    5	0.074	   0.962
04:15:21	    6	0.074	   0.950
04:17:41	    7	0.072	   0.940
04:20:04	    8	0.070	   0.956
04:22:27	    9	0.069	   0.952
04:24:48	   10	0.068	   0.964
04:27:13	   11	0.066	   0.966
04:29:34	   12	0.065	   0.950
04:31:55	   13	0.063	   0.968
04:34:15	   14	0.064	   0.946
04:36:36	   15	0.062	   0.964
04:39:01	   16	0.062	   0.960
04:41:24	   17	0.062	   0.956
04:43:45	   18	0.059	   0.972
04:46:07	   19	0.059	   0.966
04:48:27	   20	0.060	   0.958
04:50:55	   21	0.058	   0.970
04:53:17	   22	0.057	   0.972
04:55:40	   23	0.057	   0.980
04:58:02	   24	0.056	   0.978
05:00:23	   25	0.055	   0.972
05:02:51	   26	0.055	   0.982
05:05:12	   27	0.055	   0.984
05:07:35	   28	0.055	   0.974
05:09:56	   29	0.054	   0.982
05:12:17	   30	0.054	   0.984
05:14:44	   31	0.054	   0.976
05:17:05	   32	0.053	   0.982
05:19:29	   33	0.053	   0.978
05:21:52	   34	0.053	   0.982
05:24:14	   35	0.053	   0.978
05:26:42	   36	0.053	   0.984
05:29:05	   37	0.053	   0.978
05:31:26	   38	0.053	   0.980
05:33:50	   39	0.053	   0.980
05:36:14	   40	0.053	   0.980

------------------------------

05:36:19	Parameters at epoch 40:

05:36:19	Theta:
05:36:19		 0.4542  -0.8220  -0.1006  
05:36:19		-1.1586  -0.1118   0.8040  
05:36:19		-0.0763  -0.7735  -2.3880  
05:36:19		-2.1582   1.5266   1.4487  
05:36:19		-1.4541   1.5983   1.5510  
05:36:19		-0.1099   0.4668  -0.0409  
05:36:19		 0.8965  -0.5612   0.9766  
05:36:19		-0.2337   0.8198   1.5146  
05:36:19	Alpha:
05:36:19		 0.6088  -0.4636  
05:36:19		-0.4576   0.1723  
05:36:19		-0.4334  -1.1752  
05:36:19		-1.3734   0.1999  
05:36:19		 1.8529  -0.1898  
05:36:19		-2.7139  -0.1999  
05:36:19		-0.8019  -0.3322  
05:36:19		-3.4120  -0.0449  
05:36:19	Class weight:
05:36:19		 1.0870   1.1138  

------------------------------

05:36:46	Accuracy on test set with the parameters above: 0.9743333333333334

