02:04:19	Optimizer: adam
02:04:19	Optimizer params: {'lr': 0.03}
02:04:19	DataSet: wavy lines - nTrain: 500 - nValid: 0 - nTest: 3000
02:04:19	nLayers: 2 - nEpochs: 30 - batchSize: 32
02:04:19	Cost: fidelity
02:04:19	Seed: None

------------------------------

02:04:23	epoch	loss	accuracy
02:04:30	    0	0.539	   0.236
02:04:45	    1	0.477	   0.304
02:05:00	    2	0.378	   0.304
02:05:16	    3	0.218	   0.612
02:05:31	    4	0.165	   0.752
02:05:46	    5	0.159	   0.820
02:06:06	    6	0.159	   0.836
02:06:21	    7	0.158	   0.838
02:06:36	    8	0.157	   0.834
02:06:51	    9	0.156	   0.838
02:07:06	   10	0.152	   0.850
02:07:26	   11	0.146	   0.864
02:07:41	   12	0.138	   0.882
02:07:56	   13	0.129	   0.892
02:08:11	   14	0.123	   0.886
02:08:27	   15	0.121	   0.898
02:08:46	   16	0.119	   0.884
02:09:02	   17	0.118	   0.902
02:09:17	   18	0.118	   0.898
02:09:32	   19	0.118	   0.900
02:09:47	   20	0.118	   0.898
02:10:07	   21	0.118	   0.904
02:10:22	   22	0.118	   0.896
02:10:37	   23	0.118	   0.904
02:10:52	   24	0.118	   0.908
02:11:07	   25	0.118	   0.898
02:11:27	   26	0.118	   0.900
02:11:43	   27	0.118	   0.902
02:11:58	   28	0.118	   0.898
02:12:13	   29	0.118	   0.896
02:12:28	   30	0.118	   0.906

------------------------------

02:12:33	Parameters at epoch 30:

02:12:33	Theta:
02:12:33		-0.5939  -1.5259   0.0833  
02:12:33		 0.6160   0.8307   0.1691  
02:12:33	Alpha:
02:12:33		-0.0335   1.1111  
02:12:33		 2.2240   0.3079  

------------------------------

02:12:57	Accuracy on test set with the parameters above: 0.8786666666666667

