08:10:34	Optimizer: adam
08:10:34	Optimizer params: {'lr': 0.02}
08:10:34	DataSet: non convex - nTrain: 500 - nValid: 0 - nTest: 3000
08:10:34	nLayers: 6 - nEpochs: 40 - batchSize: 32
08:10:34	Cost: weighted fidelity
08:10:34	Seed: None

------------------------------

08:10:42	epoch	loss	accuracy
08:10:50	    0	0.306	   0.588
08:12:23	    1	0.159	   0.760
08:13:56	    2	0.154	   0.780
08:15:33	    3	0.149	   0.798
08:17:07	    4	0.138	   0.792
08:18:42	    5	0.115	   0.858
08:20:21	    6	0.088	   0.916
08:21:53	    7	0.075	   0.960
08:23:26	    8	0.072	   0.946
08:24:57	    9	0.071	   0.956
08:26:30	   10	0.071	   0.942
08:28:06	   11	0.070	   0.956
08:29:39	   12	0.069	   0.954
08:31:13	   13	0.069	   0.952
08:32:46	   14	0.068	   0.956
08:34:19	   15	0.067	   0.960
08:35:58	   16	0.066	   0.958
08:37:30	   17	0.066	   0.952
08:39:02	   18	0.066	   0.952
08:40:31	   19	0.066	   0.948
08:42:00	   20	0.065	   0.958
08:43:33	   21	0.065	   0.942
08:45:02	   22	0.065	   0.948
08:46:32	   23	0.065	   0.942
08:48:00	   24	0.065	   0.946
08:49:30	   25	0.065	   0.944
08:51:05	   26	0.065	   0.946
08:52:37	   27	0.065	   0.946
08:54:06	   28	0.065	   0.948
08:55:35	   29	0.065	   0.948
08:57:04	   30	0.065	   0.946
08:58:39	   31	0.065	   0.942
09:00:09	   32	0.064	   0.948
09:01:39	   33	0.064	   0.948
09:03:09	   34	0.064	   0.944
09:04:39	   35	0.064	   0.944
09:06:13	   36	0.064	   0.946
09:07:44	   37	0.064	   0.950
09:09:14	   38	0.064	   0.952
09:10:43	   39	0.064	   0.946
09:12:13	   40	0.064	   0.946

------------------------------

09:12:18	Parameters at epoch 40:

09:12:18	Theta:
09:12:18		 1.8399  -0.1345  -0.9270  
09:12:18		-0.4892  -1.5795   0.1632  
09:12:18		-1.8536   1.2326   1.1748  
09:12:18		-1.1281   1.0702   0.3904  
09:12:18		 0.8011  -0.8732   0.3399  
09:12:18		 1.1590  -1.7341  -0.2937  
09:12:18	Alpha:
09:12:18		-1.6435  -1.1386  
09:12:18		-0.1824  -0.0553  
09:12:18		 2.5905  -0.4044  
09:12:18		 0.3349   0.8224  
09:12:18		-2.2859  -0.5438  
09:12:18		 0.3113  -2.3252  
09:12:18	Class weight:
09:12:18		 1.0810   1.1037  

------------------------------

09:12:41	Accuracy on test set with the parameters above: 0.9483333333333334

