01:02:37	Optimizer: adam
01:02:37	Optimizer params: {'lr': 0.03}
01:02:37	DataSet: wavy lines - nTrain: 500 - nValid: 0 - nTest: 3000
01:02:37	nLayers: 6 - nEpochs: 30 - batchSize: 32
01:02:37	Cost: fidelity
01:02:37	Seed: None

------------------------------

01:02:44	epoch	loss	accuracy
01:02:57	    0	0.373	   0.322
01:03:49	    1	0.198	   0.708
01:04:41	    2	0.178	   0.768
01:05:33	    3	0.161	   0.784
01:06:25	    4	0.146	   0.786
01:07:17	    5	0.134	   0.828
01:08:18	    6	0.120	   0.882
01:09:14	    7	0.115	   0.878
01:10:11	    8	0.111	   0.874
01:11:06	    9	0.106	   0.876
01:12:04	   10	0.106	   0.876
01:13:07	   11	0.107	   0.874
01:13:59	   12	0.103	   0.870
01:14:53	   13	0.101	   0.876
01:15:46	   14	0.100	   0.868
01:16:39	   15	0.100	   0.866
01:17:41	   16	0.100	   0.878
01:18:34	   17	0.097	   0.874
01:19:27	   18	0.097	   0.874
01:20:20	   19	0.096	   0.876
01:21:14	   20	0.096	   0.880
01:22:16	   21	0.095	   0.882
01:23:10	   22	0.094	   0.884
01:24:04	   23	0.094	   0.890
01:24:57	   24	0.093	   0.884
01:25:50	   25	0.093	   0.888
01:26:52	   26	0.093	   0.904
01:27:44	   27	0.092	   0.890
01:28:38	   28	0.092	   0.892
01:29:31	   29	0.091	   0.898
01:30:25	   30	0.091	   0.898

------------------------------

01:30:33	Parameters at epoch 30:

01:30:33	Theta:
01:30:33		-1.3032  -0.2050  -1.1821  
01:30:33		-0.4823  -0.6981  -0.1643  
01:30:33		-1.5687   1.3337  -0.4104  
01:30:33		 0.5353   0.5914   0.5004  
01:30:33		-0.6096  -0.2862  -0.4545  
01:30:33		-1.0461  -1.4526  -0.6433  
01:30:33	Alpha:
01:30:33		-1.6937   0.3452  
01:30:33		-4.2591   1.2172  
01:30:33		-1.0496  -2.5388  
01:30:33		-1.6727   2.5185  
01:30:33		 0.6652  -0.6909  
01:30:33		-1.0680   0.6528  

------------------------------

01:31:22	Accuracy on test set with the parameters above: 0.882

