06:07:01	Optimizer: adam
06:07:01	Optimizer params: {'lr': 0.02}
06:07:01	DataSet: binary annulus - nTrain: 500 - nValid: 0 - nTest: 3000
06:07:01	nLayers: 8 - nEpochs: 40 - batchSize: 48
06:07:01	Cost: weighted fidelity
06:07:01	Seed: None

------------------------------

06:07:07	epoch	loss	accuracy
06:07:16	    0	0.293	   0.536
06:09:37	    1	0.203	   0.688
06:11:58	    2	0.179	   0.702
06:14:20	    3	0.167	   0.740
06:16:41	    4	0.162	   0.756
06:19:01	    5	0.158	   0.776
06:21:28	    6	0.153	   0.798
06:23:52	    7	0.148	   0.812
06:26:13	    8	0.141	   0.820
06:28:34	    9	0.135	   0.840
06:30:55	   10	0.130	   0.828
06:33:21	   11	0.124	   0.852
06:35:43	   12	0.120	   0.834
06:38:03	   13	0.117	   0.866
06:40:25	   14	0.115	   0.866
06:42:46	   15	0.114	   0.870
06:45:14	   16	0.113	   0.886
06:47:35	   17	0.112	   0.862
06:49:57	   18	0.111	   0.874
06:52:18	   19	0.111	   0.872
06:54:40	   20	0.110	   0.876
06:57:07	   21	0.109	   0.886
06:59:29	   22	0.109	   0.864
07:01:54	   23	0.109	   0.876
07:04:16	   24	0.108	   0.880
07:06:39	   25	0.107	   0.890
07:09:05	   26	0.107	   0.886
07:11:28	   27	0.107	   0.888
07:13:50	   28	0.106	   0.886
07:16:13	   29	0.107	   0.874
07:18:34	   30	0.107	   0.878
07:21:02	   31	0.106	   0.878
07:23:24	   32	0.105	   0.888
07:25:47	   33	0.105	   0.886
07:28:09	   34	0.105	   0.884
07:30:33	   35	0.104	   0.880
07:33:02	   36	0.104	   0.876
07:35:24	   37	0.104	   0.884
07:37:47	   38	0.104	   0.882
07:40:09	   39	0.104	   0.884
07:42:32	   40	0.103	   0.886

------------------------------

07:42:37	Parameters at epoch 40:

07:42:37	Theta:
07:42:37		 0.9348   0.2010  -0.7698  
07:42:37		-0.3111  -2.1238  -1.1101  
07:42:37		-0.0134   0.2785   0.0857  
07:42:37		 0.1970  -0.0581  -0.1055  
07:42:37		 0.3304   0.0079   1.2705  
07:42:37		 2.3236   0.6542  -2.0315  
07:42:37		 1.8907   1.2255   1.5678  
07:42:37		-1.0253  -3.3022   1.6992  
07:42:37	Alpha:
07:42:37		 1.0098  -1.0851  
07:42:37		-0.5641   0.0139  
07:42:37		 0.4199   0.9837  
07:42:37		 1.6734  -0.8899  
07:42:37		 0.5549  -0.9231  
07:42:37		 0.4544   0.6904  
07:42:37		 2.1536   2.1338  
07:42:37		 1.4706  -2.1855  
07:42:37	Class weight:
07:42:37		 1.1771   1.0127  

------------------------------

07:43:05	Accuracy on test set with the parameters above: 0.8803333333333333

