22:03:35	Optimizer: adam
22:03:35	Optimizer params: {'lr': 0.03}
22:03:35	DataSet: sphere - nTrain: 500 - nValid: 0 - nTest: 3000
22:03:35	nLayers: 4 - nEpochs: 30 - batchSize: 32
22:03:35	Cost: weighted fidelity
22:03:35	Seed: None

------------------------------

22:03:40	epoch	loss	accuracy
22:03:45	    0	0.317	   0.568
22:04:41	    1	0.185	   0.738
22:05:39	    2	0.164	   0.774
22:06:36	    3	0.157	   0.784
22:07:33	    4	0.149	   0.806
22:08:30	    5	0.143	   0.820
22:09:30	    6	0.137	   0.836
22:10:28	    7	0.135	   0.838
22:11:24	    8	0.129	   0.850
22:12:21	    9	0.124	   0.858
22:13:18	   10	0.119	   0.878
22:14:18	   11	0.116	   0.880
22:15:15	   12	0.114	   0.890
22:16:13	   13	0.110	   0.894
22:17:09	   14	0.109	   0.902
22:18:06	   15	0.109	   0.884
22:19:05	   16	0.109	   0.900
22:20:03	   17	0.107	   0.894
22:21:02	   18	0.107	   0.892
22:22:01	   19	0.107	   0.902
22:23:00	   20	0.106	   0.900
22:24:01	   21	0.106	   0.894
22:25:00	   22	0.106	   0.896
22:25:58	   23	0.106	   0.898
22:26:57	   24	0.106	   0.892
22:27:55	   25	0.106	   0.896
22:28:57	   26	0.106	   0.900
22:29:53	   27	0.106	   0.900
22:30:51	   28	0.106	   0.892
22:31:48	   29	0.105	   0.894
22:32:47	   30	0.105	   0.902

------------------------------

22:32:50	Parameters at epoch 30:

22:32:50	Theta:
22:32:50		 0.5987  -1.3151   0.5651  
22:32:50		 0.9516  -1.1217   1.7755  
22:32:50		-0.2656   0.0350   0.2740  
22:32:50		 0.0155   1.4918  -0.2319  
22:32:50	Alpha:
22:32:50		-0.6934   0.6556  -0.1221  
22:32:50		-0.0330  -0.9039  -0.0161  
22:32:50		 2.8727  -1.2199  -1.0769  
22:32:50		-2.6620   2.1669  -0.9420  
22:32:50	Class weight:
22:32:50		 1.0488   1.1627  

------------------------------

22:33:07	Accuracy on test set with the parameters above: 0.8663333333333333

