23:17:50	Optimizer: adam
23:17:50	Optimizer params: {'lr': 0.03}
23:17:50	DataSet: three circles - nTrain: 500 - nValid: 0 - nTest: 3000
23:17:50	nLayers: 3 - nEpochs: 30 - batchSize: 15
23:17:50	Cost: weighted fidelity
23:17:50	Seed: None

------------------------------

23:17:55	epoch	loss	accuracy
23:18:08	    0	0.317	   0.182
23:19:19	    1	0.125	   0.762
23:20:31	    2	0.124	   0.750
23:21:42	    3	0.122	   0.780
23:22:54	    4	0.120	   0.796
23:24:06	    5	0.122	   0.742
23:25:24	    6	0.119	   0.794
23:26:36	    7	0.120	   0.794
23:27:48	    8	0.119	   0.774
23:29:00	    9	0.117	   0.778
23:30:13	   10	0.117	   0.776
23:31:29	   11	0.116	   0.780
23:32:40	   12	0.115	   0.786
23:33:51	   13	0.117	   0.790
23:35:04	   14	0.116	   0.782
23:36:15	   15	0.115	   0.772
23:37:33	   16	0.115	   0.776
23:38:46	   17	0.114	   0.792
23:39:58	   18	0.114	   0.796
23:41:10	   19	0.114	   0.782
23:42:21	   20	0.114	   0.794
23:43:39	   21	0.115	   0.772
23:44:51	   22	0.113	   0.794
23:46:03	   23	0.113	   0.778
23:47:16	   24	0.113	   0.788
23:48:28	   25	0.114	   0.776
23:49:47	   26	0.113	   0.782
23:51:00	   27	0.113	   0.792
23:52:13	   28	0.113	   0.796
23:53:26	   29	0.112	   0.784
23:54:39	   30	0.112	   0.794

------------------------------

23:54:44	Parameters at epoch 30:

23:54:44	Theta:
23:54:44		 0.1204   1.7411  -1.0821  
23:54:44		 0.0002   0.8294  -1.9875  
23:54:44		-0.1521  -0.6611   2.4116  
23:54:44	Alpha:
23:54:44		 0.1517   0.2633  
23:54:44		-0.7484  -0.8160  
23:54:44		-1.2853   2.7013  
23:54:44	Class weight:
23:54:44		 0.8061   0.9187   0.8803   0.9855  

------------------------------

23:55:13	Accuracy on test set with the parameters above: 0.7543333333333333

