22:26:04	Optimizer: adam
22:26:04	Optimizer params: {'lr': 0.03}
22:26:04	DataSet: circle - nTrain: 500 - nValid: 0 - nTest: 3000
22:26:04	nLayers: 3 - nEpochs: 30 - batchSize: 20
22:26:04	Cost: fidelity
22:26:04	Seed: None

------------------------------

22:26:09	epoch	loss	accuracy
22:26:12	    0	0.469	   0.554
22:26:31	    1	0.449	   0.554
22:26:50	    2	0.447	   0.554
22:27:09	    3	0.446	   0.554
22:27:27	    4	0.446	   0.554
22:27:46	    5	0.446	   0.554
22:28:08	    6	0.446	   0.554
22:28:27	    7	0.446	   0.554
22:28:46	    8	0.446	   0.554
22:29:04	    9	0.446	   0.554
22:29:24	   10	0.446	   0.554
22:29:45	   11	0.446	   0.554
22:30:05	   12	0.446	   0.554
22:30:24	   13	0.446	   0.554
22:30:44	   14	0.446	   0.554
22:31:03	   15	0.446	   0.554
22:31:25	   16	0.446	   0.554
22:31:45	   17	0.446	   0.554
22:32:04	   18	0.446	   0.554
22:32:23	   19	0.446	   0.554
22:32:42	   20	0.446	   0.554
22:33:04	   21	0.446	   0.554
22:33:23	   22	0.446	   0.554
22:33:43	   23	0.446	   0.554
22:34:02	   24	0.446	   0.554
22:34:21	   25	0.446	   0.554
22:34:42	   26	0.446	   0.554
22:35:02	   27	0.446	   0.554
22:35:20	   28	0.446	   0.554
22:35:40	   29	0.446	   0.554
22:35:59	   30	0.446	   0.554

------------------------------

22:36:02	Parameters at epoch 30:

22:36:02	Theta:
22:36:02		-1.2734   0.5613  -0.0221  
22:36:02		-0.0006  -0.4899   0.8071  
22:36:02		-0.5116  -0.0703  -0.8188  
22:36:02	Alpha:
22:36:02		 0.6098   0.3167  
22:36:02		-0.0025   0.2165  
22:36:02		 0.0072  -0.4289  

------------------------------

22:36:16	Accuracy on test set with the parameters above: 0.495

