00:01:11	Optimizer: adam
00:01:11	Optimizer params: {'lr': 0.03}
00:01:11	DataSet: three circles - nTrain: 500 - nValid: 0 - nTest: 3000
00:01:11	nLayers: 3 - nEpochs: 30 - batchSize: 15
00:01:11	Cost: fidelity
00:01:11	Seed: None

------------------------------

00:01:16	epoch	loss	accuracy
00:01:23	    0	0.444	   0.256
00:01:43	    1	0.227	   0.708
00:02:03	    2	0.208	   0.748
00:02:22	    3	0.205	   0.756
00:02:42	    4	0.199	   0.798
00:03:02	    5	0.195	   0.802
00:03:27	    6	0.192	   0.804
00:03:47	    7	0.188	   0.814
00:04:07	    8	0.186	   0.818
00:04:26	    9	0.185	   0.814
00:04:46	   10	0.183	   0.826
00:05:11	   11	0.181	   0.818
00:05:31	   12	0.183	   0.814
00:05:51	   13	0.178	   0.830
00:06:10	   14	0.179	   0.824
00:06:30	   15	0.178	   0.834
00:06:55	   16	0.178	   0.816
00:07:15	   17	0.177	   0.828
00:07:35	   18	0.178	   0.816
00:07:54	   19	0.177	   0.826
00:08:15	   20	0.177	   0.828
00:08:39	   21	0.177	   0.834
00:08:59	   22	0.176	   0.820
00:09:19	   23	0.176	   0.818
00:09:39	   24	0.176	   0.828
00:09:59	   25	0.176	   0.828
00:10:23	   26	0.175	   0.838
00:10:43	   27	0.175	   0.834
00:11:03	   28	0.174	   0.824
00:11:23	   29	0.174	   0.832
00:11:43	   30	0.173	   0.830

------------------------------

00:11:48	Parameters at epoch 30:

00:11:48	Theta:
00:11:48		-1.9987  -0.6318  -2.1072  
00:11:48		-1.2121   1.0161  -0.2505  
00:11:48		-0.0575   1.6896  -0.4865  
00:11:48	Alpha:
00:11:48		-0.2577   0.9949  
00:11:48		 0.8032   1.1853  
00:11:48		-2.1291  -3.9182  

------------------------------

00:12:14	Accuracy on test set with the parameters above: 0.8123333333333334

