01:51:06	Optimizer: adam
01:51:06	Optimizer params: {'lr': 0.03}
01:51:06	DataSet: wavy lines - nTrain: 500 - nValid: 0 - nTest: 3000
01:51:06	nLayers: 3 - nEpochs: 30 - batchSize: 32
01:51:06	Cost: fidelity
01:51:06	Seed: None

------------------------------

01:51:14	epoch	loss	accuracy
01:51:20	    0	0.447	   0.496
01:51:42	    1	0.301	   0.544
01:52:05	    2	0.260	   0.608
01:52:27	    3	0.245	   0.638
01:52:49	    4	0.237	   0.634
01:53:11	    5	0.231	   0.650
01:53:39	    6	0.227	   0.638
01:54:01	    7	0.216	   0.668
01:54:24	    8	0.208	   0.698
01:54:46	    9	0.196	   0.702
01:55:08	   10	0.188	   0.728
01:55:36	   11	0.185	   0.734
01:55:58	   12	0.184	   0.714
01:56:21	   13	0.184	   0.706
01:56:43	   14	0.183	   0.714
01:57:06	   15	0.183	   0.718
01:57:34	   16	0.183	   0.720
01:57:56	   17	0.182	   0.718
01:58:19	   18	0.182	   0.724
01:58:41	   19	0.182	   0.722
01:59:03	   20	0.182	   0.710
01:59:31	   21	0.181	   0.720
01:59:53	   22	0.181	   0.722
02:00:16	   23	0.180	   0.714
02:00:39	   24	0.180	   0.734
02:01:02	   25	0.179	   0.720
02:01:30	   26	0.179	   0.738
02:01:53	   27	0.178	   0.742
02:02:15	   28	0.177	   0.742
02:02:38	   29	0.177	   0.740
02:03:00	   30	0.176	   0.754

------------------------------

02:03:06	Parameters at epoch 30:

02:03:06	Theta:
02:03:06		 0.6006   0.5511  -0.4544  
02:03:06		-1.4427   1.5084  -1.1109  
02:03:06		-0.2356   0.4487  -1.6378  
02:03:06	Alpha:
02:03:06		 0.7691   1.0464  
02:03:06		 3.1141   0.3922  
02:03:06		 2.2384   0.1855  

------------------------------

02:03:35	Accuracy on test set with the parameters above: 0.7866666666666666

