00:15:08	Optimizer: adam
00:15:08	Optimizer params: {'lr': 0.03}
00:15:08	DataSet: three circles - nTrain: 500 - nValid: 0 - nTest: 3000
00:15:08	nLayers: 1 - nEpochs: 30 - batchSize: 15
00:15:08	Cost: fidelity
00:15:08	Seed: None

------------------------------

00:15:12	epoch	loss	accuracy
00:15:18	    0	0.554	   0.282
00:15:27	    1	0.432	   0.302
00:15:36	    2	0.387	   0.338
00:15:45	    3	0.372	   0.342
00:15:54	    4	0.340	   0.382
00:16:03	    5	0.301	   0.466
00:16:16	    6	0.293	   0.470
00:16:25	    7	0.292	   0.470
00:16:34	    8	0.292	   0.484
00:16:43	    9	0.293	   0.482
00:16:52	   10	0.292	   0.478
00:17:05	   11	0.292	   0.478
00:17:14	   12	0.292	   0.478
00:17:24	   13	0.292	   0.488
00:17:33	   14	0.292	   0.476
00:17:43	   15	0.292	   0.480
00:17:56	   16	0.292	   0.480
00:18:05	   17	0.292	   0.480
00:18:14	   18	0.292	   0.474
00:18:23	   19	0.292	   0.482
00:18:32	   20	0.292	   0.472
00:18:45	   21	0.292	   0.478
00:18:54	   22	0.292	   0.478
00:19:03	   23	0.292	   0.476
00:19:12	   24	0.292	   0.476
00:19:22	   25	0.292	   0.486
00:19:34	   26	0.292	   0.472
00:19:44	   27	0.292	   0.480
00:19:53	   28	0.292	   0.480
00:20:02	   29	0.292	   0.480
00:20:11	   30	0.293	   0.476

------------------------------

00:20:15	Parameters at epoch 30:

00:20:15	Theta:
00:20:15		-1.6046  -1.9284   1.0683  
00:20:15	Alpha:
00:20:15		 0.7110   1.6972  

------------------------------

00:20:35	Accuracy on test set with the parameters above: 0.4676666666666667

