06:07:32	Optimizer: adam
06:07:32	Optimizer params: {'lr': 0.02}
06:07:32	DataSet: binary annulus - nTrain: 500 - nValid: 0 - nTest: 3000
06:07:32	nLayers: 6 - nEpochs: 40 - batchSize: 48
06:07:32	Cost: weighted fidelity
06:07:32	Seed: None

------------------------------

06:07:37	epoch	loss	accuracy
06:07:45	    0	0.366	   0.494
06:09:16	    1	0.266	   0.476
06:10:47	    2	0.257	   0.562
06:12:18	    3	0.244	   0.536
06:13:50	    4	0.237	   0.710
06:15:22	    5	0.233	   0.634
06:16:57	    6	0.230	   0.728
06:18:28	    7	0.227	   0.722
06:20:00	    8	0.226	   0.682
06:21:30	    9	0.223	   0.740
06:23:01	   10	0.222	   0.720
06:24:35	   11	0.220	   0.764
06:26:07	   12	0.218	   0.760
06:27:36	   13	0.217	   0.792
06:29:07	   14	0.215	   0.782
06:30:39	   15	0.214	   0.768
06:32:13	   16	0.213	   0.782
06:33:44	   17	0.212	   0.786
06:35:15	   18	0.212	   0.768
06:36:47	   19	0.212	   0.746
06:38:17	   20	0.212	   0.774
06:39:52	   21	0.211	   0.754
06:41:26	   22	0.210	   0.766
06:42:58	   23	0.210	   0.766
06:44:32	   24	0.210	   0.736
06:46:04	   25	0.209	   0.766
06:47:42	   26	0.209	   0.766
06:49:14	   27	0.209	   0.746
06:50:45	   28	0.208	   0.764
06:52:18	   29	0.209	   0.758
06:53:50	   30	0.208	   0.756
06:55:27	   31	0.207	   0.760
06:56:57	   32	0.207	   0.756
06:58:30	   33	0.207	   0.772
07:00:01	   34	0.207	   0.780
07:01:32	   35	0.207	   0.766
07:03:09	   36	0.207	   0.770
07:04:41	   37	0.206	   0.766
07:06:11	   38	0.206	   0.774
07:07:43	   39	0.206	   0.778
07:09:16	   40	0.206	   0.768

------------------------------

07:09:20	Parameters at epoch 40:

07:09:20	Theta:
07:09:20		-0.6530  -2.1073  -0.5400  
07:09:20		 0.3737  -1.8339  -0.2413  
07:09:20		 0.0045   1.0480   0.9303  
07:09:20		-0.9298  -0.3305  -0.5329  
07:09:20		 0.3230   0.7451  -1.1596  
07:09:20		-1.3489   0.9281  -0.6410  
07:09:20	Alpha:
07:09:20		-0.1642   0.4032  
07:09:20		 0.7045   0.2075  
07:09:20		 1.8255  -0.0694  
07:09:20		-1.4106  -0.4046  
07:09:20		-1.0787   0.4646  
07:09:20		 0.9825   0.8764  
07:09:20	Class weight:
07:09:20		 1.3410   0.8312  

------------------------------

07:09:42	Accuracy on test set with the parameters above: 0.7626666666666667

