02:03:10	Optimizer: adam
02:03:10	Optimizer params: {'lr': 0.03}
02:03:10	DataSet: wavy lines - nTrain: 500 - nValid: 0 - nTest: 3000
02:03:10	nLayers: 1 - nEpochs: 30 - batchSize: 32
02:03:10	Cost: weighted fidelity
02:03:10	Seed: None

------------------------------

02:03:14	epoch	loss	accuracy
02:03:20	    0	0.322	   0.308
02:03:44	    1	0.216	   0.452
02:04:07	    2	0.184	   0.402
02:04:30	    3	0.158	   0.398
02:04:54	    4	0.144	   0.468
02:05:17	    5	0.137	   0.538
02:05:44	    6	0.134	   0.518
02:06:08	    7	0.134	   0.520
02:06:31	    8	0.133	   0.538
02:06:55	    9	0.134	   0.524
02:07:18	   10	0.133	   0.534
02:07:45	   11	0.133	   0.538
02:08:08	   12	0.133	   0.532
02:08:32	   13	0.134	   0.520
02:08:55	   14	0.133	   0.538
02:09:18	   15	0.133	   0.518
02:09:45	   16	0.133	   0.536
02:10:09	   17	0.134	   0.522
02:10:32	   18	0.133	   0.542
02:10:56	   19	0.133	   0.526
02:11:19	   20	0.134	   0.542
02:11:46	   21	0.133	   0.520
02:12:10	   22	0.133	   0.534
02:12:33	   23	0.133	   0.538
02:12:56	   24	0.134	   0.522
02:13:20	   25	0.133	   0.524
02:13:46	   26	0.133	   0.536
02:14:10	   27	0.133	   0.538
02:14:33	   28	0.133	   0.538
02:14:57	   29	0.133	   0.538
02:15:20	   30	0.133	   0.524

------------------------------

02:15:23	Parameters at epoch 30:

02:15:23	Theta:
02:15:23		 0.9715   2.1577   1.0322  
02:15:23	Alpha:
02:15:23		 0.0472  -0.4775  
02:15:23	Class weight:
02:15:23		 2.4646   0.5621   0.5672   2.6232  

------------------------------

02:15:41	Accuracy on test set with the parameters above: 0.49733333333333335

