08:10:27	Optimizer: adam
08:10:27	Optimizer params: {'lr': 0.02}
08:10:27	DataSet: non convex - nTrain: 500 - nValid: 0 - nTest: 3000
08:10:27	nLayers: 6 - nEpochs: 40 - batchSize: 32
08:10:27	Cost: weighted fidelity
08:10:27	Seed: None

------------------------------

08:10:31	epoch	loss	accuracy
08:10:37	    0	0.433	   0.320
08:11:55	    1	0.162	   0.782
08:13:13	    2	0.149	   0.782
08:14:30	    3	0.144	   0.788
08:15:48	    4	0.142	   0.790
08:17:06	    5	0.136	   0.798
08:18:27	    6	0.123	   0.824
08:19:45	    7	0.100	   0.860
08:21:02	    8	0.082	   0.918
08:22:20	    9	0.075	   0.926
08:23:39	   10	0.072	   0.942
08:25:01	   11	0.071	   0.936
08:26:19	   12	0.073	   0.932
08:27:38	   13	0.070	   0.936
08:28:57	   14	0.068	   0.950
08:30:15	   15	0.067	   0.944
08:31:37	   16	0.067	   0.950
08:32:54	   17	0.067	   0.954
08:34:11	   18	0.067	   0.950
08:35:28	   19	0.066	   0.956
08:36:46	   20	0.066	   0.954
08:38:07	   21	0.066	   0.960
08:39:24	   22	0.066	   0.958
08:40:39	   23	0.066	   0.950
08:41:54	   24	0.065	   0.956
08:43:08	   25	0.065	   0.952
08:44:27	   26	0.065	   0.958
08:45:42	   27	0.065	   0.962
08:46:57	   28	0.065	   0.954
08:48:12	   29	0.065	   0.966
08:49:26	   30	0.065	   0.958
08:50:44	   31	0.065	   0.958
08:51:59	   32	0.065	   0.952
08:53:14	   33	0.065	   0.962
08:54:30	   34	0.065	   0.954
08:55:45	   35	0.064	   0.960
08:57:04	   36	0.065	   0.960
08:58:19	   37	0.064	   0.958
08:59:34	   38	0.064	   0.960
09:00:50	   39	0.064	   0.958
09:02:06	   40	0.065	   0.954

------------------------------

09:02:09	Parameters at epoch 40:

09:02:09	Theta:
09:02:09		-0.7681  -0.0875   1.1119  
09:02:09		-2.3086   2.0517   0.0097  
09:02:09		-0.7084   0.6939  -0.9343  
09:02:09		-1.0682  -1.8218  -2.3744  
09:02:09		 0.2194   0.6624  -0.1420  
09:02:09		 0.9683  -1.0099  -0.2479  
09:02:09	Alpha:
09:02:09		 1.3309  -0.9715  
09:02:09		 0.0062   0.4231  
09:02:09		-0.1651   0.5105  
09:02:09		 1.1241  -0.5439  
09:02:09		-1.1572   0.6550  
09:02:09		-2.9265  -0.1212  
09:02:09	Class weight:
09:02:09		 1.1155   1.1116  

------------------------------

09:02:28	Accuracy on test set with the parameters above: 0.9466666666666667

