05:13:41	Optimizer: adam
05:13:41	Optimizer params: {'lr': 0.02}
05:13:41	DataSet: non convex - nTrain: 500 - nValid: 0 - nTest: 3000
05:13:41	nLayers: 6 - nEpochs: 40 - batchSize: 32
05:13:41	Cost: fidelity
05:13:41	Seed: None

------------------------------

05:13:47	epoch	loss	accuracy
05:13:53	    0	0.365	   0.702
05:14:39	    1	0.289	   0.750
05:15:28	    2	0.270	   0.758
05:16:15	    3	0.261	   0.772
05:17:03	    4	0.249	   0.778
05:17:52	    5	0.231	   0.834
05:18:43	    6	0.210	   0.890
05:19:30	    7	0.198	   0.902
05:20:18	    8	0.194	   0.896
05:21:05	    9	0.194	   0.894
05:21:52	   10	0.193	   0.906
05:22:43	   11	0.192	   0.898
05:23:30	   12	0.192	   0.910
05:24:17	   13	0.191	   0.902
05:25:04	   14	0.190	   0.902
05:25:52	   15	0.190	   0.900
05:26:44	   16	0.190	   0.898
05:27:31	   17	0.190	   0.900
05:28:20	   18	0.190	   0.902
05:29:07	   19	0.190	   0.890
05:29:55	   20	0.190	   0.896
05:30:46	   21	0.189	   0.896
05:31:33	   22	0.189	   0.902
05:32:21	   23	0.189	   0.898
05:33:08	   24	0.189	   0.900
05:33:55	   25	0.189	   0.894
05:34:46	   26	0.189	   0.904
05:35:33	   27	0.189	   0.894
05:36:21	   28	0.189	   0.898
05:37:09	   29	0.188	   0.894
05:37:57	   30	0.188	   0.894
05:38:50	   31	0.188	   0.898
05:39:38	   32	0.188	   0.904
05:40:25	   33	0.188	   0.898
05:41:13	   34	0.188	   0.896
05:42:00	   35	0.188	   0.898
05:42:52	   36	0.188	   0.902
05:43:38	   37	0.188	   0.892
05:44:25	   38	0.188	   0.896
05:45:12	   39	0.188	   0.896
05:45:59	   40	0.188	   0.892

------------------------------

05:46:03	Parameters at epoch 40:

05:46:03	Theta:
05:46:03		-0.1197  -2.3028  -0.2827  
05:46:03		 0.3624   1.0669  -0.8366  
05:46:03		-0.2889  -2.2905   0.0631  
05:46:03		 0.8211  -1.9815   0.3380  
05:46:03		 0.8760  -2.2347  -1.1915  
05:46:03		 0.9321  -0.0235  -0.2635  
05:46:03	Alpha:
05:46:03		-1.7260   1.5685  
05:46:03		 1.8033   0.5682  
05:46:03		 2.1224   1.1320  
05:46:03		-1.3496  -0.0325  
05:46:03		 0.8639  -1.1649  
05:46:03		 0.5123   1.0202  

------------------------------

05:46:25	Accuracy on test set with the parameters above: 0.8983333333333333

