22:23:54	Optimizer: adam
22:23:54	Optimizer params: {'lr': 0.03}
22:23:54	DataSet: circle - nTrain: 500 - nValid: 0 - nTest: 3000
22:23:54	nLayers: 2 - nEpochs: 30 - batchSize: 20
22:23:54	Cost: weighted fidelity
22:23:54	Seed: None

------------------------------

22:23:57	epoch	loss	accuracy
22:24:01	    0	0.486	   0.456
22:24:24	    1	0.237	   0.640
22:24:47	    2	0.203	   0.758
22:25:09	    3	0.179	   0.752
22:25:32	    4	0.172	   0.756
22:25:55	    5	0.169	   0.756
22:26:20	    6	0.169	   0.744
22:26:43	    7	0.167	   0.756
22:27:05	    8	0.166	   0.762
22:27:28	    9	0.164	   0.764
22:27:51	   10	0.157	   0.760
22:28:16	   11	0.141	   0.782
22:28:39	   12	0.111	   0.888
22:29:02	   13	0.100	   0.960
22:29:25	   14	0.098	   0.958
22:29:49	   15	0.097	   0.928
22:30:14	   16	0.096	   0.960
22:30:37	   17	0.096	   0.928
22:31:00	   18	0.096	   0.950
22:31:23	   19	0.095	   0.934
22:31:46	   20	0.095	   0.942
22:32:11	   21	0.095	   0.932
22:32:34	   22	0.095	   0.926
22:32:57	   23	0.095	   0.930
22:33:20	   24	0.095	   0.940
22:33:43	   25	0.095	   0.936
22:34:08	   26	0.094	   0.942
22:34:31	   27	0.095	   0.942
22:34:54	   28	0.095	   0.940
22:35:17	   29	0.094	   0.928
22:35:40	   30	0.094	   0.948

------------------------------

22:35:42	Parameters at epoch 30:

22:35:42	Theta:
22:35:42		 2.9833  -1.5875  -0.3596  
22:35:42		 0.3172  -1.5799  -0.2993  
22:35:42	Alpha:
22:35:42		-1.5709   1.1627  
22:35:42		-2.3071  -1.1740  
22:35:42	Class weight:
22:35:42		 0.9776   1.2848  

------------------------------

22:35:54	Accuracy on test set with the parameters above: 0.9433333333333334

