00:09:23	Optimizer: adam
00:09:23	Optimizer params: {'lr': 0.03}
00:09:23	DataSet: three circles - nTrain: 500 - nValid: 0 - nTest: 3000
00:09:23	nLayers: 1 - nEpochs: 30 - batchSize: 15
00:09:23	Cost: weighted fidelity
00:09:23	Seed: None

------------------------------

00:09:26	epoch	loss	accuracy
00:09:35	    0	0.360	   0.218
00:09:59	    1	0.158	   0.436
00:10:24	    2	0.149	   0.456
00:10:49	    3	0.150	   0.432
00:11:14	    4	0.152	   0.378
00:11:39	    5	0.149	   0.378
00:12:08	    6	0.148	   0.422
00:12:33	    7	0.148	   0.430
00:12:58	    8	0.147	   0.440
00:13:23	    9	0.150	   0.434
00:13:48	   10	0.148	   0.432
00:14:17	   11	0.148	   0.418
00:14:43	   12	0.147	   0.432
00:15:08	   13	0.148	   0.456
00:15:34	   14	0.149	   0.440
00:15:59	   15	0.148	   0.408
00:16:28	   16	0.149	   0.442
00:16:54	   17	0.148	   0.446
00:17:19	   18	0.147	   0.450
00:17:45	   19	0.148	   0.470
00:18:11	   20	0.147	   0.462
00:18:41	   21	0.148	   0.442
00:19:07	   22	0.149	   0.404
00:19:33	   23	0.147	   0.444
00:19:58	   24	0.147	   0.452
00:20:24	   25	0.149	   0.418
00:20:54	   26	0.147	   0.452
00:21:20	   27	0.147	   0.444
00:21:46	   28	0.147	   0.448
00:22:12	   29	0.148	   0.436
00:22:38	   30	0.147	   0.440

------------------------------

00:22:41	Parameters at epoch 30:

00:22:41	Theta:
00:22:41		-2.0378   0.1097  -1.5709  
00:22:41	Alpha:
00:22:41		-1.8965  -0.3383  
00:22:41	Class weight:
00:22:41		 0.4834   1.4187   1.5687   1.5249  

------------------------------

00:23:01	Accuracy on test set with the parameters above: 0.45266666666666666

