08:10:41	Optimizer: adam
08:10:41	Optimizer params: {'lr': 0.02}
08:10:41	DataSet: non convex - nTrain: 500 - nValid: 0 - nTest: 3000
08:10:41	nLayers: 8 - nEpochs: 40 - batchSize: 32
08:10:41	Cost: fidelity
08:10:41	Seed: None

------------------------------

08:10:46	epoch	loss	accuracy
08:10:52	    0	0.438	   0.590
08:11:57	    1	0.288	   0.752
08:13:02	    2	0.276	   0.750
08:14:07	    3	0.266	   0.750
08:15:12	    4	0.256	   0.762
08:16:18	    5	0.243	   0.784
08:17:28	    6	0.228	   0.850
08:18:33	    7	0.218	   0.854
08:19:38	    8	0.212	   0.872
08:20:44	    9	0.212	   0.862
08:21:49	   10	0.209	   0.876
08:22:59	   11	0.212	   0.924
08:24:04	   12	0.207	   0.884
08:25:09	   13	0.210	   0.860
08:26:14	   14	0.206	   0.876
08:27:19	   15	0.204	   0.886
08:28:29	   16	0.203	   0.896
08:29:34	   17	0.202	   0.890
08:30:39	   18	0.201	   0.922
08:31:46	   19	0.199	   0.920
08:32:51	   20	0.199	   0.926
08:34:01	   21	0.198	   0.930
08:35:06	   22	0.196	   0.922
08:36:11	   23	0.194	   0.922
08:37:16	   24	0.193	   0.920
08:38:21	   25	0.193	   0.920
08:39:30	   26	0.191	   0.920
08:40:36	   27	0.190	   0.918
08:41:41	   28	0.189	   0.926
08:42:45	   29	0.189	   0.910
08:43:49	   30	0.188	   0.916
08:44:57	   31	0.187	   0.928
08:46:00	   32	0.186	   0.926
08:47:04	   33	0.186	   0.930
08:48:07	   34	0.186	   0.916
08:49:10	   35	0.185	   0.920
08:50:18	   36	0.185	   0.926
08:51:21	   37	0.184	   0.924
08:52:25	   38	0.183	   0.920
08:53:28	   39	0.183	   0.912
08:54:32	   40	0.182	   0.916

------------------------------

08:54:36	Parameters at epoch 40:

08:54:36	Theta:
08:54:36		-1.0151   0.5116  -0.6620  
08:54:36		-1.4800  -0.4627   1.0554  
08:54:36		-0.9018   0.3680  -1.6923  
08:54:36		 0.2938  -1.1138   0.3221  
08:54:36		 1.3854   0.7636   0.4093  
08:54:36		 1.9860   0.9525   0.7892  
08:54:36		-0.8979  -0.4972  -2.3922  
08:54:36		 0.0810   1.4417  -0.5283  
08:54:36	Alpha:
08:54:36		 1.4317  -0.4809  
08:54:36		 0.4077   0.0469  
08:54:36		 0.0473   0.4639  
08:54:36		-0.0967  -0.5794  
08:54:36		 0.9749   1.2383  
08:54:36		 1.2087   1.4714  
08:54:36		 1.5452  -1.9377  
08:54:36		 1.4161  -0.4095  

------------------------------

08:54:59	Accuracy on test set with the parameters above: 0.92

