04:00:16	Optimizer: adam
04:00:16	Optimizer params: {'lr': 0.02}
04:00:16	DataSet: non convex - nTrain: 500 - nValid: 0 - nTest: 3000
04:00:16	nLayers: 8 - nEpochs: 40 - batchSize: 32
04:00:16	Cost: weighted fidelity
04:00:16	Seed: None

------------------------------

04:00:21	epoch	loss	accuracy
04:00:29	    0	0.299	   0.576
04:02:36	    1	0.099	   0.876
04:04:42	    2	0.074	   0.932
04:06:49	    3	0.068	   0.944
04:08:55	    4	0.064	   0.960
04:11:01	    5	0.063	   0.958
04:13:12	    6	0.061	   0.954
04:15:18	    7	0.061	   0.960
04:17:25	    8	0.063	   0.944
04:19:31	    9	0.060	   0.956
04:21:37	   10	0.061	   0.954
04:23:49	   11	0.058	   0.960
04:25:55	   12	0.058	   0.956
04:28:02	   13	0.058	   0.954
04:30:07	   14	0.058	   0.958
04:32:14	   15	0.059	   0.952
04:34:25	   16	0.060	   0.956
04:36:32	   17	0.057	   0.950
04:38:39	   18	0.057	   0.960
04:40:46	   19	0.057	   0.956
04:42:53	   20	0.056	   0.964
04:45:04	   21	0.056	   0.964
04:47:10	   22	0.056	   0.962
04:49:17	   23	0.056	   0.962
04:51:23	   24	0.056	   0.958
04:53:31	   25	0.056	   0.968
04:55:42	   26	0.055	   0.960
04:57:49	   27	0.056	   0.962
04:59:57	   28	0.055	   0.968
05:02:04	   29	0.055	   0.962
05:04:12	   30	0.055	   0.962
05:06:24	   31	0.055	   0.962
05:08:32	   32	0.055	   0.958
05:10:39	   33	0.055	   0.960
05:12:46	   34	0.055	   0.964
05:14:53	   35	0.054	   0.962
05:17:04	   36	0.054	   0.962
05:19:12	   37	0.054	   0.962
05:21:19	   38	0.054	   0.968
05:23:27	   39	0.054	   0.964
05:25:35	   40	0.054	   0.966

------------------------------

05:25:39	Parameters at epoch 40:

05:25:39	Theta:
05:25:39		 0.3346  -1.1856  -0.1318  
05:25:39		 0.2229  -3.0156  -0.2532  
05:25:39		-0.3002  -0.2873  -0.7206  
05:25:39		 0.1075   1.5043  -0.5342  
05:25:39		 0.7975   0.0801   0.8710  
05:25:39		 0.4657   2.6135   1.6174  
05:25:39		 0.4986   1.2635  -0.0930  
05:25:39		-1.0437   0.8806  -0.3384  
05:25:39	Alpha:
05:25:39		 0.2209   0.2204  
05:25:39		-0.5062  -1.7697  
05:25:39		-0.7396   0.5014  
05:25:39		 0.3236   1.8816  
05:25:39		-2.3413  -0.9336  
05:25:39		-1.8363  -1.1478  
05:25:39		 0.6989  -1.2417  
05:25:39		-0.8903   0.8019  
05:25:39	Class weight:
05:25:39		 1.1239   1.0729  

------------------------------

05:26:03	Accuracy on test set with the parameters above: 0.9453333333333334

