07:27:43	Optimizer: adam
07:27:43	Optimizer params: {'lr': 0.02}
07:27:43	DataSet: binary annulus - nTrain: 500 - nValid: 0 - nTest: 3000
07:27:43	nLayers: 2 - nEpochs: 40 - batchSize: 48
07:27:43	Cost: fidelity
07:27:43	Seed: None

------------------------------

07:27:46	epoch	loss	accuracy
07:27:49	    0	0.531	   0.494
07:28:02	    1	0.519	   0.494
07:28:14	    2	0.511	   0.494
07:28:26	    3	0.508	   0.494
07:28:38	    4	0.505	   0.494
07:28:50	    5	0.503	   0.494
07:29:05	    6	0.502	   0.494
07:29:17	    7	0.499	   0.494
07:29:30	    8	0.496	   0.494
07:29:42	    9	0.492	   0.494
07:29:54	   10	0.484	   0.494
07:30:09	   11	0.475	   0.494
07:30:21	   12	0.463	   0.518
07:30:34	   13	0.449	   0.584
07:30:46	   14	0.439	   0.596
07:30:58	   15	0.430	   0.614
07:31:13	   16	0.425	   0.626
07:31:25	   17	0.421	   0.622
07:31:38	   18	0.419	   0.622
07:31:50	   19	0.418	   0.626
07:32:03	   20	0.416	   0.628
07:32:17	   21	0.416	   0.634
07:32:30	   22	0.415	   0.630
07:32:42	   23	0.415	   0.628
07:32:54	   24	0.415	   0.638
07:33:07	   25	0.414	   0.626
07:33:21	   26	0.414	   0.624
07:33:34	   27	0.414	   0.624
07:33:46	   28	0.414	   0.626
07:33:58	   29	0.414	   0.628
07:34:11	   30	0.414	   0.628
07:34:25	   31	0.414	   0.624
07:34:38	   32	0.413	   0.624
07:34:50	   33	0.413	   0.624
07:35:03	   34	0.413	   0.624
07:35:15	   35	0.413	   0.626
07:35:30	   36	0.413	   0.626
07:35:42	   37	0.413	   0.626
07:35:55	   38	0.413	   0.624
07:36:07	   39	0.413	   0.624
07:36:19	   40	0.413	   0.624

------------------------------

07:36:22	Parameters at epoch 40:

07:36:22	Theta:
07:36:22		-1.3759   2.0433   1.6554  
07:36:22		 1.4440  -1.0082  -0.6108  
07:36:22	Alpha:
07:36:22		-0.3183  -2.3817  
07:36:22		-0.0418   0.7924  

------------------------------

07:36:33	Accuracy on test set with the parameters above: 0.6076666666666667

