22:36:18	Optimizer: adam
22:36:18	Optimizer params: {'lr': 0.03}
22:36:18	DataSet: three circles - nTrain: 500 - nValid: 0 - nTest: 3000
22:36:18	nLayers: 6 - nEpochs: 30 - batchSize: 15
22:36:18	Cost: weighted fidelity
22:36:18	Seed: None

------------------------------

22:36:26	epoch	loss	accuracy
22:36:41	    0	0.265	   0.296
22:39:42	    1	0.131	   0.646
22:42:45	    2	0.117	   0.692
22:45:46	    3	0.114	   0.684
22:48:48	    4	0.117	   0.706
22:51:50	    5	0.113	   0.616
22:55:00	    6	0.117	   0.748
22:58:01	    7	0.113	   0.636
23:01:05	    8	0.112	   0.724
23:04:07	    9	0.116	   0.616
23:07:11	   10	0.110	   0.724
23:10:21	   11	0.113	   0.726
23:13:22	   12	0.116	   0.746
23:16:29	   13	0.108	   0.702
23:19:32	   14	0.109	   0.706
23:22:33	   15	0.109	   0.728
23:25:44	   16	0.107	   0.740
23:28:47	   17	0.109	   0.748
23:31:52	   18	0.108	   0.726
23:34:55	   19	0.109	   0.702
23:37:56	   20	0.107	   0.726
23:41:06	   21	0.108	   0.752
23:44:08	   22	0.112	   0.718
23:47:11	   23	0.107	   0.730
23:50:14	   24	0.106	   0.722
23:53:17	   25	0.110	   0.672
23:56:27	   26	0.106	   0.754
23:59:31	   27	0.105	   0.744
00:02:34	   28	0.108	   0.736
00:05:38	   29	0.105	   0.718
00:08:40	   30	0.105	   0.728

------------------------------

00:08:48	Parameters at epoch 30:

00:08:48	Theta:
00:08:48		 0.9456  -1.7850  -0.1831  
00:08:48		-1.6826  -0.5613  -1.7064  
00:08:48		 0.2804   1.0410  -0.4148  
00:08:48		 0.3296   0.6106  -0.0170  
00:08:48		-2.3029   1.7503   1.2910  
00:08:48		-0.3991  -0.7134   0.2778  
00:08:48	Alpha:
00:08:48		 0.9787  -1.6640  
00:08:48		-1.4081   0.1621  
00:08:48		 1.6126   0.3010  
00:08:48		 0.3221  -0.1880  
00:08:48		 0.9527  -1.5301  
00:08:48		-0.4939   0.5325  
00:08:48	Class weight:
00:08:48		 1.6107   1.1220   1.0543   0.6629  

------------------------------

00:09:30	Accuracy on test set with the parameters above: 0.7223333333333334

