22:19:44	Optimizer: adam
22:19:44	Optimizer params: {'lr': 0.03}
22:19:44	DataSet: sphere - nTrain: 500 - nValid: 0 - nTest: 3000
22:19:44	nLayers: 6 - nEpochs: 30 - batchSize: 32
22:19:44	Cost: fidelity
22:19:44	Seed: None

------------------------------

22:19:47	epoch	loss	accuracy
22:19:54	    0	0.472	   0.530
22:20:46	    1	0.340	   0.722
22:21:38	    2	0.290	   0.772
22:22:30	    3	0.284	   0.782
22:23:23	    4	0.278	   0.778
22:24:15	    5	0.276	   0.782
22:25:11	    6	0.276	   0.782
22:26:04	    7	0.274	   0.800
22:26:57	    8	0.273	   0.786
22:27:50	    9	0.272	   0.790
22:28:43	   10	0.271	   0.796
22:29:39	   11	0.270	   0.786
22:30:32	   12	0.269	   0.798
22:31:25	   13	0.269	   0.794
22:32:18	   14	0.269	   0.796
22:33:11	   15	0.269	   0.796
22:34:07	   16	0.270	   0.798
22:35:00	   17	0.267	   0.800
22:35:53	   18	0.267	   0.806
22:36:47	   19	0.267	   0.798
22:37:40	   20	0.268	   0.800
22:38:36	   21	0.267	   0.806
22:39:29	   22	0.267	   0.800
22:40:22	   23	0.266	   0.800
22:41:16	   24	0.266	   0.804
22:42:10	   25	0.266	   0.806
22:43:07	   26	0.266	   0.796
22:44:00	   27	0.266	   0.800
22:44:54	   28	0.266	   0.802
22:45:47	   29	0.265	   0.804
22:46:41	   30	0.265	   0.802

------------------------------

22:46:45	Parameters at epoch 30:

22:46:45	Theta:
22:46:45		-1.3223  -0.7182  -0.4273  
22:46:45		-1.3038   0.3980   0.6270  
22:46:45		 0.3009   0.4974   0.6574  
22:46:45		 0.6774  -1.8807  -0.7419  
22:46:45		-0.6996  -0.4637   1.0339  
22:46:45		 1.2560  -1.0562  -1.4639  
22:46:45	Alpha:
22:46:45		 0.5034  -0.5938  -1.7000  
22:46:45		-0.6266  -0.1581   2.0104  
22:46:45		 1.2219  -0.1380   0.5546  
22:46:45		-0.4237   0.3716   0.5204  
22:46:45		-0.1910  -0.9764  -1.2898  
22:46:45		 0.1342  -0.6096  -2.2949  

------------------------------

22:47:06	Accuracy on test set with the parameters above: 0.7463333333333333

