23:03:07	Optimizer: adam
23:03:07	Optimizer params: {'lr': 0.03}
23:03:07	DataSet: sphere - nTrain: 500 - nValid: 0 - nTest: 3000
23:03:07	nLayers: 2 - nEpochs: 30 - batchSize: 32
23:03:07	Cost: weighted fidelity
23:03:07	Seed: None

------------------------------

23:03:09	epoch	loss	accuracy
23:03:14	    0	0.430	   0.470
23:03:38	    1	0.271	   0.570
23:04:03	    2	0.245	   0.636
23:04:27	    3	0.232	   0.672
23:04:52	    4	0.224	   0.654
23:05:16	    5	0.222	   0.644
23:05:43	    6	0.220	   0.668
23:06:07	    7	0.217	   0.664
23:06:32	    8	0.209	   0.680
23:06:57	    9	0.200	   0.702
23:07:21	   10	0.196	   0.696
23:07:48	   11	0.196	   0.696
23:08:13	   12	0.195	   0.704
23:08:37	   13	0.194	   0.702
23:09:02	   14	0.194	   0.708
23:09:27	   15	0.194	   0.700
23:09:53	   16	0.193	   0.700
23:10:18	   17	0.194	   0.692
23:10:42	   18	0.194	   0.696
23:11:07	   19	0.193	   0.696
23:11:32	   20	0.193	   0.704
23:11:59	   21	0.194	   0.700
23:12:23	   22	0.193	   0.694
23:12:48	   23	0.193	   0.698
23:13:13	   24	0.193	   0.698
23:13:37	   25	0.193	   0.708
23:14:04	   26	0.193	   0.702
23:14:28	   27	0.194	   0.694
23:14:53	   28	0.193	   0.700
23:15:18	   29	0.193	   0.702
23:15:42	   30	0.193	   0.698

------------------------------

23:15:45	Parameters at epoch 30:

23:15:45	Theta:
23:15:45		 1.8300  -1.1965  -1.7541  
23:15:45		-1.3576   1.1301  -0.5470  
23:15:45	Alpha:
23:15:45		-0.1353   0.1510  -0.9000  
23:15:45		 2.3696   0.0578   0.0633  
23:15:45	Class weight:
23:15:45		 1.0126   1.0016  

------------------------------

23:15:56	Accuracy on test set with the parameters above: 0.7033333333333334

