23:16:12	Optimizer: adam
23:16:12	Optimizer params: {'lr': 0.03}
23:16:12	DataSet: sphere - nTrain: 500 - nValid: 0 - nTest: 3000
23:16:12	nLayers: 1 - nEpochs: 30 - batchSize: 32
23:16:12	Cost: weighted fidelity
23:16:12	Seed: None

------------------------------

23:16:13	epoch	loss	accuracy
23:16:17	    0	0.459	   0.452
23:16:30	    1	0.263	   0.426
23:16:43	    2	0.254	   0.548
23:16:56	    3	0.248	   0.548
23:17:09	    4	0.248	   0.548
23:17:22	    5	0.248	   0.548
23:17:36	    6	0.248	   0.548
23:17:50	    7	0.248	   0.548
23:18:03	    8	0.248	   0.548
23:18:16	    9	0.248	   0.548
23:18:29	   10	0.248	   0.548
23:18:43	   11	0.248	   0.548
23:18:57	   12	0.247	   0.548
23:19:10	   13	0.247	   0.548
23:19:23	   14	0.247	   0.604
23:19:36	   15	0.247	   0.548
23:19:51	   16	0.247	   0.576
23:20:04	   17	0.247	   0.548
23:20:17	   18	0.247	   0.598
23:20:30	   19	0.247	   0.570
23:20:43	   20	0.247	   0.548
23:20:58	   21	0.247	   0.548
23:21:11	   22	0.247	   0.622
23:21:24	   23	0.247	   0.548
23:21:37	   24	0.247	   0.614
23:21:50	   25	0.247	   0.656
23:22:05	   26	0.247	   0.562
23:22:18	   27	0.247	   0.562
23:22:31	   28	0.247	   0.594
23:22:45	   29	0.247	   0.550
23:22:58	   30	0.247	   0.548

------------------------------

23:22:59	Parameters at epoch 30:

23:22:59	Theta:
23:22:59		 1.7102  -1.2388   0.9404  
23:22:59	Alpha:
23:22:59		-1.3806  -0.1105   1.3551  
23:22:59	Class weight:
23:22:59		 0.6586   1.6795  

------------------------------

23:23:09	Accuracy on test set with the parameters above: 0.502

