22:04:55	Optimizer: adam
22:04:55	Optimizer params: {'lr': 0.03}
22:04:55	DataSet: sphere - nTrain: 500 - nValid: 0 - nTest: 3000
22:04:55	nLayers: 4 - nEpochs: 30 - batchSize: 32
22:04:55	Cost: weighted fidelity
22:04:55	Seed: None

------------------------------

22:04:58	epoch	loss	accuracy
22:05:05	    0	0.307	   0.470
22:06:04	    1	0.196	   0.720
22:07:02	    2	0.180	   0.734
22:08:01	    3	0.170	   0.776
22:09:00	    4	0.157	   0.788
22:09:59	    5	0.148	   0.818
22:11:01	    6	0.143	   0.796
22:12:01	    7	0.140	   0.814
22:13:00	    8	0.139	   0.806
22:14:00	    9	0.139	   0.802
22:15:00	   10	0.138	   0.800
22:16:02	   11	0.138	   0.802
22:17:01	   12	0.138	   0.798
22:18:00	   13	0.137	   0.796
22:19:00	   14	0.138	   0.804
22:19:59	   15	0.137	   0.802
22:21:02	   16	0.137	   0.800
22:22:01	   17	0.136	   0.804
22:23:00	   18	0.136	   0.790
22:24:00	   19	0.136	   0.804
22:25:00	   20	0.135	   0.806
22:26:01	   21	0.135	   0.800
22:27:01	   22	0.135	   0.810
22:28:01	   23	0.135	   0.810
22:29:00	   24	0.134	   0.806
22:30:00	   25	0.134	   0.804
22:31:04	   26	0.134	   0.804
22:32:04	   27	0.133	   0.800
22:33:03	   28	0.133	   0.810
22:34:03	   29	0.132	   0.810
22:35:04	   30	0.132	   0.814

------------------------------

22:35:08	Parameters at epoch 30:

22:35:08	Theta:
22:35:08		 0.9359  -0.9075  -0.5145  
22:35:08		 0.3718  -0.4427  -0.3766  
22:35:08		 0.5149  -0.8328   0.9821  
22:35:08		-0.9949  -0.8963  -0.0346  
22:35:08	Alpha:
22:35:08		-1.5337  -0.5324  -0.6962  
22:35:08		-0.5886   0.4235   0.9768  
22:35:08		 0.9496   0.5328   2.3165  
22:35:08		 1.9748   0.1587  -2.8406  
22:35:08	Class weight:
22:35:08		 1.0900   1.0400  

------------------------------

22:35:25	Accuracy on test set with the parameters above: 0.7753333333333333

