01:46:49	Optimizer: adam
01:46:49	Optimizer params: {'lr': 0.03}
01:46:49	DataSet: wavy lines - nTrain: 500 - nValid: 0 - nTest: 3000
01:46:49	nLayers: 2 - nEpochs: 30 - batchSize: 32
01:46:49	Cost: weighted fidelity
01:46:49	Seed: None

------------------------------

01:46:55	epoch	loss	accuracy
01:47:03	    0	0.370	   0.228
01:47:45	    1	0.210	   0.420
01:48:27	    2	0.175	   0.552
01:49:09	    3	0.132	   0.588
01:49:51	    4	0.112	   0.796
01:50:33	    5	0.107	   0.808
01:51:20	    6	0.101	   0.842
01:52:03	    7	0.098	   0.840
01:52:45	    8	0.096	   0.830
01:53:27	    9	0.095	   0.816
01:54:10	   10	0.095	   0.844
01:54:56	   11	0.095	   0.814
01:55:39	   12	0.094	   0.830
01:56:21	   13	0.095	   0.830
01:57:04	   14	0.094	   0.832
01:57:46	   15	0.094	   0.838
01:58:33	   16	0.094	   0.810
01:59:15	   17	0.095	   0.812
01:59:57	   18	0.094	   0.830
02:00:40	   19	0.094	   0.826
02:01:22	   20	0.094	   0.832
02:02:09	   21	0.094	   0.840
02:02:52	   22	0.094	   0.834
02:03:34	   23	0.094	   0.834
02:04:16	   24	0.094	   0.828
02:04:58	   25	0.094	   0.830
02:05:45	   26	0.094	   0.832
02:06:28	   27	0.094	   0.830
02:07:10	   28	0.094	   0.824
02:07:53	   29	0.094	   0.838
02:08:35	   30	0.094	   0.834

------------------------------

02:08:40	Parameters at epoch 30:

02:08:40	Theta:
02:08:40		 0.2471   1.3939   0.4852  
02:08:40		-1.1294  -1.7455   0.6326  
02:08:40	Alpha:
02:08:40		 0.6710  -0.2342  
02:08:40		-1.4437   1.3770  
02:08:40	Class weight:
02:08:40		 0.7421   0.9849   1.5379   0.9355  

------------------------------

02:09:02	Accuracy on test set with the parameters above: 0.8223333333333334

