06:11:59	Optimizer: adam
06:11:59	Optimizer params: {'lr': 0.02}
06:11:59	DataSet: binary annulus - nTrain: 500 - nValid: 0 - nTest: 3000
06:11:59	nLayers: 4 - nEpochs: 40 - batchSize: 48
06:11:59	Cost: weighted fidelity
06:11:59	Seed: None

------------------------------

06:12:03	epoch	loss	accuracy
06:12:08	    0	0.336	   0.486
06:12:56	    1	0.255	   0.580
06:13:44	    2	0.234	   0.630
06:14:31	    3	0.222	   0.674
06:15:19	    4	0.217	   0.642
06:16:07	    5	0.214	   0.664
06:16:58	    6	0.212	   0.664
06:17:46	    7	0.210	   0.672
06:18:33	    8	0.208	   0.666
06:19:21	    9	0.206	   0.666
06:20:09	   10	0.204	   0.676
06:21:01	   11	0.203	   0.672
06:21:49	   12	0.202	   0.676
06:22:37	   13	0.200	   0.674
06:23:25	   14	0.200	   0.676
06:24:12	   15	0.199	   0.672
06:25:03	   16	0.199	   0.672
06:25:51	   17	0.198	   0.658
06:26:39	   18	0.198	   0.668
06:27:27	   19	0.197	   0.662
06:28:15	   20	0.197	   0.678
06:29:06	   21	0.197	   0.662
06:29:54	   22	0.196	   0.666
06:30:41	   23	0.196	   0.670
06:31:29	   24	0.196	   0.664
06:32:17	   25	0.195	   0.672
06:33:08	   26	0.195	   0.674
06:33:56	   27	0.194	   0.672
06:34:44	   28	0.194	   0.682
06:35:32	   29	0.193	   0.678
06:36:20	   30	0.193	   0.680
06:37:10	   31	0.192	   0.682
06:37:58	   32	0.191	   0.688
06:38:47	   33	0.190	   0.692
06:39:35	   34	0.189	   0.692
06:40:23	   35	0.188	   0.696
06:41:14	   36	0.187	   0.708
06:42:03	   37	0.185	   0.710
06:42:51	   38	0.184	   0.710
06:43:41	   39	0.182	   0.720
06:44:29	   40	0.181	   0.722

------------------------------

06:44:33	Parameters at epoch 40:

06:44:33	Theta:
06:44:33		-0.5758   0.4511  -1.2011  
06:44:33		-0.7961   0.3418  -1.0639  
06:44:33		-0.0682   2.1107  -1.0623  
06:44:33		-0.7280   0.0172  -0.2898  
06:44:33	Alpha:
06:44:33		-1.2426  -2.4817  
06:44:33		 1.2149   2.1568  
06:44:33		 0.1710  -1.7792  
06:44:33		 0.3112  -1.9600  
06:44:33	Class weight:
06:44:33		 1.2540   0.8672  

------------------------------

06:44:49	Accuracy on test set with the parameters above: 0.6876666666666666

