06:11:52	Optimizer: adam
06:11:52	Optimizer params: {'lr': 0.02}
06:11:52	DataSet: binary annulus - nTrain: 500 - nValid: 0 - nTest: 3000
06:11:52	nLayers: 4 - nEpochs: 40 - batchSize: 48
06:11:52	Cost: weighted fidelity
06:11:52	Seed: None

------------------------------

06:11:56	epoch	loss	accuracy
06:12:02	    0	0.328	   0.506
06:12:54	    1	0.293	   0.528
06:13:46	    2	0.276	   0.576
06:14:39	    3	0.255	   0.568
06:15:31	    4	0.233	   0.640
06:16:23	    5	0.216	   0.670
06:17:18	    6	0.207	   0.732
06:18:10	    7	0.198	   0.746
06:19:01	    8	0.190	   0.776
06:19:53	    9	0.183	   0.748
06:20:45	   10	0.177	   0.778
06:21:40	   11	0.172	   0.762
06:22:32	   12	0.169	   0.762
06:23:23	   13	0.166	   0.758
06:24:15	   14	0.163	   0.744
06:25:07	   15	0.162	   0.782
06:26:03	   16	0.159	   0.744
06:26:54	   17	0.157	   0.754
06:27:46	   18	0.156	   0.748
06:28:38	   19	0.155	   0.750
06:29:29	   20	0.154	   0.772
06:30:25	   21	0.153	   0.758
06:31:17	   22	0.152	   0.766
06:32:09	   23	0.152	   0.768
06:33:00	   24	0.151	   0.780
06:33:52	   25	0.151	   0.776
06:34:47	   26	0.151	   0.762
06:35:40	   27	0.151	   0.756
06:36:32	   28	0.151	   0.768
06:37:24	   29	0.150	   0.762
06:38:17	   30	0.150	   0.762
06:39:12	   31	0.150	   0.774
06:40:05	   32	0.150	   0.762
06:40:58	   33	0.150	   0.770
06:41:51	   34	0.150	   0.770
06:42:43	   35	0.150	   0.768
06:43:40	   36	0.150	   0.766
06:44:32	   37	0.150	   0.770
06:45:25	   38	0.150	   0.772
06:46:18	   39	0.150	   0.762
06:47:11	   40	0.150	   0.774

------------------------------

06:47:14	Parameters at epoch 40:

06:47:14	Theta:
06:47:14		 0.0355   1.1614  -1.4933  
06:47:14		 0.4754  -0.2277  -0.0688  
06:47:14		 0.3045  -0.3846  -1.2149  
06:47:14		-1.1150  -0.9567  -0.0798  
06:47:14	Alpha:
06:47:14		 0.2464  -1.2031  
06:47:14		 1.2729   2.7426  
06:47:14		-1.7700   1.8413  
06:47:14		-0.4951   2.7893  
06:47:14	Class weight:
06:47:14		 1.0481   1.0663  

------------------------------

06:47:32	Accuracy on test set with the parameters above: 0.7486666666666667

