20:44:07	Optimizer: adam
20:44:07	Optimizer params: {'lr': 0.03}
20:44:07	DataSet: sphere - nTrain: 500 - nValid: 0 - nTest: 3000
20:44:07	nLayers: 6 - nEpochs: 30 - batchSize: 32
20:44:07	Cost: weighted fidelity
20:44:07	Seed: None

------------------------------

20:44:11	epoch	loss	accuracy
20:44:19	    0	0.287	   0.564
20:46:13	    1	0.187	   0.716
20:48:09	    2	0.157	   0.784
20:50:05	    3	0.140	   0.808
20:52:01	    4	0.127	   0.830
20:53:57	    5	0.118	   0.844
20:55:56	    6	0.113	   0.858
20:57:52	    7	0.113	   0.864
20:59:48	    8	0.111	   0.856
21:01:43	    9	0.109	   0.868
21:03:39	   10	0.110	   0.854
21:05:39	   11	0.110	   0.864
21:07:34	   12	0.108	   0.868
21:09:29	   13	0.108	   0.866
21:11:25	   14	0.109	   0.862
21:13:21	   15	0.107	   0.872
21:15:21	   16	0.107	   0.874
21:17:18	   17	0.106	   0.864
21:19:15	   18	0.106	   0.872
21:21:12	   19	0.106	   0.868
21:23:10	   20	0.106	   0.878
21:25:11	   21	0.105	   0.870
21:27:07	   22	0.105	   0.870
21:29:05	   23	0.105	   0.872
21:31:02	   24	0.105	   0.870
21:32:59	   25	0.105	   0.870
21:35:02	   26	0.104	   0.878
21:37:01	   27	0.104	   0.874
21:38:59	   28	0.104	   0.878
21:40:56	   29	0.104	   0.878
21:42:54	   30	0.103	   0.876

------------------------------

21:42:59	Parameters at epoch 30:

21:42:59	Theta:
21:42:59		-1.3935   2.0424   0.0459  
21:42:59		-0.9076  -1.8340  -1.2657  
21:42:59		 1.2285   1.5320  -0.5226  
21:42:59		-0.5407  -0.5734   0.4139  
21:42:59		-0.4207   0.4207   0.8885  
21:42:59		 0.9195   1.4078   0.2525  
21:42:59	Alpha:
21:42:59		-0.6143   0.8775  -0.7070  
21:42:59		 2.5159   0.5647  -0.4112  
21:42:59		 0.7082   0.5975   0.6789  
21:42:59		-0.7216  -1.2307  -0.7617  
21:42:59		 0.3445  -2.0406  -1.3589  
21:42:59		-1.7475  -0.1576   0.4332  
21:42:59	Class weight:
21:42:59		 1.0825   1.0599  

------------------------------

21:43:24	Accuracy on test set with the parameters above: 0.8163333333333334

