23:20:32	Optimizer: adam
23:20:32	Optimizer params: {'lr': 0.03}
23:20:32	DataSet: sphere - nTrain: 500 - nValid: 0 - nTest: 3000
23:20:32	nLayers: 2 - nEpochs: 30 - batchSize: 32
23:20:32	Cost: fidelity
23:20:32	Seed: None

------------------------------

23:20:34	epoch	loss	accuracy
23:20:37	    0	0.547	   0.450
23:20:51	    1	0.490	   0.474
23:21:04	    2	0.422	   0.648
23:21:18	    3	0.364	   0.680
23:21:32	    4	0.342	   0.698
23:21:45	    5	0.335	   0.704
23:22:00	    6	0.332	   0.692
23:22:14	    7	0.329	   0.716
23:22:28	    8	0.326	   0.738
23:22:41	    9	0.325	   0.738
23:22:55	   10	0.324	   0.750
23:23:10	   11	0.323	   0.764
23:23:24	   12	0.322	   0.758
23:23:37	   13	0.321	   0.748
23:23:51	   14	0.321	   0.752
23:24:05	   15	0.320	   0.744
23:24:20	   16	0.320	   0.750
23:24:34	   17	0.319	   0.748
23:24:47	   18	0.319	   0.756
23:25:01	   19	0.319	   0.766
23:25:15	   20	0.318	   0.762
23:25:30	   21	0.318	   0.754
23:25:44	   22	0.318	   0.748
23:25:57	   23	0.318	   0.754
23:26:11	   24	0.318	   0.758
23:26:24	   25	0.318	   0.754
23:26:40	   26	0.318	   0.752
23:26:53	   27	0.317	   0.752
23:27:07	   28	0.317	   0.754
23:27:21	   29	0.317	   0.758
23:27:35	   30	0.317	   0.752

------------------------------

23:27:37	Parameters at epoch 30:

23:27:37	Theta:
23:27:37		 0.0631   1.4226  -0.0368  
23:27:37		-2.9182  -1.4276   0.4381  
23:27:37	Alpha:
23:27:37		-0.7851   1.2221   0.0951  
23:27:37		-2.5929   1.2565   0.0171  

------------------------------

23:27:48	Accuracy on test set with the parameters above: 0.7206666666666667

