00:59:54	Optimizer: adam
00:59:54	Optimizer params: {'lr': 0.03}
00:59:54	DataSet: wavy lines - nTrain: 500 - nValid: 0 - nTest: 3000
00:59:54	nLayers: 4 - nEpochs: 30 - batchSize: 32
00:59:54	Cost: weighted fidelity
00:59:54	Seed: None

------------------------------

00:59:59	epoch	loss	accuracy
01:00:14	    0	0.365	   0.128
01:01:58	    1	0.134	   0.698
01:03:43	    2	0.098	   0.848
01:05:27	    3	0.089	   0.834
01:07:12	    4	0.086	   0.876
01:08:57	    5	0.087	   0.872
01:10:52	    6	0.084	   0.868
01:12:38	    7	0.084	   0.864
01:14:24	    8	0.083	   0.862
01:16:12	    9	0.084	   0.868
01:17:59	   10	0.083	   0.868
01:19:52	   11	0.084	   0.866
01:21:38	   12	0.083	   0.860
01:23:25	   13	0.083	   0.862
01:25:11	   14	0.083	   0.872
01:26:57	   15	0.084	   0.862
01:28:49	   16	0.083	   0.866
01:30:37	   17	0.083	   0.856
01:32:24	   18	0.083	   0.876
01:34:10	   19	0.083	   0.870
01:35:58	   20	0.083	   0.868
01:37:52	   21	0.083	   0.866
01:39:39	   22	0.083	   0.856
01:41:27	   23	0.083	   0.872
01:43:14	   24	0.082	   0.868
01:45:00	   25	0.082	   0.868
01:46:53	   26	0.082	   0.864
01:48:40	   27	0.082	   0.868
01:50:27	   28	0.082	   0.866
01:52:15	   29	0.082	   0.866
01:54:02	   30	0.082	   0.866

------------------------------

01:54:09	Parameters at epoch 30:

01:54:09	Theta:
01:54:09		 0.6161  -1.2380   0.6429  
01:54:09		 0.5702   0.2750   0.2541  
01:54:09		 0.3230   0.1279  -0.0476  
01:54:09		-1.1991   0.7034   0.2813  
01:54:09	Alpha:
01:54:09		-0.6631   0.1535  
01:54:09		 1.2542   1.5839  
01:54:09		 1.3969  -2.8203  
01:54:09		-0.4040   1.8542  
01:54:09	Class weight:
01:54:09		 0.8229   0.8385   1.0789   1.1248  

------------------------------

01:54:45	Accuracy on test set with the parameters above: 0.8763333333333333

