21:38:07	Optimizer: adam
21:38:07	Optimizer params: {'lr': 0.03}
21:38:07	DataSet: sphere - nTrain: 500 - nValid: 0 - nTest: 3000
21:38:07	nLayers: 8 - nEpochs: 30 - batchSize: 32
21:38:07	Cost: fidelity
21:38:07	Seed: None

------------------------------

21:38:13	epoch	loss	accuracy
21:38:19	    0	0.485	   0.534
21:39:42	    1	0.379	   0.650
21:41:05	    2	0.343	   0.706
21:42:27	    3	0.328	   0.712
21:43:50	    4	0.323	   0.720
21:45:11	    5	0.310	   0.736
21:46:37	    6	0.300	   0.752
21:47:58	    7	0.294	   0.772
21:49:21	    8	0.294	   0.796
21:50:43	    9	0.281	   0.796
21:52:05	   10	0.275	   0.800
21:53:32	   11	0.271	   0.814
21:54:55	   12	0.266	   0.826
21:56:17	   13	0.264	   0.838
21:57:39	   14	0.263	   0.830
21:59:02	   15	0.259	   0.848
22:00:28	   16	0.256	   0.848
22:01:51	   17	0.254	   0.872
22:03:13	   18	0.250	   0.868
22:04:35	   19	0.250	   0.872
22:05:57	   20	0.248	   0.876
22:07:24	   21	0.245	   0.860
22:08:46	   22	0.244	   0.864
22:10:09	   23	0.243	   0.864
22:11:31	   24	0.242	   0.862
22:12:53	   25	0.241	   0.860
22:14:20	   26	0.240	   0.852
22:15:43	   27	0.240	   0.858
22:17:05	   28	0.239	   0.850
22:18:27	   29	0.239	   0.864
22:19:49	   30	0.238	   0.862

------------------------------

22:19:54	Parameters at epoch 30:

22:19:54	Theta:
22:19:54		-1.8145  -1.0272   1.0571  
22:19:54		-0.0546   2.3769   0.7158  
22:19:54		 1.9497  -0.5637  -1.8896  
22:19:54		-0.9831   0.8074   1.0182  
22:19:54		 0.5284  -1.9519   1.5462  
22:19:54		 0.3285   1.8994  -2.2162  
22:19:54		-0.0707  -1.0309  -1.7277  
22:19:54		-0.0143  -1.0120  -1.4793  
22:19:54	Alpha:
22:19:54		-0.5171  -0.9295   0.6237  
22:19:54		-1.4192  -0.0549  -0.0097  
22:19:54		 1.3488   1.6165  -0.5796  
22:19:54		-1.9525  -1.0750  -0.4418  
22:19:54		-0.1822  -1.4776  -1.3055  
22:19:54		-0.1150  -0.7798   2.3541  
22:19:54		-0.0742  -1.2361   0.8872  
22:19:54		 0.4904   0.3590  -0.3650  

------------------------------

22:20:19	Accuracy on test set with the parameters above: 0.8493333333333334

