22:36:40	Optimizer: adam
22:36:40	Optimizer params: {'lr': 0.03}
22:36:40	DataSet: three circles - nTrain: 500 - nValid: 0 - nTest: 3000
22:36:40	nLayers: 6 - nEpochs: 30 - batchSize: 15
22:36:40	Cost: weighted fidelity
22:36:40	Seed: None

------------------------------

22:36:47	epoch	loss	accuracy
22:37:00	    0	0.279	   0.276
22:39:45	    1	0.150	   0.672
22:42:31	    2	0.131	   0.706
22:45:18	    3	0.116	   0.718
22:48:05	    4	0.108	   0.724
22:50:51	    5	0.103	   0.748
22:53:44	    6	0.095	   0.846
22:56:30	    7	0.078	   0.858
22:59:18	    8	0.069	   0.896
23:02:05	    9	0.067	   0.896
23:04:52	   10	0.067	   0.878
23:07:46	   11	0.066	   0.882
23:10:33	   12	0.067	   0.894
23:13:20	   13	0.067	   0.886
23:16:07	   14	0.066	   0.872
23:18:55	   15	0.068	   0.886
23:21:49	   16	0.066	   0.880
23:24:37	   17	0.065	   0.884
23:27:25	   18	0.066	   0.914
23:30:13	   19	0.064	   0.890
23:33:01	   20	0.064	   0.896
23:35:55	   21	0.065	   0.880
23:38:42	   22	0.066	   0.876
23:41:30	   23	0.064	   0.896
23:44:18	   24	0.063	   0.904
23:47:06	   25	0.063	   0.898
23:50:01	   26	0.063	   0.898
23:52:48	   27	0.064	   0.896
23:55:36	   28	0.064	   0.886
23:58:23	   29	0.064	   0.910
00:01:10	   30	0.064	   0.894

------------------------------

00:01:18	Parameters at epoch 30:

00:01:18	Theta:
00:01:18		 1.7001   0.8310  -0.1193  
00:01:18		 1.0656   2.3812   0.7201  
00:01:18		 0.0329   1.5894  -0.9198  
00:01:18		 0.7309  -0.4946   0.0637  
00:01:18		-0.5307  -1.4141  -0.1194  
00:01:18		 0.7170   1.6635   1.8439  
00:01:18	Alpha:
00:01:18		 0.8994  -1.7489  
00:01:18		 0.3605   1.2833  
00:01:18		-0.4323  -0.8775  
00:01:18		-1.2619   2.4128  
00:01:18		 2.3362   0.6934  
00:01:18		-2.1616  -0.7895  
00:01:18	Class weight:
00:01:18		 0.7366   1.0111   1.1207   1.0561  

------------------------------

00:01:57	Accuracy on test set with the parameters above: 0.8746666666666667

