20:44:23	Optimizer: adam
20:44:23	Optimizer params: {'lr': 0.03}
20:44:23	DataSet: sphere - nTrain: 500 - nValid: 0 - nTest: 3000
20:44:23	nLayers: 6 - nEpochs: 30 - batchSize: 32
20:44:23	Cost: weighted fidelity
20:44:23	Seed: None

------------------------------

20:44:27	epoch	loss	accuracy
20:44:34	    0	0.305	   0.546
20:46:18	    1	0.207	   0.696
20:48:08	    2	0.177	   0.750
20:49:54	    3	0.156	   0.802
20:51:41	    4	0.140	   0.828
20:53:27	    5	0.130	   0.848
20:55:16	    6	0.119	   0.862
20:57:01	    7	0.115	   0.860
20:58:46	    8	0.110	   0.850
21:00:31	    9	0.105	   0.878
21:02:15	   10	0.105	   0.872
21:04:05	   11	0.102	   0.872
21:05:49	   12	0.101	   0.866
21:07:33	   13	0.104	   0.882
21:09:17	   14	0.103	   0.858
21:11:01	   15	0.101	   0.876
21:12:50	   16	0.100	   0.876
21:14:34	   17	0.099	   0.882
21:16:18	   18	0.099	   0.872
21:18:03	   19	0.098	   0.882
21:19:48	   20	0.098	   0.874
21:21:35	   21	0.098	   0.872
21:23:19	   22	0.097	   0.878
21:25:03	   23	0.096	   0.874
21:26:47	   24	0.096	   0.878
21:28:32	   25	0.096	   0.878
21:30:20	   26	0.096	   0.876
21:32:04	   27	0.096	   0.882
21:33:49	   28	0.095	   0.886
21:35:33	   29	0.095	   0.872
21:37:17	   30	0.095	   0.880

------------------------------

21:37:21	Parameters at epoch 30:

21:37:21	Theta:
21:37:21		-2.1275  -1.0988   0.1567  
21:37:21		 2.0413   0.9145   1.6973  
21:37:21		 1.0116   0.1367  -0.5346  
21:37:21		-0.0701  -0.9532   1.3965  
21:37:21		 0.3881  -1.2627   1.7753  
21:37:21		 1.1303   0.8557  -1.2916  
21:37:21	Alpha:
21:37:21		 0.2362   1.1965  -0.5531  
21:37:21		 1.2990   1.6573  -1.3277  
21:37:21		-1.7589   1.2272  -0.2679  
21:37:21		-1.1030   0.7224   0.7549  
21:37:21		-0.0203   1.0052  -0.3950  
21:37:21		 2.3777   0.8901  -1.7338  
21:37:21	Class weight:
21:37:21		 1.0941   1.0875  

------------------------------

21:37:42	Accuracy on test set with the parameters above: 0.851

