21:33:06	Optimizer: adam
21:33:06	Optimizer params: {'lr': 0.03}
21:33:06	DataSet: circle - nTrain: 500 - nValid: 0 - nTest: 3000
21:33:06	nLayers: 8 - nEpochs: 30 - batchSize: 20
21:33:06	Cost: weighted fidelity
21:33:06	Seed: None

------------------------------

21:33:11	epoch	loss	accuracy
21:33:20	    0	0.268	   0.622
21:35:35	    1	0.101	   0.910
21:37:51	    2	0.084	   0.906
21:40:06	    3	0.076	   0.944
21:42:22	    4	0.070	   0.930
21:44:36	    5	0.070	   0.944
21:46:57	    6	0.065	   0.940
21:49:12	    7	0.067	   0.924
21:51:28	    8	0.065	   0.936
21:53:43	    9	0.065	   0.924
21:55:59	   10	0.056	   0.958
21:58:19	   11	0.053	   0.968
22:00:34	   12	0.053	   0.982
22:02:51	   13	0.051	   0.956
22:05:06	   14	0.049	   0.968
22:07:22	   15	0.048	   0.970
22:09:43	   16	0.056	   0.946
22:11:58	   17	0.047	   0.978
22:14:15	   18	0.052	   0.960
22:16:31	   19	0.046	   0.964
22:18:47	   20	0.045	   0.980
22:21:08	   21	0.044	   0.980
22:23:25	   22	0.045	   0.958
22:25:41	   23	0.043	   0.984
22:27:58	   24	0.043	   0.974
22:30:14	   25	0.042	   0.976
22:32:35	   26	0.043	   0.982
22:34:51	   27	0.043	   0.976
22:37:08	   28	0.042	   0.982
22:39:24	   29	0.041	   0.974
22:41:39	   30	0.041	   0.978

------------------------------

22:41:45	Parameters at epoch 30:

22:41:45	Theta:
22:41:45		 1.6137   0.9359  -0.5058  
22:41:45		 0.0236  -1.3159  -1.1293  
22:41:45		 0.1799   1.0888   1.1641  
22:41:45		-0.2029   0.2108  -0.5398  
22:41:45		-0.8059   2.2171   0.0020  
22:41:45		-0.1890  -1.3363   1.7249  
22:41:45		-0.7936   1.1030  -0.1409  
22:41:45		-2.4650  -0.4133  -0.4919  
22:41:45	Alpha:
22:41:45		-1.4451   1.0807  
22:41:45		-0.9389   1.1678  
22:41:45		 1.8956  -1.1387  
22:41:45		 1.6988  -0.1136  
22:41:45		 0.8365  -0.4697  
22:41:45		-0.4759  -2.7155  
22:41:45		 0.4663   2.1889  
22:41:45		-2.6046   0.5899  
22:41:45	Class weight:
22:41:45		 1.0805   1.1019  

------------------------------

22:42:12	Accuracy on test set with the parameters above: 0.959

