07:15:38	Optimizer: adam
07:15:38	Optimizer params: {'lr': 0.02}
07:15:38	DataSet: binary annulus - nTrain: 500 - nValid: 0 - nTest: 3000
07:15:38	nLayers: 3 - nEpochs: 40 - batchSize: 48
07:15:38	Cost: fidelity
07:15:38	Seed: None

------------------------------

07:15:40	epoch	loss	accuracy
07:15:45	    0	0.521	   0.498
07:16:03	    1	0.506	   0.510
07:16:20	    2	0.487	   0.516
07:16:38	    3	0.468	   0.494
07:16:56	    4	0.449	   0.602
07:17:14	    5	0.432	   0.640
07:17:35	    6	0.423	   0.644
07:17:52	    7	0.419	   0.644
07:18:10	    8	0.417	   0.640
07:18:28	    9	0.416	   0.622
07:18:46	   10	0.414	   0.620
07:19:07	   11	0.413	   0.630
07:19:24	   12	0.412	   0.630
07:19:42	   13	0.410	   0.630
07:20:00	   14	0.408	   0.632
07:20:19	   15	0.406	   0.644
07:20:39	   16	0.403	   0.646
07:20:57	   17	0.400	   0.650
07:21:16	   18	0.397	   0.656
07:21:33	   19	0.394	   0.662
07:21:51	   20	0.391	   0.660
07:22:12	   21	0.388	   0.662
07:22:30	   22	0.386	   0.660
07:22:48	   23	0.384	   0.660
07:23:07	   24	0.382	   0.654
07:23:25	   25	0.381	   0.656
07:23:45	   26	0.380	   0.656
07:24:03	   27	0.379	   0.652
07:24:21	   28	0.378	   0.656
07:24:40	   29	0.378	   0.654
07:24:58	   30	0.377	   0.658
07:25:19	   31	0.377	   0.654
07:25:37	   32	0.377	   0.652
07:25:55	   33	0.377	   0.654
07:26:13	   34	0.376	   0.654
07:26:31	   35	0.376	   0.654
07:26:52	   36	0.376	   0.656
07:27:10	   37	0.376	   0.654
07:27:28	   38	0.376	   0.652
07:27:46	   39	0.376	   0.656
07:28:04	   40	0.376	   0.656

------------------------------

07:28:07	Parameters at epoch 40:

07:28:07	Theta:
07:28:07		-2.2647  -1.1615   1.9261  
07:28:07		 1.4949   0.9866   1.0858  
07:28:07		-0.3939   0.4239   1.4918  
07:28:07	Alpha:
07:28:07		-0.7100  -1.3749  
07:28:07		 0.3913  -2.9766  
07:28:07		 0.4630   1.9793  

------------------------------

07:28:20	Accuracy on test set with the parameters above: 0.6416666666666667

