01:33:16	Optimizer: adam
01:33:16	Optimizer params: {'lr': 0.03}
01:33:16	DataSet: wavy lines - nTrain: 500 - nValid: 0 - nTest: 3000
01:33:16	nLayers: 4 - nEpochs: 30 - batchSize: 32
01:33:16	Cost: fidelity
01:33:16	Seed: None

------------------------------

01:33:22	epoch	loss	accuracy
01:33:32	    0	0.312	   0.566
01:34:03	    1	0.164	   0.770
01:34:33	    2	0.138	   0.814
01:35:04	    3	0.124	   0.876
01:35:35	    4	0.121	   0.892
01:36:06	    5	0.120	   0.890
01:36:43	    6	0.117	   0.896
01:37:14	    7	0.116	   0.892
01:37:45	    8	0.115	   0.912
01:38:16	    9	0.112	   0.894
01:38:47	   10	0.110	   0.914
01:39:25	   11	0.108	   0.928
01:39:55	   12	0.108	   0.906
01:40:26	   13	0.106	   0.918
01:40:57	   14	0.105	   0.910
01:41:28	   15	0.105	   0.912
01:42:06	   16	0.105	   0.916
01:42:38	   17	0.105	   0.910
01:43:09	   18	0.105	   0.902
01:43:41	   19	0.104	   0.916
01:44:12	   20	0.104	   0.914
01:44:50	   21	0.104	   0.908
01:45:21	   22	0.104	   0.914
01:45:53	   23	0.104	   0.918
01:46:24	   24	0.104	   0.910
01:46:55	   25	0.103	   0.916
01:47:32	   26	0.104	   0.914
01:48:03	   27	0.103	   0.916
01:48:34	   28	0.103	   0.918
01:49:05	   29	0.103	   0.914
01:49:37	   30	0.103	   0.926

------------------------------

01:49:44	Parameters at epoch 30:

01:49:44	Theta:
01:49:44		-0.5576   0.5909  -0.5259  
01:49:44		 0.7816   0.8443   0.0394  
01:49:44		 1.1319   2.1130   1.3548  
01:49:44		 0.1330   1.0161   0.8896  
01:49:44	Alpha:
01:49:44		 1.6852   0.7479  
01:49:44		-0.0777   0.6382  
01:49:44		-2.7860   1.2666  
01:49:44		-0.8780  -1.5045  

------------------------------

01:50:18	Accuracy on test set with the parameters above: 0.8863333333333333

