07:29:08	Optimizer: adam
07:29:08	Optimizer params: {'lr': 0.02}
07:29:08	DataSet: binary annulus - nTrain: 500 - nValid: 0 - nTest: 3000
07:29:08	nLayers: 1 - nEpochs: 40 - batchSize: 48
07:29:08	Cost: fidelity
07:29:08	Seed: None

------------------------------

07:29:11	epoch	loss	accuracy
07:29:14	    0	0.533	   0.492
07:29:21	    1	0.524	   0.492
07:29:27	    2	0.517	   0.492
07:29:35	    3	0.510	   0.492
07:29:41	    4	0.505	   0.476
07:29:49	    5	0.502	   0.452
07:29:58	    6	0.499	   0.434
07:30:05	    7	0.496	   0.470
07:30:12	    8	0.495	   0.492
07:30:19	    9	0.492	   0.532
07:30:26	   10	0.491	   0.536
07:30:35	   11	0.489	   0.538
07:30:42	   12	0.487	   0.528
07:30:49	   13	0.484	   0.524
07:30:56	   14	0.482	   0.514
07:31:02	   15	0.479	   0.508
07:31:11	   16	0.476	   0.514
07:31:18	   17	0.474	   0.514
07:31:25	   18	0.471	   0.508
07:31:32	   19	0.468	   0.512
07:31:39	   20	0.465	   0.512
07:31:48	   21	0.462	   0.520
07:31:55	   22	0.460	   0.518
07:32:02	   23	0.457	   0.520
07:32:09	   24	0.455	   0.526
07:32:15	   25	0.452	   0.526
07:32:24	   26	0.451	   0.526
07:32:31	   27	0.449	   0.526
07:32:38	   28	0.447	   0.530
07:32:45	   29	0.446	   0.532
07:32:52	   30	0.445	   0.532
07:33:01	   31	0.444	   0.532
07:33:08	   32	0.443	   0.532
07:33:14	   33	0.442	   0.538
07:33:21	   34	0.441	   0.540
07:33:28	   35	0.441	   0.558
07:33:37	   36	0.440	   0.564
07:33:44	   37	0.440	   0.572
07:33:51	   38	0.440	   0.580
07:33:58	   39	0.439	   0.588
07:34:05	   40	0.439	   0.592

------------------------------

07:34:07	Parameters at epoch 40:

07:34:07	Theta:
07:34:07		 3.1416  -2.5895  -0.1087  
07:34:07	Alpha:
07:34:07		-0.8200  -2.3117  

------------------------------

07:34:16	Accuracy on test set with the parameters above: 0.579

