04:00:25	Optimizer: adam
04:00:25	Optimizer params: {'lr': 0.02}
04:00:25	DataSet: non convex - nTrain: 500 - nValid: 0 - nTest: 3000
04:00:25	nLayers: 8 - nEpochs: 40 - batchSize: 32
04:00:25	Cost: weighted fidelity
04:00:25	Seed: None

------------------------------

04:00:31	epoch	loss	accuracy
04:00:39	    0	0.386	   0.338
04:02:47	    1	0.163	   0.764
04:04:54	    2	0.104	   0.872
04:07:03	    3	0.077	   0.964
04:09:12	    4	0.070	   0.944
04:11:19	    5	0.068	   0.940
04:13:31	    6	0.066	   0.946
04:15:39	    7	0.066	   0.944
04:17:47	    8	0.065	   0.952
04:19:55	    9	0.065	   0.956
04:22:04	   10	0.066	   0.940
04:24:18	   11	0.065	   0.952
04:26:25	   12	0.064	   0.950
04:28:33	   13	0.063	   0.956
04:30:42	   14	0.063	   0.952
04:32:50	   15	0.064	   0.942
04:35:03	   16	0.063	   0.942
04:37:13	   17	0.064	   0.940
04:39:23	   18	0.063	   0.942
04:41:32	   19	0.070	   0.908
04:43:40	   20	0.065	   0.940
04:45:53	   21	0.063	   0.940
04:48:02	   22	0.062	   0.948
04:50:10	   23	0.062	   0.942
04:52:19	   24	0.063	   0.944
04:54:29	   25	0.062	   0.944
04:56:44	   26	0.062	   0.948
04:58:53	   27	0.062	   0.940
05:01:03	   28	0.062	   0.948
05:03:12	   29	0.062	   0.946
05:05:21	   30	0.062	   0.936
05:07:35	   31	0.062	   0.952
05:09:45	   32	0.062	   0.942
05:11:55	   33	0.062	   0.946
05:14:04	   34	0.061	   0.950
05:16:13	   35	0.061	   0.952
05:18:27	   36	0.061	   0.946
05:20:36	   37	0.061	   0.946
05:22:45	   38	0.061	   0.944
05:24:55	   39	0.061	   0.948
05:27:05	   40	0.061	   0.942

------------------------------

05:27:10	Parameters at epoch 40:

05:27:10	Theta:
05:27:10		-0.0302  -1.6471  -1.1287  
05:27:10		-0.6562  -1.4093  -0.1348  
05:27:10		-0.8785   0.1402  -1.0026  
05:27:10		 0.6585   0.4513  -1.1671  
05:27:10		-0.9200  -0.3751   0.0078  
05:27:10		 0.0315   0.5086  -0.7607  
05:27:10		-2.0670  -0.5514   0.5875  
05:27:10		-0.5463  -0.7225   0.5118  
05:27:10	Alpha:
05:27:10		 0.8557   0.7461  
05:27:10		 0.0460   0.5228  
05:27:10		 1.2110  -1.0861  
05:27:10		 0.1593   0.3431  
05:27:10		 0.5239   1.0760  
05:27:10		 0.9482   0.5529  
05:27:10		 1.7073   2.0307  
05:27:10		 0.5401   0.2477  
05:27:10	Class weight:
05:27:10		 1.0685   1.0993  

------------------------------

05:27:35	Accuracy on test set with the parameters above: 0.945

