22:56:50	Optimizer: adam
22:56:50	Optimizer params: {'lr': 0.03}
22:56:50	DataSet: sphere - nTrain: 500 - nValid: 0 - nTest: 3000
22:56:50	nLayers: 4 - nEpochs: 30 - batchSize: 32
22:56:50	Cost: fidelity
22:56:50	Seed: None

------------------------------

22:56:52	epoch	loss	accuracy
22:56:57	    0	0.447	   0.626
22:57:28	    1	0.362	   0.728
22:57:58	    2	0.343	   0.692
22:58:29	    3	0.340	   0.686
22:59:00	    4	0.339	   0.686
22:59:31	    5	0.336	   0.710
23:00:05	    6	0.335	   0.722
23:00:35	    7	0.333	   0.722
23:01:06	    8	0.331	   0.722
23:01:37	    9	0.329	   0.730
23:02:08	   10	0.326	   0.718
23:02:42	   11	0.324	   0.730
23:03:13	   12	0.324	   0.726
23:03:43	   13	0.320	   0.720
23:04:15	   14	0.318	   0.722
23:04:45	   15	0.314	   0.730
23:05:19	   16	0.311	   0.734
23:05:50	   17	0.308	   0.732
23:06:21	   18	0.306	   0.728
23:06:52	   19	0.303	   0.746
23:07:23	   20	0.301	   0.748
23:07:56	   21	0.299	   0.760
23:08:27	   22	0.298	   0.756
23:08:58	   23	0.296	   0.772
23:09:29	   24	0.295	   0.768
23:10:00	   25	0.294	   0.776
23:10:34	   26	0.293	   0.798
23:11:05	   27	0.293	   0.804
23:11:36	   28	0.293	   0.792
23:12:07	   29	0.293	   0.792
23:12:38	   30	0.292	   0.812

------------------------------

23:12:41	Parameters at epoch 30:

23:12:41	Theta:
23:12:41		 0.3226  -1.5969  -0.0240  
23:12:41		 0.3589   0.0721  -0.3235  
23:12:41		-0.0775   2.5130  -0.1290  
23:12:41		 0.0762   2.2040  -1.3958  
23:12:41	Alpha:
23:12:41		 0.8388  -0.2553  -0.1585  
23:12:41		-2.2315   1.5233  -0.7673  
23:12:41		 1.9147  -1.5535  -1.2310  
23:12:41		-0.3107  -1.0679   0.6467  

------------------------------

23:12:58	Accuracy on test set with the parameters above: 0.826

