07:10:09	Optimizer: adam
07:10:09	Optimizer params: {'lr': 0.02}
07:10:09	DataSet: binary annulus - nTrain: 500 - nValid: 0 - nTest: 3000
07:10:09	nLayers: 2 - nEpochs: 40 - batchSize: 48
07:10:09	Cost: weighted fidelity
07:10:09	Seed: None

------------------------------

07:10:13	epoch	loss	accuracy
07:10:16	    0	0.433	   0.508
07:10:40	    1	0.331	   0.454
07:11:03	    2	0.279	   0.522
07:11:26	    3	0.259	   0.502
07:11:50	    4	0.254	   0.492
07:12:13	    5	0.250	   0.496
07:12:39	    6	0.249	   0.516
07:13:02	    7	0.249	   0.556
07:13:26	    8	0.249	   0.514
07:13:50	    9	0.249	   0.538
07:14:13	   10	0.248	   0.542
07:14:39	   11	0.248	   0.554
07:15:03	   12	0.248	   0.510
07:15:26	   13	0.248	   0.510
07:15:49	   14	0.248	   0.506
07:16:13	   15	0.248	   0.510
07:16:39	   16	0.248	   0.564
07:17:03	   17	0.248	   0.514
07:17:27	   18	0.248	   0.570
07:17:51	   19	0.248	   0.560
07:18:14	   20	0.248	   0.534
07:18:41	   21	0.248	   0.548
07:19:05	   22	0.248	   0.534
07:19:29	   23	0.248	   0.532
07:19:53	   24	0.248	   0.530
07:20:17	   25	0.248	   0.568
07:20:43	   26	0.248	   0.560
07:21:07	   27	0.248	   0.570
07:21:31	   28	0.248	   0.544
07:21:55	   29	0.247	   0.576
07:22:19	   30	0.247	   0.558
07:22:45	   31	0.247	   0.570
07:23:08	   32	0.247	   0.586
07:23:32	   33	0.247	   0.584
07:23:56	   34	0.247	   0.578
07:24:20	   35	0.247	   0.556
07:24:47	   36	0.247	   0.556
07:25:10	   37	0.247	   0.594
07:25:34	   38	0.247	   0.596
07:25:57	   39	0.247	   0.594
07:26:21	   40	0.247	   0.574

------------------------------

07:26:23	Parameters at epoch 40:

07:26:23	Theta:
07:26:23		 0.3182  -0.2803  -0.2673  
07:26:23		-1.2085   1.2509   1.2848  
07:26:23	Alpha:
07:26:23		-1.3553  -1.0846  
07:26:23		 0.1540   0.9761  
07:26:23	Class weight:
07:26:23		 0.7595   1.5003  

------------------------------

07:26:36	Accuracy on test set with the parameters above: 0.529

