07:29:27	Optimizer: adam
07:29:27	Optimizer params: {'lr': 0.02}
07:29:27	DataSet: binary annulus - nTrain: 500 - nValid: 0 - nTest: 3000
07:29:27	nLayers: 1 - nEpochs: 40 - batchSize: 48
07:29:27	Cost: fidelity
07:29:27	Seed: None

------------------------------

07:29:29	epoch	loss	accuracy
07:29:34	    0	0.504	   0.480
07:29:42	    1	0.489	   0.498
07:29:51	    2	0.472	   0.486
07:30:00	    3	0.453	   0.544
07:30:08	    4	0.436	   0.574
07:30:17	    5	0.423	   0.594
07:30:28	    6	0.415	   0.602
07:30:37	    7	0.411	   0.606
07:30:46	    8	0.409	   0.602
07:30:55	    9	0.408	   0.604
07:31:04	   10	0.407	   0.614
07:31:15	   11	0.407	   0.612
07:31:23	   12	0.407	   0.612
07:31:32	   13	0.407	   0.610
07:31:41	   14	0.407	   0.608
07:31:49	   15	0.407	   0.608
07:32:01	   16	0.407	   0.608
07:32:09	   17	0.407	   0.608
07:32:18	   18	0.407	   0.608
07:32:27	   19	0.407	   0.610
07:32:36	   20	0.407	   0.612
07:32:47	   21	0.407	   0.610
07:32:56	   22	0.407	   0.610
07:33:05	   23	0.407	   0.608
07:33:14	   24	0.407	   0.606
07:33:23	   25	0.407	   0.608
07:33:34	   26	0.407	   0.608
07:33:42	   27	0.407	   0.608
07:33:51	   28	0.407	   0.608
07:34:00	   29	0.407	   0.608
07:34:09	   30	0.407	   0.608
07:34:20	   31	0.407	   0.608
07:34:29	   32	0.407	   0.608
07:34:38	   33	0.406	   0.606
07:34:46	   34	0.406	   0.610
07:34:55	   35	0.406	   0.604
07:35:06	   36	0.406	   0.608
07:35:15	   37	0.406	   0.606
07:35:24	   38	0.406	   0.606
07:35:33	   39	0.406	   0.606
07:35:42	   40	0.406	   0.606

------------------------------

07:35:44	Parameters at epoch 40:

07:35:44	Theta:
07:35:44		 0.8079   3.2505  -0.6201  
07:35:44	Alpha:
07:35:44		 1.6597  -3.0121  

------------------------------

07:35:55	Accuracy on test set with the parameters above: 0.5963333333333334

