03:39:47	Optimizer: adam
03:39:47	Optimizer params: {'lr': 0.02}
03:39:47	DataSet: squares - nTrain: 500 - nValid: 0 - nTest: 3000
03:39:47	nLayers: 3 - nEpochs: 30 - batchSize: 32
03:39:47	Cost: fidelity
03:39:47	Seed: None

------------------------------

03:39:54	epoch	loss	accuracy
03:40:01	    0	0.487	   0.356
03:40:24	    1	0.297	   0.630
03:40:47	    2	0.219	   0.714
03:41:10	    3	0.190	   0.730
03:41:32	    4	0.181	   0.766
03:41:55	    5	0.177	   0.764
03:42:24	    6	0.171	   0.746
03:42:47	    7	0.160	   0.756
03:43:10	    8	0.148	   0.800
03:43:33	    9	0.139	   0.824
03:43:56	   10	0.134	   0.838
03:44:25	   11	0.132	   0.840
03:44:48	   12	0.131	   0.846
03:45:11	   13	0.130	   0.848
03:45:34	   14	0.129	   0.846
03:45:57	   15	0.129	   0.848
03:46:26	   16	0.129	   0.850
03:46:49	   17	0.128	   0.848
03:47:12	   18	0.128	   0.840
03:47:35	   19	0.128	   0.852
03:47:58	   20	0.127	   0.848
03:48:27	   21	0.127	   0.854
03:48:50	   22	0.127	   0.852
03:49:13	   23	0.126	   0.850
03:49:36	   24	0.126	   0.844
03:49:59	   25	0.126	   0.852
03:50:28	   26	0.126	   0.852
03:50:51	   27	0.125	   0.854
03:51:15	   28	0.125	   0.854
03:51:38	   29	0.125	   0.856
03:52:01	   30	0.125	   0.858

------------------------------

03:52:07	Parameters at epoch 30:

03:52:07	Theta:
03:52:07		 0.5641  -0.9896   0.6720  
03:52:07		-0.1510  -1.3968  -0.9616  
03:52:07		-1.6482   0.9452   2.8798  
03:52:07	Alpha:
03:52:07		 1.2357   1.8570  
03:52:07		-1.7748   0.0397  
03:52:07		-1.1102   0.6526  

------------------------------

03:52:36	Accuracy on test set with the parameters above: 0.8166666666666667

