21:33:16	Optimizer: adam
21:33:16	Optimizer params: {'lr': 0.03}
21:33:16	DataSet: circle - nTrain: 500 - nValid: 0 - nTest: 3000
21:33:16	nLayers: 6 - nEpochs: 30 - batchSize: 20
21:33:16	Cost: weighted fidelity
21:33:16	Seed: None

------------------------------

21:33:20	epoch	loss	accuracy
21:33:27	    0	0.223	   0.700
21:34:48	    1	0.122	   0.848
21:36:09	    2	0.101	   0.948
21:37:30	    3	0.101	   0.908
21:38:51	    4	0.100	   0.950
21:40:12	    5	0.103	   0.888
21:41:37	    6	0.100	   0.948
21:42:58	    7	0.102	   0.906
21:44:20	    8	0.101	   0.908
21:45:41	    9	0.097	   0.922
21:47:02	   10	0.101	   0.932
21:48:28	   11	0.105	   0.842
21:49:48	   12	0.098	   0.880
21:51:10	   13	0.097	   0.934
21:52:31	   14	0.096	   0.924
21:53:53	   15	0.099	   0.900
21:55:18	   16	0.096	   0.914
21:56:39	   17	0.100	   0.920
21:58:01	   18	0.101	   0.882
21:59:23	   19	0.096	   0.906
22:00:45	   20	0.095	   0.942
22:02:11	   21	0.100	   0.856
22:03:33	   22	0.097	   0.952
22:04:55	   23	0.099	   0.902
22:06:16	   24	0.096	   0.906
22:07:38	   25	0.095	   0.928
22:09:04	   26	0.100	   0.884
22:10:26	   27	0.095	   0.930
22:11:48	   28	0.097	   0.918
22:13:10	   29	0.095	   0.926
22:14:32	   30	0.098	   0.936

------------------------------

22:14:36	Parameters at epoch 30:

22:14:36	Theta:
22:14:36		 2.0322  -1.1614  -0.1728  
22:14:36		-1.8952   0.8540  -0.7846  
22:14:36		-0.1912   0.6124   0.5618  
22:14:36		-0.0591   1.6069  -0.4005  
22:14:36		-0.9433  -1.4696   1.5524  
22:14:36		 0.7713  -1.7831  -1.4102  
22:14:36	Alpha:
22:14:36		-0.3671  -0.4452  
22:14:36		 0.9412   1.0351  
22:14:36		 0.5837  -0.3783  
22:14:36		 0.6249  -0.3490  
22:14:36		-0.7701  -0.5189  
22:14:36		-0.1076  -0.2034  
22:14:36	Class weight:
22:14:36		 0.9683   1.2899  

------------------------------

22:14:55	Accuracy on test set with the parameters above: 0.9393333333333334

