07:28:05	Optimizer: adam
07:28:05	Optimizer params: {'lr': 0.02}
07:28:05	DataSet: binary annulus - nTrain: 500 - nValid: 0 - nTest: 3000
07:28:05	nLayers: 1 - nEpochs: 40 - batchSize: 48
07:28:05	Cost: fidelity
07:28:05	Seed: None

------------------------------

07:28:07	epoch	loss	accuracy
07:28:10	    0	0.529	   0.524
07:28:16	    1	0.518	   0.524
07:28:22	    2	0.508	   0.524
07:28:28	    3	0.499	   0.524
07:28:35	    4	0.491	   0.524
07:28:41	    5	0.486	   0.524
07:28:49	    6	0.482	   0.524
07:28:55	    7	0.479	   0.524
07:29:01	    8	0.478	   0.524
07:29:08	    9	0.477	   0.524
07:29:14	   10	0.476	   0.524
07:29:22	   11	0.476	   0.524
07:29:28	   12	0.476	   0.524
07:29:35	   13	0.476	   0.524
07:29:41	   14	0.476	   0.524
07:29:47	   15	0.476	   0.524
07:29:55	   16	0.476	   0.524
07:30:01	   17	0.476	   0.524
07:30:08	   18	0.476	   0.524
07:30:14	   19	0.476	   0.524
07:30:20	   20	0.476	   0.524
07:30:28	   21	0.476	   0.524
07:30:34	   22	0.476	   0.524
07:30:41	   23	0.476	   0.524
07:30:47	   24	0.476	   0.524
07:30:53	   25	0.476	   0.524
07:31:01	   26	0.476	   0.524
07:31:07	   27	0.476	   0.524
07:31:13	   28	0.476	   0.524
07:31:20	   29	0.476	   0.524
07:31:26	   30	0.476	   0.524
07:31:34	   31	0.476	   0.524
07:31:40	   32	0.476	   0.524
07:31:47	   33	0.476	   0.524
07:31:53	   34	0.476	   0.524
07:31:59	   35	0.476	   0.524
07:32:07	   36	0.476	   0.524
07:32:14	   37	0.476	   0.524
07:32:20	   38	0.476	   0.524
07:32:26	   39	0.476	   0.524
07:32:32	   40	0.476	   0.524

------------------------------

07:32:34	Parameters at epoch 40:

07:32:34	Theta:
07:32:34		-0.5550  -0.0000   0.5307  
07:32:34	Alpha:
07:32:34		-1.9888  -0.0000  

------------------------------

07:32:43	Accuracy on test set with the parameters above: 0.49133333333333334

