05:56:09	Optimizer: adam
05:56:09	Optimizer params: {'lr': 0.02}
05:56:09	DataSet: non convex - nTrain: 500 - nValid: 0 - nTest: 3000
05:56:09	nLayers: 3 - nEpochs: 40 - batchSize: 32
05:56:09	Cost: fidelity
05:56:09	Seed: None

------------------------------

05:56:13	epoch	loss	accuracy
05:56:17	    0	0.616	   0.278
05:56:36	    1	0.452	   0.634
05:56:56	    2	0.334	   0.756
05:57:15	    3	0.299	   0.752
05:57:35	    4	0.291	   0.746
05:57:54	    5	0.289	   0.746
05:58:17	    6	0.287	   0.742
05:58:37	    7	0.286	   0.744
05:58:57	    8	0.286	   0.740
05:59:16	    9	0.285	   0.742
05:59:36	   10	0.285	   0.740
05:59:58	   11	0.284	   0.736
06:00:18	   12	0.284	   0.738
06:00:38	   13	0.283	   0.738
06:00:59	   14	0.283	   0.742
06:01:19	   15	0.282	   0.736
06:01:42	   16	0.281	   0.742
06:02:02	   17	0.280	   0.736
06:02:22	   18	0.279	   0.740
06:02:41	   19	0.278	   0.738
06:03:01	   20	0.277	   0.740
06:03:24	   21	0.277	   0.738
06:03:44	   22	0.276	   0.740
06:04:05	   23	0.275	   0.740
06:04:24	   24	0.274	   0.736
06:04:44	   25	0.274	   0.736
06:05:07	   26	0.273	   0.736
06:05:27	   27	0.273	   0.736
06:05:47	   28	0.272	   0.736
06:06:07	   29	0.272	   0.734
06:06:27	   30	0.272	   0.736
06:06:50	   31	0.272	   0.734
06:07:10	   32	0.271	   0.732
06:07:29	   33	0.271	   0.732
06:07:49	   34	0.271	   0.736
06:08:09	   35	0.271	   0.736
06:08:32	   36	0.271	   0.732
06:08:52	   37	0.271	   0.734
06:09:12	   38	0.271	   0.736
06:09:32	   39	0.271	   0.736
06:09:52	   40	0.271	   0.736

------------------------------

06:09:55	Parameters at epoch 40:

06:09:55	Theta:
06:09:55		-0.7900   0.0919  -0.6715  
06:09:55		-0.8782   1.6513  -0.0361  
06:09:55		-1.6331   2.0975  -0.6280  
06:09:55	Alpha:
06:09:55		 0.8325   1.4028  
06:09:55		-0.0613   1.4066  
06:09:55		-0.0986   3.5843  

------------------------------

06:10:11	Accuracy on test set with the parameters above: 0.7216666666666667

