22:43:26	Optimizer: adam
22:43:26	Optimizer params: {'lr': 0.03}
22:43:26	DataSet: three circles - nTrain: 500 - nValid: 0 - nTest: 3000
22:43:26	nLayers: 4 - nEpochs: 30 - batchSize: 15
22:43:26	Cost: weighted fidelity
22:43:26	Seed: None

------------------------------

22:43:33	epoch	loss	accuracy
22:43:45	    0	0.382	   0.192
22:45:27	    1	0.124	   0.742
22:47:10	    2	0.107	   0.780
22:48:54	    3	0.095	   0.812
22:50:38	    4	0.095	   0.772
22:52:21	    5	0.082	   0.790
22:54:11	    6	0.083	   0.744
22:55:57	    7	0.073	   0.822
22:57:41	    8	0.069	   0.814
22:59:25	    9	0.069	   0.820
23:01:09	   10	0.068	   0.814
23:03:00	   11	0.064	   0.816
23:04:43	   12	0.064	   0.846
23:06:27	   13	0.063	   0.868
23:08:10	   14	0.063	   0.854
23:09:53	   15	0.062	   0.858
23:11:44	   16	0.062	   0.876
23:13:27	   17	0.064	   0.838
23:15:09	   18	0.063	   0.902
23:16:54	   19	0.062	   0.826
23:18:38	   20	0.062	   0.820
23:20:27	   21	0.062	   0.828
23:22:11	   22	0.061	   0.864
23:23:55	   23	0.062	   0.870
23:25:39	   24	0.061	   0.876
23:27:23	   25	0.061	   0.880
23:29:13	   26	0.060	   0.868
23:30:56	   27	0.063	   0.820
23:32:41	   28	0.060	   0.870
23:34:28	   29	0.061	   0.888
23:36:12	   30	0.061	   0.852

------------------------------

23:36:18	Parameters at epoch 30:

23:36:18	Theta:
23:36:18		-1.7993  -0.5949   1.3214  
23:36:18		 0.5418   1.2218  -0.4699  
23:36:18		 0.1971  -0.7467   1.0043  
23:36:18		 0.3656  -0.9656   2.4402  
23:36:18	Alpha:
23:36:18		-0.7354   0.2976  
23:36:18		 1.9034  -1.1815  
23:36:18		 1.0844   1.6066  
23:36:19		-0.4133  -0.7995  
23:36:19	Class weight:
23:36:19		 0.5671   1.1596   1.8029   1.1159  

------------------------------

23:36:53	Accuracy on test set with the parameters above: 0.8246666666666667

