08:10:17	Optimizer: adam
08:10:17	Optimizer params: {'lr': 0.03}
08:10:17	DataSet: circle - nTrain: 500 - nValid: 0 - nTest: 3000
08:10:17	nLayers: 2 - nEpochs: 30 - batchSize: 20
08:10:17	Cost: fidelity
08:10:17	Seed: None

------------------------------

08:10:20	epoch	loss	accuracy
08:10:23	    0	0.547	   0.438
08:10:36	    1	0.450	   0.534
08:10:48	    2	0.346	   0.708
08:11:00	    3	0.314	   0.802
08:11:13	    4	0.297	   0.800
08:11:25	    5	0.289	   0.774
08:11:40	    6	0.287	   0.774
08:11:52	    7	0.286	   0.786
08:12:04	    8	0.286	   0.764
08:12:17	    9	0.286	   0.768
08:12:29	   10	0.286	   0.768
08:12:44	   11	0.285	   0.760
08:12:56	   12	0.285	   0.766
08:13:08	   13	0.285	   0.766
08:13:21	   14	0.285	   0.764
08:13:33	   15	0.285	   0.764
08:13:48	   16	0.285	   0.774
08:14:00	   17	0.285	   0.754
08:14:12	   18	0.285	   0.770
08:14:24	   19	0.285	   0.760
08:14:37	   20	0.285	   0.768
08:14:51	   21	0.285	   0.758
08:15:04	   22	0.285	   0.754
08:15:16	   23	0.285	   0.760
08:15:28	   24	0.285	   0.762
08:15:41	   25	0.285	   0.768
08:15:55	   26	0.285	   0.758
08:16:08	   27	0.285	   0.770
08:16:20	   28	0.285	   0.762
08:16:32	   29	0.285	   0.760
08:16:45	   30	0.285	   0.758

------------------------------

08:16:47	Parameters at epoch 30:

08:16:47	Theta:
08:16:47		 0.1223   1.5240  -0.1172  
08:16:47		 0.0371   1.5230   1.1853  
08:16:47	Alpha:
08:16:47		-0.8899  -1.3110  
08:16:47		-2.7606  -1.2984  

------------------------------

08:16:59	Accuracy on test set with the parameters above: 0.779

