00:24:26	Optimizer: adam
00:24:26	Optimizer params: {'lr': 0.03}
00:24:26	DataSet: wavy lines - nTrain: 500 - nValid: 0 - nTest: 3000
00:24:26	nLayers: 4 - nEpochs: 30 - batchSize: 32
00:24:26	Cost: weighted fidelity
00:24:26	Seed: None

------------------------------

00:24:34	epoch	loss	accuracy
00:24:48	    0	0.366	   0.118
00:27:01	    1	0.137	   0.628
00:29:15	    2	0.114	   0.726
00:31:28	    3	0.102	   0.762
00:33:42	    4	0.098	   0.826
00:35:56	    5	0.096	   0.828
00:38:17	    6	0.092	   0.868
00:40:31	    7	0.092	   0.832
00:42:45	    8	0.089	   0.858
00:44:59	    9	0.087	   0.842
00:47:14	   10	0.086	   0.832
00:49:34	   11	0.085	   0.876
00:51:49	   12	0.085	   0.826
00:54:03	   13	0.084	   0.848
00:56:16	   14	0.085	   0.880
00:58:30	   15	0.083	   0.856
01:00:52	   16	0.083	   0.852
01:03:05	   17	0.085	   0.840
01:05:20	   18	0.086	   0.826
01:07:34	   19	0.083	   0.836
01:09:47	   20	0.085	   0.824
01:12:09	   21	0.083	   0.868
01:14:23	   22	0.082	   0.868
01:16:37	   23	0.082	   0.878
01:18:53	   24	0.082	   0.894
01:21:07	   25	0.081	   0.892
01:23:29	   26	0.081	   0.884
01:25:42	   27	0.081	   0.864
01:27:57	   28	0.081	   0.872
01:30:10	   29	0.081	   0.874
01:32:24	   30	0.081	   0.876

------------------------------

01:32:32	Parameters at epoch 30:

01:32:32	Theta:
01:32:32		-0.3446  -1.2032  -1.0117  
01:32:32		 0.6193  -1.6109  -0.2985  
01:32:32		-0.5436  -0.8261   1.0578  
01:32:32		 0.4209   0.8236  -2.4467  
01:32:32	Alpha:
01:32:32		 0.5505   0.0806  
01:32:32		 1.3331   0.1117  
01:32:32		-1.2354  -0.4344  
01:32:32		-1.0305   1.0719  
01:32:32	Class weight:
01:32:32		 1.2685   0.5877   0.9889   1.6506  

------------------------------

01:33:13	Accuracy on test set with the parameters above: 0.8603333333333333

