00:20:27	Optimizer: adam
00:20:27	Optimizer params: {'lr': 0.03}
00:20:27	DataSet: wavy lines - nTrain: 500 - nValid: 0 - nTest: 3000
00:20:27	nLayers: 6 - nEpochs: 30 - batchSize: 32
00:20:27	Cost: weighted fidelity
00:20:27	Seed: None

------------------------------

00:20:36	epoch	loss	accuracy
00:20:51	    0	0.396	   0.100
00:23:54	    1	0.182	   0.536
00:26:58	    2	0.146	   0.672
00:30:02	    3	0.136	   0.710
00:33:07	    4	0.126	   0.690
00:36:11	    5	0.111	   0.690
00:39:24	    6	0.106	   0.700
00:42:29	    7	0.102	   0.690
00:45:34	    8	0.099	   0.698
00:48:40	    9	0.101	   0.738
00:51:45	   10	0.097	   0.724
00:54:58	   11	0.095	   0.718
00:58:07	   12	0.097	   0.740
01:01:11	   13	0.094	   0.752
01:04:18	   14	0.095	   0.728
01:07:23	   15	0.094	   0.722
01:10:37	   16	0.093	   0.714
01:13:45	   17	0.095	   0.706
01:16:54	   18	0.095	   0.720
01:20:05	   19	0.091	   0.722
01:23:13	   20	0.091	   0.734
01:26:26	   21	0.089	   0.746
01:29:31	   22	0.089	   0.756
01:32:37	   23	0.088	   0.734
01:35:42	   24	0.089	   0.736
01:38:46	   25	0.087	   0.748
01:42:00	   26	0.086	   0.762
01:45:06	   27	0.085	   0.762
01:48:13	   28	0.085	   0.742
01:51:19	   29	0.084	   0.772
01:54:23	   30	0.083	   0.784

------------------------------

01:54:31	Parameters at epoch 30:

01:54:31	Theta:
01:54:31		-0.2896   0.7907   0.3919  
01:54:31		-1.4839  -0.8812  -0.5177  
01:54:31		-0.3903   0.5719  -0.2246  
01:54:31		-1.3753   1.6101  -1.4650  
01:54:31		 1.0469   0.9351  -0.2650  
01:54:31		-0.5272  -0.9682   0.2902  
01:54:31	Alpha:
01:54:31		 0.9454   1.5769  
01:54:31		-0.5062  -0.7590  
01:54:31		 1.0725  -0.4030  
01:54:31		-2.1155   0.2508  
01:54:31		-0.2885   0.0336  
01:54:31		-1.4832   0.3348  
01:54:31	Class weight:
01:54:31		 1.3468   0.5143   1.3566   1.4438  

------------------------------

01:55:16	Accuracy on test set with the parameters above: 0.7623333333333333

