20:42:32	Optimizer: adam
20:42:32	Optimizer params: {'lr': 0.03}
20:42:32	DataSet: sphere - nTrain: 500 - nValid: 0 - nTest: 3000
20:42:32	nLayers: 8 - nEpochs: 30 - batchSize: 32
20:42:32	Cost: weighted fidelity
20:42:32	Seed: None

------------------------------

20:42:37	epoch	loss	accuracy
20:42:45	    0	0.324	   0.528
20:45:27	    1	0.178	   0.744
20:48:10	    2	0.131	   0.820
20:50:52	    3	0.117	   0.860
20:53:38	    4	0.101	   0.882
20:56:22	    5	0.096	   0.894
20:59:10	    6	0.093	   0.884
21:01:56	    7	0.094	   0.876
21:04:42	    8	0.091	   0.898
21:07:26	    9	0.093	   0.900
21:10:11	   10	0.087	   0.906
21:13:02	   11	0.091	   0.890
21:15:46	   12	0.085	   0.908
21:18:32	   13	0.086	   0.912
21:21:18	   14	0.086	   0.908
21:24:04	   15	0.087	   0.908
21:26:55	   16	0.086	   0.906
21:29:40	   17	0.085	   0.912
21:32:26	   18	0.084	   0.916
21:35:10	   19	0.083	   0.916
21:37:54	   20	0.083	   0.914
21:40:42	   21	0.084	   0.912
21:43:28	   22	0.084	   0.906
21:46:10	   23	0.083	   0.924
21:48:53	   24	0.083	   0.910
21:51:35	   25	0.083	   0.916
21:54:23	   26	0.083	   0.924
21:57:06	   27	0.082	   0.922
21:59:50	   28	0.082	   0.932
22:02:33	   29	0.082	   0.926
22:05:16	   30	0.082	   0.916

------------------------------

22:05:21	Parameters at epoch 30:

22:05:21	Theta:
22:05:21		 0.2310  -1.9342   0.8043  
22:05:21		-0.2658  -0.9210  -0.8093  
22:05:21		 0.3690  -1.2464   2.0681  
22:05:21		 0.5855  -1.6396  -0.6241  
22:05:21		 1.1415   0.2421   0.1075  
22:05:21		-1.3323   1.3231  -0.7242  
22:05:21		 0.0394  -0.3709  -1.1297  
22:05:21		-0.1345   0.7149  -0.8924  
22:05:21	Alpha:
22:05:21		-0.0219  -0.5065   1.5227  
22:05:21		 1.2257   0.8508   1.0173  
22:05:21		-1.8469  -0.5511   1.4525  
22:05:21		-0.9227  -2.0619   0.5367  
22:05:21		 1.3179   0.2505  -0.1908  
22:05:21		-0.0906  -0.5743  -0.6894  
22:05:21		 1.7633   1.3472  -0.8348  
22:05:21		 0.3097  -0.6178  -0.4307  
22:05:21	Class weight:
22:05:21		 1.0696   1.1193  

------------------------------

22:05:47	Accuracy on test set with the parameters above: 0.8923333333333333

