22:06:21	Optimizer: adam
22:06:21	Optimizer params: {'lr': 0.03}
22:06:21	DataSet: circle - nTrain: 500 - nValid: 0 - nTest: 3000
22:06:21	nLayers: 3 - nEpochs: 30 - batchSize: 20
22:06:21	Cost: weighted fidelity
22:06:21	Seed: None

------------------------------

22:06:25	epoch	loss	accuracy
22:06:30	    0	0.349	   0.432
22:07:06	    1	0.186	   0.780
22:07:42	    2	0.154	   0.746
22:08:19	    3	0.129	   0.804
22:08:55	    4	0.106	   0.898
22:09:32	    5	0.095	   0.928
22:10:11	    6	0.091	   0.918
22:10:47	    7	0.089	   0.912
22:11:23	    8	0.090	   0.924
22:11:59	    9	0.089	   0.964
22:12:36	   10	0.088	   0.928
22:13:15	   11	0.087	   0.948
22:13:51	   12	0.087	   0.934
22:14:28	   13	0.087	   0.938
22:15:04	   14	0.087	   0.912
22:15:40	   15	0.086	   0.946
22:16:19	   16	0.087	   0.916
22:16:55	   17	0.086	   0.930
22:17:32	   18	0.087	   0.912
22:18:08	   19	0.087	   0.930
22:18:45	   20	0.086	   0.944
22:19:24	   21	0.087	   0.952
22:20:01	   22	0.086	   0.940
22:20:37	   23	0.086	   0.936
22:21:13	   24	0.087	   0.948
22:21:49	   25	0.087	   0.960
22:22:28	   26	0.087	   0.938
22:23:05	   27	0.086	   0.944
22:23:41	   28	0.086	   0.960
22:24:17	   29	0.086	   0.920
22:24:54	   30	0.086	   0.938

------------------------------

22:24:57	Parameters at epoch 30:

22:24:57	Theta:
22:24:57		 0.9366   0.7169   0.1034  
22:24:57		 0.0879   1.0137  -0.4403  
22:24:57		 0.3145   1.5586  -1.9563  
22:24:57	Alpha:
22:24:57		-0.5573   0.0173  
22:24:57		-0.8238   1.3764  
22:24:57		-1.8437   0.9744  
22:24:57	Class weight:
22:24:57		 0.9915   1.2955  

------------------------------

22:25:11	Accuracy on test set with the parameters above: 0.9336666666666666

