22:13:14	Optimizer: adam
22:13:14	Optimizer params: {'lr': 0.03}
22:13:14	DataSet: circle - nTrain: 500 - nValid: 0 - nTest: 3000
22:13:14	nLayers: 4 - nEpochs: 30 - batchSize: 20
22:13:14	Cost: fidelity
22:13:14	Seed: None

------------------------------

22:13:19	epoch	loss	accuracy
22:13:24	    0	0.509	   0.522
22:13:51	    1	0.293	   0.802
22:14:18	    2	0.279	   0.852
22:14:45	    3	0.276	   0.864
22:15:13	    4	0.270	   0.842
22:15:40	    5	0.265	   0.824
22:16:11	    6	0.265	   0.830
22:16:39	    7	0.264	   0.856
22:17:07	    8	0.258	   0.852
22:17:34	    9	0.256	   0.864
22:18:02	   10	0.257	   0.886
22:18:33	   11	0.254	   0.848
22:19:01	   12	0.252	   0.888
22:19:29	   13	0.249	   0.894
22:19:56	   14	0.249	   0.896
22:20:24	   15	0.246	   0.906
22:20:55	   16	0.243	   0.896
22:21:22	   17	0.242	   0.898
22:21:50	   18	0.239	   0.896
22:22:18	   19	0.237	   0.892
22:22:46	   20	0.236	   0.888
22:23:16	   21	0.235	   0.872
22:23:44	   22	0.234	   0.872
22:24:11	   23	0.233	   0.872
22:24:39	   24	0.233	   0.864
22:25:07	   25	0.232	   0.862
22:25:38	   26	0.231	   0.860
22:26:05	   27	0.231	   0.864
22:26:34	   28	0.231	   0.862
22:27:01	   29	0.230	   0.862
22:27:28	   30	0.230	   0.858

------------------------------

22:27:32	Parameters at epoch 30:

22:27:32	Theta:
22:27:32		 1.3697   2.5899  -0.1319  
22:27:32		 4.2232  -1.8402   1.1639  
22:27:32		 0.4360   0.4594   0.9130  
22:27:32		 1.2043  -1.3420  -0.5723  
22:27:32	Alpha:
22:27:32		-1.6957  -1.8961  
22:27:32		 1.9202  -1.6584  
22:27:32		 1.2013  -3.4559  
22:27:32		-1.0119   1.1207  

------------------------------

22:27:49	Accuracy on test set with the parameters above: 0.8543333333333333

