23:26:53	Optimizer: adam
23:26:53	Optimizer params: {'lr': 0.03}
23:26:53	DataSet: sphere - nTrain: 500 - nValid: 0 - nTest: 3000
23:26:53	nLayers: 1 - nEpochs: 30 - batchSize: 32
23:26:53	Cost: fidelity
23:26:53	Seed: None

------------------------------

23:26:55	epoch	loss	accuracy
23:26:58	    0	0.568	   0.410
23:27:06	    1	0.533	   0.504
23:27:14	    2	0.506	   0.510
23:27:22	    3	0.494	   0.498
23:27:31	    4	0.491	   0.490
23:27:39	    5	0.490	   0.492
23:27:49	    6	0.490	   0.488
23:27:57	    7	0.489	   0.482
23:28:05	    8	0.489	   0.482
23:28:14	    9	0.488	   0.462
23:28:22	   10	0.488	   0.464
23:28:32	   11	0.487	   0.434
23:28:40	   12	0.486	   0.428
23:28:48	   13	0.486	   0.426
23:28:57	   14	0.485	   0.428
23:29:05	   15	0.484	   0.440
23:29:15	   16	0.483	   0.448
23:29:24	   17	0.482	   0.464
23:29:33	   18	0.481	   0.478
23:29:41	   19	0.479	   0.496
23:29:50	   20	0.476	   0.534
23:30:00	   21	0.472	   0.558
23:30:08	   22	0.469	   0.574
23:30:17	   23	0.462	   0.592
23:30:26	   24	0.453	   0.592
23:30:34	   25	0.442	   0.604
23:30:44	   26	0.429	   0.608
23:30:53	   27	0.414	   0.632
23:31:01	   28	0.400	   0.636
23:31:10	   29	0.387	   0.666
23:31:18	   30	0.378	   0.660

------------------------------

23:31:20	Parameters at epoch 30:

23:31:20	Theta:
23:31:20		 0.9264  -2.6675   1.3447  
23:31:20	Alpha:
23:31:20		-0.2165  -2.8059  -2.7832  

------------------------------

23:31:30	Accuracy on test set with the parameters above: 0.6786666666666666

