23:25:24	Optimizer: adam
23:25:24	Optimizer params: {'lr': 0.03}
23:25:24	DataSet: sphere - nTrain: 500 - nValid: 0 - nTest: 3000
23:25:24	nLayers: 1 - nEpochs: 30 - batchSize: 32
23:25:24	Cost: fidelity
23:25:24	Seed: None

------------------------------

23:25:25	epoch	loss	accuracy
23:25:29	    0	0.500	   0.416
23:25:39	    1	0.500	   0.460
23:25:49	    2	0.499	   0.446
23:25:59	    3	0.498	   0.454
23:26:09	    4	0.497	   0.428
23:26:18	    5	0.497	   0.418
23:26:30	    6	0.496	   0.456
23:26:40	    7	0.494	   0.488
23:26:50	    8	0.493	   0.504
23:27:00	    9	0.492	   0.520
23:27:10	   10	0.490	   0.542
23:27:22	   11	0.484	   0.560
23:27:32	   12	0.474	   0.580
23:27:42	   13	0.456	   0.604
23:27:52	   14	0.423	   0.600
23:28:02	   15	0.384	   0.654
23:28:14	   16	0.351	   0.694
23:28:24	   17	0.336	   0.696
23:28:34	   18	0.332	   0.694
23:28:44	   19	0.331	   0.692
23:28:54	   20	0.330	   0.694
23:29:06	   21	0.330	   0.694
23:29:16	   22	0.330	   0.694
23:29:26	   23	0.330	   0.690
23:29:36	   24	0.330	   0.690
23:29:46	   25	0.330	   0.694
23:29:58	   26	0.330	   0.690
23:30:08	   27	0.330	   0.694
23:30:18	   28	0.330	   0.694
23:30:28	   29	0.330	   0.694
23:30:38	   30	0.330	   0.692

------------------------------

23:30:40	Parameters at epoch 30:

23:30:40	Theta:
23:30:40		 0.2201  -3.1322   0.6883  
23:30:40	Alpha:
23:30:40		 1.1777  -3.4483  -0.5336  

------------------------------

23:30:51	Accuracy on test set with the parameters above: 0.69

