00:12:45	Optimizer: adam
00:12:45	Optimizer params: {'lr': 0.03}
00:12:45	DataSet: three circles - nTrain: 500 - nValid: 0 - nTest: 3000
00:12:45	nLayers: 2 - nEpochs: 30 - batchSize: 15
00:12:45	Cost: fidelity
00:12:45	Seed: None

------------------------------

00:12:51	epoch	loss	accuracy
00:12:55	    0	0.429	   0.342
00:13:09	    1	0.296	   0.564
00:13:22	    2	0.233	   0.664
00:13:35	    3	0.217	   0.676
00:13:49	    4	0.212	   0.656
00:14:02	    5	0.202	   0.680
00:14:19	    6	0.189	   0.722
00:14:32	    7	0.180	   0.708
00:14:46	    8	0.175	   0.722
00:14:59	    9	0.173	   0.736
00:15:12	   10	0.172	   0.736
00:15:30	   11	0.169	   0.734
00:15:43	   12	0.169	   0.744
00:15:56	   13	0.170	   0.734
00:16:10	   14	0.170	   0.734
00:16:23	   15	0.167	   0.750
00:16:41	   16	0.166	   0.752
00:16:54	   17	0.167	   0.734
00:17:07	   18	0.166	   0.756
00:17:20	   19	0.165	   0.750
00:17:34	   20	0.165	   0.752
00:17:51	   21	0.165	   0.754
00:18:04	   22	0.164	   0.754
00:18:18	   23	0.164	   0.750
00:18:31	   24	0.164	   0.756
00:18:44	   25	0.164	   0.756
00:19:02	   26	0.163	   0.748
00:19:15	   27	0.164	   0.758
00:19:28	   28	0.163	   0.772
00:19:41	   29	0.163	   0.762
00:19:55	   30	0.162	   0.766

------------------------------

00:19:59	Parameters at epoch 30:

00:19:59	Theta:
00:19:59		 0.6201  -1.5466  -2.4191  
00:19:59		-0.4508  -1.1049   2.4205  
00:19:59	Alpha:
00:19:59		-1.6020   0.6942  
00:19:59		 2.2420  -1.2952  

------------------------------

00:20:21	Accuracy on test set with the parameters above: 0.7376666666666667

