00:48:54	Optimizer: adam
00:48:54	Optimizer params: {'lr': 0.03}
00:48:54	DataSet: wavy lines - nTrain: 500 - nValid: 0 - nTest: 3000
00:48:54	nLayers: 4 - nEpochs: 30 - batchSize: 32
00:48:54	Cost: weighted fidelity
00:48:54	Seed: None

------------------------------

00:49:03	epoch	loss	accuracy
00:49:13	    0	0.332	   0.236
00:50:48	    1	0.141	   0.614
00:52:25	    2	0.107	   0.786
00:54:03	    3	0.094	   0.896
00:55:41	    4	0.085	   0.896
00:57:17	    5	0.084	   0.902
00:58:59	    6	0.081	   0.894
01:00:36	    7	0.078	   0.896
01:02:12	    8	0.079	   0.888
01:03:48	    9	0.075	   0.890
01:05:24	   10	0.074	   0.898
01:07:07	   11	0.074	   0.888
01:08:45	   12	0.074	   0.884
01:10:23	   13	0.072	   0.910
01:12:02	   14	0.071	   0.910
01:13:39	   15	0.070	   0.908
01:15:22	   16	0.070	   0.900
01:16:59	   17	0.069	   0.910
01:18:35	   18	0.069	   0.906
01:20:13	   19	0.069	   0.912
01:21:51	   20	0.068	   0.904
01:23:35	   21	0.068	   0.910
01:25:12	   22	0.068	   0.908
01:26:49	   23	0.068	   0.910
01:28:26	   24	0.068	   0.910
01:30:04	   25	0.067	   0.906
01:31:47	   26	0.067	   0.912
01:33:25	   27	0.067	   0.910
01:35:03	   28	0.067	   0.906
01:36:42	   29	0.067	   0.908
01:38:20	   30	0.067	   0.906

------------------------------

01:38:27	Parameters at epoch 30:

01:38:27	Theta:
01:38:27		-2.0357   0.7835  -0.9911  
01:38:27		-1.3632   1.0019   0.4890  
01:38:27		-0.3215  -1.5099   0.5285  
01:38:27		 1.2881  -1.6484   0.0137  
01:38:27	Alpha:
01:38:27		-0.2804  -0.6926  
01:38:27		-2.3631   0.8604  
01:38:27		 1.3652  -2.5757  
01:38:27		-0.8156   0.6977  
01:38:27	Class weight:
01:38:27		 0.9717   0.9464   0.9093   0.9629  

------------------------------

01:38:58	Accuracy on test set with the parameters above: 0.9056666666666666

