07:20:03	Optimizer: adam
07:20:03	Optimizer params: {'lr': 0.02}
07:20:03	DataSet: binary annulus - nTrain: 500 - nValid: 0 - nTest: 3000
07:20:03	nLayers: 1 - nEpochs: 40 - batchSize: 48
07:20:03	Cost: weighted fidelity
07:20:03	Seed: None

------------------------------

07:20:06	epoch	loss	accuracy
07:20:10	    0	0.439	   0.420
07:20:22	    1	0.370	   0.420
07:20:34	    2	0.336	   0.456
07:20:47	    3	0.309	   0.490
07:20:59	    4	0.280	   0.496
07:21:11	    5	0.261	   0.536
07:21:26	    6	0.255	   0.536
07:21:38	    7	0.253	   0.536
07:21:51	    8	0.252	   0.536
07:22:03	    9	0.251	   0.536
07:22:16	   10	0.250	   0.536
07:22:30	   11	0.250	   0.536
07:22:42	   12	0.250	   0.536
07:22:55	   13	0.249	   0.536
07:23:07	   14	0.249	   0.536
07:23:19	   15	0.249	   0.536
07:23:34	   16	0.249	   0.536
07:23:46	   17	0.249	   0.536
07:23:59	   18	0.249	   0.536
07:24:11	   19	0.249	   0.536
07:24:24	   20	0.249	   0.536
07:24:38	   21	0.249	   0.536
07:24:51	   22	0.249	   0.536
07:25:03	   23	0.249	   0.536
07:25:16	   24	0.249	   0.536
07:25:28	   25	0.249	   0.536
07:25:43	   26	0.249	   0.536
07:25:55	   27	0.249	   0.536
07:26:08	   28	0.249	   0.536
07:26:20	   29	0.249	   0.536
07:26:33	   30	0.249	   0.536
07:26:48	   31	0.249	   0.536
07:27:00	   32	0.249	   0.536
07:27:13	   33	0.249	   0.536
07:27:25	   34	0.249	   0.536
07:27:38	   35	0.249	   0.536
07:27:52	   36	0.249	   0.536
07:28:05	   37	0.249	   0.536
07:28:17	   38	0.249	   0.536
07:28:30	   39	0.249	   0.536
07:28:43	   40	0.249	   0.536

------------------------------

07:28:45	Parameters at epoch 40:

07:28:45	Theta:
07:28:45		-1.4171  -1.4552  -0.3518  
07:28:45	Alpha:
07:28:45		-0.6417  -0.1838  
07:28:45	Class weight:
07:28:45		 0.8270   1.2196  

------------------------------

07:28:54	Accuracy on test set with the parameters above: 0.49533333333333335

