22:17:00	Optimizer: adam
22:17:00	Optimizer params: {'lr': 0.03}
22:17:00	DataSet: circle - nTrain: 500 - nValid: 0 - nTest: 3000
22:17:00	nLayers: 2 - nEpochs: 30 - batchSize: 20
22:17:00	Cost: weighted fidelity
22:17:00	Seed: None

------------------------------

22:17:04	epoch	loss	accuracy
22:17:08	    0	0.378	   0.394
22:17:29	    1	0.229	   0.622
22:17:50	    2	0.189	   0.714
22:18:11	    3	0.178	   0.728
22:18:32	    4	0.175	   0.722
22:18:53	    5	0.169	   0.748
22:19:17	    6	0.133	   0.802
22:19:38	    7	0.100	   0.920
22:19:59	    8	0.100	   0.912
22:20:21	    9	0.100	   0.892
22:20:42	   10	0.099	   0.938
22:21:06	   11	0.099	   0.888
22:21:27	   12	0.098	   0.894
22:21:48	   13	0.098	   0.946
22:22:09	   14	0.098	   0.904
22:22:30	   15	0.097	   0.922
22:22:54	   16	0.098	   0.896
22:23:15	   17	0.097	   0.928
22:23:37	   18	0.098	   0.954
22:23:58	   19	0.098	   0.902
22:24:19	   20	0.097	   0.934
22:24:43	   21	0.097	   0.914
22:25:04	   22	0.097	   0.912
22:25:25	   23	0.097	   0.936
22:25:47	   24	0.097	   0.910
22:26:08	   25	0.097	   0.920
22:26:32	   26	0.097	   0.922
22:26:53	   27	0.097	   0.924
22:27:14	   28	0.097	   0.924
22:27:36	   29	0.097	   0.926
22:27:57	   30	0.097	   0.934

------------------------------

22:27:59	Parameters at epoch 30:

22:27:59	Theta:
22:27:59		-0.1751   1.5722  -0.0069  
22:27:59		 0.0437   1.5583  -0.4340  
22:27:59	Alpha:
22:27:59		 0.8445   1.1914  
22:27:59		 2.2867   1.1665  
22:27:59	Class weight:
22:27:59		 0.9881   1.2854  

------------------------------

22:28:10	Accuracy on test set with the parameters above: 0.943

