00:21:11	Optimizer: adam
00:21:11	Optimizer params: {'lr': 0.03}
00:21:11	DataSet: wavy lines - nTrain: 500 - nValid: 0 - nTest: 3000
00:21:11	nLayers: 8 - nEpochs: 30 - batchSize: 32
00:21:11	Cost: fidelity
00:21:11	Seed: None

------------------------------

00:21:22	epoch	loss	accuracy
00:21:33	    0	0.287	   0.520
00:22:51	    1	0.191	   0.750
00:24:10	    2	0.148	   0.824
00:25:28	    3	0.127	   0.824
00:26:48	    4	0.115	   0.902
00:28:06	    5	0.122	   0.828
00:29:34	    6	0.110	   0.912
00:30:53	    7	0.109	   0.898
00:32:12	    8	0.109	   0.904
00:33:33	    9	0.112	   0.862
00:34:51	   10	0.113	   0.902
00:36:20	   11	0.108	   0.892
00:37:38	   12	0.106	   0.910
00:38:57	   13	0.106	   0.900
00:40:16	   14	0.105	   0.902
00:41:34	   15	0.104	   0.914
00:43:03	   16	0.105	   0.906
00:44:21	   17	0.103	   0.912
00:45:40	   18	0.104	   0.902
00:47:00	   19	0.103	   0.908
00:48:18	   20	0.102	   0.910
00:49:47	   21	0.104	   0.900
00:51:06	   22	0.103	   0.892
00:52:26	   23	0.101	   0.908
00:53:45	   24	0.101	   0.904
00:55:04	   25	0.101	   0.900
00:56:33	   26	0.101	   0.898
00:57:52	   27	0.100	   0.904
00:59:11	   28	0.101	   0.896
01:00:31	   29	0.099	   0.908
01:01:50	   30	0.099	   0.906

------------------------------

01:02:00	Parameters at epoch 30:

01:02:00	Theta:
01:02:00		-0.8534   2.3196  -1.1493  
01:02:00		 1.7143   0.8137  -0.2322  
01:02:00		-2.8508   0.7165   0.3698  
01:02:00		-0.9487  -1.6651  -0.8459  
01:02:00		 0.3203  -2.1115  -0.1665  
01:02:00		 0.0178  -0.3349   0.7209  
01:02:00		 0.2661  -1.2878   0.3421  
01:02:00		 0.8906   0.6664  -0.7413  
01:02:00	Alpha:
01:02:00		-0.3923   1.7120  
01:02:00		 0.5329  -0.4560  
01:02:00		-0.9915   0.1219  
01:02:00		-0.3635   0.5118  
01:02:00		 1.3348   2.4714  
01:02:00		-1.6695  -0.8199  
01:02:00		-1.5463   0.5799  
01:02:00		 1.6282   0.6437  

------------------------------

01:02:58	Accuracy on test set with the parameters above: 0.885

