22:11:53	Optimizer: adam
22:11:53	Optimizer params: {'lr': 0.03}
22:11:53	DataSet: circle - nTrain: 500 - nValid: 0 - nTest: 3000
22:11:53	nLayers: 4 - nEpochs: 30 - batchSize: 20
22:11:53	Cost: fidelity
22:11:53	Seed: None

------------------------------

22:11:58	epoch	loss	accuracy
22:12:02	    0	0.384	   0.672
22:12:29	    1	0.289	   0.746
22:12:56	    2	0.279	   0.758
22:13:23	    3	0.279	   0.762
22:13:50	    4	0.280	   0.768
22:14:17	    5	0.278	   0.752
22:14:47	    6	0.278	   0.762
22:15:15	    7	0.277	   0.760
22:15:42	    8	0.278	   0.754
22:16:09	    9	0.278	   0.752
22:16:37	   10	0.278	   0.756
22:17:08	   11	0.278	   0.754
22:17:35	   12	0.277	   0.760
22:18:02	   13	0.279	   0.750
22:18:30	   14	0.278	   0.754
22:18:57	   15	0.278	   0.756
22:19:28	   16	0.278	   0.762
22:19:56	   17	0.278	   0.752
22:20:23	   18	0.277	   0.760
22:20:50	   19	0.278	   0.760
22:21:18	   20	0.277	   0.760
22:21:48	   21	0.277	   0.760
22:22:16	   22	0.277	   0.760
22:22:43	   23	0.277	   0.758
22:23:10	   24	0.277	   0.760
22:23:37	   25	0.277	   0.758
22:24:08	   26	0.277	   0.760
22:24:36	   27	0.278	   0.754
22:25:03	   28	0.277	   0.760
22:25:30	   29	0.277	   0.760
22:25:57	   30	0.277	   0.764

------------------------------

22:26:00	Parameters at epoch 30:

22:26:00	Theta:
22:26:00		 0.7733  -0.0238  -2.9283  
22:26:00		 0.1525   2.8684  -1.7902  
22:26:00		 1.5320   0.4766   1.2497  
22:26:00		 1.7287   0.1886  -0.5759  
22:26:00	Alpha:
22:26:00		 0.6931  -0.8116  
22:26:00		-0.1299   0.3888  
22:26:00		-0.2502  -0.8297  
22:26:00		 0.1196   1.5183  

------------------------------

22:26:17	Accuracy on test set with the parameters above: 0.728

