05:15:43	Optimizer: adam
05:15:43	Optimizer params: {'lr': 0.02}
05:15:43	DataSet: non convex - nTrain: 500 - nValid: 0 - nTest: 3000
05:15:43	nLayers: 6 - nEpochs: 40 - batchSize: 32
05:15:43	Cost: fidelity
05:15:43	Seed: None

------------------------------

05:15:49	epoch	loss	accuracy
05:15:55	    0	0.376	   0.700
05:16:42	    1	0.287	   0.756
05:17:30	    2	0.272	   0.754
05:18:17	    3	0.262	   0.762
05:19:06	    4	0.249	   0.786
05:19:53	    5	0.233	   0.804
05:20:46	    6	0.223	   0.846
05:21:33	    7	0.217	   0.878
05:22:21	    8	0.213	   0.894
05:23:10	    9	0.206	   0.882
05:23:58	   10	0.201	   0.894
05:24:51	   11	0.199	   0.880
05:25:39	   12	0.195	   0.906
05:26:28	   13	0.194	   0.898
05:27:16	   14	0.192	   0.910
05:28:04	   15	0.191	   0.910
05:28:56	   16	0.191	   0.910
05:29:46	   17	0.190	   0.910
05:30:34	   18	0.189	   0.916
05:31:21	   19	0.189	   0.914
05:32:08	   20	0.189	   0.914
05:33:00	   21	0.189	   0.918
05:33:48	   22	0.188	   0.916
05:34:35	   23	0.188	   0.912
05:35:25	   24	0.188	   0.916
05:36:11	   25	0.188	   0.916
05:37:03	   26	0.188	   0.912
05:37:51	   27	0.188	   0.918
05:38:40	   28	0.188	   0.922
05:39:29	   29	0.188	   0.906
05:40:17	   30	0.188	   0.920
05:41:10	   31	0.188	   0.914
05:41:59	   32	0.188	   0.918
05:42:47	   33	0.187	   0.920
05:43:36	   34	0.187	   0.916
05:44:25	   35	0.187	   0.920
05:45:18	   36	0.187	   0.916
05:46:06	   37	0.187	   0.916
05:46:54	   38	0.187	   0.914
05:47:41	   39	0.187	   0.916
05:48:29	   40	0.187	   0.912

------------------------------

05:48:34	Parameters at epoch 40:

05:48:34	Theta:
05:48:34		-0.8477  -1.4106   0.9673  
05:48:34		-0.2007   0.4129  -0.6878  
05:48:34		 1.2794   2.2402  -2.1676  
05:48:34		-1.9430   0.4897   0.3412  
05:48:34		 0.2640  -0.3215   1.1780  
05:48:34		-0.7421   0.7268   0.0867  
05:48:34	Alpha:
05:48:34		 2.0393   1.4904  
05:48:34		 1.8357  -2.2813  
05:48:34		 2.7953   0.2703  
05:48:34		 0.7633  -0.3779  
05:48:34		 0.0940   1.1186  
05:48:34		-1.2316   1.2709  

------------------------------

05:48:56	Accuracy on test set with the parameters above: 0.9226666666666666

