06:11:10	Optimizer: adam
06:11:10	Optimizer params: {'lr': 0.02}
06:11:10	DataSet: binary annulus - nTrain: 500 - nValid: 0 - nTest: 3000
06:11:10	nLayers: 8 - nEpochs: 40 - batchSize: 48
06:11:10	Cost: fidelity
06:11:10	Seed: None

------------------------------

06:11:15	epoch	loss	accuracy
06:11:21	    0	0.474	   0.536
06:12:27	    1	0.438	   0.614
06:13:34	    2	0.416	   0.640
06:14:39	    3	0.402	   0.646
06:15:44	    4	0.391	   0.666
06:16:50	    5	0.381	   0.700
06:18:01	    6	0.372	   0.726
06:19:07	    7	0.365	   0.720
06:20:12	    8	0.360	   0.724
06:21:19	    9	0.356	   0.698
06:22:25	   10	0.352	   0.714
06:23:34	   11	0.350	   0.716
06:24:41	   12	0.348	   0.718
06:25:46	   13	0.347	   0.714
06:26:51	   14	0.345	   0.718
06:27:57	   15	0.345	   0.708
06:29:06	   16	0.343	   0.730
06:30:10	   17	0.342	   0.724
06:31:14	   18	0.341	   0.730
06:32:17	   19	0.341	   0.734
06:33:21	   20	0.340	   0.734
06:34:29	   21	0.339	   0.728
06:35:33	   22	0.338	   0.732
06:36:36	   23	0.337	   0.734
06:37:41	   24	0.337	   0.738
06:38:46	   25	0.336	   0.746
06:39:56	   26	0.335	   0.742
06:41:03	   27	0.335	   0.740
06:42:08	   28	0.334	   0.738
06:43:14	   29	0.333	   0.746
06:44:19	   30	0.333	   0.744
06:45:28	   31	0.332	   0.748
06:46:33	   32	0.332	   0.746
06:47:40	   33	0.331	   0.750
06:48:47	   34	0.330	   0.748
06:49:54	   35	0.330	   0.746
06:51:05	   36	0.329	   0.752
06:52:12	   37	0.328	   0.752
06:53:19	   38	0.328	   0.748
06:54:26	   39	0.327	   0.750
06:55:33	   40	0.326	   0.744

------------------------------

06:55:38	Parameters at epoch 40:

06:55:38	Theta:
06:55:38		 0.2188   0.4160  -1.4652  
06:55:38		 0.2078  -1.9115   1.3288  
06:55:38		 1.9875  -0.7820   1.4553  
06:55:38		 0.3590   0.0211   1.2417  
06:55:38		 0.4216   0.4260  -1.7042  
06:55:38		-1.1087   0.2799  -1.5199  
06:55:38		 0.0032   1.8284   0.5460  
06:55:38		-0.3164  -0.3508  -1.5346  
06:55:38	Alpha:
06:55:38		 0.1678  -1.0423  
06:55:38		 0.1413   1.7265  
06:55:38		 0.2821  -2.1158  
06:55:38		-2.0613   1.8160  
06:55:38		-0.7927   2.2411  
06:55:38		 2.4388  -2.1055  
06:55:38		 1.1217   0.4361  
06:55:38		 0.5044   0.7483  

------------------------------

06:56:01	Accuracy on test set with the parameters above: 0.7706666666666667

