04:37:12	Optimizer: adam
04:37:12	Optimizer params: {'lr': 0.02}
04:37:12	DataSet: non convex - nTrain: 500 - nValid: 0 - nTest: 3000
04:37:12	nLayers: 4 - nEpochs: 40 - batchSize: 32
04:37:12	Cost: weighted fidelity
04:37:12	Seed: None

------------------------------

04:37:15	epoch	loss	accuracy
04:37:21	    0	0.396	   0.432
04:38:16	    1	0.180	   0.712
04:39:08	    2	0.164	   0.730
04:40:00	    3	0.159	   0.738
04:40:52	    4	0.158	   0.748
04:41:44	    5	0.158	   0.758
04:42:39	    6	0.157	   0.748
04:43:31	    7	0.156	   0.750
04:44:23	    8	0.156	   0.762
04:45:15	    9	0.155	   0.750
04:46:07	   10	0.155	   0.754
04:47:03	   11	0.155	   0.750
04:47:55	   12	0.154	   0.752
04:48:49	   13	0.154	   0.750
04:49:41	   14	0.154	   0.766
04:50:33	   15	0.153	   0.754
04:51:29	   16	0.153	   0.754
04:52:21	   17	0.153	   0.756
04:53:13	   18	0.152	   0.752
04:54:05	   19	0.152	   0.762
04:54:58	   20	0.151	   0.760
04:55:53	   21	0.151	   0.768
04:56:46	   22	0.151	   0.770
04:57:37	   23	0.151	   0.768
04:58:29	   24	0.151	   0.766
04:59:21	   25	0.150	   0.772
05:00:16	   26	0.151	   0.784
05:01:08	   27	0.150	   0.784
05:02:01	   28	0.150	   0.774
05:02:54	   29	0.149	   0.782
05:03:46	   30	0.149	   0.768
05:04:42	   31	0.149	   0.784
05:05:36	   32	0.149	   0.786
05:06:29	   33	0.148	   0.786
05:07:22	   34	0.148	   0.786
05:08:15	   35	0.148	   0.786
05:09:12	   36	0.148	   0.792
05:10:05	   37	0.147	   0.784
05:10:59	   38	0.147	   0.792
05:11:52	   39	0.146	   0.792
05:12:45	   40	0.146	   0.784

------------------------------

05:12:48	Parameters at epoch 40:

05:12:48	Theta:
05:12:48		 0.2475  -0.7537   0.5132  
05:12:48		 0.5797  -0.4678   1.8449  
05:12:48		-2.2302   0.6281   0.0302  
05:12:48		-0.2831   1.9678   0.0259  
05:12:48	Alpha:
05:12:48		-1.5298   0.9858  
05:12:48		 1.1892   0.2350  
05:12:48		-0.5253   2.2548  
05:12:48		-1.5180  -0.5958  
05:12:48	Class weight:
05:12:48		 1.0550   1.0244  

------------------------------

05:13:06	Accuracy on test set with the parameters above: 0.7986666666666666

