23:19:35	Optimizer: adam
23:19:35	Optimizer params: {'lr': 0.03}
23:19:35	DataSet: sphere - nTrain: 500 - nValid: 0 - nTest: 3000
23:19:35	nLayers: 1 - nEpochs: 30 - batchSize: 32
23:19:35	Cost: weighted fidelity
23:19:35	Seed: None

------------------------------

23:19:36	epoch	loss	accuracy
23:19:40	    0	0.434	   0.412
23:19:53	    1	0.334	   0.442
23:20:07	    2	0.287	   0.510
23:20:20	    3	0.261	   0.564
23:20:33	    4	0.251	   0.464
23:20:47	    5	0.249	   0.592
23:21:02	    6	0.249	   0.480
23:21:16	    7	0.249	   0.466
23:21:29	    8	0.249	   0.476
23:21:43	    9	0.249	   0.496
23:21:56	   10	0.249	   0.524
23:22:11	   11	0.249	   0.506
23:22:25	   12	0.249	   0.560
23:22:38	   13	0.249	   0.474
23:22:52	   14	0.249	   0.556
23:23:05	   15	0.248	   0.508
23:23:21	   16	0.248	   0.478
23:23:34	   17	0.249	   0.474
23:23:48	   18	0.249	   0.560
23:24:01	   19	0.248	   0.530
23:24:15	   20	0.248	   0.496
23:24:30	   21	0.248	   0.488
23:24:44	   22	0.248	   0.560
23:24:57	   23	0.248	   0.480
23:25:11	   24	0.248	   0.498
23:25:24	   25	0.249	   0.466
23:25:39	   26	0.248	   0.568
23:25:53	   27	0.248	   0.500
23:26:07	   28	0.248	   0.526
23:26:20	   29	0.248	   0.520
23:26:34	   30	0.248	   0.482

------------------------------

23:26:35	Parameters at epoch 30:

23:26:35	Theta:
23:26:35		 1.0861   1.5448  -0.7913  
23:26:35	Alpha:
23:26:35		-0.9145   0.2463  -0.8909  
23:26:35	Class weight:
23:26:35		 0.9996   0.9989  

------------------------------

23:26:45	Accuracy on test set with the parameters above: 0.44266666666666665

