21:43:50	Optimizer: adam
21:43:50	Optimizer params: {'lr': 0.03}
21:43:50	DataSet: sphere - nTrain: 500 - nValid: 0 - nTest: 3000
21:43:50	nLayers: 8 - nEpochs: 30 - batchSize: 32
21:43:50	Cost: fidelity
21:43:50	Seed: None

------------------------------

21:43:55	epoch	loss	accuracy
21:44:04	    0	0.564	   0.410
21:45:37	    1	0.386	   0.634
21:47:09	    2	0.335	   0.732
21:48:43	    3	0.303	   0.780
21:50:16	    4	0.288	   0.784
21:51:49	    5	0.286	   0.790
21:53:28	    6	0.279	   0.802
21:55:02	    7	0.279	   0.796
21:56:36	    8	0.277	   0.806
21:58:09	    9	0.277	   0.806
21:59:44	   10	0.275	   0.798
22:01:22	   11	0.276	   0.802
22:02:55	   12	0.275	   0.808
22:04:29	   13	0.273	   0.802
22:06:02	   14	0.275	   0.808
22:07:35	   15	0.272	   0.810
22:09:14	   16	0.272	   0.800
22:10:48	   17	0.272	   0.804
22:12:21	   18	0.272	   0.810
22:13:54	   19	0.272	   0.810
22:15:28	   20	0.273	   0.806
22:17:07	   21	0.273	   0.828
22:18:40	   22	0.272	   0.814
22:20:15	   23	0.273	   0.800
22:21:49	   24	0.273	   0.814
22:23:23	   25	0.272	   0.812
22:25:03	   26	0.271	   0.816
22:26:36	   27	0.272	   0.806
22:28:10	   28	0.271	   0.812
22:29:44	   29	0.271	   0.814
22:31:19	   30	0.271	   0.810

------------------------------

22:31:24	Parameters at epoch 30:

22:31:24	Theta:
22:31:24		 1.8319  -1.0096  -2.7113  
22:31:24		 0.5263   0.9007  -1.4152  
22:31:24		 0.8910   0.4235  -1.4434  
22:31:24		-0.7239  -0.8920  -0.6899  
22:31:24		 0.0325  -1.9448   0.8302  
22:31:24		-0.5680   1.0119  -0.7671  
22:31:24		 1.1858   0.7845  -0.7448  
22:31:24		 0.2318  -0.6291  -1.7526  
22:31:24	Alpha:
22:31:24		 0.3232   0.6703   0.3236  
22:31:24		-0.8650  -0.4389   0.0808  
22:31:24		-0.3352   0.7059   0.2153  
22:31:24		-0.4932   0.7307  -0.3130  
22:31:24		 0.6334   0.7931   0.0257  
22:31:24		 0.6000  -0.1639  -0.0008  
22:31:24		 0.9762   1.8514  -0.1230  
22:31:24		 0.3865   0.4471  -0.4654  

------------------------------

22:31:55	Accuracy on test set with the parameters above: 0.7773333333333333

