06:10:20	Optimizer: adam
06:10:20	Optimizer params: {'lr': 0.02}
06:10:20	DataSet: binary annulus - nTrain: 500 - nValid: 0 - nTest: 3000
06:10:20	nLayers: 6 - nEpochs: 40 - batchSize: 48
06:10:20	Cost: weighted fidelity
06:10:20	Seed: None

------------------------------

06:10:26	epoch	loss	accuracy
06:10:35	    0	0.334	   0.484
06:12:29	    1	0.255	   0.576
06:14:24	    2	0.233	   0.604
06:16:18	    3	0.226	   0.638
06:18:13	    4	0.223	   0.630
06:20:08	    5	0.221	   0.632
06:22:08	    6	0.223	   0.632
06:24:04	    7	0.221	   0.632
06:25:59	    8	0.220	   0.638
06:27:53	    9	0.220	   0.668
06:29:48	   10	0.220	   0.636
06:31:48	   11	0.220	   0.660
06:33:43	   12	0.219	   0.650
06:35:38	   13	0.219	   0.632
06:37:35	   14	0.220	   0.654
06:39:32	   15	0.219	   0.668
06:41:33	   16	0.219	   0.630
06:43:28	   17	0.217	   0.674
06:45:23	   18	0.217	   0.650
06:47:19	   19	0.217	   0.650
06:49:15	   20	0.216	   0.668
06:51:16	   21	0.215	   0.664
06:53:12	   22	0.216	   0.642
06:55:08	   23	0.215	   0.688
06:57:04	   24	0.214	   0.668
06:59:01	   25	0.213	   0.678
07:01:03	   26	0.213	   0.686
07:03:00	   27	0.212	   0.684
07:04:56	   28	0.212	   0.686
07:06:53	   29	0.211	   0.692
07:08:48	   30	0.211	   0.688
07:10:48	   31	0.211	   0.692
07:12:44	   32	0.210	   0.722
07:14:41	   33	0.210	   0.698
07:16:39	   34	0.209	   0.722
07:18:36	   35	0.209	   0.730
07:20:39	   36	0.209	   0.722
07:22:36	   37	0.208	   0.720
07:24:33	   38	0.208	   0.726
07:26:27	   39	0.208	   0.726
07:28:22	   40	0.207	   0.724

------------------------------

07:28:27	Parameters at epoch 40:

07:28:27	Theta:
07:28:27		-0.0120   0.8355  -0.6668  
07:28:27		 0.9440  -0.7502  -0.5739  
07:28:27		-0.6465  -0.0900   0.0700  
07:28:27		-0.9840   1.0875   0.6300  
07:28:27		-0.8509   1.6546  -0.6433  
07:28:27		 1.2757  -0.4233   0.6142  
07:28:27	Alpha:
07:28:27		 0.3225  -0.2557  
07:28:27		 0.7813  -1.2052  
07:28:27		-0.2463  -0.3370  
07:28:27		 0.9498   1.6358  
07:28:27		-0.7447  -0.5363  
07:28:27		 0.7718  -1.1869  
07:28:27	Class weight:
07:28:27		 1.2006   0.8755  

------------------------------

07:28:54	Accuracy on test set with the parameters above: 0.7013333333333334

