23:53:37	Optimizer: adam
23:53:37	Optimizer params: {'lr': 0.03}
23:53:37	DataSet: three circles - nTrain: 500 - nValid: 0 - nTest: 3000
23:53:37	nLayers: 2 - nEpochs: 30 - batchSize: 15
23:53:37	Cost: weighted fidelity
23:53:37	Seed: None

------------------------------

23:53:42	epoch	loss	accuracy
23:53:51	    0	0.353	   0.236
23:54:38	    1	0.111	   0.632
23:55:25	    2	0.099	   0.752
23:56:13	    3	0.091	   0.736
23:57:00	    4	0.088	   0.752
23:57:47	    5	0.086	   0.732
23:58:39	    6	0.084	   0.770
23:59:26	    7	0.084	   0.766
00:00:14	    8	0.084	   0.788
00:01:02	    9	0.084	   0.756
00:01:49	   10	0.082	   0.770
00:02:41	   11	0.083	   0.782
00:03:28	   12	0.084	   0.774
00:04:16	   13	0.082	   0.794
00:05:03	   14	0.084	   0.762
00:05:51	   15	0.084	   0.774
00:06:44	   16	0.082	   0.800
00:07:34	   17	0.082	   0.802
00:08:22	   18	0.083	   0.780
00:09:10	   19	0.082	   0.814
00:09:57	   20	0.082	   0.826
00:10:49	   21	0.082	   0.798
00:11:37	   22	0.082	   0.798
00:12:25	   23	0.082	   0.798
00:13:12	   24	0.082	   0.836
00:14:00	   25	0.082	   0.816
00:14:52	   26	0.082	   0.800
00:15:39	   27	0.083	   0.772
00:16:27	   28	0.082	   0.806
00:17:15	   29	0.082	   0.788
00:18:03	   30	0.081	   0.804

------------------------------

00:18:08	Parameters at epoch 30:

00:18:08	Theta:
00:18:08		-1.1093  -0.7539   0.4870  
00:18:08		-0.2035   0.8347  -0.9429  
00:18:08	Alpha:
00:18:08		 1.1682  -0.5617  
00:18:08		 1.3931   0.7402  
00:18:08	Class weight:
00:18:08		 0.5424   1.1972   1.7460   1.2881  

------------------------------

00:18:32	Accuracy on test set with the parameters above: 0.792

