02:06:55	Optimizer: adam
02:06:55	Optimizer params: {'lr': 0.03}
02:06:55	DataSet: wavy lines - nTrain: 500 - nValid: 0 - nTest: 3000
02:06:55	nLayers: 2 - nEpochs: 30 - batchSize: 32
02:06:55	Cost: fidelity
02:06:55	Seed: None

------------------------------

02:07:02	epoch	loss	accuracy
02:07:07	    0	0.528	   0.306
02:07:22	    1	0.461	   0.334
02:07:37	    2	0.412	   0.364
02:07:52	    3	0.382	   0.374
02:08:06	    4	0.332	   0.494
02:08:21	    5	0.277	   0.614
02:08:40	    6	0.255	   0.636
02:08:55	    7	0.250	   0.612
02:09:11	    8	0.250	   0.620
02:09:26	    9	0.249	   0.608
02:09:41	   10	0.249	   0.614
02:10:01	   11	0.249	   0.612
02:10:16	   12	0.249	   0.610
02:10:31	   13	0.249	   0.612
02:10:46	   14	0.249	   0.610
02:11:01	   15	0.249	   0.612
02:11:21	   16	0.248	   0.618
02:11:36	   17	0.248	   0.616
02:11:51	   18	0.248	   0.610
02:12:06	   19	0.247	   0.610
02:12:20	   20	0.247	   0.616
02:12:39	   21	0.247	   0.614
02:12:54	   22	0.247	   0.616
02:13:09	   23	0.247	   0.608
02:13:23	   24	0.246	   0.612
02:13:38	   25	0.246	   0.616
02:13:57	   26	0.246	   0.606
02:14:12	   27	0.246	   0.616
02:14:26	   28	0.246	   0.618
02:14:41	   29	0.246	   0.608
02:14:56	   30	0.245	   0.618

------------------------------

02:15:00	Parameters at epoch 30:

02:15:00	Theta:
02:15:00		-0.8323   1.5151   2.1599  
02:15:00		-0.0384  -1.8692   0.0521  
02:15:00	Alpha:
02:15:00		-0.5296   1.6002  
02:15:00		 2.2271  -0.3777  

------------------------------

02:15:24	Accuracy on test set with the parameters above: 0.622

