01:43:11	Optimizer: adam
01:43:11	Optimizer params: {'lr': 0.03}
01:43:11	DataSet: wavy lines - nTrain: 500 - nValid: 0 - nTest: 3000
01:43:11	nLayers: 2 - nEpochs: 30 - batchSize: 32
01:43:11	Cost: weighted fidelity
01:43:11	Seed: None

------------------------------

01:43:16	epoch	loss	accuracy
01:43:25	    0	0.297	   0.296
01:44:11	    1	0.177	   0.476
01:44:58	    2	0.159	   0.444
01:45:44	    3	0.141	   0.536
01:46:31	    4	0.120	   0.574
01:47:18	    5	0.105	   0.646
01:48:09	    6	0.102	   0.742
01:48:56	    7	0.099	   0.802
01:49:43	    8	0.100	   0.778
01:50:29	    9	0.099	   0.808
01:51:16	   10	0.099	   0.784
01:52:07	   11	0.099	   0.810
01:52:53	   12	0.099	   0.806
01:53:39	   13	0.099	   0.782
01:54:26	   14	0.099	   0.810
01:55:12	   15	0.099	   0.800
01:56:04	   16	0.099	   0.810
01:56:50	   17	0.099	   0.796
01:57:36	   18	0.098	   0.802
01:58:23	   19	0.099	   0.798
01:59:09	   20	0.098	   0.798
02:00:00	   21	0.099	   0.796
02:00:47	   22	0.098	   0.810
02:01:33	   23	0.099	   0.812
02:02:20	   24	0.099	   0.796
02:03:07	   25	0.099	   0.806
02:03:58	   26	0.099	   0.790
02:04:45	   27	0.099	   0.810
02:05:31	   28	0.098	   0.796
02:06:18	   29	0.099	   0.808
02:07:05	   30	0.098	   0.798

------------------------------

02:07:10	Parameters at epoch 30:

02:07:10	Theta:
02:07:10		-0.7553   0.5511  -0.3927  
02:07:10		-0.9009  -0.0002  -1.3802  
02:07:10	Alpha:
02:07:10		-0.9321  -0.5243  
02:07:10		 1.5920  -0.3302  
02:07:10	Class weight:
02:07:10		 0.6205   1.6407   1.1608   1.1712  

------------------------------

02:07:34	Accuracy on test set with the parameters above: 0.7933333333333333

