22:42:44	Optimizer: adam
22:42:44	Optimizer params: {'lr': 0.03}
22:42:44	DataSet: sphere - nTrain: 500 - nValid: 0 - nTest: 3000
22:42:44	nLayers: 3 - nEpochs: 30 - batchSize: 32
22:42:44	Cost: weighted fidelity
22:42:44	Seed: None

------------------------------

22:42:48	epoch	loss	accuracy
22:42:53	    0	0.320	   0.462
22:43:36	    1	0.238	   0.688
22:44:21	    2	0.217	   0.682
22:45:05	    3	0.200	   0.716
22:45:49	    4	0.188	   0.726
22:46:33	    5	0.169	   0.774
22:47:20	    6	0.150	   0.816
22:48:04	    7	0.142	   0.818
22:48:49	    8	0.136	   0.836
22:49:35	    9	0.129	   0.854
22:50:20	   10	0.121	   0.856
22:51:07	   11	0.114	   0.882
22:51:51	   12	0.109	   0.902
22:52:35	   13	0.106	   0.900
22:53:20	   14	0.105	   0.904
22:54:04	   15	0.104	   0.916
22:54:52	   16	0.103	   0.916
22:55:36	   17	0.103	   0.916
22:56:20	   18	0.102	   0.912
22:57:04	   19	0.102	   0.916
22:57:49	   20	0.102	   0.918
22:58:35	   21	0.101	   0.914
22:59:20	   22	0.100	   0.924
23:00:05	   23	0.100	   0.924
23:00:50	   24	0.099	   0.920
23:01:34	   25	0.099	   0.924
23:02:21	   26	0.099	   0.924
23:03:05	   27	0.098	   0.924
23:03:49	   28	0.097	   0.930
23:04:34	   29	0.097	   0.924
23:05:20	   30	0.097	   0.928

------------------------------

23:05:23	Parameters at epoch 30:

23:05:23	Theta:
23:05:23		-1.5521  -0.6890   1.3499  
23:05:23		-1.3922  -1.4995  -1.6356  
23:05:23		 1.6112  -0.9709   1.1798  
23:05:23	Alpha:
23:05:23		 0.7596  -0.4908   0.3805  
23:05:23		-2.6850   1.5049  -1.1536  
23:05:23		 0.5550   1.3678   2.3463  
23:05:23	Class weight:
23:05:23		 1.0637   1.1752  

------------------------------

23:05:39	Accuracy on test set with the parameters above: 0.8933333333333333

