23:13:18	Optimizer: adam
23:13:18	Optimizer params: {'lr': 0.03}
23:13:18	DataSet: sphere - nTrain: 500 - nValid: 0 - nTest: 3000
23:13:18	nLayers: 3 - nEpochs: 30 - batchSize: 32
23:13:18	Cost: fidelity
23:13:18	Seed: None

------------------------------

23:13:20	epoch	loss	accuracy
23:13:24	    0	0.490	   0.510
23:13:46	    1	0.435	   0.528
23:14:08	    2	0.378	   0.724
23:14:29	    3	0.359	   0.708
23:14:51	    4	0.343	   0.730
23:15:13	    5	0.329	   0.758
23:15:37	    6	0.319	   0.758
23:15:59	    7	0.313	   0.760
23:16:21	    8	0.310	   0.746
23:16:42	    9	0.309	   0.746
23:17:04	   10	0.307	   0.738
23:17:29	   11	0.307	   0.744
23:17:50	   12	0.306	   0.740
23:18:12	   13	0.306	   0.736
23:18:34	   14	0.306	   0.736
23:18:55	   15	0.306	   0.746
23:19:20	   16	0.306	   0.734
23:19:42	   17	0.305	   0.736
23:20:03	   18	0.306	   0.732
23:20:26	   19	0.306	   0.738
23:20:48	   20	0.305	   0.742
23:21:12	   21	0.305	   0.744
23:21:34	   22	0.306	   0.740
23:21:56	   23	0.305	   0.736
23:22:18	   24	0.305	   0.736
23:22:39	   25	0.305	   0.738
23:23:04	   26	0.305	   0.734
23:23:25	   27	0.305	   0.744
23:23:47	   28	0.305	   0.738
23:24:09	   29	0.306	   0.742
23:24:30	   30	0.305	   0.734

------------------------------

23:24:33	Parameters at epoch 30:

23:24:33	Theta:
23:24:33		 0.9279  -1.5706  -0.6635  
23:24:33		-0.8504  -0.0032  -0.2606  
23:24:33		-1.3445   1.5695  -0.3582  
23:24:33	Alpha:
23:24:33		-1.3081  -0.1975   0.1251  
23:24:33		 2.2833  -0.0549  -0.1781  
23:24:33		 1.1496   0.3086   0.0713  

------------------------------

23:24:47	Accuracy on test set with the parameters above: 0.6986666666666667

