22:21:26	Optimizer: adam
22:21:26	Optimizer params: {'lr': 0.03}
22:21:26	DataSet: sphere - nTrain: 500 - nValid: 0 - nTest: 3000
22:21:26	nLayers: 6 - nEpochs: 30 - batchSize: 32
22:21:26	Cost: fidelity
22:21:26	Seed: None

------------------------------

22:21:30	epoch	loss	accuracy
22:21:36	    0	0.549	   0.434
22:22:29	    1	0.370	   0.676
22:23:22	    2	0.327	   0.768
22:24:15	    3	0.305	   0.762
22:25:09	    4	0.296	   0.778
22:26:02	    5	0.293	   0.784
22:26:59	    6	0.290	   0.792
22:27:52	    7	0.289	   0.806
22:28:45	    8	0.287	   0.806
22:29:39	    9	0.285	   0.806
22:30:32	   10	0.282	   0.818
22:31:30	   11	0.281	   0.820
22:32:23	   12	0.277	   0.828
22:33:16	   13	0.276	   0.828
22:34:10	   14	0.270	   0.854
22:35:03	   15	0.267	   0.846
22:36:00	   16	0.265	   0.854
22:36:54	   17	0.266	   0.842
22:37:47	   18	0.263	   0.850
22:38:41	   19	0.262	   0.850
22:39:34	   20	0.262	   0.844
22:40:31	   21	0.260	   0.860
22:41:25	   22	0.260	   0.858
22:42:19	   23	0.258	   0.858
22:43:12	   24	0.258	   0.856
22:44:06	   25	0.257	   0.862
22:45:03	   26	0.257	   0.860
22:45:56	   27	0.256	   0.870
22:46:51	   28	0.255	   0.870
22:47:44	   29	0.255	   0.858
22:48:38	   30	0.255	   0.866

------------------------------

22:48:41	Parameters at epoch 30:

22:48:41	Theta:
22:48:41		 0.9072  -1.6292  -0.8578  
22:48:41		-0.4824   1.0125   0.4771  
22:48:41		 1.1444  -0.5370   0.5691  
22:48:41		 0.7573   1.1156  -1.5566  
22:48:41		-1.6563   2.3521  -0.0090  
22:48:41		 0.9907  -1.7134   0.5767  
22:48:41	Alpha:
22:48:41		-1.1376  -0.9850  -1.1849  
22:48:41		-1.8927   1.6425  -2.1084  
22:48:41		 2.2087  -0.7821   1.5857  
22:48:41		-0.2380   0.4006  -0.0863  
22:48:41		 1.6665  -0.3522  -0.7496  
22:48:41		-0.5859  -2.2559  -1.5569  

------------------------------

22:49:02	Accuracy on test set with the parameters above: 0.8606666666666667

