07:18:25	Optimizer: adam
07:18:25	Optimizer params: {'lr': 0.02}
07:18:25	DataSet: binary annulus - nTrain: 500 - nValid: 0 - nTest: 3000
07:18:25	nLayers: 3 - nEpochs: 40 - batchSize: 48
07:18:25	Cost: fidelity
07:18:25	Seed: None

------------------------------

07:18:27	epoch	loss	accuracy
07:18:32	    0	0.505	   0.516
07:18:51	    1	0.491	   0.520
07:19:09	    2	0.475	   0.544
07:19:28	    3	0.461	   0.572
07:19:46	    4	0.448	   0.626
07:20:05	    5	0.436	   0.636
07:20:26	    6	0.426	   0.634
07:20:45	    7	0.421	   0.634
07:21:03	    8	0.419	   0.622
07:21:22	    9	0.418	   0.624
07:21:40	   10	0.417	   0.626
07:22:02	   11	0.417	   0.626
07:22:21	   12	0.416	   0.630
07:22:40	   13	0.416	   0.632
07:22:58	   14	0.415	   0.620
07:23:17	   15	0.415	   0.626
07:23:39	   16	0.415	   0.626
07:23:58	   17	0.415	   0.622
07:24:16	   18	0.415	   0.618
07:24:35	   19	0.415	   0.626
07:24:54	   20	0.415	   0.622
07:25:15	   21	0.415	   0.620
07:25:33	   22	0.415	   0.616
07:25:52	   23	0.414	   0.620
07:26:10	   24	0.414	   0.618
07:26:29	   25	0.414	   0.616
07:26:51	   26	0.414	   0.618
07:27:09	   27	0.414	   0.622
07:27:28	   28	0.414	   0.616
07:27:47	   29	0.414	   0.616
07:28:05	   30	0.414	   0.616
07:28:27	   31	0.414	   0.616
07:28:46	   32	0.414	   0.618
07:29:04	   33	0.414	   0.612
07:29:23	   34	0.414	   0.616
07:29:43	   35	0.414	   0.622
07:30:04	   36	0.414	   0.620
07:30:23	   37	0.414	   0.618
07:30:42	   38	0.414	   0.616
07:31:01	   39	0.414	   0.620
07:31:20	   40	0.414	   0.622

------------------------------

07:31:23	Parameters at epoch 40:

07:31:23	Theta:
07:31:23		 2.1413   0.8014  -1.0254  
07:31:23		 1.0877  -0.9354  -2.1813  
07:31:23		 0.9357  -3.0041  -0.1514  
07:31:23	Alpha:
07:31:23		 0.6155   1.3317  
07:31:23		 0.4303   0.1442  
07:31:23		-0.2884   1.4832  

------------------------------

07:31:37	Accuracy on test set with the parameters above: 0.6106666666666667

