01:46:38	Optimizer: adam
01:46:38	Optimizer params: {'lr': 0.03}
01:46:38	DataSet: wavy lines - nTrain: 500 - nValid: 0 - nTest: 3000
01:46:38	nLayers: 2 - nEpochs: 30 - batchSize: 32
01:46:38	Cost: weighted fidelity
01:46:38	Seed: None

------------------------------

01:46:42	epoch	loss	accuracy
01:46:52	    0	0.354	   0.088
01:47:34	    1	0.204	   0.504
01:48:17	    2	0.159	   0.488
01:48:59	    3	0.142	   0.472
01:49:42	    4	0.139	   0.464
01:50:25	    5	0.136	   0.470
01:51:12	    6	0.135	   0.520
01:51:55	    7	0.134	   0.542
01:52:38	    8	0.134	   0.662
01:53:20	    9	0.134	   0.568
01:54:02	   10	0.129	   0.662
01:54:48	   11	0.128	   0.596
01:55:30	   12	0.127	   0.598
01:56:12	   13	0.127	   0.606
01:56:54	   14	0.127	   0.604
01:57:37	   15	0.126	   0.596
01:58:24	   16	0.127	   0.616
01:59:06	   17	0.126	   0.606
01:59:49	   18	0.126	   0.600
02:00:31	   19	0.126	   0.610
02:01:13	   20	0.126	   0.612
02:02:00	   21	0.126	   0.608
02:02:43	   22	0.126	   0.604
02:03:26	   23	0.126	   0.616
02:04:08	   24	0.125	   0.604
02:04:51	   25	0.125	   0.596
02:05:38	   26	0.125	   0.606
02:06:21	   27	0.125	   0.604
02:07:03	   28	0.125	   0.604
02:07:46	   29	0.125	   0.618
02:08:28	   30	0.124	   0.602

------------------------------

02:08:32	Parameters at epoch 30:

02:08:32	Theta:
02:08:32		-0.0618   0.1077  -0.7961  
02:08:32		-0.0302  -1.1215  -0.8959  
02:08:32	Alpha:
02:08:32		 1.1376  -0.4638  
02:08:32		-1.4614   0.9432  
02:08:32	Class weight:
02:08:32		 0.7253   2.5476   0.5454   1.7679  

------------------------------

02:08:54	Accuracy on test set with the parameters above: 0.5943333333333334

