22:06:16	Optimizer: adam
22:06:16	Optimizer params: {'lr': 0.03}
22:06:16	DataSet: sphere - nTrain: 500 - nValid: 0 - nTest: 3000
22:06:16	nLayers: 4 - nEpochs: 30 - batchSize: 32
22:06:16	Cost: weighted fidelity
22:06:16	Seed: None

------------------------------

22:06:19	epoch	loss	accuracy
22:06:25	    0	0.403	   0.432
22:07:23	    1	0.193	   0.726
22:08:21	    2	0.161	   0.760
22:09:19	    3	0.154	   0.776
22:10:17	    4	0.151	   0.784
22:11:15	    5	0.149	   0.780
22:12:16	    6	0.148	   0.784
22:13:14	    7	0.145	   0.784
22:14:12	    8	0.144	   0.790
22:15:11	    9	0.143	   0.788
22:16:09	   10	0.141	   0.794
22:17:10	   11	0.140	   0.788
22:18:09	   12	0.140	   0.796
22:19:07	   13	0.139	   0.784
22:20:06	   14	0.139	   0.786
22:21:04	   15	0.138	   0.788
22:22:05	   16	0.139	   0.792
22:23:03	   17	0.138	   0.798
22:24:02	   18	0.138	   0.800
22:25:01	   19	0.138	   0.800
22:25:59	   20	0.138	   0.786
22:27:00	   21	0.138	   0.792
22:27:59	   22	0.138	   0.792
22:28:57	   23	0.137	   0.790
22:29:55	   24	0.138	   0.794
22:30:54	   25	0.137	   0.800
22:31:56	   26	0.137	   0.796
22:32:54	   27	0.137	   0.792
22:33:52	   28	0.137	   0.794
22:34:50	   29	0.137	   0.798
22:35:49	   30	0.138	   0.798

------------------------------

22:35:52	Parameters at epoch 30:

22:35:52	Theta:
22:35:52		 1.3268  -1.9039  -0.5787  
22:35:52		 0.5345  -1.5035   0.2958  
22:35:52		-0.4682   1.0635  -1.5774  
22:35:52		-1.5592   0.8960  -1.3308  
22:35:52	Alpha:
22:35:52		 0.9542   1.3225   1.1424  
22:35:52		 0.0717  -0.0994  -0.9063  
22:35:52		 0.0004  -0.0910   2.2082  
22:35:52		-0.1477  -1.3919   2.1136  
22:35:52	Class weight:
22:35:52		 1.0485   1.0018  

------------------------------

22:36:09	Accuracy on test set with the parameters above: 0.7883333333333333

