23:04:23	Optimizer: adam
23:04:23	Optimizer params: {'lr': 0.03}
23:04:23	DataSet: sphere - nTrain: 500 - nValid: 0 - nTest: 3000
23:04:23	nLayers: 2 - nEpochs: 30 - batchSize: 32
23:04:23	Cost: weighted fidelity
23:04:23	Seed: None

------------------------------

23:04:25	epoch	loss	accuracy
23:04:31	    0	0.411	   0.392
23:05:00	    1	0.288	   0.530
23:05:29	    2	0.265	   0.638
23:05:59	    3	0.245	   0.538
23:06:29	    4	0.238	   0.566
23:06:58	    5	0.229	   0.654
23:07:30	    6	0.213	   0.674
23:07:59	    7	0.190	   0.722
23:08:29	    8	0.168	   0.786
23:08:58	    9	0.157	   0.798
23:09:28	   10	0.154	   0.798
23:10:00	   11	0.151	   0.806
23:10:30	   12	0.150	   0.776
23:10:59	   13	0.148	   0.798
23:11:29	   14	0.146	   0.794
23:11:58	   15	0.145	   0.794
23:12:30	   16	0.144	   0.800
23:12:59	   17	0.143	   0.788
23:13:29	   18	0.143	   0.796
23:13:58	   19	0.142	   0.786
23:14:28	   20	0.142	   0.794
23:15:01	   21	0.141	   0.788
23:15:31	   22	0.141	   0.788
23:16:01	   23	0.141	   0.796
23:16:31	   24	0.141	   0.782
23:17:01	   25	0.141	   0.784
23:17:33	   26	0.140	   0.784
23:18:03	   27	0.140	   0.792
23:18:33	   28	0.140	   0.790
23:19:03	   29	0.140	   0.786
23:19:32	   30	0.140	   0.792

------------------------------

23:19:35	Parameters at epoch 30:

23:19:35	Theta:
23:19:35		-1.5920   1.4225   1.5425  
23:19:35		-1.5020   1.4537  -0.3711  
23:19:35	Alpha:
23:19:35		-0.5486   1.7941   1.4558  
23:19:35		 0.1801  -1.6611  -1.8297  
23:19:35	Class weight:
23:19:35		 1.0341   1.0649  

------------------------------

23:19:49	Accuracy on test set with the parameters above: 0.7773333333333333

