22:03:49	Optimizer: adam
22:03:49	Optimizer params: {'lr': 0.03}
22:03:49	DataSet: circle - nTrain: 500 - nValid: 0 - nTest: 3000
22:03:49	nLayers: 6 - nEpochs: 30 - batchSize: 20
22:03:49	Cost: fidelity
22:03:49	Seed: None

------------------------------

22:03:54	epoch	loss	accuracy
22:04:00	    0	0.586	   0.304
22:04:47	    1	0.287	   0.776
22:05:33	    2	0.273	   0.818
22:06:20	    3	0.270	   0.758
22:07:06	    4	0.253	   0.830
22:07:53	    5	0.237	   0.856
22:08:44	    6	0.230	   0.848
22:09:30	    7	0.227	   0.892
22:10:17	    8	0.229	   0.876
22:11:03	    9	0.235	   0.868
22:11:50	   10	0.231	   0.874
22:12:40	   11	0.232	   0.882
22:13:27	   12	0.231	   0.858
22:14:14	   13	0.227	   0.862
22:15:00	   14	0.225	   0.882
22:15:47	   15	0.224	   0.884
22:16:38	   16	0.224	   0.870
22:17:24	   17	0.226	   0.878
22:18:11	   18	0.226	   0.864
22:19:00	   19	0.226	   0.888
22:19:48	   20	0.226	   0.882
22:20:39	   21	0.225	   0.864
22:21:26	   22	0.224	   0.870
22:22:13	   23	0.223	   0.878
22:23:00	   24	0.224	   0.874
22:23:48	   25	0.225	   0.888
22:24:39	   26	0.224	   0.862
22:25:26	   27	0.223	   0.882
22:26:13	   28	0.223	   0.874
22:27:00	   29	0.223	   0.874
22:27:47	   30	0.223	   0.880

------------------------------

22:27:52	Parameters at epoch 30:

22:27:52	Theta:
22:27:52		-0.5448   1.2600  -0.1192  
22:27:52		-0.7305   0.2540   0.5713  
22:27:52		 1.5398  -1.7119  -0.2165  
22:27:52		-0.6019  -2.3029  -0.8510  
22:27:52		 1.7849  -1.3788   1.6192  
22:27:52		-1.2595  -0.0316  -0.4562  
22:27:52	Alpha:
22:27:52		-0.6422   0.5363  
22:27:52		-0.5809  -0.4750  
22:27:52		 0.4781   1.5058  
22:27:52		-0.4571  -1.1673  
22:27:52		 2.0394  -1.5665  
22:27:52		 1.0605   1.7905  

------------------------------

22:28:13	Accuracy on test set with the parameters above: 0.8736666666666667

