23:14:39	Optimizer: adam
23:14:39	Optimizer params: {'lr': 0.03}
23:14:39	DataSet: three circles - nTrain: 500 - nValid: 0 - nTest: 3000
23:14:39	nLayers: 6 - nEpochs: 30 - batchSize: 15
23:14:39	Cost: fidelity
23:14:39	Seed: None

------------------------------

23:14:49	epoch	loss	accuracy
23:14:59	    0	0.513	   0.292
23:15:52	    1	0.184	   0.690
23:16:45	    2	0.143	   0.786
23:17:38	    3	0.132	   0.814
23:18:31	    4	0.131	   0.832
23:19:23	    5	0.121	   0.840
23:20:25	    6	0.122	   0.822
23:21:17	    7	0.120	   0.818
23:22:10	    8	0.113	   0.864
23:23:03	    9	0.114	   0.846
23:23:55	   10	0.114	   0.846
23:24:57	   11	0.108	   0.868
23:25:50	   12	0.114	   0.860
23:26:43	   13	0.112	   0.852
23:27:35	   14	0.109	   0.876
23:28:29	   15	0.106	   0.876
23:29:31	   16	0.109	   0.850
23:30:25	   17	0.106	   0.876
23:31:18	   18	0.103	   0.884
23:32:10	   19	0.106	   0.876
23:33:03	   20	0.104	   0.888
23:34:03	   21	0.105	   0.882
23:34:56	   22	0.102	   0.908
23:35:49	   23	0.100	   0.902
23:36:42	   24	0.101	   0.900
23:37:35	   25	0.102	   0.896
23:38:35	   26	0.100	   0.896
23:39:28	   27	0.100	   0.908
23:40:20	   28	0.099	   0.904
23:41:13	   29	0.099	   0.904
23:42:06	   30	0.099	   0.902

------------------------------

23:42:15	Parameters at epoch 30:

23:42:15	Theta:
23:42:15		-2.8499  -0.8170   0.8944  
23:42:15		-0.4306   0.4950  -0.6926  
23:42:15		-0.6057   0.7292   1.1202  
23:42:15		-0.6512   0.7477  -0.6459  
23:42:15		 0.2370   2.1175  -0.6997  
23:42:15		 1.1544  -1.7428  -2.9628  
23:42:15	Alpha:
23:42:15		 0.1834   1.0076  
23:42:15		-2.0375   3.8591  
23:42:15		-2.1820  -0.3211  
23:42:15		 2.8147  -2.6560  
23:42:15		 0.2844   0.3913  
23:42:15		 0.7179  -0.7958  

------------------------------

23:42:59	Accuracy on test set with the parameters above: 0.867

