23:05:59	Optimizer: adam
23:05:59	Optimizer params: {'lr': 0.03}
23:05:59	DataSet: sphere - nTrain: 500 - nValid: 0 - nTest: 3000
23:05:59	nLayers: 3 - nEpochs: 30 - batchSize: 32
23:05:59	Cost: fidelity
23:05:59	Seed: None

------------------------------

23:06:02	epoch	loss	accuracy
23:06:06	    0	0.456	   0.510
23:06:29	    1	0.357	   0.698
23:06:52	    2	0.329	   0.708
23:07:15	    3	0.324	   0.718
23:07:38	    4	0.323	   0.726
23:08:01	    5	0.322	   0.722
23:08:26	    6	0.321	   0.726
23:08:48	    7	0.320	   0.728
23:09:11	    8	0.319	   0.736
23:09:34	    9	0.319	   0.728
23:09:58	   10	0.318	   0.722
23:10:25	   11	0.317	   0.718
23:10:48	   12	0.317	   0.718
23:11:12	   13	0.317	   0.724
23:11:35	   14	0.317	   0.720
23:11:59	   15	0.316	   0.722
23:12:25	   16	0.316	   0.720
23:12:48	   17	0.316	   0.722
23:13:12	   18	0.317	   0.718
23:13:35	   19	0.316	   0.716
23:13:59	   20	0.316	   0.720
23:14:25	   21	0.316	   0.722
23:14:48	   22	0.316	   0.710
23:15:13	   23	0.315	   0.718
23:15:37	   24	0.315	   0.720
23:16:01	   25	0.315	   0.718
23:16:28	   26	0.315	   0.716
23:16:51	   27	0.315	   0.724
23:17:15	   28	0.315	   0.722
23:17:39	   29	0.315	   0.716
23:18:03	   30	0.315	   0.714

------------------------------

23:18:06	Parameters at epoch 30:

23:18:06	Theta:
23:18:06		 0.0975  -1.5879  -0.0616  
23:18:06		-0.6125  -0.8832  -0.3141  
23:18:06		-2.0616   0.8626   2.2886  
23:18:06	Alpha:
23:18:06		-1.0741   1.1991  -0.0793  
23:18:06		 2.7407   1.5272  -0.0772  
23:18:06		 0.3408  -0.3199  -0.0813  

------------------------------

23:18:22	Accuracy on test set with the parameters above: 0.709

