22:12:12	Optimizer: adam
22:12:12	Optimizer params: {'lr': 0.03}
22:12:12	DataSet: circle - nTrain: 500 - nValid: 0 - nTest: 3000
22:12:12	nLayers: 4 - nEpochs: 30 - batchSize: 20
22:12:12	Cost: fidelity
22:12:12	Seed: None

------------------------------

22:12:17	epoch	loss	accuracy
22:12:21	    0	0.481	   0.490
22:12:48	    1	0.323	   0.752
22:13:15	    2	0.305	   0.768
22:13:42	    3	0.286	   0.802
22:14:10	    4	0.258	   0.862
22:14:36	    5	0.240	   0.882
22:15:07	    6	0.233	   0.900
22:15:34	    7	0.233	   0.896
22:16:02	    8	0.226	   0.900
22:16:29	    9	0.222	   0.890
22:16:56	   10	0.223	   0.916
22:17:27	   11	0.221	   0.890
22:17:55	   12	0.220	   0.894
22:18:23	   13	0.218	   0.898
22:18:50	   14	0.218	   0.904
22:19:17	   15	0.218	   0.902
22:19:48	   16	0.219	   0.882
22:20:16	   17	0.217	   0.900
22:20:43	   18	0.217	   0.904
22:21:11	   19	0.217	   0.910
22:21:39	   20	0.218	   0.900
22:22:09	   21	0.217	   0.892
22:22:36	   22	0.217	   0.906
22:23:05	   23	0.217	   0.896
22:23:32	   24	0.216	   0.894
22:23:59	   25	0.216	   0.896
22:24:30	   26	0.216	   0.898
22:24:57	   27	0.216	   0.896
22:25:25	   28	0.216	   0.892
22:25:52	   29	0.216	   0.900
22:26:20	   30	0.216	   0.914

------------------------------

22:26:23	Parameters at epoch 30:

22:26:23	Theta:
22:26:23		-0.0489   1.9360  -0.0604  
22:26:23		 0.0462  -2.4979   0.0819  
22:26:23		-0.0431  -1.7724   0.0037  
22:26:23		 0.0243  -1.1077  -1.2551  
22:26:23	Alpha:
22:26:23		 1.1593  -1.0143  
22:26:23		 0.7319  -1.3529  
22:26:23		-2.7843  -0.8479  
22:26:23		 2.4208   0.9957  

------------------------------

22:26:40	Accuracy on test set with the parameters above: 0.8803333333333333

