06:11:58	Optimizer: adam
06:11:58	Optimizer params: {'lr': 0.02}
06:11:58	DataSet: binary annulus - nTrain: 500 - nValid: 0 - nTest: 3000
06:11:58	nLayers: 4 - nEpochs: 40 - batchSize: 48
06:11:58	Cost: weighted fidelity
06:11:58	Seed: None

------------------------------

06:12:02	epoch	loss	accuracy
06:12:08	    0	0.385	   0.396
06:13:00	    1	0.310	   0.486
06:13:52	    2	0.269	   0.548
06:14:44	    3	0.250	   0.600
06:15:37	    4	0.239	   0.572
06:16:29	    5	0.236	   0.582
06:17:25	    6	0.235	   0.596
06:18:18	    7	0.234	   0.600
06:19:10	    8	0.234	   0.614
06:20:02	    9	0.234	   0.594
06:20:55	   10	0.233	   0.608
06:21:52	   11	0.233	   0.602
06:22:45	   12	0.233	   0.626
06:23:37	   13	0.233	   0.592
06:24:29	   14	0.233	   0.618
06:25:21	   15	0.233	   0.606
06:26:17	   16	0.233	   0.590
06:27:10	   17	0.233	   0.634
06:28:03	   18	0.233	   0.570
06:28:55	   19	0.232	   0.620
06:29:47	   20	0.232	   0.624
06:30:43	   21	0.233	   0.580
06:31:35	   22	0.233	   0.634
06:32:28	   23	0.233	   0.582
06:33:21	   24	0.232	   0.594
06:34:13	   25	0.233	   0.630
06:35:09	   26	0.232	   0.600
06:36:01	   27	0.232	   0.582
06:36:54	   28	0.232	   0.598
06:37:47	   29	0.232	   0.628
06:38:40	   30	0.232	   0.604
06:39:35	   31	0.232	   0.600
06:40:28	   32	0.232	   0.624
06:41:20	   33	0.232	   0.610
06:42:13	   34	0.232	   0.588
06:43:06	   35	0.232	   0.618
06:44:01	   36	0.232	   0.626
06:44:53	   37	0.232	   0.608
06:45:45	   38	0.232	   0.598
06:46:37	   39	0.232	   0.612
06:47:30	   40	0.232	   0.626

------------------------------

06:47:33	Parameters at epoch 40:

06:47:33	Theta:
06:47:33		 1.0523   0.2531   0.1503  
06:47:33		-0.1589   1.3732  -0.0668  
06:47:33		-1.4657   0.0251  -0.7549  
06:47:33		 0.3174  -1.3488  -1.8387  
06:47:33	Alpha:
06:47:33		-1.0750   0.4165  
06:47:33		-0.1723   0.7087  
06:47:33		 0.5142  -0.0392  
06:47:33		-0.5123  -0.7246  
06:47:33	Class weight:
06:47:33		 1.1186   0.9159  

------------------------------

06:47:50	Accuracy on test set with the parameters above: 0.6173333333333333

