02:08:08	Optimizer: adam
02:08:08	Optimizer params: {'lr': 0.03}
02:08:08	DataSet: wavy lines - nTrain: 500 - nValid: 0 - nTest: 3000
02:08:08	nLayers: 1 - nEpochs: 30 - batchSize: 32
02:08:08	Cost: fidelity
02:08:08	Seed: None

------------------------------

02:08:12	epoch	loss	accuracy
02:08:15	    0	0.560	   0.172
02:08:25	    1	0.501	   0.258
02:08:34	    2	0.419	   0.260
02:08:42	    3	0.354	   0.362
02:08:51	    4	0.320	   0.450
02:08:59	    5	0.295	   0.468
02:09:12	    6	0.287	   0.508
02:09:20	    7	0.287	   0.510
02:09:29	    8	0.287	   0.504
02:09:37	    9	0.286	   0.510
02:09:46	   10	0.286	   0.508
02:09:58	   11	0.286	   0.508
02:10:07	   12	0.286	   0.518
02:10:15	   13	0.286	   0.510
02:10:24	   14	0.286	   0.518
02:10:32	   15	0.286	   0.518
02:10:45	   16	0.287	   0.500
02:10:53	   17	0.286	   0.514
02:11:02	   18	0.286	   0.518
02:11:10	   19	0.286	   0.508
02:11:19	   20	0.286	   0.510
02:11:31	   21	0.286	   0.510
02:11:40	   22	0.286	   0.510
02:11:48	   23	0.286	   0.518
02:11:57	   24	0.286	   0.512
02:12:06	   25	0.286	   0.510
02:12:18	   26	0.286	   0.512
02:12:27	   27	0.286	   0.512
02:12:35	   28	0.286	   0.510
02:12:44	   29	0.286	   0.512
02:12:53	   30	0.286	   0.510

------------------------------

02:12:56	Parameters at epoch 30:

02:12:56	Theta:
02:12:56		-0.6113  -1.0158   1.1054  
02:12:56	Alpha:
02:12:56		-0.6387   1.7799  

------------------------------

02:13:15	Accuracy on test set with the parameters above: 0.5096666666666667

