21:31:56	Optimizer: adam
21:31:56	Optimizer params: {'lr': 0.03}
21:31:56	DataSet: circle - nTrain: 500 - nValid: 0 - nTest: 3000
21:31:56	nLayers: 1 - nEpochs: 30 - batchSize: 20
21:31:56	Cost: fidelity
21:31:56	Seed: None

------------------------------

21:31:58	epoch	loss	accuracy
21:32:01	    0	0.522	   0.518
21:32:08	    1	0.489	   0.518
21:32:15	    2	0.483	   0.518
21:32:22	    3	0.483	   0.518
21:32:29	    4	0.482	   0.518
21:32:36	    5	0.482	   0.518
21:32:45	    6	0.482	   0.518
21:32:53	    7	0.482	   0.518
21:33:00	    8	0.482	   0.518
21:33:07	    9	0.482	   0.518
21:33:14	   10	0.482	   0.518
21:33:23	   11	0.482	   0.518
21:33:30	   12	0.482	   0.518
21:33:37	   13	0.482	   0.518
21:33:45	   14	0.482	   0.518
21:33:52	   15	0.482	   0.518
21:34:01	   16	0.482	   0.518
21:34:08	   17	0.482	   0.518
21:34:15	   18	0.482	   0.518
21:34:22	   19	0.482	   0.518
21:34:29	   20	0.482	   0.518
21:34:39	   21	0.482	   0.518
21:34:46	   22	0.482	   0.518
21:34:53	   23	0.482	   0.518
21:35:01	   24	0.482	   0.518
21:35:08	   25	0.482	   0.518
21:35:17	   26	0.482	   0.518
21:35:24	   27	0.482	   0.518
21:35:31	   28	0.482	   0.518
21:35:39	   29	0.482	   0.518
21:35:46	   30	0.482	   0.518

------------------------------

21:35:48	Parameters at epoch 30:

21:35:48	Theta:
21:35:48		 0.8588  -0.0000   0.1035  
21:35:48	Alpha:
21:35:48		-0.3594  -0.0000  

------------------------------

21:35:57	Accuracy on test set with the parameters above: 0.508

