04:03:56	Optimizer: adam
04:03:56	Optimizer params: {'lr': 0.02}
04:03:56	DataSet: non convex - nTrain: 500 - nValid: 0 - nTest: 3000
04:03:56	nLayers: 4 - nEpochs: 40 - batchSize: 32
04:03:56	Cost: weighted fidelity
04:03:56	Seed: None

------------------------------

04:03:59	epoch	loss	accuracy
04:04:06	    0	0.191	   0.766
04:04:57	    1	0.154	   0.774
04:05:50	    2	0.151	   0.760
04:06:43	    3	0.152	   0.766
04:07:35	    4	0.151	   0.766
04:08:27	    5	0.150	   0.766
04:09:22	    6	0.149	   0.772
04:10:14	    7	0.148	   0.772
04:11:08	    8	0.148	   0.776
04:12:02	    9	0.147	   0.780
04:12:56	   10	0.147	   0.774
04:13:52	   11	0.146	   0.782
04:14:44	   12	0.145	   0.788
04:15:35	   13	0.145	   0.784
04:16:28	   14	0.144	   0.788
04:17:21	   15	0.143	   0.792
04:18:17	   16	0.143	   0.794
04:19:09	   17	0.143	   0.798
04:20:01	   18	0.142	   0.806
04:20:54	   19	0.142	   0.814
04:21:48	   20	0.141	   0.808
04:22:44	   21	0.141	   0.802
04:23:36	   22	0.141	   0.820
04:24:28	   23	0.141	   0.814
04:25:20	   24	0.141	   0.796
04:26:13	   25	0.141	   0.814
04:27:08	   26	0.141	   0.822
04:28:01	   27	0.141	   0.818
04:28:54	   28	0.141	   0.822
04:29:47	   29	0.141	   0.814
04:30:40	   30	0.141	   0.820
04:31:37	   31	0.141	   0.822
04:32:29	   32	0.141	   0.804
04:33:22	   33	0.141	   0.822
04:34:14	   34	0.141	   0.796
04:35:07	   35	0.140	   0.820
04:36:04	   36	0.140	   0.822
04:36:58	   37	0.140	   0.816
04:37:52	   38	0.141	   0.822
04:38:44	   39	0.140	   0.806
04:39:38	   40	0.141	   0.800

------------------------------

04:39:42	Parameters at epoch 40:

04:39:42	Theta:
04:39:42		 0.1816  -0.0722  -0.2870  
04:39:42		 0.4218  -0.3710  -1.3334  
04:39:42		 0.7013  -1.1337   0.1017  
04:39:42		-1.1212  -0.0197  -0.7704  
04:39:42	Alpha:
04:39:42		-0.3840  -0.9862  
04:39:42		 0.8378   2.1460  
04:39:42		-0.8025   1.1168  
04:39:42		-0.0293  -0.3388  
04:39:42	Class weight:
04:39:42		 1.0222   1.0321  

------------------------------

04:40:00	Accuracy on test set with the parameters above: 0.7676666666666667

