22:45:47	Optimizer: adam
22:45:47	Optimizer params: {'lr': 0.03}
22:45:47	DataSet: three circles - nTrain: 500 - nValid: 0 - nTest: 3000
22:45:47	nLayers: 6 - nEpochs: 30 - batchSize: 15
22:45:47	Cost: fidelity
22:45:47	Seed: None

------------------------------

22:45:57	epoch	loss	accuracy
22:46:06	    0	0.607	   0.206
22:46:59	    1	0.220	   0.642
22:47:51	    2	0.189	   0.730
22:48:43	    3	0.154	   0.814
22:49:35	    4	0.144	   0.808
22:50:28	    5	0.141	   0.820
22:51:28	    6	0.133	   0.842
22:52:21	    7	0.126	   0.840
22:53:15	    8	0.118	   0.848
22:54:07	    9	0.118	   0.874
22:54:59	   10	0.112	   0.900
22:56:00	   11	0.111	   0.870
22:56:52	   12	0.115	   0.876
22:57:44	   13	0.106	   0.904
22:58:36	   14	0.105	   0.900
22:59:28	   15	0.103	   0.888
23:00:28	   16	0.101	   0.876
23:01:20	   17	0.106	   0.896
23:02:13	   18	0.099	   0.900
23:03:05	   19	0.099	   0.884
23:03:57	   20	0.100	   0.878
23:04:57	   21	0.100	   0.894
23:05:49	   22	0.097	   0.904
23:06:41	   23	0.098	   0.888
23:07:34	   24	0.097	   0.904
23:08:26	   25	0.096	   0.898
23:09:27	   26	0.098	   0.912
23:10:19	   27	0.095	   0.892
23:11:11	   28	0.096	   0.914
23:12:03	   29	0.095	   0.906
23:12:56	   30	0.094	   0.910

------------------------------

23:13:04	Parameters at epoch 30:

23:13:04	Theta:
23:13:04		 0.9699  -0.9463  -0.9693  
23:13:04		 0.9393   1.0538   0.6537  
23:13:04		-0.2155   1.3460   0.6220  
23:13:04		-1.3759  -1.0581  -0.3516  
23:13:04		 0.3692  -1.4640  -0.6226  
23:13:04		 0.8674   1.0238  -1.2013  
23:13:04	Alpha:
23:13:04		 0.2455   0.9445  
23:13:04		 1.6640  -0.8564  
23:13:04		-3.1836   0.5238  
23:13:04		-0.9942  -2.1216  
23:13:04		 1.6818   0.7202  
23:13:04		 1.4641   1.6743  

------------------------------

23:13:48	Accuracy on test set with the parameters above: 0.8756666666666667

