21:31:50	Optimizer: adam
21:31:50	Optimizer params: {'lr': 0.03}
21:31:50	DataSet: circle - nTrain: 500 - nValid: 0 - nTest: 3000
21:31:50	nLayers: 1 - nEpochs: 30 - batchSize: 20
21:31:50	Cost: fidelity
21:31:50	Seed: None

------------------------------

21:31:53	epoch	loss	accuracy
21:31:55	    0	0.517	   0.496
21:32:02	    1	0.504	   0.496
21:32:09	    2	0.503	   0.496
21:32:16	    3	0.503	   0.496
21:32:23	    4	0.503	   0.496
21:32:30	    5	0.503	   0.496
21:32:38	    6	0.503	   0.496
21:32:45	    7	0.503	   0.496
21:32:52	    8	0.503	   0.496
21:32:59	    9	0.503	   0.496
21:33:06	   10	0.503	   0.496
21:33:14	   11	0.503	   0.496
21:33:21	   12	0.503	   0.496
21:33:28	   13	0.503	   0.496
21:33:35	   14	0.503	   0.496
21:33:42	   15	0.503	   0.496
21:33:51	   16	0.502	   0.496
21:33:57	   17	0.502	   0.496
21:34:04	   18	0.502	   0.496
21:34:11	   19	0.502	   0.496
21:34:18	   20	0.502	   0.496
21:34:26	   21	0.502	   0.496
21:34:33	   22	0.502	   0.496
21:34:40	   23	0.502	   0.496
21:34:47	   24	0.502	   0.496
21:34:54	   25	0.502	   0.496
21:35:03	   26	0.502	   0.496
21:35:09	   27	0.502	   0.496
21:35:16	   28	0.502	   0.496
21:35:23	   29	0.502	   0.496
21:35:30	   30	0.502	   0.496

------------------------------

21:35:32	Parameters at epoch 30:

21:35:32	Theta:
21:35:32		-0.0664   1.1185  -0.8661  
21:35:32	Alpha:
21:35:32		-0.9003  -0.0970  

------------------------------

21:35:41	Accuracy on test set with the parameters above: 0.48966666666666664

