23:55:47	Optimizer: adam
23:55:47	Optimizer params: {'lr': 0.03}
23:55:47	DataSet: three circles - nTrain: 500 - nValid: 0 - nTest: 3000
23:55:47	nLayers: 3 - nEpochs: 30 - batchSize: 15
23:55:47	Cost: fidelity
23:55:47	Seed: None

------------------------------

23:55:54	epoch	loss	accuracy
23:56:00	    0	0.534	   0.198
23:56:22	    1	0.289	   0.452
23:56:43	    2	0.193	   0.658
23:57:04	    3	0.171	   0.714
23:57:26	    4	0.162	   0.754
23:57:47	    5	0.159	   0.750
23:58:13	    6	0.161	   0.738
23:58:35	    7	0.157	   0.752
23:58:57	    8	0.158	   0.754
23:59:19	    9	0.156	   0.766
23:59:40	   10	0.157	   0.754
00:00:07	   11	0.154	   0.754
00:00:29	   12	0.151	   0.780
00:00:50	   13	0.152	   0.774
00:01:12	   14	0.148	   0.786
00:01:33	   15	0.149	   0.776
00:02:00	   16	0.146	   0.784
00:02:21	   17	0.145	   0.780
00:02:43	   18	0.146	   0.784
00:03:05	   19	0.145	   0.768
00:03:26	   20	0.145	   0.778
00:03:52	   21	0.144	   0.772
00:04:14	   22	0.144	   0.770
00:04:35	   23	0.143	   0.774
00:04:57	   24	0.143	   0.778
00:05:18	   25	0.143	   0.778
00:05:45	   26	0.143	   0.772
00:06:06	   27	0.142	   0.768
00:06:27	   28	0.143	   0.778
00:06:49	   29	0.142	   0.772
00:07:10	   30	0.142	   0.774

------------------------------

00:07:15	Parameters at epoch 30:

00:07:15	Theta:
00:07:15		 0.0857  -1.4857   0.1961  
00:07:15		 2.5664  -1.2929  -0.0444  
00:07:15		 0.0055  -0.4719  -0.5376  
00:07:15	Alpha:
00:07:15		-0.3320  -0.7413  
00:07:15		-2.5928   2.4108  
00:07:15		 0.0994   2.4880  

------------------------------

00:07:44	Accuracy on test set with the parameters above: 0.7876666666666666

