22:40:54	Optimizer: adam
22:40:54	Optimizer params: {'lr': 0.03}
22:40:54	DataSet: three circles - nTrain: 500 - nValid: 0 - nTest: 3000
22:40:54	nLayers: 4 - nEpochs: 30 - batchSize: 15
22:40:54	Cost: weighted fidelity
22:40:54	Seed: None

------------------------------

22:41:01	epoch	loss	accuracy
22:41:13	    0	0.331	   0.328
22:42:58	    1	0.143	   0.684
22:44:44	    2	0.135	   0.742
22:46:30	    3	0.133	   0.772
22:48:16	    4	0.126	   0.778
22:50:02	    5	0.122	   0.780
22:51:55	    6	0.120	   0.758
22:53:40	    7	0.122	   0.770
22:55:25	    8	0.119	   0.764
22:57:10	    9	0.119	   0.754
22:58:56	   10	0.118	   0.782
23:00:48	   11	0.120	   0.726
23:02:34	   12	0.120	   0.746
23:04:21	   13	0.117	   0.790
23:06:08	   14	0.116	   0.758
23:07:55	   15	0.116	   0.772
23:09:49	   16	0.117	   0.736
23:11:35	   17	0.116	   0.788
23:13:21	   18	0.116	   0.796
23:15:08	   19	0.115	   0.762
23:16:55	   20	0.114	   0.776
23:18:50	   21	0.114	   0.772
23:20:36	   22	0.115	   0.768
23:22:22	   23	0.114	   0.774
23:24:09	   24	0.113	   0.784
23:25:55	   25	0.113	   0.790
23:27:47	   26	0.114	   0.818
23:29:33	   27	0.116	   0.794
23:31:19	   28	0.112	   0.770
23:33:05	   29	0.114	   0.744
23:34:51	   30	0.114	   0.788

------------------------------

23:34:58	Parameters at epoch 30:

23:34:58	Theta:
23:34:58		 0.2115  -0.5800  -0.8316  
23:34:58		-0.0811  -2.1227  -0.0194  
23:34:58		-0.8879  -0.6188   1.8336  
23:34:58		 0.2284  -0.3004   1.0810  
23:34:58	Alpha:
23:34:58		-1.4091   0.7807  
23:34:58		-3.0275   0.9125  
23:34:58		-0.0857  -0.3269  
23:34:58		-1.3067   0.3450  
23:34:58	Class weight:
23:34:58		 1.8752   0.8290   0.9215   0.7951  

------------------------------

23:35:31	Accuracy on test set with the parameters above: 0.7906666666666666

