22:35:21	Optimizer: adam
22:35:21	Optimizer params: {'lr': 0.03}
22:35:21	DataSet: three circles - nTrain: 500 - nValid: 0 - nTest: 3000
22:35:21	nLayers: 6 - nEpochs: 30 - batchSize: 15
22:35:21	Cost: weighted fidelity
22:35:21	Seed: None

------------------------------

22:35:28	epoch	loss	accuracy
22:35:41	    0	0.337	   0.158
22:38:26	    1	0.094	   0.856
22:41:12	    2	0.089	   0.826
22:43:58	    3	0.083	   0.828
22:46:44	    4	0.079	   0.832
22:49:31	    5	0.080	   0.830
22:52:24	    6	0.072	   0.826
22:55:11	    7	0.070	   0.816
22:57:57	    8	0.070	   0.836
23:00:43	    9	0.068	   0.858
23:03:30	   10	0.067	   0.848
23:06:23	   11	0.068	   0.866
23:09:10	   12	0.066	   0.820
23:11:57	   13	0.067	   0.834
23:14:44	   14	0.064	   0.832
23:17:31	   15	0.070	   0.800
23:20:24	   16	0.063	   0.846
23:23:12	   17	0.065	   0.826
23:25:59	   18	0.063	   0.844
23:28:47	   19	0.063	   0.842
23:31:34	   20	0.063	   0.818
23:34:28	   21	0.061	   0.838
23:37:15	   22	0.061	   0.856
23:40:02	   23	0.060	   0.860
23:42:49	   24	0.064	   0.840
23:45:36	   25	0.060	   0.874
23:48:31	   26	0.061	   0.820
23:51:18	   27	0.061	   0.864
23:54:06	   28	0.060	   0.836
23:56:54	   29	0.061	   0.878
23:59:41	   30	0.061	   0.856

------------------------------

23:59:49	Parameters at epoch 30:

23:59:49	Theta:
23:59:49		-0.7028  -0.4226  -0.4316  
23:59:49		-0.8264  -0.7543   1.1161  
23:59:49		 1.0986  -0.1189   0.7016  
23:59:49		 0.5094   1.9058  -0.1729  
23:59:49		 1.2758   0.2502   1.6603  
23:59:49		 1.2615   2.5293   0.9884  
23:59:49	Alpha:
23:59:49		-0.2345  -0.2496  
23:59:49		 3.3914  -0.3095  
23:59:49		-0.3456  -0.1093  
23:59:49		 0.3867   1.9720  
23:59:49		 0.5168  -2.2453  
23:59:49		 0.9012   0.0764  
23:59:49	Class weight:
23:59:49		 0.5528   1.1821   1.7487   1.1350  

------------------------------

00:00:27	Accuracy on test set with the parameters above: 0.8273333333333334

