02:03:27	Optimizer: adam
02:03:27	Optimizer params: {'lr': 0.03}
02:03:27	DataSet: wavy lines - nTrain: 500 - nValid: 0 - nTest: 3000
02:03:27	nLayers: 2 - nEpochs: 30 - batchSize: 32
02:03:27	Cost: fidelity
02:03:27	Seed: None

------------------------------

02:03:31	epoch	loss	accuracy
02:03:39	    0	0.437	   0.330
02:03:53	    1	0.280	   0.466
02:04:09	    2	0.215	   0.644
02:04:24	    3	0.169	   0.716
02:04:39	    4	0.142	   0.820
02:04:54	    5	0.133	   0.822
02:05:14	    6	0.128	   0.834
02:05:29	    7	0.125	   0.850
02:05:44	    8	0.122	   0.862
02:06:00	    9	0.121	   0.866
02:06:15	   10	0.120	   0.868
02:06:35	   11	0.120	   0.872
02:06:50	   12	0.120	   0.868
02:07:06	   13	0.120	   0.870
02:07:21	   14	0.120	   0.876
02:07:37	   15	0.120	   0.878
02:07:56	   16	0.121	   0.886
02:08:11	   17	0.120	   0.872
02:08:27	   18	0.120	   0.872
02:08:42	   19	0.120	   0.876
02:08:57	   20	0.120	   0.878
02:09:17	   21	0.120	   0.874
02:09:32	   22	0.120	   0.870
02:09:47	   23	0.120	   0.880
02:10:03	   24	0.120	   0.876
02:10:19	   25	0.120	   0.880
02:10:39	   26	0.120	   0.880
02:10:55	   27	0.120	   0.866
02:11:10	   28	0.120	   0.876
02:11:25	   29	0.120	   0.876
02:11:41	   30	0.120	   0.874

------------------------------

02:11:45	Parameters at epoch 30:

02:11:45	Theta:
02:11:45		-0.4562   1.5542   0.0282  
02:11:45		-0.7370  -2.2851   0.1421  
02:11:45	Alpha:
02:11:45		 1.3148   1.0539  
02:11:45		-2.1971   0.3087  

------------------------------

02:12:11	Accuracy on test set with the parameters above: 0.882

