21:38:36	Optimizer: adam
21:38:36	Optimizer params: {'lr': 0.03}
21:38:36	DataSet: circle - nTrain: 500 - nValid: 0 - nTest: 3000
21:38:36	nLayers: 6 - nEpochs: 30 - batchSize: 20
21:38:36	Cost: fidelity
21:38:36	Seed: None

------------------------------

21:38:40	epoch	loss	accuracy
21:38:46	    0	0.504	   0.506
21:39:33	    1	0.287	   0.762
21:40:20	    2	0.279	   0.766
21:41:07	    3	0.271	   0.772
21:41:55	    4	0.261	   0.826
21:42:41	    5	0.252	   0.810
21:43:33	    6	0.251	   0.790
21:44:19	    7	0.245	   0.816
21:45:05	    8	0.253	   0.788
21:45:52	    9	0.243	   0.806
21:46:39	   10	0.250	   0.810
21:47:31	   11	0.243	   0.794
21:48:18	   12	0.239	   0.836
21:49:05	   13	0.242	   0.834
21:49:51	   14	0.236	   0.852
21:50:38	   15	0.234	   0.832
21:51:28	   16	0.223	   0.862
21:52:15	   17	0.212	   0.916
21:53:01	   18	0.204	   0.910
21:53:48	   19	0.205	   0.902
21:54:35	   20	0.201	   0.888
21:55:26	   21	0.203	   0.896
21:56:13	   22	0.199	   0.890
21:57:00	   23	0.199	   0.892
21:57:48	   24	0.198	   0.892
21:58:34	   25	0.198	   0.888
21:59:25	   26	0.198	   0.888
22:00:12	   27	0.198	   0.880
22:00:59	   28	0.198	   0.892
22:01:45	   29	0.197	   0.884
22:02:32	   30	0.197	   0.888

------------------------------

22:02:37	Parameters at epoch 30:

22:02:37	Theta:
22:02:37		-0.8868  -0.6202  -0.6288  
22:02:37		-0.3289  -0.9258  -1.3245  
22:02:37		 0.1585  -1.7511   0.4382  
22:02:37		 2.6248   3.0146  -2.7399  
22:02:37		-1.1160   0.4296  -0.2270  
22:02:37		-0.9002   1.3052   0.7132  
22:02:37	Alpha:
22:02:37		 0.1146   0.8691  
22:02:37		-0.4799  -0.0649  
22:02:37		 0.1509   0.7751  
22:02:37		-2.1528  -2.4788  
22:02:37		 0.8652  -2.4937  
22:02:37		-0.9280   0.8971  

------------------------------

22:02:58	Accuracy on test set with the parameters above: 0.8753333333333333

