22:39:50	Optimizer: adam
22:39:50	Optimizer params: {'lr': 0.03}
22:39:50	DataSet: three circles - nTrain: 500 - nValid: 0 - nTest: 3000
22:39:50	nLayers: 8 - nEpochs: 30 - batchSize: 15
22:39:50	Cost: fidelity
22:39:50	Seed: None

------------------------------

22:40:03	epoch	loss	accuracy
22:40:17	    0	0.470	   0.394
22:41:56	    1	0.215	   0.734
22:43:35	    2	0.199	   0.748
22:45:13	    3	0.185	   0.786
22:46:52	    4	0.179	   0.804
22:48:31	    5	0.167	   0.806
22:50:21	    6	0.171	   0.774
22:52:00	    7	0.165	   0.784
22:53:39	    8	0.160	   0.792
22:55:18	    9	0.160	   0.776
22:56:56	   10	0.157	   0.790
22:58:50	   11	0.158	   0.812
23:00:29	   12	0.150	   0.800
23:02:09	   13	0.150	   0.802
23:03:49	   14	0.148	   0.816
23:05:28	   15	0.152	   0.784
23:07:19	   16	0.153	   0.782
23:08:57	   17	0.144	   0.802
23:10:36	   18	0.140	   0.820
23:12:16	   19	0.138	   0.820
23:13:55	   20	0.135	   0.826
23:15:47	   21	0.137	   0.840
23:17:27	   22	0.134	   0.834
23:19:09	   23	0.132	   0.842
23:20:53	   24	0.137	   0.828
23:22:35	   25	0.130	   0.844
23:24:30	   26	0.128	   0.844
23:26:11	   27	0.127	   0.842
23:27:53	   28	0.127	   0.846
23:29:35	   29	0.126	   0.854
23:31:17	   30	0.125	   0.850

------------------------------

23:31:29	Parameters at epoch 30:

23:31:29	Theta:
23:31:29		-0.3341   1.0564  -0.5475  
23:31:29		 0.3185  -1.2871   0.1158  
23:31:29		 1.1369   1.4851  -1.5032  
23:31:29		-0.1454   2.1129   0.3761  
23:31:29		 1.0982   0.5028  -1.6913  
23:31:29		-0.6655  -0.4388  -1.2993  
23:31:29		 1.3341  -1.6645  -0.6577  
23:31:29		-0.8732  -1.1908   0.3710  
23:31:29	Alpha:
23:31:29		-2.1119   0.6014  
23:31:29		 1.1204  -0.2661  
23:31:29		 1.2358   1.5833  
23:31:29		 2.0028   2.5705  
23:31:29		-0.3760  -2.1838  
23:31:29		 2.5834  -0.6630  
23:31:29		 1.4805  -2.0535  
23:31:29		-1.4072  -1.7213  

------------------------------

23:32:38	Accuracy on test set with the parameters above: 0.841

