21:34:14	Optimizer: adam
21:34:14	Optimizer params: {'lr': 0.03}
21:34:14	DataSet: circle - nTrain: 500 - nValid: 0 - nTest: 3000
21:34:14	nLayers: 8 - nEpochs: 30 - batchSize: 20
21:34:14	Cost: fidelity
21:34:14	Seed: None

------------------------------

21:34:19	epoch	loss	accuracy
21:34:25	    0	0.443	   0.606
21:35:29	    1	0.299	   0.814
21:36:34	    2	0.263	   0.824
21:37:39	    3	0.256	   0.836
21:38:44	    4	0.244	   0.904
21:39:49	    5	0.237	   0.924
21:40:58	    6	0.243	   0.874
21:42:03	    7	0.220	   0.892
21:43:08	    8	0.207	   0.902
21:44:13	    9	0.198	   0.902
21:45:18	   10	0.202	   0.900
21:46:27	   11	0.197	   0.912
21:47:33	   12	0.193	   0.900
21:48:38	   13	0.199	   0.892
21:49:43	   14	0.190	   0.908
21:50:48	   15	0.189	   0.906
21:51:57	   16	0.189	   0.912
21:53:02	   17	0.187	   0.900
21:54:07	   18	0.182	   0.908
21:55:12	   19	0.172	   0.938
21:56:18	   20	0.166	   0.962
21:57:27	   21	0.160	   0.964
21:58:33	   22	0.155	   0.962
21:59:39	   23	0.151	   0.972
22:00:44	   24	0.149	   0.982
22:01:49	   25	0.149	   0.940
22:02:58	   26	0.151	   0.942
22:04:04	   27	0.147	   0.950
22:05:09	   28	0.142	   0.964
22:06:15	   29	0.142	   0.966
22:07:20	   30	0.140	   0.966

------------------------------

22:07:25	Parameters at epoch 30:

22:07:25	Theta:
22:07:25		-2.9810  -1.3224  -0.5107  
22:07:25		 0.2969  -0.4991   0.0077  
22:07:25		-1.0729  -1.5627   1.6341  
22:07:25		-0.7093  -0.1750  -1.5901  
22:07:25		 1.6747  -1.8715   1.7307  
22:07:25		 0.1593   0.6100   1.0018  
22:07:25		 0.1819  -0.8316   1.5584  
22:07:25		 0.3945   1.4611   0.7294  
22:07:25	Alpha:
22:07:25		 0.0966   1.8728  
22:07:25		-2.4519  -0.9192  
22:07:25		-0.6501  -0.9988  
22:07:25		 1.2412   1.7824  
22:07:25		 0.7137  -0.6533  
22:07:25		-1.6165  -1.3793  
22:07:25		-0.9495  -1.1899  
22:07:25		-2.0775   1.4165  

------------------------------

22:07:48	Accuracy on test set with the parameters above: 0.962

