07:28:39	Optimizer: adam
07:28:39	Optimizer params: {'lr': 0.02}
07:28:39	DataSet: binary annulus - nTrain: 500 - nValid: 0 - nTest: 3000
07:28:39	nLayers: 1 - nEpochs: 40 - batchSize: 48
07:28:39	Cost: fidelity
07:28:39	Seed: None

------------------------------

07:28:42	epoch	loss	accuracy
07:28:44	    0	0.554	   0.466
07:28:51	    1	0.547	   0.466
07:28:57	    2	0.541	   0.466
07:29:04	    3	0.537	   0.466
07:29:10	    4	0.534	   0.466
07:29:17	    5	0.532	   0.466
07:29:26	    6	0.529	   0.466
07:29:32	    7	0.527	   0.466
07:29:39	    8	0.525	   0.466
07:29:45	    9	0.523	   0.466
07:29:52	   10	0.519	   0.466
07:30:00	   11	0.516	   0.466
07:30:07	   12	0.513	   0.466
07:30:14	   13	0.510	   0.466
07:30:20	   14	0.506	   0.466
07:30:27	   15	0.502	   0.392
07:30:36	   16	0.498	   0.542
07:30:42	   17	0.496	   0.620
07:30:49	   18	0.493	   0.534
07:30:55	   19	0.490	   0.534
07:31:02	   20	0.488	   0.534
07:31:11	   21	0.486	   0.534
07:31:17	   22	0.484	   0.534
07:31:24	   23	0.481	   0.534
07:31:31	   24	0.480	   0.534
07:31:37	   25	0.478	   0.534
07:31:46	   26	0.476	   0.534
07:31:52	   27	0.474	   0.534
07:31:59	   28	0.472	   0.534
07:32:06	   29	0.471	   0.534
07:32:12	   30	0.469	   0.534
07:32:21	   31	0.467	   0.534
07:32:27	   32	0.465	   0.534
07:32:34	   33	0.463	   0.534
07:32:40	   34	0.461	   0.534
07:32:47	   35	0.459	   0.534
07:32:56	   36	0.457	   0.534
07:33:02	   37	0.455	   0.534
07:33:09	   38	0.452	   0.534
07:33:16	   39	0.450	   0.534
07:33:22	   40	0.448	   0.534

------------------------------

07:33:24	Parameters at epoch 40:

07:33:24	Theta:
07:33:24		 0.0000  -2.6535   1.4947  
07:33:24	Alpha:
07:33:24		-1.4526   1.0554  

------------------------------

07:33:33	Accuracy on test set with the parameters above: 0.5046666666666667

