07:28:03	Optimizer: adam
07:28:03	Optimizer params: {'lr': 0.02}
07:28:03	DataSet: binary annulus - nTrain: 500 - nValid: 0 - nTest: 3000
07:28:03	nLayers: 2 - nEpochs: 40 - batchSize: 48
07:28:03	Cost: fidelity
07:28:03	Seed: None

------------------------------

07:28:06	epoch	loss	accuracy
07:28:10	    0	0.567	   0.452
07:28:26	    1	0.554	   0.434
07:28:43	    2	0.536	   0.424
07:28:59	    3	0.517	   0.446
07:29:15	    4	0.497	   0.500
07:29:31	    5	0.476	   0.510
07:29:51	    6	0.457	   0.542
07:30:07	    7	0.438	   0.576
07:30:23	    8	0.426	   0.596
07:30:40	    9	0.418	   0.620
07:30:56	   10	0.415	   0.640
07:31:15	   11	0.413	   0.642
07:31:31	   12	0.412	   0.674
07:31:47	   13	0.412	   0.674
07:32:04	   14	0.411	   0.674
07:32:20	   15	0.411	   0.670
07:32:39	   16	0.410	   0.674
07:32:56	   17	0.410	   0.668
07:33:12	   18	0.410	   0.668
07:33:28	   19	0.410	   0.668
07:33:45	   20	0.409	   0.666
07:34:04	   21	0.409	   0.668
07:34:20	   22	0.409	   0.662
07:34:37	   23	0.409	   0.662
07:34:53	   24	0.408	   0.666
07:35:09	   25	0.408	   0.656
07:35:28	   26	0.408	   0.656
07:35:45	   27	0.408	   0.654
07:36:01	   28	0.408	   0.654
07:36:18	   29	0.408	   0.652
07:36:34	   30	0.408	   0.652
07:36:53	   31	0.407	   0.654
07:37:09	   32	0.407	   0.652
07:37:26	   33	0.407	   0.648
07:37:42	   34	0.407	   0.648
07:37:58	   35	0.407	   0.650
07:38:18	   36	0.407	   0.648
07:38:34	   37	0.407	   0.648
07:38:50	   38	0.407	   0.650
07:39:07	   39	0.407	   0.648
07:39:23	   40	0.407	   0.648

------------------------------

07:39:26	Parameters at epoch 40:

07:39:26	Theta:
07:39:26		 0.0738  -1.3992   3.2339  
07:39:26		-0.0782   1.3898  -0.2510  
07:39:26	Alpha:
07:39:26		-0.2082  -1.2846  
07:39:26		-0.5103   1.3119  

------------------------------

07:39:40	Accuracy on test set with the parameters above: 0.629

