07:26:53	Optimizer: adam
07:26:53	Optimizer params: {'lr': 0.02}
07:26:53	DataSet: binary annulus - nTrain: 500 - nValid: 0 - nTest: 3000
07:26:53	nLayers: 2 - nEpochs: 40 - batchSize: 48
07:26:53	Cost: fidelity
07:26:53	Seed: None

------------------------------

07:26:56	epoch	loss	accuracy
07:26:59	    0	0.514	   0.506
07:27:12	    1	0.502	   0.506
07:27:24	    2	0.497	   0.506
07:27:37	    3	0.495	   0.506
07:27:50	    4	0.495	   0.506
07:28:02	    5	0.495	   0.506
07:28:17	    6	0.494	   0.506
07:28:30	    7	0.494	   0.506
07:28:43	    8	0.494	   0.506
07:28:55	    9	0.494	   0.506
07:29:08	   10	0.494	   0.506
07:29:24	   11	0.494	   0.506
07:29:37	   12	0.494	   0.506
07:29:49	   13	0.494	   0.506
07:30:02	   14	0.494	   0.506
07:30:15	   15	0.494	   0.506
07:30:30	   16	0.494	   0.506
07:30:43	   17	0.494	   0.506
07:30:56	   18	0.494	   0.506
07:31:09	   19	0.494	   0.506
07:31:21	   20	0.494	   0.506
07:31:36	   21	0.494	   0.506
07:31:49	   22	0.494	   0.506
07:32:02	   23	0.494	   0.506
07:32:15	   24	0.494	   0.506
07:32:27	   25	0.494	   0.506
07:32:43	   26	0.494	   0.506
07:32:56	   27	0.494	   0.506
07:33:08	   28	0.494	   0.506
07:33:21	   29	0.494	   0.506
07:33:34	   30	0.494	   0.506
07:33:49	   31	0.494	   0.506
07:34:02	   32	0.494	   0.506
07:34:15	   33	0.494	   0.506
07:34:28	   34	0.494	   0.506
07:34:41	   35	0.494	   0.506
07:34:56	   36	0.494	   0.506
07:35:09	   37	0.494	   0.506
07:35:22	   38	0.494	   0.506
07:35:34	   39	0.494	   0.506
07:35:47	   40	0.494	   0.506

------------------------------

07:35:50	Parameters at epoch 40:

07:35:50	Theta:
07:35:50		 0.3035  -0.2717   0.4512  
07:35:50		 0.2157   0.3047   0.9054  
07:35:50	Alpha:
07:35:50		-0.8938  -0.0566  
07:35:50		 0.1639   0.0517  

------------------------------

07:36:02	Accuracy on test set with the parameters above: 0.5023333333333333

