20:42:06	Optimizer: adam
20:42:06	Optimizer params: {'lr': 0.03}
20:42:06	DataSet: sphere - nTrain: 500 - nValid: 0 - nTest: 3000
20:42:06	nLayers: 8 - nEpochs: 30 - batchSize: 32
20:42:06	Cost: weighted fidelity
20:42:06	Seed: None

------------------------------

20:42:10	epoch	loss	accuracy
20:42:19	    0	0.297	   0.562
20:44:59	    1	0.179	   0.728
20:47:40	    2	0.155	   0.774
20:50:19	    3	0.138	   0.820
20:53:00	    4	0.134	   0.814
20:55:38	    5	0.128	   0.824
20:58:23	    6	0.126	   0.830
21:01:01	    7	0.119	   0.844
21:03:42	    8	0.117	   0.848
21:06:21	    9	0.115	   0.860
21:09:00	   10	0.116	   0.848
21:11:43	   11	0.109	   0.862
21:14:23	   12	0.106	   0.884
21:17:02	   13	0.105	   0.884
21:19:44	   14	0.102	   0.886
21:22:26	   15	0.100	   0.892
21:25:12	   16	0.099	   0.888
21:27:51	   17	0.097	   0.892
21:30:32	   18	0.097	   0.902
21:33:13	   19	0.098	   0.894
21:35:54	   20	0.095	   0.888
21:38:38	   21	0.094	   0.900
21:41:17	   22	0.094	   0.902
21:43:56	   23	0.092	   0.902
21:46:36	   24	0.091	   0.900
21:49:14	   25	0.090	   0.898
21:51:58	   26	0.090	   0.904
21:54:38	   27	0.089	   0.900
21:57:18	   28	0.089	   0.906
21:59:57	   29	0.088	   0.904
22:02:37	   30	0.088	   0.904

------------------------------

22:02:41	Parameters at epoch 30:

22:02:41	Theta:
22:02:41		-1.1586   0.9273   1.7231  
22:02:41		-1.0890  -0.5106   0.3714  
22:02:41		-2.7872   0.4766   0.4737  
22:02:41		 0.7835   0.0682  -0.4854  
22:02:41		-2.3579  -1.5169  -1.3570  
22:02:41		 1.1004  -0.9531  -1.7348  
22:02:41		 0.6113   0.8463  -0.6317  
22:02:41		 1.0051  -1.1664  -0.8851  
22:02:41	Alpha:
22:02:41		-1.1323   1.8887  -0.4416  
22:02:41		-0.2583  -1.3261  -0.8195  
22:02:41		 0.1077  -1.8401  -2.9523  
22:02:41		-1.1501   0.1051   0.6145  
22:02:41		-0.8453   0.5473   1.9520  
22:02:41		 1.0895  -0.1846   1.5519  
22:02:41		 1.1981  -2.2347   0.3115  
22:02:41		-1.1924   0.8164   0.6256  
22:02:41	Class weight:
22:02:41		 1.1178   1.0369  

------------------------------

22:03:07	Accuracy on test set with the parameters above: 0.867

