01:31:01	Optimizer: adam
01:31:01	Optimizer params: {'lr': 0.03}
01:31:01	DataSet: wavy lines - nTrain: 500 - nValid: 0 - nTest: 3000
01:31:01	nLayers: 3 - nEpochs: 30 - batchSize: 32
01:31:01	Cost: weighted fidelity
01:31:01	Seed: None

------------------------------

01:31:09	epoch	loss	accuracy
01:31:18	    0	0.295	   0.176
01:32:28	    1	0.156	   0.604
01:33:38	    2	0.122	   0.750
01:34:48	    3	0.098	   0.830
01:35:58	    4	0.093	   0.838
01:37:08	    5	0.090	   0.838
01:38:23	    6	0.089	   0.860
01:39:34	    7	0.087	   0.856
01:40:44	    8	0.086	   0.840
01:41:54	    9	0.085	   0.856
01:43:05	   10	0.085	   0.854
01:44:20	   11	0.084	   0.836
01:45:31	   12	0.084	   0.840
01:46:41	   13	0.083	   0.846
01:47:52	   14	0.083	   0.854
01:49:02	   15	0.083	   0.834
01:50:18	   16	0.082	   0.844
01:51:29	   17	0.082	   0.828
01:52:40	   18	0.082	   0.852
01:53:51	   19	0.081	   0.858
01:55:01	   20	0.080	   0.852
01:56:17	   21	0.080	   0.858
01:57:28	   22	0.079	   0.862
01:58:39	   23	0.079	   0.850
01:59:50	   24	0.078	   0.854
02:01:01	   25	0.078	   0.860
02:02:18	   26	0.078	   0.864
02:03:29	   27	0.077	   0.868
02:04:40	   28	0.077	   0.866
02:05:50	   29	0.077	   0.856
02:07:00	   30	0.076	   0.866

------------------------------

02:07:06	Parameters at epoch 30:

02:07:06	Theta:
02:07:06		-4.3711  -0.1708   0.3796  
02:07:06		-0.2995  -1.7320   0.0885  
02:07:06		-2.5658  -1.3545  -2.8624  
02:07:06	Alpha:
02:07:06		 1.1088   0.6050  
02:07:06		-3.0359   0.7196  
02:07:06		 2.2581   0.3553  
02:07:06	Class weight:
02:07:06		 0.8626   1.0492   0.9724   0.9544  

------------------------------

02:07:35	Accuracy on test set with the parameters above: 0.8906666666666667

