01:05:05	Optimizer: adam
01:05:05	Optimizer params: {'lr': 0.03}
01:05:05	DataSet: wavy lines - nTrain: 500 - nValid: 0 - nTest: 3000
01:05:05	nLayers: 3 - nEpochs: 30 - batchSize: 32
01:05:05	Cost: weighted fidelity
01:05:05	Seed: None

------------------------------

01:05:10	epoch	loss	accuracy
01:05:23	    0	0.290	   0.458
01:06:34	    1	0.132	   0.654
01:07:46	    2	0.097	   0.856
01:08:58	    3	0.088	   0.886
01:10:11	    4	0.082	   0.900
01:11:25	    5	0.081	   0.902
01:12:43	    6	0.080	   0.888
01:13:55	    7	0.079	   0.908
01:15:09	    8	0.080	   0.908
01:16:22	    9	0.079	   0.906
01:17:35	   10	0.080	   0.876
01:18:52	   11	0.078	   0.912
01:20:04	   12	0.079	   0.914
01:21:16	   13	0.078	   0.914
01:22:29	   14	0.078	   0.908
01:23:41	   15	0.078	   0.904
01:24:58	   16	0.078	   0.912
01:26:10	   17	0.078	   0.896
01:27:22	   18	0.078	   0.892
01:28:35	   19	0.078	   0.898
01:29:47	   20	0.078	   0.898
01:31:05	   21	0.078	   0.908
01:32:18	   22	0.078	   0.900
01:33:30	   23	0.078	   0.916
01:34:42	   24	0.078	   0.908
01:35:55	   25	0.078	   0.902
01:37:12	   26	0.077	   0.910
01:38:25	   27	0.078	   0.908
01:39:37	   28	0.077	   0.908
01:40:50	   29	0.077	   0.910
01:42:03	   30	0.077	   0.910

------------------------------

01:42:08	Parameters at epoch 30:

01:42:08	Theta:
01:42:08		-0.5140  -1.5270   0.4197  
01:42:08		 0.1244   0.5198  -0.0137  
01:42:08		 0.5155   0.3556  -0.2638  
01:42:08	Alpha:
01:42:08		-0.0533   1.1243  
01:42:08		 2.4750   0.3989  
01:42:08		-0.2316  -0.0950  
01:42:08	Class weight:
01:42:08		 1.0139   0.8540   0.8891   0.9719  

------------------------------

01:42:37	Accuracy on test set with the parameters above: 0.894

