07:13:40	Optimizer: adam
07:13:40	Optimizer params: {'lr': 0.02}
07:13:40	DataSet: binary annulus - nTrain: 500 - nValid: 0 - nTest: 3000
07:13:40	nLayers: 3 - nEpochs: 40 - batchSize: 48
07:13:40	Cost: fidelity
07:13:40	Seed: None

------------------------------

07:13:44	epoch	loss	accuracy
07:13:47	    0	0.507	   0.438
07:14:06	    1	0.495	   0.496
07:14:25	    2	0.478	   0.556
07:14:45	    3	0.461	   0.584
07:15:04	    4	0.451	   0.584
07:15:23	    5	0.444	   0.578
07:15:45	    6	0.438	   0.566
07:16:04	    7	0.432	   0.574
07:16:24	    8	0.427	   0.576
07:16:43	    9	0.423	   0.600
07:17:02	   10	0.417	   0.644
07:17:24	   11	0.413	   0.648
07:17:43	   12	0.408	   0.674
07:18:03	   13	0.403	   0.672
07:18:22	   14	0.399	   0.672
07:18:42	   15	0.394	   0.668
07:19:05	   16	0.390	   0.670
07:19:24	   17	0.387	   0.664
07:19:44	   18	0.383	   0.672
07:20:03	   19	0.380	   0.678
07:20:23	   20	0.378	   0.672
07:20:46	   21	0.375	   0.688
07:21:05	   22	0.373	   0.690
07:21:24	   23	0.371	   0.702
07:21:44	   24	0.369	   0.694
07:22:03	   25	0.368	   0.688
07:22:25	   26	0.367	   0.706
07:22:45	   27	0.366	   0.706
07:23:04	   28	0.365	   0.712
07:23:24	   29	0.364	   0.712
07:23:43	   30	0.364	   0.710
07:24:06	   31	0.363	   0.718
07:24:25	   32	0.363	   0.718
07:24:44	   33	0.362	   0.724
07:25:04	   34	0.362	   0.724
07:25:23	   35	0.362	   0.722
07:25:45	   36	0.361	   0.726
07:26:05	   37	0.361	   0.724
07:26:24	   38	0.361	   0.726
07:26:43	   39	0.361	   0.724
07:27:02	   40	0.361	   0.728

------------------------------

07:27:05	Parameters at epoch 40:

07:27:05	Theta:
07:27:05		-0.0588  -1.2239  -1.0944  
07:27:05		-1.2517   2.3765  -2.1428  
07:27:05		-1.0606   0.9650   0.8107  
07:27:05	Alpha:
07:27:05		 1.1032   0.4389  
07:27:05		 2.1745   3.5107  
07:27:05		 1.6058  -0.7306  

------------------------------

07:27:20	Accuracy on test set with the parameters above: 0.695

