08:10:46	Optimizer: adam
08:10:46	Optimizer params: {'lr': 0.02}
08:10:46	DataSet: non convex - nTrain: 500 - nValid: 0 - nTest: 3000
08:10:46	nLayers: 4 - nEpochs: 40 - batchSize: 32
08:10:46	Cost: weighted fidelity
08:10:46	Seed: None

------------------------------

08:10:50	epoch	loss	accuracy
08:10:56	    0	0.277	   0.656
08:11:48	    1	0.147	   0.810
08:12:40	    2	0.124	   0.834
08:13:32	    3	0.098	   0.874
08:14:25	    4	0.080	   0.926
08:15:18	    5	0.074	   0.954
08:16:14	    6	0.073	   0.942
08:17:06	    7	0.071	   0.954
08:17:58	    8	0.071	   0.940
08:18:50	    9	0.070	   0.972
08:19:42	   10	0.070	   0.970
08:20:38	   11	0.069	   0.972
08:21:30	   12	0.069	   0.964
08:22:21	   13	0.069	   0.966
08:23:13	   14	0.069	   0.972
08:24:05	   15	0.068	   0.968
08:25:01	   16	0.068	   0.968
08:25:54	   17	0.068	   0.966
08:26:46	   18	0.068	   0.962
08:27:39	   19	0.068	   0.964
08:28:31	   20	0.068	   0.966
08:29:27	   21	0.068	   0.964
08:30:20	   22	0.068	   0.964
08:31:13	   23	0.068	   0.962
08:32:07	   24	0.068	   0.966
08:33:00	   25	0.068	   0.960
08:33:56	   26	0.068	   0.960
08:34:49	   27	0.068	   0.964
08:35:42	   28	0.068	   0.962
08:36:35	   29	0.068	   0.962
08:37:28	   30	0.068	   0.962
08:38:24	   31	0.068	   0.966
08:39:17	   32	0.068	   0.962
08:40:09	   33	0.068	   0.962
08:41:01	   34	0.068	   0.962
08:41:53	   35	0.068	   0.962
08:42:47	   36	0.068	   0.960
08:43:38	   37	0.068	   0.964
08:44:28	   38	0.068	   0.962
08:45:19	   39	0.068	   0.962
08:46:09	   40	0.068	   0.962

------------------------------

08:46:13	Parameters at epoch 40:

08:46:13	Theta:
08:46:13		 1.7257   0.5998   0.1464  
08:46:13		-0.3620   1.1060  -1.4384  
08:46:13		 3.2205   0.9761   0.6619  
08:46:13		-0.7872  -1.5790   0.2006  
08:46:13	Alpha:
08:46:13		-0.3387  -0.0788  
08:46:13		 1.0929  -1.6935  
08:46:13		 2.5769  -0.6684  
08:46:13		 1.5504  -0.7377  
08:46:13	Class weight:
08:46:13		 1.0926   1.1342  

------------------------------

08:46:30	Accuracy on test set with the parameters above: 0.9436666666666667

