22:42:46	Optimizer: adam
22:42:46	Optimizer params: {'lr': 0.03}
22:42:46	DataSet: three circles - nTrain: 500 - nValid: 0 - nTest: 3000
22:42:46	nLayers: 4 - nEpochs: 30 - batchSize: 15
22:42:46	Cost: weighted fidelity
22:42:46	Seed: None

------------------------------

22:42:54	epoch	loss	accuracy
22:43:07	    0	0.335	   0.188
22:45:21	    1	0.135	   0.746
22:47:35	    2	0.118	   0.758
22:49:49	    3	0.105	   0.710
22:52:03	    4	0.103	   0.686
22:54:17	    5	0.097	   0.700
22:56:38	    6	0.095	   0.706
22:58:53	    7	0.095	   0.696
23:01:06	    8	0.093	   0.700
23:03:21	    9	0.095	   0.706
23:05:36	   10	0.093	   0.724
23:07:57	   11	0.092	   0.692
23:10:11	   12	0.090	   0.698
23:12:27	   13	0.094	   0.672
23:14:41	   14	0.089	   0.706
23:16:54	   15	0.090	   0.756
23:19:16	   16	0.089	   0.730
23:21:30	   17	0.089	   0.710
23:23:45	   18	0.089	   0.702
23:25:59	   19	0.086	   0.710
23:28:13	   20	0.087	   0.740
23:30:36	   21	0.087	   0.752
23:32:51	   22	0.085	   0.746
23:35:05	   23	0.086	   0.718
23:37:20	   24	0.085	   0.768
23:39:34	   25	0.085	   0.720
23:41:56	   26	0.084	   0.738
23:44:10	   27	0.083	   0.750
23:46:24	   28	0.085	   0.762
23:48:39	   29	0.083	   0.706
23:50:53	   30	0.083	   0.752

------------------------------

23:51:00	Parameters at epoch 30:

23:51:00	Theta:
23:51:00		 0.6936  -0.7273   1.0680  
23:51:00		 1.1601  -1.1561  -0.7505  
23:51:00		 1.5856  -2.2732   0.4599  
23:51:00		-0.3522  -0.6551  -2.2061  
23:51:00	Alpha:
23:51:00		-1.1515   0.7241  
23:51:00		 2.1592  -1.0732  
23:51:00		-0.0435   1.1719  
23:51:00		 2.0664   0.6365  
23:51:00	Class weight:
23:51:00		 1.9032   1.1880   0.5512   1.1903  

------------------------------

23:51:41	Accuracy on test set with the parameters above: 0.7306666666666667

