06:46:47	Optimizer: adam
06:46:47	Optimizer params: {'lr': 0.02}
06:46:47	DataSet: binary annulus - nTrain: 500 - nValid: 0 - nTest: 3000
06:46:47	nLayers: 6 - nEpochs: 40 - batchSize: 48
06:46:47	Cost: fidelity
06:46:47	Seed: None

------------------------------

06:46:51	epoch	loss	accuracy
06:46:57	    0	0.445	   0.602
06:47:41	    1	0.376	   0.686
06:48:25	    2	0.342	   0.734
06:49:09	    3	0.329	   0.766
06:49:54	    4	0.313	   0.784
06:50:39	    5	0.299	   0.792
06:51:27	    6	0.290	   0.800
06:52:13	    7	0.285	   0.794
06:52:58	    8	0.283	   0.812
06:53:43	    9	0.280	   0.824
06:54:28	   10	0.279	   0.822
06:55:17	   11	0.278	   0.838
06:56:02	   12	0.277	   0.832
06:56:46	   13	0.276	   0.838
06:57:31	   14	0.275	   0.838
06:58:17	   15	0.275	   0.830
06:59:07	   16	0.274	   0.838
06:59:51	   17	0.273	   0.838
07:00:36	   18	0.273	   0.834
07:01:22	   19	0.272	   0.832
07:02:07	   20	0.272	   0.836
07:02:57	   21	0.271	   0.840
07:03:43	   22	0.271	   0.836
07:04:27	   23	0.270	   0.838
07:05:13	   24	0.270	   0.834
07:05:58	   25	0.270	   0.834
07:06:47	   26	0.269	   0.838
07:07:33	   27	0.269	   0.842
07:08:19	   28	0.268	   0.830
07:09:04	   29	0.268	   0.838
07:09:49	   30	0.267	   0.834
07:10:39	   31	0.267	   0.840
07:11:25	   32	0.266	   0.842
07:12:11	   33	0.266	   0.842
07:12:56	   34	0.265	   0.836
07:13:42	   35	0.265	   0.836
07:14:31	   36	0.264	   0.832
07:15:15	   37	0.264	   0.840
07:16:01	   38	0.263	   0.842
07:16:47	   39	0.263	   0.838
07:17:33	   40	0.262	   0.836

------------------------------

07:17:37	Parameters at epoch 40:

07:17:37	Theta:
07:17:37		 0.3680   1.8399   0.4272  
07:17:37		-1.4703  -1.2742   0.8162  
07:17:37		 1.8114  -1.1901   2.7903  
07:17:37		 0.7214  -0.8071  -0.1636  
07:17:37		-1.2713   0.7812   1.3674  
07:17:37		-0.4124  -0.3927  -0.7857  
07:17:37	Alpha:
07:17:37		 2.3876  -3.1387  
07:17:37		-1.8486  -1.2176  
07:17:37		 0.7150  -0.8422  
07:17:37		-2.6721  -0.3046  
07:17:37		 0.0535  -0.9162  
07:17:37		-1.1769  -0.3980  

------------------------------

07:17:58	Accuracy on test set with the parameters above: 0.8273333333333334

