22:36:28	Optimizer: adam
22:36:28	Optimizer params: {'lr': 0.03}
22:36:28	DataSet: sphere - nTrain: 500 - nValid: 0 - nTest: 3000
22:36:28	nLayers: 3 - nEpochs: 30 - batchSize: 32
22:36:28	Cost: weighted fidelity
22:36:28	Seed: None

------------------------------

22:36:30	epoch	loss	accuracy
22:36:36	    0	0.333	   0.508
22:37:16	    1	0.241	   0.630
22:37:57	    2	0.206	   0.678
22:38:37	    3	0.182	   0.738
22:39:18	    4	0.173	   0.766
22:39:59	    5	0.171	   0.766
22:40:42	    6	0.167	   0.770
22:41:23	    7	0.164	   0.780
22:42:03	    8	0.162	   0.782
22:42:44	    9	0.160	   0.760
22:43:25	   10	0.158	   0.786
22:44:08	   11	0.157	   0.772
22:44:49	   12	0.156	   0.776
22:45:30	   13	0.155	   0.774
22:46:11	   14	0.155	   0.768
22:46:52	   15	0.154	   0.786
22:47:35	   16	0.155	   0.778
22:48:16	   17	0.155	   0.778
22:48:57	   18	0.154	   0.778
22:49:38	   19	0.154	   0.784
22:50:19	   20	0.154	   0.764
22:51:02	   21	0.154	   0.782
22:51:43	   22	0.153	   0.778
22:52:24	   23	0.154	   0.782
22:53:05	   24	0.154	   0.782
22:53:46	   25	0.154	   0.780
22:54:29	   26	0.153	   0.774
22:55:10	   27	0.153	   0.778
22:55:51	   28	0.153	   0.770
22:56:33	   29	0.153	   0.778
22:57:14	   30	0.153	   0.782

------------------------------

22:57:17	Parameters at epoch 30:

22:57:17	Theta:
22:57:17		-0.0344  -1.6871   1.4482  
22:57:17		-0.4422  -0.0723   1.9567  
22:57:17		-0.0477   1.4667   0.8315  
22:57:17	Alpha:
22:57:17		-0.0339   0.7302  -0.0856  
22:57:17		 0.2796   0.1562  -1.4375  
22:57:17		-0.1977  -1.3792  -0.7320  
22:57:17	Class weight:
22:57:17		 1.0291   1.0769  

------------------------------

22:57:31	Accuracy on test set with the parameters above: 0.785

