06:56:31	Optimizer: adam
06:56:31	Optimizer params: {'lr': 0.02}
06:56:31	DataSet: binary annulus - nTrain: 500 - nValid: 0 - nTest: 3000
06:56:31	nLayers: 3 - nEpochs: 40 - batchSize: 48
06:56:31	Cost: weighted fidelity
06:56:31	Seed: None

------------------------------

06:56:34	epoch	loss	accuracy
06:56:40	    0	0.330	   0.376
06:57:12	    1	0.280	   0.458
06:57:45	    2	0.263	   0.526
06:58:18	    3	0.254	   0.554
06:58:52	    4	0.249	   0.582
06:59:25	    5	0.245	   0.644
07:00:01	    6	0.241	   0.592
07:00:34	    7	0.239	   0.624
07:01:07	    8	0.238	   0.632
07:01:40	    9	0.237	   0.598
07:02:14	   10	0.237	   0.614
07:02:50	   11	0.237	   0.596
07:03:23	   12	0.237	   0.614
07:03:56	   13	0.237	   0.598
07:04:30	   14	0.237	   0.616
07:05:03	   15	0.237	   0.596
07:05:39	   16	0.237	   0.620
07:06:12	   17	0.237	   0.606
07:06:45	   18	0.237	   0.624
07:07:18	   19	0.236	   0.614
07:07:51	   20	0.236	   0.608
07:08:26	   21	0.236	   0.614
07:08:59	   22	0.237	   0.588
07:09:32	   23	0.236	   0.614
07:10:06	   24	0.236	   0.618
07:10:39	   25	0.236	   0.612
07:11:14	   26	0.236	   0.596
07:11:46	   27	0.236	   0.604
07:12:19	   28	0.236	   0.618
07:12:52	   29	0.236	   0.604
07:13:26	   30	0.236	   0.614
07:14:01	   31	0.236	   0.586
07:14:34	   32	0.236	   0.620
07:15:07	   33	0.236	   0.606
07:15:40	   34	0.236	   0.622
07:16:13	   35	0.236	   0.622
07:16:49	   36	0.236	   0.618
07:17:22	   37	0.236	   0.614
07:17:55	   38	0.236	   0.604
07:18:28	   39	0.236	   0.596
07:19:02	   40	0.236	   0.620

------------------------------

07:19:04	Parameters at epoch 40:

07:19:04	Theta:
07:19:04		 0.7804  -2.5789  -1.1515  
07:19:04		-0.9407  -0.2561  -1.0723  
07:19:04		-0.1475   1.8113   0.1085  
07:19:04	Alpha:
07:19:04		-0.8887  -0.0602  
07:19:04		 1.3281  -0.0615  
07:19:04		 0.3656   0.0426  
07:19:04	Class weight:
07:19:04		 1.2154   0.8542  

------------------------------

07:19:17	Accuracy on test set with the parameters above: 0.614

