23:22:35	Optimizer: adam
23:22:35	Optimizer params: {'lr': 0.03}
23:22:35	DataSet: sphere - nTrain: 500 - nValid: 0 - nTest: 3000
23:22:35	nLayers: 2 - nEpochs: 30 - batchSize: 32
23:22:35	Cost: fidelity
23:22:35	Seed: None

------------------------------

23:22:37	epoch	loss	accuracy
23:22:40	    0	0.483	   0.516
23:22:54	    1	0.410	   0.664
23:23:08	    2	0.358	   0.714
23:23:22	    3	0.349	   0.710
23:23:36	    4	0.343	   0.708
23:23:50	    5	0.341	   0.714
23:24:06	    6	0.340	   0.708
23:24:20	    7	0.340	   0.712
23:24:34	    8	0.340	   0.712
23:24:48	    9	0.340	   0.708
23:25:02	   10	0.340	   0.708
23:25:18	   11	0.340	   0.708
23:25:32	   12	0.340	   0.706
23:25:46	   13	0.340	   0.712
23:26:00	   14	0.340	   0.712
23:26:14	   15	0.340	   0.708
23:26:30	   16	0.340	   0.718
23:26:44	   17	0.340	   0.704
23:26:59	   18	0.340	   0.714
23:27:13	   19	0.340	   0.712
23:27:27	   20	0.340	   0.710
23:27:43	   21	0.340	   0.714
23:27:57	   22	0.340	   0.710
23:28:12	   23	0.340	   0.714
23:28:26	   24	0.340	   0.704
23:28:40	   25	0.340	   0.708
23:28:57	   26	0.340	   0.712
23:29:11	   27	0.340	   0.708
23:29:26	   28	0.340	   0.712
23:29:40	   29	0.340	   0.710
23:29:54	   30	0.340	   0.710

------------------------------

23:29:57	Parameters at epoch 30:

23:29:57	Theta:
23:29:57		-0.0411  -0.8787  -3.0965  
23:29:57		-0.0456   2.3847   0.4879  
23:29:57	Alpha:
23:29:57		 0.7216  -2.1233   0.0055  
23:29:57		-0.0200   1.1148   0.0242  

------------------------------

23:30:09	Accuracy on test set with the parameters above: 0.6963333333333334

