03:14:49	Optimizer: adam
03:14:49	Optimizer params: {'lr': 0.02}
03:14:49	DataSet: squares - nTrain: 500 - nValid: 0 - nTest: 3000
03:14:49	nLayers: 4 - nEpochs: 30 - batchSize: 32
03:14:49	Cost: fidelity
03:14:49	Seed: None

------------------------------

03:14:57	epoch	loss	accuracy
03:15:04	    0	0.586	   0.226
03:15:34	    1	0.380	   0.534
03:16:04	    2	0.215	   0.644
03:16:34	    3	0.155	   0.796
03:17:05	    4	0.143	   0.818
03:17:35	    5	0.137	   0.820
03:18:12	    6	0.134	   0.826
03:18:42	    7	0.134	   0.826
03:19:12	    8	0.136	   0.822
03:19:43	    9	0.133	   0.836
03:20:13	   10	0.132	   0.826
03:20:50	   11	0.132	   0.820
03:21:20	   12	0.132	   0.832
03:21:50	   13	0.132	   0.824
03:22:20	   14	0.131	   0.834
03:22:51	   15	0.131	   0.832
03:23:27	   16	0.131	   0.836
03:23:57	   17	0.132	   0.822
03:24:27	   18	0.131	   0.836
03:24:58	   19	0.131	   0.830
03:25:28	   20	0.131	   0.838
03:26:04	   21	0.130	   0.828
03:26:35	   22	0.130	   0.834
03:27:05	   23	0.130	   0.836
03:27:36	   24	0.130	   0.836
03:28:06	   25	0.130	   0.834
03:28:43	   26	0.130	   0.838
03:29:13	   27	0.130	   0.836
03:29:44	   28	0.130	   0.834
03:30:14	   29	0.130	   0.832
03:30:45	   30	0.129	   0.834

------------------------------

03:30:51	Parameters at epoch 30:

03:30:51	Theta:
03:30:51		-0.1524  -1.1527   1.5763  
03:30:51		 1.9189   0.7230   1.0087  
03:30:51		 1.0306  -0.6823  -1.4523  
03:30:51		 1.7634   1.4871  -0.2838  
03:30:51	Alpha:
03:30:51		-2.6692  -0.9226  
03:30:51		-1.1356   0.6763  
03:30:51		-0.8977  -0.3933  
03:30:51		-0.0483   1.8064  

------------------------------

03:31:23	Accuracy on test set with the parameters above: 0.8556666666666667

