01:07:42	Optimizer: adam
01:07:42	Optimizer params: {'lr': 0.03}
01:07:42	DataSet: wavy lines - nTrain: 500 - nValid: 0 - nTest: 3000
01:07:42	nLayers: 3 - nEpochs: 30 - batchSize: 32
01:07:42	Cost: weighted fidelity
01:07:42	Seed: None

------------------------------

01:07:50	epoch	loss	accuracy
01:08:00	    0	0.410	   0.196
01:09:18	    1	0.208	   0.278
01:10:36	    2	0.136	   0.598
01:11:55	    3	0.111	   0.700
01:13:13	    4	0.103	   0.806
01:14:31	    5	0.100	   0.762
01:15:55	    6	0.098	   0.812
01:17:13	    7	0.098	   0.750
01:18:32	    8	0.096	   0.808
01:19:50	    9	0.096	   0.800
01:21:08	   10	0.095	   0.832
01:22:32	   11	0.091	   0.850
01:23:51	   12	0.088	   0.870
01:25:08	   13	0.086	   0.862
01:26:26	   14	0.085	   0.872
01:27:44	   15	0.082	   0.874
01:29:07	   16	0.080	   0.890
01:30:24	   17	0.078	   0.892
01:31:42	   18	0.078	   0.902
01:33:00	   19	0.077	   0.896
01:34:18	   20	0.077	   0.900
01:35:41	   21	0.077	   0.888
01:36:59	   22	0.076	   0.894
01:38:17	   23	0.076	   0.904
01:39:34	   24	0.076	   0.898
01:40:53	   25	0.075	   0.890
01:42:17	   26	0.075	   0.898
01:43:35	   27	0.075	   0.900
01:44:52	   28	0.074	   0.890
01:46:11	   29	0.074	   0.896
01:47:29	   30	0.074	   0.890

------------------------------

01:47:35	Parameters at epoch 30:

01:47:35	Theta:
01:47:35		-0.0476  -1.3500   1.2387  
01:47:35		 3.0987   1.0821   1.9662  
01:47:35		 0.9156   1.8236  -0.1935  
01:47:35	Alpha:
01:47:35		 1.8322   0.8743  
01:47:35		 2.0271  -0.2620  
01:47:35		 0.8249   1.2350  
01:47:35	Class weight:
01:47:35		 0.9936   0.7895   0.8997   1.0775  

------------------------------

01:48:05	Accuracy on test set with the parameters above: 0.8963333333333333

