22:47:40	Optimizer: adam
22:47:40	Optimizer params: {'lr': 0.03}
22:47:40	DataSet: sphere - nTrain: 500 - nValid: 0 - nTest: 3000
22:47:40	nLayers: 4 - nEpochs: 30 - batchSize: 32
22:47:40	Cost: fidelity
22:47:40	Seed: None

------------------------------

22:47:42	epoch	loss	accuracy
22:47:47	    0	0.552	   0.438
22:48:16	    1	0.369	   0.708
22:48:45	    2	0.332	   0.776
22:49:14	    3	0.321	   0.764
22:49:43	    4	0.317	   0.760
22:50:11	    5	0.316	   0.742
22:50:43	    6	0.316	   0.748
22:51:13	    7	0.315	   0.740
22:51:42	    8	0.316	   0.748
22:52:11	    9	0.315	   0.734
22:52:39	   10	0.315	   0.744
22:53:11	   11	0.315	   0.750
22:53:40	   12	0.315	   0.744
22:54:08	   13	0.315	   0.742
22:54:37	   14	0.315	   0.744
22:55:06	   15	0.315	   0.744
22:55:38	   16	0.315	   0.758
22:56:07	   17	0.315	   0.746
22:56:36	   18	0.315	   0.742
22:57:05	   19	0.315	   0.746
22:57:34	   20	0.315	   0.746
22:58:05	   21	0.314	   0.746
22:58:34	   22	0.314	   0.746
22:59:03	   23	0.314	   0.752
22:59:32	   24	0.314	   0.744
23:00:01	   25	0.314	   0.750
23:00:33	   26	0.314	   0.746
23:01:02	   27	0.314	   0.744
23:01:31	   28	0.314	   0.736
23:02:00	   29	0.314	   0.750
23:02:29	   30	0.314	   0.742

------------------------------

23:02:32	Parameters at epoch 30:

23:02:32	Theta:
23:02:32		-1.9318   0.3131   0.6419  
23:02:32		-0.7932   0.4773  -1.1896  
23:02:32		-0.6400  -1.2487  -0.7018  
23:02:32		-0.2601  -1.5783  -0.6400  
23:02:32	Alpha:
23:02:32		 1.3606   0.3313   0.0946  
23:02:32		-0.7286   1.0505  -0.1162  
23:02:32		 0.3482   0.0527  -0.1754  
23:02:32		-2.7466  -1.0444  -0.0072  

------------------------------

23:02:47	Accuracy on test set with the parameters above: 0.737

