03:42:13	Optimizer: adam
03:42:13	Optimizer params: {'lr': 0.02}
03:42:13	DataSet: squares - nTrain: 500 - nValid: 0 - nTest: 3000
03:42:13	nLayers: 3 - nEpochs: 30 - batchSize: 32
03:42:13	Cost: fidelity
03:42:13	Seed: None

------------------------------

03:42:19	epoch	loss	accuracy
03:42:25	    0	0.442	   0.228
03:42:45	    1	0.314	   0.430
03:43:06	    2	0.250	   0.642
03:43:26	    3	0.215	   0.660
03:43:47	    4	0.199	   0.688
03:44:07	    5	0.191	   0.712
03:44:33	    6	0.188	   0.732
03:44:53	    7	0.188	   0.722
03:45:14	    8	0.185	   0.734
03:45:34	    9	0.182	   0.724
03:45:55	   10	0.178	   0.734
03:46:20	   11	0.172	   0.732
03:46:40	   12	0.165	   0.734
03:47:01	   13	0.154	   0.760
03:47:21	   14	0.143	   0.792
03:47:42	   15	0.136	   0.826
03:48:07	   16	0.132	   0.826
03:48:28	   17	0.130	   0.830
03:48:48	   18	0.129	   0.832
03:49:08	   19	0.129	   0.824
03:49:29	   20	0.128	   0.840
03:49:54	   21	0.128	   0.830
03:50:14	   22	0.128	   0.830
03:50:35	   23	0.128	   0.828
03:50:55	   24	0.128	   0.834
03:51:16	   25	0.128	   0.832
03:51:41	   26	0.128	   0.838
03:52:01	   27	0.128	   0.832
03:52:21	   28	0.128	   0.830
03:52:42	   29	0.128	   0.830
03:53:02	   30	0.128	   0.842

------------------------------

03:53:07	Parameters at epoch 30:

03:53:07	Theta:
03:53:07		 2.4020   0.9210   0.8576  
03:53:07		 0.8153  -1.3935  -1.8355  
03:53:07		 0.2910  -0.2293   1.4715  
03:53:07	Alpha:
03:53:07		 1.3896   1.6557  
03:53:07		 1.2620  -0.1779  
03:53:07		-2.2414   0.5345  

------------------------------

03:53:34	Accuracy on test set with the parameters above: 0.8476666666666667

