00:03:06	Optimizer: adam
00:03:06	Optimizer params: {'lr': 0.03}
00:03:06	DataSet: three circles - nTrain: 500 - nValid: 0 - nTest: 3000
00:03:06	nLayers: 1 - nEpochs: 30 - batchSize: 15
00:03:06	Cost: weighted fidelity
00:03:06	Seed: None

------------------------------

00:03:09	epoch	loss	accuracy
00:03:18	    0	0.370	   0.220
00:03:43	    1	0.150	   0.426
00:04:09	    2	0.146	   0.440
00:04:34	    3	0.146	   0.462
00:04:59	    4	0.146	   0.420
00:05:24	    5	0.147	   0.414
00:05:53	    6	0.147	   0.434
00:06:19	    7	0.146	   0.444
00:06:44	    8	0.146	   0.442
00:07:09	    9	0.146	   0.436
00:07:35	   10	0.149	   0.404
00:08:05	   11	0.147	   0.454
00:08:31	   12	0.146	   0.458
00:08:57	   13	0.148	   0.438
00:09:22	   14	0.146	   0.462
00:09:49	   15	0.146	   0.456
00:10:20	   16	0.146	   0.468
00:10:45	   17	0.146	   0.452
00:11:11	   18	0.146	   0.434
00:11:36	   19	0.146	   0.470
00:12:01	   20	0.145	   0.462
00:12:30	   21	0.145	   0.446
00:12:56	   22	0.146	   0.470
00:13:21	   23	0.145	   0.464
00:13:46	   24	0.146	   0.454
00:14:12	   25	0.145	   0.452
00:14:41	   26	0.145	   0.464
00:15:06	   27	0.145	   0.460
00:15:34	   28	0.145	   0.444
00:16:01	   29	0.146	   0.450
00:16:30	   30	0.145	   0.446

------------------------------

00:16:34	Parameters at epoch 30:

00:16:34	Theta:
00:16:34		-0.7549  -0.1315   0.2275  
00:16:34	Alpha:
00:16:34		-0.4125   0.3673  
00:16:34	Class weight:
00:16:34		 0.4823   1.6787   1.2905   1.5682  

------------------------------

00:16:54	Accuracy on test set with the parameters above: 0.4543333333333333

