22:15:49	Optimizer: adam
22:15:49	Optimizer params: {'lr': 0.03}
22:15:49	DataSet: circle - nTrain: 500 - nValid: 0 - nTest: 3000
22:15:49	nLayers: 4 - nEpochs: 30 - batchSize: 20
22:15:49	Cost: fidelity
22:15:49	Seed: None

------------------------------

22:15:53	epoch	loss	accuracy
22:15:57	    0	0.429	   0.650
22:16:22	    1	0.329	   0.732
22:16:46	    2	0.298	   0.736
22:17:10	    3	0.289	   0.764
22:17:35	    4	0.288	   0.748
22:18:00	    5	0.283	   0.756
22:18:27	    6	0.277	   0.776
22:18:51	    7	0.274	   0.792
22:19:16	    8	0.272	   0.822
22:19:40	    9	0.274	   0.830
22:20:05	   10	0.269	   0.808
22:20:32	   11	0.271	   0.806
22:20:57	   12	0.268	   0.804
22:21:21	   13	0.268	   0.808
22:21:46	   14	0.267	   0.806
22:22:11	   15	0.264	   0.800
22:22:38	   16	0.260	   0.818
22:23:03	   17	0.252	   0.810
22:23:27	   18	0.240	   0.842
22:23:52	   19	0.233	   0.872
22:24:17	   20	0.231	   0.870
22:24:44	   21	0.230	   0.890
22:25:09	   22	0.229	   0.864
22:25:34	   23	0.228	   0.882
22:25:58	   24	0.227	   0.876
22:26:23	   25	0.227	   0.876
22:26:51	   26	0.227	   0.878
22:27:15	   27	0.227	   0.866
22:27:39	   28	0.226	   0.874
22:28:04	   29	0.226	   0.872
22:28:29	   30	0.226	   0.876

------------------------------

22:28:32	Parameters at epoch 30:

22:28:32	Theta:
22:28:32		 2.7904  -1.6678   1.0557  
22:28:32		 0.3831   1.4338   0.4390  
22:28:32		 0.8286   0.9747  -1.1275  
22:28:32		 2.3563   0.5504  -1.5853  
22:28:32	Alpha:
22:28:32		-0.0368   0.7312  
22:28:32		 0.0966  -1.6621  
22:28:32		-2.0917  -1.2834  
22:28:32		-1.0213  -2.0633  

------------------------------

22:28:46	Accuracy on test set with the parameters above: 0.8843333333333333

