22:25:41	Optimizer: adam
22:25:41	Optimizer params: {'lr': 0.03}
22:25:41	DataSet: circle - nTrain: 500 - nValid: 0 - nTest: 3000
22:25:41	nLayers: 3 - nEpochs: 30 - batchSize: 20
22:25:41	Cost: fidelity
22:25:41	Seed: None

------------------------------

22:25:45	epoch	loss	accuracy
22:25:49	    0	0.538	   0.350
22:26:08	    1	0.410	   0.736
22:26:27	    2	0.332	   0.746
22:26:46	    3	0.300	   0.766
22:27:05	    4	0.289	   0.758
22:27:25	    5	0.286	   0.770
22:27:46	    6	0.279	   0.810
22:28:06	    7	0.279	   0.810
22:28:26	    8	0.273	   0.832
22:28:46	    9	0.271	   0.826
22:29:05	   10	0.271	   0.806
22:29:28	   11	0.270	   0.818
22:29:47	   12	0.270	   0.814
22:30:07	   13	0.271	   0.800
22:30:26	   14	0.270	   0.806
22:30:45	   15	0.270	   0.806
22:31:08	   16	0.271	   0.800
22:31:27	   17	0.270	   0.802
22:31:46	   18	0.270	   0.798
22:32:06	   19	0.270	   0.810
22:32:25	   20	0.270	   0.808
22:32:47	   21	0.270	   0.800
22:33:07	   22	0.270	   0.800
22:33:26	   23	0.270	   0.806
22:33:45	   24	0.271	   0.790
22:34:04	   25	0.270	   0.808
22:34:27	   26	0.270	   0.800
22:34:46	   27	0.270	   0.810
22:35:06	   28	0.270	   0.800
22:35:25	   29	0.270	   0.812
22:35:44	   30	0.270	   0.798

------------------------------

22:35:47	Parameters at epoch 30:

22:35:47	Theta:
22:35:47		-1.4757   1.7270  -0.8219  
22:35:47		-0.6816   1.6359  -1.4783  
22:35:47		-0.0071  -1.6198  -1.0574  
22:35:47	Alpha:
22:35:47		-1.0862   1.4422  
22:35:47		-0.0264  -0.0048  
22:35:47		-2.4621   1.4429  

------------------------------

22:36:01	Accuracy on test set with the parameters above: 0.7793333333333333

