01:55:43	Optimizer: adam
01:55:43	Optimizer params: {'lr': 0.03}
01:55:43	DataSet: wavy lines - nTrain: 500 - nValid: 0 - nTest: 3000
01:55:43	nLayers: 3 - nEpochs: 30 - batchSize: 32
01:55:43	Cost: fidelity
01:55:43	Seed: None

------------------------------

01:55:48	epoch	loss	accuracy
01:55:54	    0	0.390	   0.318
01:56:14	    1	0.187	   0.670
01:56:34	    2	0.157	   0.788
01:56:54	    3	0.140	   0.832
01:57:15	    4	0.134	   0.846
01:57:35	    5	0.129	   0.886
01:58:01	    6	0.126	   0.888
01:58:22	    7	0.126	   0.888
01:58:43	    8	0.124	   0.906
01:59:03	    9	0.123	   0.890
01:59:24	   10	0.125	   0.896
01:59:49	   11	0.127	   0.882
02:00:10	   12	0.123	   0.896
02:00:31	   13	0.123	   0.892
02:00:51	   14	0.123	   0.894
02:01:11	   15	0.123	   0.896
02:01:37	   16	0.123	   0.898
02:01:57	   17	0.123	   0.894
02:02:17	   18	0.123	   0.904
02:02:37	   19	0.123	   0.900
02:02:58	   20	0.123	   0.894
02:03:23	   21	0.123	   0.902
02:03:44	   22	0.123	   0.896
02:04:04	   23	0.123	   0.890
02:04:24	   24	0.123	   0.906
02:04:44	   25	0.123	   0.898
02:05:10	   26	0.123	   0.896
02:05:30	   27	0.123	   0.894
02:05:51	   28	0.123	   0.892
02:06:11	   29	0.123	   0.892
02:06:32	   30	0.123	   0.892

------------------------------

02:06:37	Parameters at epoch 30:

02:06:37	Theta:
02:06:37		 2.3261   1.2822   0.4546  
02:06:37		-0.9678   0.2614  -0.2526  
02:06:37		-1.7594   0.8469   0.1495  
02:06:37	Alpha:
02:06:37		 0.6673   0.3320  
02:06:37		 0.4395  -0.9304  
02:06:37		 1.8004  -0.1982  

------------------------------

02:07:03	Accuracy on test set with the parameters above: 0.881

