23:20:05	Optimizer: adam
23:20:05	Optimizer params: {'lr': 0.03}
23:20:05	DataSet: sphere - nTrain: 500 - nValid: 0 - nTest: 3000
23:20:05	nLayers: 2 - nEpochs: 30 - batchSize: 32
23:20:05	Cost: fidelity
23:20:05	Seed: None

------------------------------

23:20:07	epoch	loss	accuracy
23:20:12	    0	0.518	   0.452
23:20:28	    1	0.483	   0.548
23:20:43	    2	0.466	   0.548
23:20:59	    3	0.455	   0.548
23:21:15	    4	0.452	   0.548
23:21:31	    5	0.451	   0.548
23:21:49	    6	0.450	   0.548
23:22:05	    7	0.448	   0.548
23:22:21	    8	0.445	   0.548
23:22:37	    9	0.442	   0.548
23:22:53	   10	0.435	   0.548
23:23:11	   11	0.416	   0.614
23:23:27	   12	0.383	   0.674
23:23:43	   13	0.355	   0.684
23:23:59	   14	0.348	   0.682
23:24:15	   15	0.346	   0.702
23:24:33	   16	0.346	   0.686
23:24:49	   17	0.346	   0.688
23:25:05	   18	0.346	   0.688
23:25:21	   19	0.346	   0.694
23:25:37	   20	0.346	   0.692
23:25:55	   21	0.346	   0.706
23:26:11	   22	0.346	   0.686
23:26:28	   23	0.346	   0.706
23:26:44	   24	0.346	   0.698
23:27:00	   25	0.346	   0.686
23:27:18	   26	0.346	   0.688
23:27:34	   27	0.346	   0.694
23:27:51	   28	0.346	   0.704
23:28:07	   29	0.346	   0.694
23:28:23	   30	0.346	   0.686

------------------------------

23:28:25	Parameters at epoch 30:

23:28:25	Theta:
23:28:25		-0.7974   1.5706   0.6543  
23:28:25		-0.7912   1.5494  -0.2567  
23:28:25	Alpha:
23:28:25		 1.3543   0.3766  -0.6088  
23:28:25		 0.0235  -0.3677   3.4969  

------------------------------

23:28:39	Accuracy on test set with the parameters above: 0.683

