00:19:18	Optimizer: adam
00:19:18	Optimizer params: {'lr': 0.03}
00:19:18	DataSet: wavy lines - nTrain: 500 - nValid: 0 - nTest: 3000
00:19:18	nLayers: 8 - nEpochs: 30 - batchSize: 32
00:19:18	Cost: weighted fidelity
00:19:18	Seed: None

------------------------------

00:19:28	epoch	loss	accuracy
00:19:46	    0	0.335	   0.186
00:24:27	    1	0.135	   0.628
00:29:12	    2	0.091	   0.828
00:33:56	    3	0.075	   0.904
00:38:41	    4	0.071	   0.902
00:43:31	    5	0.071	   0.884
00:48:26	    6	0.072	   0.842
00:53:18	    7	0.067	   0.908
00:58:04	    8	0.066	   0.904
01:02:51	    9	0.067	   0.896
01:07:35	   10	0.070	   0.902
01:12:28	   11	0.063	   0.912
01:17:15	   12	0.067	   0.876
01:21:59	   13	0.065	   0.910
01:26:42	   14	0.065	   0.906
01:31:27	   15	0.063	   0.920
01:36:19	   16	0.064	   0.902
01:41:14	   17	0.062	   0.910
01:46:07	   18	0.061	   0.916
01:51:01	   19	0.061	   0.906
01:55:48	   20	0.061	   0.916
02:00:50	   21	0.060	   0.912
02:05:47	   22	0.060	   0.912
02:10:37	   23	0.061	   0.906
02:15:24	   24	0.060	   0.910
02:20:13	   25	0.060	   0.914
02:25:15	   26	0.059	   0.908
02:30:05	   27	0.059	   0.918
02:34:56	   28	0.059	   0.920
02:39:41	   29	0.058	   0.928
02:44:28	   30	0.058	   0.916

------------------------------

02:44:38	Parameters at epoch 30:

02:44:38	Theta:
02:44:38		 0.4365  -2.1731   0.7124  
02:44:38		 1.8441  -0.1266   0.4368  
02:44:38		-0.2419  -0.4401  -0.3587  
02:44:38		 0.6132   1.3614  -0.4242  
02:44:38		-1.7732  -0.0216  -0.9119  
02:44:38		-1.2222   2.5415   1.2087  
02:44:38		-0.5327  -0.6555   0.1944  
02:44:38		-0.6804  -0.3124  -0.5231  
02:44:38	Alpha:
02:44:38		 1.3939  -0.5689  
02:44:38		 2.3353  -1.4685  
02:44:38		-2.5498  -0.9646  
02:44:38		-2.3306  -0.6576  
02:44:38		 0.8019  -1.1412  
02:44:38		 0.1232   0.3972  
02:44:38		 2.3968  -1.0097  
02:44:38		 1.9840   0.3948  
02:44:38	Class weight:
02:44:38		 1.1062   0.9709   0.7331   1.0725  

------------------------------

02:45:31	Accuracy on test set with the parameters above: 0.879

