03:33:12	Optimizer: adam
03:33:12	Optimizer params: {'lr': 0.02}
03:33:12	DataSet: squares - nTrain: 500 - nValid: 0 - nTest: 3000
03:33:12	nLayers: 2 - nEpochs: 30 - batchSize: 32
03:33:12	Cost: weighted fidelity
03:33:12	Seed: None

------------------------------

03:33:19	epoch	loss	accuracy
03:33:27	    0	0.400	   0.230
03:34:12	    1	0.233	   0.250
03:34:58	    2	0.161	   0.500
03:35:44	    3	0.130	   0.574
03:36:30	    4	0.118	   0.694
03:37:16	    5	0.112	   0.708
03:38:06	    6	0.109	   0.704
03:38:52	    7	0.105	   0.730
03:39:38	    8	0.104	   0.696
03:40:25	    9	0.101	   0.736
03:41:11	   10	0.099	   0.762
03:42:01	   11	0.097	   0.732
03:42:47	   12	0.094	   0.776
03:43:34	   13	0.092	   0.752
03:44:20	   14	0.089	   0.796
03:45:06	   15	0.087	   0.778
03:45:57	   16	0.085	   0.812
03:46:43	   17	0.085	   0.822
03:47:29	   18	0.084	   0.792
03:48:15	   19	0.083	   0.820
03:49:02	   20	0.083	   0.808
03:49:53	   21	0.083	   0.810
03:50:39	   22	0.083	   0.818
03:51:25	   23	0.083	   0.806
03:52:12	   24	0.083	   0.812
03:52:58	   25	0.083	   0.808
03:53:49	   26	0.082	   0.814
03:54:36	   27	0.082	   0.808
03:55:22	   28	0.082	   0.812
03:56:08	   29	0.082	   0.818
03:56:55	   30	0.082	   0.820

------------------------------

03:57:00	Parameters at epoch 30:

03:57:00	Theta:
03:57:00		-1.8976  -0.8231   0.5932  
03:57:00		-1.2841  -1.3352  -2.5870  
03:57:00	Alpha:
03:57:00		-0.0461   1.1246  
03:57:00		 1.3674  -0.4189  
03:57:00	Class weight:
03:57:00		 1.0837   0.6470   1.0957   1.5548  

------------------------------

03:57:23	Accuracy on test set with the parameters above: 0.8133333333333334

