06:09:17	Optimizer: adam
06:09:17	Optimizer params: {'lr': 0.02}
06:09:17	DataSet: binary annulus - nTrain: 500 - nValid: 0 - nTest: 3000
06:09:17	nLayers: 6 - nEpochs: 40 - batchSize: 48
06:09:17	Cost: weighted fidelity
06:09:17	Seed: None

------------------------------

06:09:21	epoch	loss	accuracy
06:09:30	    0	0.312	   0.502
06:11:01	    1	0.238	   0.582
06:12:34	    2	0.233	   0.568
06:14:05	    3	0.231	   0.600
06:15:37	    4	0.228	   0.594
06:17:11	    5	0.227	   0.614
06:18:47	    6	0.226	   0.614
06:20:20	    7	0.225	   0.604
06:21:53	    8	0.224	   0.628
06:23:25	    9	0.224	   0.638
06:24:56	   10	0.223	   0.622
06:26:34	   11	0.223	   0.618
06:28:07	   12	0.222	   0.640
06:29:39	   13	0.221	   0.642
06:31:12	   14	0.221	   0.658
06:32:45	   15	0.220	   0.638
06:34:22	   16	0.217	   0.664
06:35:54	   17	0.215	   0.680
06:37:27	   18	0.213	   0.692
06:39:01	   19	0.209	   0.724
06:40:34	   20	0.206	   0.728
06:42:11	   21	0.203	   0.772
06:43:44	   22	0.201	   0.772
06:45:16	   23	0.199	   0.794
06:46:49	   24	0.198	   0.776
06:48:21	   25	0.197	   0.786
06:49:58	   26	0.197	   0.766
06:51:30	   27	0.197	   0.778
06:53:04	   28	0.196	   0.774
06:54:38	   29	0.196	   0.784
06:56:11	   30	0.195	   0.788
06:57:48	   31	0.195	   0.788
06:59:21	   32	0.195	   0.784
07:00:55	   33	0.195	   0.794
07:02:29	   34	0.194	   0.790
07:04:04	   35	0.194	   0.794
07:05:42	   36	0.193	   0.786
07:07:15	   37	0.193	   0.784
07:08:48	   38	0.193	   0.788
07:10:21	   39	0.192	   0.792
07:11:53	   40	0.192	   0.794

------------------------------

07:11:57	Parameters at epoch 40:

07:11:57	Theta:
07:11:57		 2.6694   0.7198  -1.2902  
07:11:57		 0.6330   0.7229  -0.7682  
07:11:57		 0.9998   0.2810  -1.4782  
07:11:57		 0.6540   1.1396  -1.3381  
07:11:57		 0.2309   1.3098  -0.3067  
07:11:57		 0.2173  -1.9385   0.9728  
07:11:57	Alpha:
07:11:57		 2.0142   0.2598  
07:11:57		 2.6387  -0.4412  
07:11:57		-0.6906   0.5715  
07:11:57		-0.9189   0.9513  
07:11:57		 0.2363  -0.8441  
07:11:57		 0.6470  -0.6496  
07:11:57	Class weight:
07:11:57		 1.2626   0.8337  

------------------------------

07:12:20	Accuracy on test set with the parameters above: 0.7636666666666667

