02:16:04	Optimizer: adam
02:16:04	Optimizer params: {'lr': 0.02}
02:16:04	DataSet: squares - nTrain: 500 - nValid: 0 - nTest: 3000
02:16:04	nLayers: 4 - nEpochs: 30 - batchSize: 32
02:16:04	Cost: weighted fidelity
02:16:04	Seed: None

------------------------------

02:16:10	epoch	loss	accuracy
02:16:21	    0	0.368	   0.220
02:17:56	    1	0.144	   0.554
02:19:33	    2	0.099	   0.798
02:21:09	    3	0.090	   0.774
02:22:46	    4	0.085	   0.798
02:24:23	    5	0.082	   0.806
02:26:05	    6	0.080	   0.840
02:27:42	    7	0.079	   0.830
02:29:18	    8	0.079	   0.818
02:30:55	    9	0.079	   0.830
02:32:32	   10	0.079	   0.804
02:34:14	   11	0.079	   0.816
02:35:51	   12	0.078	   0.826
02:37:29	   13	0.078	   0.804
02:39:06	   14	0.079	   0.808
02:40:43	   15	0.078	   0.826
02:42:25	   16	0.078	   0.812
02:44:02	   17	0.078	   0.820
02:45:40	   18	0.078	   0.814
02:47:17	   19	0.078	   0.794
02:48:54	   20	0.079	   0.800
02:50:37	   21	0.078	   0.814
02:52:14	   22	0.078	   0.814
02:53:52	   23	0.079	   0.794
02:55:29	   24	0.078	   0.812
02:57:07	   25	0.078	   0.814
02:58:50	   26	0.078	   0.820
03:00:27	   27	0.078	   0.812
03:02:04	   28	0.078	   0.808
03:03:41	   29	0.078	   0.804
03:05:20	   30	0.078	   0.814

------------------------------

03:05:26	Parameters at epoch 30:

03:05:26	Theta:
03:05:26		-0.6814   0.7302   1.2049  
03:05:26		-1.5290  -0.6195  -0.5187  
03:05:26		 1.2151  -0.0874  -1.1793  
03:05:26		-0.6570   0.1666   0.6256  
03:05:26	Alpha:
03:05:26		-0.5527  -0.2427  
03:05:26		 1.3543   0.4366  
03:05:26		-0.4914  -2.2524  
03:05:26		-0.4197   1.5500  
03:05:26	Class weight:
03:05:26		 0.5564   1.1862   1.6172   1.2349  

------------------------------

03:05:57	Accuracy on test set with the parameters above: 0.803

