02:08:46	Optimizer: adam
02:08:46	Optimizer params: {'lr': 0.03}
02:08:46	DataSet: wavy lines - nTrain: 500 - nValid: 0 - nTest: 3000
02:08:46	nLayers: 1 - nEpochs: 30 - batchSize: 32
02:08:46	Cost: fidelity
02:08:46	Seed: None

------------------------------

02:08:50	epoch	loss	accuracy
02:08:55	    0	0.558	   0.080
02:09:04	    1	0.501	   0.106
02:09:12	    2	0.452	   0.340
02:09:21	    3	0.438	   0.340
02:09:30	    4	0.433	   0.340
02:09:38	    5	0.429	   0.340
02:09:50	    6	0.417	   0.340
02:09:59	    7	0.375	   0.470
02:10:08	    8	0.322	   0.486
02:10:16	    9	0.301	   0.474
02:10:25	   10	0.297	   0.446
02:10:37	   11	0.296	   0.450
02:10:46	   12	0.296	   0.468
02:10:54	   13	0.296	   0.446
02:11:03	   14	0.296	   0.464
02:11:12	   15	0.296	   0.464
02:11:24	   16	0.296	   0.470
02:11:32	   17	0.296	   0.454
02:11:41	   18	0.296	   0.458
02:11:49	   19	0.296	   0.456
02:11:58	   20	0.296	   0.468
02:12:10	   21	0.296	   0.454
02:12:18	   22	0.296	   0.460
02:12:27	   23	0.296	   0.462
02:12:35	   24	0.296	   0.458
02:12:44	   25	0.296	   0.460
02:12:56	   26	0.296	   0.462
02:13:05	   27	0.296	   0.462
02:13:13	   28	0.296	   0.458
02:13:22	   29	0.296	   0.452
02:13:30	   30	0.296	   0.460

------------------------------

02:13:34	Parameters at epoch 30:

02:13:34	Theta:
02:13:34		-3.9268   1.1696  -1.8926  
02:13:34	Alpha:
02:13:34		 0.2176   1.9454  

------------------------------

02:13:52	Accuracy on test set with the parameters above: 0.48733333333333334

