22:06:20	Optimizer: adam
22:06:20	Optimizer params: {'lr': 0.03}
22:06:20	DataSet: circle - nTrain: 500 - nValid: 0 - nTest: 3000
22:06:20	nLayers: 3 - nEpochs: 30 - batchSize: 20
22:06:20	Cost: weighted fidelity
22:06:20	Seed: None

------------------------------

22:06:23	epoch	loss	accuracy
22:06:28	    0	0.178	   0.750
22:07:04	    1	0.110	   0.904
22:07:40	    2	0.100	   0.954
22:08:16	    3	0.099	   0.890
22:08:52	    4	0.103	   0.858
22:09:28	    5	0.101	   0.922
22:10:07	    6	0.097	   0.956
22:10:44	    7	0.100	   0.946
22:11:20	    8	0.099	   0.912
22:11:56	    9	0.096	   0.926
22:12:32	   10	0.096	   0.910
22:13:11	   11	0.099	   0.912
22:13:47	   12	0.097	   0.890
22:14:23	   13	0.096	   0.936
22:14:59	   14	0.098	   0.922
22:15:35	   15	0.098	   0.888
22:16:13	   16	0.097	   0.934
22:16:49	   17	0.096	   0.916
22:17:25	   18	0.096	   0.912
22:18:01	   19	0.095	   0.944
22:18:37	   20	0.095	   0.944
22:19:16	   21	0.096	   0.892
22:19:52	   22	0.095	   0.934
22:20:28	   23	0.095	   0.932
22:21:04	   24	0.096	   0.936
22:21:40	   25	0.096	   0.926
22:22:20	   26	0.096	   0.942
22:22:55	   27	0.095	   0.934
22:23:31	   28	0.095	   0.926
22:24:07	   29	0.095	   0.942
22:24:44	   30	0.095	   0.944

------------------------------

22:24:47	Parameters at epoch 30:

22:24:47	Theta:
22:24:47		 0.8967  -0.3283   0.3449  
22:24:47		 0.0093  -1.3313  -0.1151  
22:24:47		 0.0042  -1.5329   1.2879  
22:24:47	Alpha:
22:24:47		-1.0149  -0.0932  
22:24:47		 0.8616   1.2543  
22:24:47		 2.0611   1.0655  
22:24:47	Class weight:
22:24:47		 0.9687   1.3019  

------------------------------

22:25:01	Accuracy on test set with the parameters above: 0.9433333333333334

