00:02:27	Optimizer: adam
00:02:27	Optimizer params: {'lr': 0.03}
00:02:27	DataSet: three circles - nTrain: 500 - nValid: 0 - nTest: 3000
00:02:27	nLayers: 1 - nEpochs: 30 - batchSize: 15
00:02:27	Cost: weighted fidelity
00:02:27	Seed: None

------------------------------

00:02:33	epoch	loss	accuracy
00:02:39	    0	0.358	   0.230
00:03:01	    1	0.219	   0.406
00:03:24	    2	0.199	   0.412
00:03:47	    3	0.181	   0.370
00:04:10	    4	0.152	   0.404
00:04:33	    5	0.147	   0.440
00:04:59	    6	0.150	   0.408
00:05:22	    7	0.147	   0.424
00:05:44	    8	0.148	   0.434
00:06:07	    9	0.147	   0.406
00:06:30	   10	0.147	   0.446
00:06:56	   11	0.147	   0.442
00:07:19	   12	0.146	   0.438
00:07:42	   13	0.147	   0.448
00:08:05	   14	0.146	   0.434
00:08:28	   15	0.147	   0.440
00:08:54	   16	0.147	   0.436
00:09:17	   17	0.146	   0.452
00:09:40	   18	0.146	   0.450
00:10:02	   19	0.147	   0.438
00:10:25	   20	0.146	   0.448
00:10:51	   21	0.149	   0.448
00:11:14	   22	0.147	   0.444
00:11:37	   23	0.147	   0.436
00:12:00	   24	0.147	   0.442
00:12:23	   25	0.146	   0.438
00:12:49	   26	0.146	   0.426
00:13:12	   27	0.146	   0.434
00:13:35	   28	0.146	   0.436
00:13:58	   29	0.146	   0.444
00:14:21	   30	0.146	   0.440

------------------------------

00:14:24	Parameters at epoch 30:

00:14:24	Theta:
00:14:24		-0.4549  -0.1865  -0.2057  
00:14:24	Alpha:
00:14:24		 1.0104   0.3749  
00:14:24	Class weight:
00:14:24		 0.4799   1.7196   1.2192   1.6447  

------------------------------

00:14:42	Accuracy on test set with the parameters above: 0.43633333333333335

