02:08:03	Optimizer: adam
02:08:03	Optimizer params: {'lr': 0.03}
02:08:03	DataSet: wavy lines - nTrain: 500 - nValid: 0 - nTest: 3000
02:08:03	nLayers: 2 - nEpochs: 30 - batchSize: 32
02:08:03	Cost: fidelity
02:08:03	Seed: None

------------------------------

02:08:09	epoch	loss	accuracy
02:08:14	    0	0.506	   0.212
02:08:28	    1	0.397	   0.366
02:08:43	    2	0.330	   0.464
02:08:58	    3	0.278	   0.548
02:09:12	    4	0.235	   0.668
02:09:27	    5	0.185	   0.724
02:09:46	    6	0.143	   0.866
02:10:01	    7	0.129	   0.896
02:10:15	    8	0.127	   0.902
02:10:30	    9	0.127	   0.900
02:10:45	   10	0.127	   0.904
02:11:04	   11	0.127	   0.900
02:11:19	   12	0.127	   0.900
02:11:33	   13	0.127	   0.898
02:11:48	   14	0.127	   0.900
02:12:03	   15	0.127	   0.898
02:12:22	   16	0.127	   0.896
02:12:37	   17	0.127	   0.900
02:12:52	   18	0.127	   0.904
02:13:06	   19	0.127	   0.898
02:13:21	   20	0.127	   0.902
02:13:40	   21	0.127	   0.900
02:13:55	   22	0.127	   0.902
02:14:10	   23	0.127	   0.902
02:14:25	   24	0.127	   0.896
02:14:39	   25	0.127	   0.900
02:14:59	   26	0.127	   0.904
02:15:13	   27	0.127	   0.900
02:15:28	   28	0.127	   0.898
02:15:43	   29	0.127	   0.900
02:15:57	   30	0.127	   0.898

------------------------------

02:16:02	Parameters at epoch 30:

02:16:02	Theta:
02:16:02		-0.4442  -1.5249   0.1521  
02:16:02		 0.5777   0.9148   0.0825  
02:16:02	Alpha:
02:16:02		 1.0908   1.0076  
02:16:02		 2.2344   0.1392  

------------------------------

02:16:25	Accuracy on test set with the parameters above: 0.8973333333333333

