05:37:18	Optimizer: adam
05:37:18	Optimizer params: {'lr': 0.02}
05:37:18	DataSet: non convex - nTrain: 500 - nValid: 0 - nTest: 3000
05:37:18	nLayers: 4 - nEpochs: 40 - batchSize: 32
05:37:18	Cost: fidelity
05:37:18	Seed: None

------------------------------

05:37:23	epoch	loss	accuracy
05:37:28	    0	0.547	   0.454
05:37:55	    1	0.384	   0.664
05:38:23	    2	0.300	   0.748
05:38:51	    3	0.287	   0.750
05:39:20	    4	0.284	   0.752
05:39:48	    5	0.283	   0.756
05:40:19	    6	0.282	   0.752
05:40:47	    7	0.281	   0.750
05:41:15	    8	0.280	   0.756
05:41:43	    9	0.279	   0.754
05:42:11	   10	0.278	   0.756
05:42:41	   11	0.277	   0.758
05:43:09	   12	0.276	   0.754
05:43:37	   13	0.275	   0.760
05:44:04	   14	0.274	   0.762
05:44:33	   15	0.273	   0.764
05:45:04	   16	0.272	   0.760
05:45:31	   17	0.271	   0.760
05:45:59	   18	0.270	   0.762
05:46:26	   19	0.270	   0.762
05:46:53	   20	0.269	   0.762
05:47:24	   21	0.268	   0.762
05:47:51	   22	0.267	   0.758
05:48:19	   23	0.267	   0.756
05:48:47	   24	0.266	   0.760
05:49:14	   25	0.266	   0.760
05:49:46	   26	0.266	   0.758
05:50:15	   27	0.265	   0.760
05:50:43	   28	0.265	   0.760
05:51:11	   29	0.265	   0.760
05:51:39	   30	0.264	   0.762
05:52:10	   31	0.264	   0.762
05:52:38	   32	0.264	   0.760
05:53:07	   33	0.264	   0.758
05:53:35	   34	0.264	   0.762
05:54:03	   35	0.263	   0.760
05:54:34	   36	0.263	   0.760
05:55:03	   37	0.263	   0.760
05:55:31	   38	0.263	   0.760
05:55:59	   39	0.263	   0.760
05:56:26	   40	0.263	   0.760

------------------------------

05:56:30	Parameters at epoch 40:

05:56:30	Theta:
05:56:30		 2.1449  -1.2516  -0.8856  
05:56:30		 1.3138   1.1949  -0.4572  
05:56:30		-1.0493  -0.7869  -0.0799  
05:56:30		-0.4800   0.1131  -0.9053  
05:56:30	Alpha:
05:56:30		-1.5601   1.2289  
05:56:30		-1.0637   1.2346  
05:56:30		 0.2266   1.0739  
05:56:30		 1.9828   0.6645  

------------------------------

05:56:47	Accuracy on test set with the parameters above: 0.7606666666666667

