21:32:39	Optimizer: adam
21:32:39	Optimizer params: {'lr': 0.03}
21:32:39	DataSet: circle - nTrain: 500 - nValid: 0 - nTest: 3000
21:32:39	nLayers: 8 - nEpochs: 30 - batchSize: 20
21:32:39	Cost: weighted fidelity
21:32:39	Seed: None

------------------------------

21:32:45	epoch	loss	accuracy
21:32:54	    0	0.368	   0.406
21:35:14	    1	0.102	   0.866
21:37:35	    2	0.090	   0.924
21:39:59	    3	0.079	   0.944
21:42:21	    4	0.082	   0.926
21:44:44	    5	0.080	   0.930
21:47:13	    6	0.079	   0.924
21:49:35	    7	0.077	   0.942
21:51:57	    8	0.076	   0.944
21:54:19	    9	0.077	   0.924
21:56:43	   10	0.080	   0.934
21:59:09	   11	0.079	   0.944
22:01:30	   12	0.075	   0.930
22:03:51	   13	0.075	   0.944
22:06:15	   14	0.076	   0.924
22:08:36	   15	0.076	   0.920
22:11:04	   16	0.079	   0.910
22:13:25	   17	0.073	   0.952
22:15:47	   18	0.073	   0.940
22:18:10	   19	0.072	   0.952
22:20:31	   20	0.072	   0.960
22:22:58	   21	0.069	   0.956
22:25:21	   22	0.074	   0.920
22:27:46	   23	0.068	   0.962
22:30:11	   24	0.067	   0.952
22:32:35	   25	0.066	   0.968
22:35:03	   26	0.067	   0.964
22:37:29	   27	0.065	   0.974
22:39:52	   28	0.064	   0.972
22:42:15	   29	0.064	   0.956
22:44:39	   30	0.064	   0.964

------------------------------

22:44:45	Parameters at epoch 30:

22:44:45	Theta:
22:44:45		 0.4016  -1.1178   0.7810  
22:44:45		 0.9699  -1.3735  -1.8840  
22:44:45		 0.1131  -0.6049  -0.8271  
22:44:45		-0.6120  -0.0339  -1.4417  
22:44:45		-0.3314  -0.0174   2.3247  
22:44:45		 0.7432   0.5802   1.4906  
22:44:45		-0.7541  -1.3245   0.4534  
22:44:45		 0.3764  -0.7668  -0.3730  
22:44:45	Alpha:
22:44:45		 0.1593   0.4885  
22:44:45		-0.0704  -0.4010  
22:44:45		-1.3396  -1.7567  
22:44:45		-1.4400  -2.4133  
22:44:45		-1.0182  -0.5697  
22:44:45		-0.4932   0.2371  
22:44:45		 1.3111   1.3200  
22:44:45		 2.4571  -0.0380  
22:44:45	Class weight:
22:44:45		 1.0672   1.1379  

------------------------------

22:45:13	Accuracy on test set with the parameters above: 0.9613333333333334

