00:21:00	Optimizer: adam
00:21:00	Optimizer params: {'lr': 0.03}
00:21:00	DataSet: wavy lines - nTrain: 500 - nValid: 0 - nTest: 3000
00:21:00	nLayers: 6 - nEpochs: 30 - batchSize: 32
00:21:00	Cost: weighted fidelity
00:21:00	Seed: None

------------------------------

00:21:10	epoch	loss	accuracy
00:21:26	    0	0.289	   0.406
00:24:34	    1	0.124	   0.708
00:27:40	    2	0.101	   0.784
00:30:47	    3	0.091	   0.820
00:33:56	    4	0.085	   0.830
00:37:01	    5	0.081	   0.840
00:40:16	    6	0.081	   0.852
00:43:19	    7	0.076	   0.820
00:46:27	    8	0.077	   0.816
00:49:33	    9	0.073	   0.818
00:52:39	   10	0.074	   0.800
00:55:50	   11	0.073	   0.818
00:58:53	   12	0.071	   0.800
01:01:58	   13	0.071	   0.800
01:05:05	   14	0.072	   0.780
01:08:12	   15	0.070	   0.798
01:11:25	   16	0.075	   0.766
01:14:29	   17	0.071	   0.798
01:17:34	   18	0.072	   0.790
01:20:40	   19	0.070	   0.818
01:23:48	   20	0.070	   0.812
01:27:03	   21	0.070	   0.796
01:30:10	   22	0.070	   0.790
01:33:14	   23	0.070	   0.812
01:36:20	   24	0.069	   0.814
01:39:28	   25	0.069	   0.800
01:42:45	   26	0.071	   0.786
01:45:53	   27	0.070	   0.806
01:49:03	   28	0.070	   0.794
01:52:11	   29	0.069	   0.822
01:55:18	   30	0.069	   0.800

------------------------------

01:55:27	Parameters at epoch 30:

01:55:27	Theta:
01:55:27		-0.4562  -1.4982  -0.4963  
01:55:27		 0.2085  -0.9890  -0.0670  
01:55:27		-1.0712   0.7424  -1.9925  
01:55:27		 0.2626   0.5614   0.2364  
01:55:27		 1.6649   0.3617   0.0050  
01:55:27		 1.6511  -1.4446   0.5234  
01:55:27	Alpha:
01:55:27		-0.0974   0.4793  
01:55:27		 0.6232   0.8198  
01:55:27		 1.7445  -0.0839  
01:55:27		-1.8338   0.6275  
01:55:27		-1.3667   1.0309  
01:55:27		 0.9182  -0.0577  
01:55:27	Class weight:
01:55:27		 1.5723   0.4884   1.1583   1.5149  

------------------------------

01:56:12	Accuracy on test set with the parameters above: 0.7696666666666667

