06:11:25	Optimizer: adam
06:11:25	Optimizer params: {'lr': 0.02}
06:11:25	DataSet: binary annulus - nTrain: 500 - nValid: 0 - nTest: 3000
06:11:25	nLayers: 8 - nEpochs: 40 - batchSize: 48
06:11:25	Cost: fidelity
06:11:25	Seed: None

------------------------------

06:11:30	epoch	loss	accuracy
06:11:36	    0	0.463	   0.608
06:12:42	    1	0.385	   0.640
06:13:48	    2	0.358	   0.668
06:14:53	    3	0.338	   0.718
06:15:59	    4	0.319	   0.722
06:17:04	    5	0.309	   0.750
06:18:14	    6	0.302	   0.778
06:19:20	    7	0.297	   0.772
06:20:26	    8	0.292	   0.782
06:21:31	    9	0.288	   0.792
06:22:38	   10	0.285	   0.792
06:23:48	   11	0.283	   0.794
06:24:53	   12	0.280	   0.800
06:25:59	   13	0.278	   0.804
06:27:05	   14	0.276	   0.806
06:28:12	   15	0.275	   0.806
06:29:22	   16	0.273	   0.808
06:30:27	   17	0.272	   0.806
06:31:33	   18	0.270	   0.808
06:32:40	   19	0.269	   0.810
06:33:46	   20	0.268	   0.806
06:34:56	   21	0.267	   0.804
06:36:02	   22	0.265	   0.808
06:37:08	   23	0.264	   0.812
06:38:15	   24	0.261	   0.810
06:39:21	   25	0.259	   0.810
06:40:31	   26	0.257	   0.816
06:41:38	   27	0.255	   0.824
06:42:44	   28	0.253	   0.822
06:43:50	   29	0.250	   0.830
06:44:56	   30	0.248	   0.842
06:46:06	   31	0.245	   0.838
06:47:12	   32	0.243	   0.854
06:48:19	   33	0.240	   0.852
06:49:25	   34	0.238	   0.870
06:50:30	   35	0.236	   0.876
06:51:40	   36	0.234	   0.890
06:52:46	   37	0.232	   0.892
06:53:54	   38	0.231	   0.894
06:55:00	   39	0.229	   0.892
06:56:05	   40	0.228	   0.894

------------------------------

06:56:10	Parameters at epoch 40:

06:56:10	Theta:
06:56:10		 0.7851  -0.6207   0.8513  
06:56:10		 0.7841  -2.6868  -0.4602  
06:56:10		 0.8883  -1.1444   0.1601  
06:56:10		 0.5905  -1.1052   0.8802  
06:56:10		 0.9635  -1.6829   0.6244  
06:56:10		 0.8355  -2.3169  -0.7021  
06:56:10		 1.4036  -1.5551  -0.8855  
06:56:10		 0.4515  -0.1072   0.3753  
06:56:10	Alpha:
06:56:10		 0.1131  -0.4272  
06:56:10		 0.1710  -2.0570  
06:56:10		 1.4059   0.2828  
06:56:10		-0.6220  -2.6069  
06:56:10		-0.5220   2.2712  
06:56:10		 1.9103  -0.4912  
06:56:10		-2.6307  -1.5404  
06:56:10		 1.0052   0.8547  

------------------------------

06:56:34	Accuracy on test set with the parameters above: 0.879

