01:56:05	Optimizer: adam
01:56:05	Optimizer params: {'lr': 0.03}
01:56:05	DataSet: wavy lines - nTrain: 500 - nValid: 0 - nTest: 3000
01:56:05	nLayers: 1 - nEpochs: 30 - batchSize: 32
01:56:05	Cost: weighted fidelity
01:56:05	Seed: None

------------------------------

01:56:11	epoch	loss	accuracy
01:56:17	    0	0.293	   0.366
01:56:43	    1	0.172	   0.366
01:57:08	    2	0.154	   0.402
01:57:33	    3	0.147	   0.458
01:57:59	    4	0.146	   0.462
01:58:24	    5	0.146	   0.464
01:58:53	    6	0.146	   0.466
01:59:19	    7	0.146	   0.464
01:59:45	    8	0.146	   0.476
02:00:10	    9	0.146	   0.472
02:00:36	   10	0.146	   0.456
02:01:05	   11	0.146	   0.464
02:01:30	   12	0.146	   0.468
02:01:56	   13	0.146	   0.468
02:02:22	   14	0.146	   0.468
02:02:47	   15	0.146	   0.468
02:03:17	   16	0.146	   0.464
02:03:42	   17	0.146	   0.466
02:04:08	   18	0.146	   0.466
02:04:33	   19	0.146	   0.458
02:04:59	   20	0.146	   0.476
02:05:28	   21	0.146	   0.470
02:05:53	   22	0.146	   0.486
02:06:21	   23	0.146	   0.462
02:06:46	   24	0.146	   0.464
02:07:12	   25	0.146	   0.466
02:07:41	   26	0.146	   0.464
02:08:07	   27	0.146	   0.458
02:08:32	   28	0.146	   0.460
02:08:58	   29	0.146	   0.454
02:09:24	   30	0.146	   0.466

------------------------------

02:09:28	Parameters at epoch 30:

02:09:28	Theta:
02:09:28		 1.3777   0.0980  -1.1068  
02:09:28	Alpha:
02:09:28		-0.4746   0.4136  
02:09:28	Class weight:
02:09:28		 0.5992   1.2044   1.5243   1.4732  

------------------------------

02:09:47	Accuracy on test set with the parameters above: 0.46066666666666667

