23:15:05	Optimizer: adam
23:15:05	Optimizer params: {'lr': 0.03}
23:15:05	DataSet: sphere - nTrain: 500 - nValid: 0 - nTest: 3000
23:15:05	nLayers: 1 - nEpochs: 30 - batchSize: 32
23:15:05	Cost: weighted fidelity
23:15:05	Seed: None

------------------------------

23:15:07	epoch	loss	accuracy
23:15:10	    0	0.419	   0.552
23:15:24	    1	0.323	   0.512
23:15:38	    2	0.278	   0.466
23:15:51	    3	0.251	   0.478
23:16:05	    4	0.248	   0.552
23:16:19	    5	0.247	   0.552
23:16:34	    6	0.247	   0.552
23:16:48	    7	0.247	   0.552
23:17:02	    8	0.248	   0.552
23:17:15	    9	0.247	   0.552
23:17:29	   10	0.247	   0.552
23:17:44	   11	0.248	   0.552
23:17:58	   12	0.249	   0.552
23:18:12	   13	0.248	   0.552
23:18:26	   14	0.248	   0.552
23:18:39	   15	0.247	   0.552
23:18:55	   16	0.247	   0.552
23:19:08	   17	0.248	   0.520
23:19:22	   18	0.248	   0.552
23:19:36	   19	0.247	   0.552
23:19:49	   20	0.247	   0.552
23:20:05	   21	0.247	   0.552
23:20:19	   22	0.247	   0.552
23:20:32	   23	0.247	   0.552
23:20:46	   24	0.247	   0.552
23:20:59	   25	0.247	   0.552
23:21:15	   26	0.247	   0.552
23:21:28	   27	0.247	   0.552
23:21:42	   28	0.247	   0.552
23:21:56	   29	0.247	   0.552
23:22:09	   30	0.247	   0.552

------------------------------

23:22:11	Parameters at epoch 30:

23:22:11	Theta:
23:22:11		-0.6723   1.1649   0.3318  
23:22:11	Alpha:
23:22:11		-1.8112   0.0356   1.4136  
23:22:11	Class weight:
23:22:11		 0.7972   1.4669  

------------------------------

23:22:20	Accuracy on test set with the parameters above: 0.5056666666666667

