21:55:01	Optimizer: adam
21:55:01	Optimizer params: {'lr': 0.03}
21:55:01	DataSet: sphere - nTrain: 500 - nValid: 0 - nTest: 3000
21:55:01	nLayers: 8 - nEpochs: 30 - batchSize: 32
21:55:01	Cost: fidelity
21:55:01	Seed: None

------------------------------

21:55:07	epoch	loss	accuracy
21:55:16	    0	0.436	   0.610
21:57:07	    1	0.344	   0.718
21:58:59	    2	0.317	   0.744
22:00:51	    3	0.299	   0.770
22:02:43	    4	0.288	   0.790
22:04:34	    5	0.278	   0.810
22:06:32	    6	0.265	   0.822
22:08:24	    7	0.256	   0.830
22:10:16	    8	0.250	   0.838
22:12:08	    9	0.244	   0.852
22:14:00	   10	0.244	   0.856
22:15:59	   11	0.243	   0.854
22:17:51	   12	0.240	   0.856
22:19:43	   13	0.241	   0.862
22:21:36	   14	0.240	   0.870
22:23:30	   15	0.240	   0.846
22:25:29	   16	0.238	   0.864
22:27:20	   17	0.238	   0.870
22:29:13	   18	0.238	   0.862
22:31:06	   19	0.237	   0.876
22:32:58	   20	0.237	   0.862
22:34:56	   21	0.237	   0.866
22:36:49	   22	0.236	   0.872
22:38:43	   23	0.237	   0.868
22:40:35	   24	0.237	   0.868
22:42:28	   25	0.236	   0.860
22:44:26	   26	0.236	   0.870
22:46:19	   27	0.236	   0.870
22:48:11	   28	0.236	   0.876
22:50:04	   29	0.236	   0.866
22:51:56	   30	0.236	   0.876

------------------------------

22:52:02	Parameters at epoch 30:

22:52:02	Theta:
22:52:02		-1.4024   0.9300  -1.0475  
22:52:02		 0.3787  -0.9299  -1.4906  
22:52:02		 1.4625  -0.3562  -1.8130  
22:52:02		 0.7506   1.1835   0.5615  
22:52:02		 0.3677  -0.4341   0.0150  
22:52:02		 0.6468  -1.5756   0.3134  
22:52:02		-1.2804  -0.8091  -1.1542  
22:52:02		-0.9848   0.9582  -0.3854  
22:52:02	Alpha:
22:52:02		-0.4300   0.9295   0.5903  
22:52:02		-0.6141   3.3308   1.3244  
22:52:02		-0.3815  -0.2761   0.8993  
22:52:02		 0.5171  -0.9893  -0.6282  
22:52:02		 0.3368  -0.7057  -0.8267  
22:52:02		 0.8692  -0.9731  -0.9606  
22:52:02		-1.5968  -1.0751   1.1888  
22:52:02		-0.0509  -1.3584  -0.9744  

------------------------------

22:52:35	Accuracy on test set with the parameters above: 0.8493333333333334

