06:11:24	Optimizer: adam
06:11:24	Optimizer params: {'lr': 0.02}
06:11:24	DataSet: binary annulus - nTrain: 500 - nValid: 0 - nTest: 3000
06:11:24	nLayers: 8 - nEpochs: 40 - batchSize: 48
06:11:24	Cost: fidelity
06:11:24	Seed: None

------------------------------

06:11:30	epoch	loss	accuracy
06:11:36	    0	0.474	   0.524
06:12:46	    1	0.376	   0.670
06:13:56	    2	0.373	   0.662
06:15:06	    3	0.367	   0.674
06:16:19	    4	0.363	   0.684
06:17:29	    5	0.360	   0.686
06:18:44	    6	0.357	   0.696
06:19:54	    7	0.353	   0.702
06:21:05	    8	0.349	   0.710
06:22:15	    9	0.345	   0.720
06:23:25	   10	0.341	   0.718
06:24:41	   11	0.337	   0.734
06:25:52	   12	0.334	   0.734
06:27:01	   13	0.332	   0.728
06:28:11	   14	0.331	   0.738
06:29:22	   15	0.329	   0.742
06:30:36	   16	0.328	   0.742
06:31:47	   17	0.327	   0.756
06:32:58	   18	0.326	   0.750
06:34:10	   19	0.325	   0.744
06:35:21	   20	0.324	   0.754
06:36:37	   21	0.324	   0.740
06:37:48	   22	0.323	   0.746
06:38:59	   23	0.323	   0.754
06:40:12	   24	0.323	   0.752
06:41:25	   25	0.321	   0.746
06:42:42	   26	0.321	   0.748
06:43:54	   27	0.320	   0.750
06:45:07	   28	0.320	   0.744
06:46:19	   29	0.319	   0.748
06:47:31	   30	0.320	   0.744
06:48:47	   31	0.319	   0.748
06:49:59	   32	0.318	   0.750
06:51:10	   33	0.318	   0.750
06:52:21	   34	0.318	   0.748
06:53:33	   35	0.317	   0.748
06:54:50	   36	0.317	   0.752
06:56:04	   37	0.317	   0.752
06:57:15	   38	0.316	   0.746
06:58:27	   39	0.316	   0.744
06:59:39	   40	0.315	   0.752

------------------------------

06:59:44	Parameters at epoch 40:

06:59:44	Theta:
06:59:44		-1.3483  -0.8019   0.6853  
06:59:44		 0.2049   0.7227   0.5114  
06:59:44		-0.7291   2.1598   0.2280  
06:59:44		-0.2935   1.6077  -1.3227  
06:59:44		 0.2004  -0.9929  -0.1762  
06:59:44		-1.8890   0.9924  -0.6761  
06:59:44		 1.1051  -3.4434  -1.3595  
06:59:44		-1.0591   0.5203  -0.8975  
06:59:44	Alpha:
06:59:44		-1.9003   2.0525  
06:59:44		-0.8178   0.6798  
06:59:44		-0.4560   1.8772  
06:59:44		 0.5529  -0.4786  
06:59:44		 0.4163   1.4165  
06:59:44		-1.7911  -0.5123  
06:59:44		 2.1873  -1.0699  
06:59:44		 0.9018   0.0376  

------------------------------

07:00:11	Accuracy on test set with the parameters above: 0.719

