22:42:23	Optimizer: adam
22:42:23	Optimizer params: {'lr': 0.03}
22:42:23	DataSet: three circles - nTrain: 500 - nValid: 0 - nTest: 3000
22:42:23	nLayers: 4 - nEpochs: 30 - batchSize: 15
22:42:23	Cost: weighted fidelity
22:42:23	Seed: None

------------------------------

22:42:31	epoch	loss	accuracy
22:42:41	    0	0.360	   0.090
22:44:20	    1	0.137	   0.734
22:46:00	    2	0.124	   0.764
22:47:39	    3	0.124	   0.772
22:49:19	    4	0.127	   0.790
22:50:59	    5	0.122	   0.782
22:52:45	    6	0.123	   0.770
22:54:26	    7	0.122	   0.798
22:56:05	    8	0.118	   0.784
22:57:45	    9	0.119	   0.768
22:59:26	   10	0.118	   0.798
23:01:12	   11	0.116	   0.796
23:02:52	   12	0.117	   0.754
23:04:33	   13	0.113	   0.800
23:06:14	   14	0.113	   0.808
23:07:54	   15	0.116	   0.782
23:09:41	   16	0.114	   0.794
23:11:21	   17	0.114	   0.804
23:13:02	   18	0.115	   0.800
23:14:43	   19	0.113	   0.788
23:16:24	   20	0.113	   0.804
23:18:10	   21	0.113	   0.796
23:19:50	   22	0.114	   0.796
23:21:31	   23	0.112	   0.798
23:23:12	   24	0.112	   0.804
23:24:52	   25	0.112	   0.804
23:26:39	   26	0.112	   0.808
23:28:20	   27	0.112	   0.802
23:30:00	   28	0.112	   0.792
23:31:41	   29	0.111	   0.802
23:33:22	   30	0.111	   0.806

------------------------------

23:33:28	Parameters at epoch 30:

23:33:28	Theta:
23:33:28		 1.0397   2.4543   0.5365  
23:33:28		 0.1199   1.6252  -1.1387  
23:33:28		 1.0040   0.6424   0.6538  
23:33:28		-0.0289  -1.6718  -0.7094  
23:33:28	Alpha:
23:33:28		 0.8491   0.2837  
23:33:28		-0.5776   0.5716  
23:33:28		 0.4523  -0.2122  
23:33:28		 0.9093  -2.9216  
23:33:28	Class weight:
23:33:28		 1.1988   0.8082   0.8055   0.9739  

------------------------------

23:34:00	Accuracy on test set with the parameters above: 0.7876666666666666

