23:36:11	Optimizer: adam
23:36:11	Optimizer params: {'lr': 0.03}
23:36:11	DataSet: three circles - nTrain: 500 - nValid: 0 - nTest: 3000
23:36:11	nLayers: 4 - nEpochs: 30 - batchSize: 15
23:36:11	Cost: fidelity
23:36:11	Seed: None

------------------------------

23:36:19	epoch	loss	accuracy
23:36:26	    0	0.401	   0.408
23:36:57	    1	0.191	   0.692
23:37:27	    2	0.169	   0.734
23:37:58	    3	0.160	   0.744
23:38:29	    4	0.153	   0.778
23:39:00	    5	0.150	   0.770
23:39:37	    6	0.154	   0.758
23:40:08	    7	0.149	   0.780
23:40:39	    8	0.147	   0.792
23:41:09	    9	0.142	   0.800
23:41:40	   10	0.144	   0.796
23:42:16	   11	0.145	   0.810
23:42:47	   12	0.141	   0.814
23:43:17	   13	0.141	   0.802
23:43:48	   14	0.143	   0.788
23:44:18	   15	0.143	   0.808
23:44:55	   16	0.140	   0.816
23:45:27	   17	0.140	   0.816
23:45:57	   18	0.139	   0.830
23:46:28	   19	0.139	   0.834
23:46:58	   20	0.137	   0.824
23:47:35	   21	0.136	   0.826
23:48:06	   22	0.135	   0.826
23:48:37	   23	0.135	   0.832
23:49:07	   24	0.135	   0.828
23:49:38	   25	0.133	   0.832
23:50:15	   26	0.135	   0.824
23:50:46	   27	0.132	   0.820
23:51:17	   28	0.133	   0.826
23:51:47	   29	0.131	   0.838
23:52:18	   30	0.131	   0.838

------------------------------

23:52:24	Parameters at epoch 30:

23:52:24	Theta:
23:52:24		 1.6997   1.1269   0.3206  
23:52:24		-0.2961  -0.8142   1.7098  
23:52:24		-1.1399   1.6065  -0.2912  
23:52:24		-2.4313   1.4597  -0.9201  
23:52:24	Alpha:
23:52:24		 0.1508  -1.4762  
23:52:24		 0.7903  -2.3031  
23:52:24		 1.3156  -1.0660  
23:52:24		 2.1487  -0.3956  

------------------------------

23:52:58	Accuracy on test set with the parameters above: 0.8306666666666667

