04:02:34	Optimizer: adam
04:02:34	Optimizer params: {'lr': 0.02}
04:02:34	DataSet: non convex - nTrain: 500 - nValid: 0 - nTest: 3000
04:02:34	nLayers: 8 - nEpochs: 40 - batchSize: 32
04:02:34	Cost: fidelity
04:02:34	Seed: None

------------------------------

04:02:40	epoch	loss	accuracy
04:02:47	    0	0.578	   0.342
04:04:00	    1	0.310	   0.722
04:05:13	    2	0.295	   0.744
04:06:27	    3	0.277	   0.768
04:07:42	    4	0.261	   0.810
04:08:55	    5	0.246	   0.826
04:10:13	    6	0.235	   0.846
04:11:25	    7	0.232	   0.854
04:12:36	    8	0.225	   0.872
04:13:49	    9	0.221	   0.888
04:15:00	   10	0.217	   0.874
04:16:18	   11	0.211	   0.896
04:17:31	   12	0.206	   0.900
04:18:44	   13	0.199	   0.908
04:19:56	   14	0.193	   0.914
04:21:09	   15	0.188	   0.926
04:22:27	   16	0.185	   0.932
04:23:40	   17	0.182	   0.934
04:24:52	   18	0.179	   0.938
04:26:03	   19	0.178	   0.944
04:27:16	   20	0.176	   0.934
04:28:33	   21	0.174	   0.940
04:29:44	   22	0.172	   0.936
04:30:56	   23	0.171	   0.946
04:32:09	   24	0.170	   0.954
04:33:21	   25	0.168	   0.944
04:34:38	   26	0.168	   0.962
04:35:50	   27	0.167	   0.944
04:37:02	   28	0.166	   0.944
04:38:14	   29	0.165	   0.954
04:39:27	   30	0.164	   0.944
04:40:43	   31	0.164	   0.950
04:41:55	   32	0.163	   0.946
04:43:08	   33	0.162	   0.954
04:44:20	   34	0.161	   0.948
04:45:32	   35	0.161	   0.956
04:46:49	   36	0.160	   0.956
04:48:02	   37	0.160	   0.956
04:49:15	   38	0.160	   0.954
04:50:27	   39	0.159	   0.962
04:51:39	   40	0.158	   0.954

------------------------------

04:51:44	Parameters at epoch 40:

04:51:44	Theta:
04:51:44		 1.4664   0.6263   0.6919  
04:51:44		-0.4469   0.9108   0.8314  
04:51:44		-0.8032  -0.9415   0.6617  
04:51:44		 1.7602  -0.5931  -0.5291  
04:51:44		-1.3019   0.0198   0.0132  
04:51:44		-0.2744   1.3264  -0.8744  
04:51:44		 2.1012   1.0133   1.6005  
04:51:44		 1.0375   0.9578   1.7785  
04:51:44	Alpha:
04:51:44		-0.1450  -0.1271  
04:51:44		-0.0180  -0.7308  
04:51:44		 1.4742   0.8073  
04:51:44		-1.9579  -0.1643  
04:51:44		-2.3925   2.4651  
04:51:44		-1.7748  -0.0806  
04:51:44		 0.8191   1.0827  
04:51:44		 1.5835   2.7596  

------------------------------

04:52:10	Accuracy on test set with the parameters above: 0.9223333333333333

