23:45:47	Optimizer: adam
23:45:47	Optimizer params: {'lr': 0.03}
23:45:47	DataSet: three circles - nTrain: 500 - nValid: 0 - nTest: 3000
23:45:47	nLayers: 4 - nEpochs: 30 - batchSize: 15
23:45:47	Cost: fidelity
23:45:47	Seed: None

------------------------------

23:45:56	epoch	loss	accuracy
23:46:03	    0	0.448	   0.208
23:46:34	    1	0.221	   0.712
23:47:04	    2	0.193	   0.772
23:47:34	    3	0.193	   0.770
23:48:04	    4	0.187	   0.768
23:48:34	    5	0.188	   0.758
23:49:10	    6	0.187	   0.756
23:49:41	    7	0.186	   0.804
23:50:11	    8	0.183	   0.786
23:50:41	    9	0.182	   0.790
23:51:12	   10	0.182	   0.770
23:51:47	   11	0.184	   0.778
23:52:18	   12	0.182	   0.780
23:52:47	   13	0.180	   0.786
23:53:18	   14	0.181	   0.790
23:53:48	   15	0.184	   0.824
23:54:24	   16	0.182	   0.812
23:54:54	   17	0.177	   0.806
23:55:24	   18	0.178	   0.816
23:55:54	   19	0.176	   0.794
23:56:24	   20	0.177	   0.824
23:57:00	   21	0.173	   0.828
23:57:30	   22	0.172	   0.816
23:58:00	   23	0.169	   0.812
23:58:30	   24	0.166	   0.838
23:59:00	   25	0.163	   0.836
23:59:36	   26	0.160	   0.832
00:00:07	   27	0.158	   0.840
00:00:38	   28	0.157	   0.844
00:01:09	   29	0.154	   0.852
00:01:40	   30	0.153	   0.848

------------------------------

00:01:46	Parameters at epoch 30:

00:01:46	Theta:
00:01:46		-0.4126  -0.7182   0.2697  
00:01:46		 2.8881   1.2156  -0.7487  
00:01:46		 0.7332  -0.0321  -0.7072  
00:01:46		 0.2375   1.4314  -0.6043  
00:01:46	Alpha:
00:01:46		-0.6986  -0.0281  
00:01:46		-1.7896   2.3267  
00:01:46		 0.9080   2.4728  
00:01:46		-1.2494  -3.5368  

------------------------------

00:02:20	Accuracy on test set with the parameters above: 0.8453333333333334

