23:52:17	Optimizer: adam
23:52:17	Optimizer params: {'lr': 0.03}
23:52:17	DataSet: three circles - nTrain: 500 - nValid: 0 - nTest: 3000
23:52:17	nLayers: 2 - nEpochs: 30 - batchSize: 15
23:52:17	Cost: weighted fidelity
23:52:17	Seed: None

------------------------------

23:52:23	epoch	loss	accuracy
23:52:31	    0	0.389	   0.106
23:53:16	    1	0.176	   0.508
23:54:02	    2	0.129	   0.756
23:54:47	    3	0.114	   0.752
23:55:33	    4	0.107	   0.728
23:56:18	    5	0.101	   0.754
23:57:08	    6	0.100	   0.748
23:57:54	    7	0.101	   0.700
23:58:39	    8	0.098	   0.780
23:59:24	    9	0.097	   0.742
00:00:10	   10	0.099	   0.740
00:01:00	   11	0.098	   0.720
00:01:45	   12	0.097	   0.742
00:02:31	   13	0.095	   0.816
00:03:16	   14	0.095	   0.772
00:04:02	   15	0.095	   0.768
00:04:52	   16	0.094	   0.780
00:05:38	   17	0.094	   0.782
00:06:24	   18	0.094	   0.796
00:07:09	   19	0.095	   0.788
00:07:55	   20	0.094	   0.784
00:08:46	   21	0.094	   0.774
00:09:32	   22	0.094	   0.762
00:10:17	   23	0.093	   0.774
00:11:04	   24	0.094	   0.742
00:11:49	   25	0.093	   0.786
00:12:40	   26	0.095	   0.764
00:13:26	   27	0.095	   0.800
00:14:12	   28	0.095	   0.746
00:14:57	   29	0.093	   0.784
00:15:43	   30	0.093	   0.786

------------------------------

00:15:48	Parameters at epoch 30:

00:15:48	Theta:
00:15:48		 0.8381  -1.0895  -1.2583  
00:15:48		 1.5513   1.1227  -0.7325  
00:15:48	Alpha:
00:15:48		-0.8198   0.6374  
00:15:48		 1.1427  -0.4241  
00:15:48	Class weight:
00:15:48		 0.5583   1.3564   1.7179   1.1290  

------------------------------

00:16:13	Accuracy on test set with the parameters above: 0.8343333333333334

