01:32:07	Optimizer: adam
01:32:07	Optimizer params: {'lr': 0.03}
01:32:07	DataSet: wavy lines - nTrain: 500 - nValid: 0 - nTest: 3000
01:32:07	nLayers: 3 - nEpochs: 30 - batchSize: 32
01:32:07	Cost: weighted fidelity
01:32:07	Seed: None

------------------------------

01:32:12	epoch	loss	accuracy
01:32:25	    0	0.376	   0.154
01:33:39	    1	0.123	   0.660
01:34:53	    2	0.089	   0.876
01:36:08	    3	0.083	   0.922
01:37:22	    4	0.081	   0.902
01:38:37	    5	0.081	   0.920
01:39:57	    6	0.080	   0.900
01:41:13	    7	0.080	   0.902
01:42:28	    8	0.080	   0.904
01:43:44	    9	0.080	   0.916
01:44:59	   10	0.080	   0.898
01:46:20	   11	0.080	   0.896
01:47:36	   12	0.079	   0.890
01:48:51	   13	0.079	   0.906
01:50:06	   14	0.079	   0.886
01:51:22	   15	0.079	   0.894
01:52:43	   16	0.079	   0.894
01:53:59	   17	0.079	   0.894
01:55:16	   18	0.079	   0.890
01:56:32	   19	0.079	   0.882
01:57:48	   20	0.079	   0.890
01:59:09	   21	0.079	   0.888
02:00:24	   22	0.079	   0.890
02:01:40	   23	0.079	   0.886
02:02:57	   24	0.079	   0.890
02:04:12	   25	0.079	   0.882
02:05:33	   26	0.079	   0.896
02:06:49	   27	0.078	   0.890
02:08:06	   28	0.079	   0.896
02:09:22	   29	0.078	   0.882
02:10:38	   30	0.078	   0.886

------------------------------

02:10:43	Parameters at epoch 30:

02:10:43	Theta:
02:10:43		-1.9756  -0.7290  -0.1053  
02:10:43		 0.8021   2.1057   0.2557  
02:10:43		-2.3154   0.8374   0.1581  
02:10:43	Alpha:
02:10:43		-0.3944  -1.1115  
02:10:43		-0.0368  -1.1500  
02:10:43		 2.3117  -0.3799  
02:10:43	Class weight:
02:10:43		 0.9702   0.8670   0.8751   1.0209  

------------------------------

02:11:13	Accuracy on test set with the parameters above: 0.8786666666666667

