22:47:36	Optimizer: adam
22:47:36	Optimizer params: {'lr': 0.03}
22:47:36	DataSet: sphere - nTrain: 500 - nValid: 0 - nTest: 3000
22:47:36	nLayers: 3 - nEpochs: 30 - batchSize: 32
22:47:36	Cost: weighted fidelity
22:47:36	Seed: None

------------------------------

22:47:38	epoch	loss	accuracy
22:47:44	    0	0.369	   0.412
22:48:25	    1	0.259	   0.522
22:49:05	    2	0.226	   0.642
22:49:46	    3	0.213	   0.654
22:50:27	    4	0.208	   0.668
22:51:07	    5	0.204	   0.692
22:51:50	    6	0.197	   0.692
22:52:31	    7	0.174	   0.768
22:53:12	    8	0.164	   0.764
22:53:53	    9	0.159	   0.768
22:54:33	   10	0.157	   0.770
22:55:16	   11	0.155	   0.784
22:55:57	   12	0.152	   0.778
22:56:38	   13	0.151	   0.794
22:57:18	   14	0.150	   0.788
22:57:59	   15	0.149	   0.794
22:58:42	   16	0.149	   0.806
22:59:22	   17	0.148	   0.782
23:00:03	   18	0.148	   0.798
23:00:43	   19	0.148	   0.792
23:01:24	   20	0.147	   0.794
23:02:08	   21	0.146	   0.794
23:02:49	   22	0.147	   0.794
23:03:29	   23	0.146	   0.796
23:04:10	   24	0.146	   0.790
23:04:51	   25	0.146	   0.792
23:05:34	   26	0.146	   0.798
23:06:15	   27	0.145	   0.798
23:06:56	   28	0.145	   0.794
23:07:36	   29	0.145	   0.790
23:08:17	   30	0.145	   0.790

------------------------------

23:08:20	Parameters at epoch 30:

23:08:20	Theta:
23:08:20		 1.9368  -0.5554  -0.7098  
23:08:20		-2.7435   0.8135   1.3735  
23:08:20		-1.1610   1.5504  -0.5460  
23:08:20	Alpha:
23:08:20		-0.5045  -1.5278  -1.7609  
23:08:20		-0.1633   0.2691   0.0715  
23:08:20		 0.1702   1.6087   1.9503  
23:08:20	Class weight:
23:08:20		 1.0476   1.0253  

------------------------------

23:08:33	Accuracy on test set with the parameters above: 0.7986666666666666

