22:40:49	Optimizer: adam
22:40:49	Optimizer params: {'lr': 0.03}
22:40:49	DataSet: three circles - nTrain: 500 - nValid: 0 - nTest: 3000
22:40:49	nLayers: 8 - nEpochs: 30 - batchSize: 15
22:40:49	Cost: fidelity
22:40:49	Seed: None

------------------------------

22:40:59	epoch	loss	accuracy
22:41:10	    0	0.613	   0.178
22:42:27	    1	0.215	   0.696
22:43:45	    2	0.199	   0.690
22:45:03	    3	0.177	   0.722
22:46:20	    4	0.153	   0.786
22:47:37	    5	0.140	   0.786
22:49:03	    6	0.118	   0.830
22:50:20	    7	0.106	   0.866
22:51:38	    8	0.105	   0.850
22:52:55	    9	0.107	   0.876
22:54:12	   10	0.100	   0.890
22:55:38	   11	0.095	   0.890
22:56:55	   12	0.097	   0.900
22:58:12	   13	0.095	   0.906
22:59:30	   14	0.092	   0.894
23:00:46	   15	0.090	   0.896
23:02:13	   16	0.091	   0.910
23:03:30	   17	0.087	   0.906
23:04:47	   18	0.094	   0.892
23:06:05	   19	0.085	   0.916
23:07:23	   20	0.085	   0.918
23:08:51	   21	0.084	   0.912
23:10:09	   22	0.084	   0.920
23:11:28	   23	0.082	   0.916
23:12:46	   24	0.082	   0.920
23:14:05	   25	0.082	   0.924
23:15:33	   26	0.083	   0.920
23:16:51	   27	0.084	   0.912
23:18:09	   28	0.079	   0.910
23:19:27	   29	0.080	   0.912
23:20:45	   30	0.079	   0.910

------------------------------

23:20:55	Parameters at epoch 30:

23:20:55	Theta:
23:20:55		-1.1411   1.4673   0.2064  
23:20:55		 0.4239  -0.8583  -0.8638  
23:20:55		 0.1600   0.3170   0.4491  
23:20:55		 0.2348   0.8874   0.3517  
23:20:55		-0.4588   2.2968  -1.4949  
23:20:55		 1.5602   0.1495  -1.4933  
23:20:55		-0.5498   0.1582  -0.3487  
23:20:55		 1.0227   2.9421   1.9073  
23:20:55	Alpha:
23:20:55		-0.1438  -2.4484  
23:20:55		 1.8600   0.5286  
23:20:55		-1.6235   0.1902  
23:20:55		-2.1423   0.4794  
23:20:55		 2.8221  -1.6988  
23:20:55		-0.3932   3.9105  
23:20:55		-2.1294  -1.9150  
23:20:55		 1.3310   0.9239  

------------------------------

23:21:49	Accuracy on test set with the parameters above: 0.8916666666666667

