01:53:41	Optimizer: adam
01:53:41	Optimizer params: {'lr': 0.03}
01:53:41	DataSet: wavy lines - nTrain: 500 - nValid: 0 - nTest: 3000
01:53:41	nLayers: 3 - nEpochs: 30 - batchSize: 32
01:53:41	Cost: fidelity
01:53:41	Seed: None

------------------------------

01:53:48	epoch	loss	accuracy
01:53:55	    0	0.561	   0.262
01:54:17	    1	0.338	   0.450
01:54:40	    2	0.248	   0.650
01:55:03	    3	0.212	   0.724
01:55:25	    4	0.191	   0.766
01:55:48	    5	0.153	   0.798
01:56:16	    6	0.131	   0.892
01:56:38	    7	0.129	   0.892
01:57:00	    8	0.129	   0.888
01:57:22	    9	0.129	   0.880
01:57:45	   10	0.129	   0.886
01:58:14	   11	0.129	   0.882
01:58:36	   12	0.128	   0.892
01:58:58	   13	0.128	   0.890
01:59:20	   14	0.128	   0.892
01:59:41	   15	0.128	   0.894
02:00:10	   16	0.127	   0.886
02:00:33	   17	0.127	   0.892
02:00:56	   18	0.126	   0.890
02:01:20	   19	0.125	   0.894
02:01:43	   20	0.125	   0.892
02:02:11	   21	0.124	   0.890
02:02:35	   22	0.123	   0.892
02:02:58	   23	0.123	   0.894
02:03:20	   24	0.122	   0.902
02:03:42	   25	0.121	   0.906
02:04:12	   26	0.121	   0.902
02:04:35	   27	0.120	   0.910
02:04:58	   28	0.120	   0.910
02:05:21	   29	0.119	   0.902
02:05:43	   30	0.119	   0.906

------------------------------

02:05:49	Parameters at epoch 30:

02:05:49	Theta:
02:05:49		 0.2971  -1.5757  -0.6107  
02:05:49		 0.6072   1.1400   1.4862  
02:05:49		 0.9437  -1.3479   0.7465  
02:05:49	Alpha:
02:05:49		 0.5799  -0.8230  
02:05:49		-2.1629  -0.6977  
02:05:49		 0.0426  -0.9082  

------------------------------

02:06:20	Accuracy on test set with the parameters above: 0.8973333333333333

