22:00:03	Optimizer: adam
22:00:03	Optimizer params: {'lr': 0.03}
22:00:03	DataSet: circle - nTrain: 500 - nValid: 0 - nTest: 3000
22:00:03	nLayers: 6 - nEpochs: 30 - batchSize: 20
22:00:03	Cost: fidelity
22:00:03	Seed: None

------------------------------

22:00:08	epoch	loss	accuracy
22:00:13	    0	0.499	   0.528
22:00:56	    1	0.302	   0.760
22:01:39	    2	0.267	   0.776
22:02:22	    3	0.251	   0.790
22:03:06	    4	0.237	   0.892
22:03:49	    5	0.233	   0.908
22:04:36	    6	0.226	   0.890
22:05:19	    7	0.232	   0.870
22:06:03	    8	0.231	   0.864
22:06:46	    9	0.221	   0.890
22:07:30	   10	0.217	   0.888
22:08:17	   11	0.214	   0.906
22:09:01	   12	0.213	   0.892
22:09:44	   13	0.213	   0.908
22:10:27	   14	0.216	   0.880
22:11:10	   15	0.212	   0.892
22:11:57	   16	0.210	   0.884
22:12:41	   17	0.211	   0.890
22:13:25	   18	0.209	   0.892
22:14:08	   19	0.209	   0.902
22:14:52	   20	0.209	   0.884
22:15:39	   21	0.209	   0.898
22:16:22	   22	0.208	   0.884
22:17:06	   23	0.208	   0.890
22:17:49	   24	0.208	   0.898
22:18:33	   25	0.209	   0.888
22:19:20	   26	0.207	   0.894
22:20:04	   27	0.208	   0.904
22:20:47	   28	0.207	   0.888
22:21:31	   29	0.207	   0.880
22:22:15	   30	0.208	   0.898

------------------------------

22:22:18	Parameters at epoch 30:

22:22:18	Theta:
22:22:18		 1.4935   1.1945   1.5722  
22:22:18		-0.2082  -0.0706   0.2885  
22:22:18		-1.2082   0.6201   1.2095  
22:22:18		-1.5598   0.9164  -0.0867  
22:22:18		 0.0149   0.2949  -1.4469  
22:22:18		-1.6769   0.1277  -0.6161  
22:22:18	Alpha:
22:22:18		 1.0959   1.0052  
22:22:18		 0.3370  -1.1923  
22:22:18		 0.4881  -3.6807  
22:22:18		-0.9611   2.1289  
22:22:18		 2.2092  -0.0067  
22:22:18		-0.1425   2.5174  

------------------------------

22:22:39	Accuracy on test set with the parameters above: 0.9066666666666666

