22:24:10	Optimizer: adam
22:24:10	Optimizer params: {'lr': 0.03}
22:24:10	DataSet: circle - nTrain: 500 - nValid: 0 - nTest: 3000
22:24:10	nLayers: 3 - nEpochs: 30 - batchSize: 20
22:24:10	Cost: fidelity
22:24:10	Seed: None

------------------------------

22:24:14	epoch	loss	accuracy
22:24:18	    0	0.456	   0.638
22:24:37	    1	0.335	   0.784
22:24:56	    2	0.303	   0.790
22:25:16	    3	0.289	   0.806
22:25:36	    4	0.286	   0.822
22:25:56	    5	0.284	   0.820
22:26:18	    6	0.283	   0.838
22:26:38	    7	0.283	   0.810
22:26:57	    8	0.283	   0.812
22:27:17	    9	0.287	   0.814
22:27:37	   10	0.282	   0.820
22:28:00	   11	0.282	   0.818
22:28:19	   12	0.282	   0.822
22:28:39	   13	0.282	   0.810
22:28:59	   14	0.284	   0.816
22:29:18	   15	0.283	   0.790
22:29:41	   16	0.282	   0.818
22:30:01	   17	0.283	   0.798
22:30:21	   18	0.282	   0.834
22:30:41	   19	0.282	   0.826
22:31:01	   20	0.282	   0.820
22:31:23	   21	0.282	   0.814
22:31:43	   22	0.282	   0.804
22:32:03	   23	0.282	   0.808
22:32:23	   24	0.282	   0.824
22:32:42	   25	0.282	   0.808
22:33:05	   26	0.282	   0.816
22:33:25	   27	0.282	   0.816
22:33:45	   28	0.282	   0.814
22:34:04	   29	0.282	   0.826
22:34:24	   30	0.282	   0.798

------------------------------

22:34:27	Parameters at epoch 30:

22:34:27	Theta:
22:34:27		 0.0575  -1.5324  -0.1022  
22:34:27		-1.7082   0.0630  -0.7265  
22:34:27		-0.7129   1.5022  -0.6024  
22:34:27	Alpha:
22:34:27		 0.9700  -0.7758  
22:34:27		-1.2699  -1.6457  
22:34:27		-0.9323   0.5035  

------------------------------

22:34:42	Accuracy on test set with the parameters above: 0.821

