23:54:55	Optimizer: adam
23:54:55	Optimizer params: {'lr': 0.03}
23:54:55	DataSet: three circles - nTrain: 500 - nValid: 0 - nTest: 3000
23:54:55	nLayers: 2 - nEpochs: 30 - batchSize: 15
23:54:55	Cost: weighted fidelity
23:54:55	Seed: None

------------------------------

23:54:59	epoch	loss	accuracy
23:55:10	    0	0.405	   0.158
23:55:56	    1	0.200	   0.468
23:56:42	    2	0.116	   0.668
23:57:29	    3	0.098	   0.784
23:58:17	    4	0.094	   0.796
23:59:03	    5	0.091	   0.788
23:59:54	    6	0.092	   0.774
00:00:40	    7	0.088	   0.750
00:01:27	    8	0.084	   0.792
00:02:12	    9	0.082	   0.816
00:02:59	   10	0.082	   0.818
00:03:50	   11	0.082	   0.766
00:04:37	   12	0.083	   0.816
00:05:23	   13	0.081	   0.816
00:06:10	   14	0.082	   0.774
00:06:58	   15	0.081	   0.788
00:07:52	   16	0.081	   0.772
00:08:40	   17	0.080	   0.778
00:09:28	   18	0.080	   0.800
00:10:16	   19	0.080	   0.776
00:11:04	   20	0.080	   0.822
00:11:58	   21	0.081	   0.830
00:12:46	   22	0.080	   0.784
00:13:33	   23	0.081	   0.786
00:14:20	   24	0.081	   0.782
00:15:07	   25	0.080	   0.788
00:15:59	   26	0.080	   0.798
00:16:46	   27	0.079	   0.790
00:17:33	   28	0.080	   0.784
00:18:21	   29	0.080	   0.778
00:19:10	   30	0.080	   0.814

------------------------------

00:19:15	Parameters at epoch 30:

00:19:15	Theta:
00:19:15		 2.0601  -0.8189   0.5714  
00:19:15		-0.3175   0.8406  -0.8972  
00:19:15	Alpha:
00:19:15		 0.7365   0.5631  
00:19:15		 1.2441   0.7596  
00:19:15	Class weight:
00:19:15		 0.5501   1.2799   1.6134   1.3090  

------------------------------

00:19:40	Accuracy on test set with the parameters above: 0.8213333333333334

