21:31:55	Optimizer: adam
21:31:55	Optimizer params: {'lr': 0.03}
21:31:55	DataSet: circle - nTrain: 500 - nValid: 0 - nTest: 3000
21:31:55	nLayers: 1 - nEpochs: 30 - batchSize: 20
21:31:55	Cost: fidelity
21:31:55	Seed: None

------------------------------

21:31:57	epoch	loss	accuracy
21:32:00	    0	0.490	   0.510
21:32:07	    1	0.490	   0.510
21:32:14	    2	0.490	   0.510
21:32:21	    3	0.490	   0.510
21:32:28	    4	0.490	   0.510
21:32:35	    5	0.490	   0.510
21:32:44	    6	0.490	   0.510
21:32:52	    7	0.490	   0.510
21:32:59	    8	0.490	   0.510
21:33:06	    9	0.490	   0.510
21:33:13	   10	0.490	   0.510
21:33:22	   11	0.490	   0.510
21:33:29	   12	0.490	   0.510
21:33:36	   13	0.490	   0.510
21:33:43	   14	0.490	   0.510
21:33:50	   15	0.490	   0.510
21:33:59	   16	0.490	   0.510
21:34:07	   17	0.490	   0.510
21:34:14	   18	0.490	   0.510
21:34:21	   19	0.490	   0.510
21:34:28	   20	0.490	   0.510
21:34:37	   21	0.490	   0.510
21:34:44	   22	0.490	   0.510
21:34:51	   23	0.490	   0.510
21:34:58	   24	0.490	   0.510
21:35:05	   25	0.490	   0.510
21:35:14	   26	0.490	   0.510
21:35:22	   27	0.490	   0.510
21:35:29	   28	0.490	   0.510
21:35:36	   29	0.490	   0.510
21:35:43	   30	0.490	   0.510

------------------------------

21:35:45	Parameters at epoch 30:

21:35:45	Theta:
21:35:45		 0.7620   0.0000   0.3517  
21:35:45	Alpha:
21:35:45		-0.8758  -0.0000  

------------------------------

21:35:54	Accuracy on test set with the parameters above: 0.4856666666666667

