22:57:48	Optimizer: adam
22:57:48	Optimizer params: {'lr': 0.03}
22:57:48	DataSet: sphere - nTrain: 500 - nValid: 0 - nTest: 3000
22:57:48	nLayers: 2 - nEpochs: 30 - batchSize: 32
22:57:48	Cost: weighted fidelity
22:57:48	Seed: None

------------------------------

22:57:50	epoch	loss	accuracy
22:57:55	    0	0.359	   0.418
22:58:20	    1	0.243	   0.662
22:58:45	    2	0.216	   0.688
22:59:11	    3	0.183	   0.786
22:59:37	    4	0.159	   0.774
23:00:02	    5	0.148	   0.762
23:00:30	    6	0.145	   0.772
23:00:56	    7	0.145	   0.782
23:01:22	    8	0.144	   0.774
23:01:47	    9	0.144	   0.770
23:02:13	   10	0.145	   0.772
23:02:40	   11	0.144	   0.772
23:03:06	   12	0.144	   0.784
23:03:32	   13	0.144	   0.776
23:03:58	   14	0.144	   0.778
23:04:23	   15	0.144	   0.772
23:04:51	   16	0.144	   0.776
23:05:17	   17	0.144	   0.776
23:05:42	   18	0.144	   0.784
23:06:08	   19	0.144	   0.780
23:06:34	   20	0.144	   0.782
23:07:02	   21	0.144	   0.780
23:07:28	   22	0.145	   0.774
23:07:54	   23	0.144	   0.778
23:08:20	   24	0.144	   0.774
23:08:46	   25	0.144	   0.774
23:09:14	   26	0.144	   0.778
23:09:40	   27	0.144	   0.774
23:10:06	   28	0.144	   0.782
23:10:32	   29	0.144	   0.780
23:10:58	   30	0.144	   0.776

------------------------------

23:10:59	Parameters at epoch 30:

23:10:59	Theta:
23:10:59		-1.3172  -1.4715   1.4063  
23:10:59		-1.4300  -1.3178   1.2637  
23:10:59	Alpha:
23:10:59		-0.0827   1.6906   1.5337  
23:10:59		-0.0363  -1.6515  -1.9259  
23:10:59	Class weight:
23:10:59		 1.0091   1.0860  

------------------------------

23:11:11	Accuracy on test set with the parameters above: 0.7783333333333333

