01:50:14	Optimizer: adam
01:50:14	Optimizer params: {'lr': 0.03}
01:50:14	DataSet: wavy lines - nTrain: 500 - nValid: 0 - nTest: 3000
01:50:14	nLayers: 3 - nEpochs: 30 - batchSize: 32
01:50:14	Cost: fidelity
01:50:14	Seed: None

------------------------------

01:50:22	epoch	loss	accuracy
01:50:29	    0	0.431	   0.254
01:50:52	    1	0.297	   0.456
01:51:14	    2	0.269	   0.548
01:51:37	    3	0.262	   0.588
01:51:59	    4	0.259	   0.604
01:52:22	    5	0.258	   0.606
01:52:50	    6	0.256	   0.614
01:53:12	    7	0.254	   0.614
01:53:35	    8	0.252	   0.614
01:53:57	    9	0.251	   0.630
01:54:20	   10	0.249	   0.618
01:54:48	   11	0.246	   0.618
01:55:10	   12	0.244	   0.634
01:55:33	   13	0.241	   0.618
01:55:55	   14	0.237	   0.630
01:56:18	   15	0.232	   0.628
01:56:45	   16	0.226	   0.636
01:57:08	   17	0.218	   0.644
01:57:31	   18	0.210	   0.660
01:57:53	   19	0.201	   0.680
01:58:15	   20	0.193	   0.686
01:58:44	   21	0.188	   0.684
01:59:07	   22	0.184	   0.700
01:59:30	   23	0.183	   0.710
01:59:52	   24	0.182	   0.708
02:00:15	   25	0.181	   0.712
02:00:44	   26	0.181	   0.714
02:01:06	   27	0.180	   0.720
02:01:28	   28	0.180	   0.722
02:01:51	   29	0.180	   0.720
02:02:14	   30	0.179	   0.730

------------------------------

02:02:20	Parameters at epoch 30:

02:02:20	Theta:
02:02:20		 0.0032  -2.3051  -0.2541  
02:02:20		-1.2190   1.3904   0.1260  
02:02:20		 0.0543   0.2389  -0.1544  
02:02:20	Alpha:
02:02:20		-0.2099   1.4943  
02:02:20		-3.4824   0.6844  
02:02:20		 2.0498  -0.5239  

------------------------------

02:02:50	Accuracy on test set with the parameters above: 0.7313333333333333

