04:53:17	Optimizer: adam
04:53:17	Optimizer params: {'lr': 0.02}
04:53:17	DataSet: non convex - nTrain: 500 - nValid: 0 - nTest: 3000
04:53:17	nLayers: 6 - nEpochs: 40 - batchSize: 32
04:53:17	Cost: fidelity
04:53:17	Seed: None

------------------------------

04:53:21	epoch	loss	accuracy
04:53:28	    0	0.476	   0.554
04:54:17	    1	0.290	   0.738
04:55:06	    2	0.279	   0.744
04:55:53	    3	0.275	   0.744
04:56:40	    4	0.274	   0.754
04:57:28	    5	0.272	   0.752
04:58:19	    6	0.271	   0.766
04:59:07	    7	0.269	   0.780
04:59:54	    8	0.268	   0.784
05:00:42	    9	0.266	   0.788
05:01:29	   10	0.262	   0.788
05:02:20	   11	0.255	   0.814
05:03:08	   12	0.247	   0.866
05:03:55	   13	0.239	   0.858
05:04:43	   14	0.232	   0.848
05:05:31	   15	0.228	   0.852
05:06:23	   16	0.227	   0.850
05:07:10	   17	0.226	   0.864
05:07:58	   18	0.223	   0.858
05:08:45	   19	0.223	   0.862
05:09:33	   20	0.222	   0.868
05:10:27	   21	0.222	   0.860
05:11:14	   22	0.221	   0.868
05:12:02	   23	0.221	   0.856
05:12:50	   24	0.220	   0.866
05:13:38	   25	0.220	   0.866
05:14:30	   26	0.220	   0.872
05:15:17	   27	0.219	   0.874
05:16:04	   28	0.219	   0.858
05:16:52	   29	0.219	   0.870
05:17:39	   30	0.218	   0.864
05:18:30	   31	0.218	   0.870
05:19:18	   32	0.217	   0.862
05:20:06	   33	0.217	   0.864
05:20:53	   34	0.216	   0.874
05:21:41	   35	0.216	   0.870
05:22:33	   36	0.216	   0.868
05:23:20	   37	0.215	   0.874
05:24:08	   38	0.215	   0.872
05:24:57	   39	0.215	   0.868
05:25:45	   40	0.214	   0.866

------------------------------

05:25:49	Parameters at epoch 40:

05:25:49	Theta:
05:25:49		 0.2852  -1.8077  -1.6791  
05:25:49		 1.6090   2.0239  -0.5719  
05:25:49		-0.1618  -0.1514  -1.7248  
05:25:49		 0.1088   0.2031   0.7112  
05:25:49		 0.4499  -0.9662   0.6747  
05:25:49		 1.6917   0.8184   1.4014  
05:25:49	Alpha:
05:25:49		 0.5927   0.2558  
05:25:49		 1.6648  -0.5145  
05:25:49		-1.5982  -0.2969  
05:25:49		 0.0185   0.4547  
05:25:49		-1.9254   0.6512  
05:25:49		 0.8712   1.4127  

------------------------------

05:26:12	Accuracy on test set with the parameters above: 0.869

