22:20:58	Optimizer: adam
22:20:58	Optimizer params: {'lr': 0.03}
22:20:58	DataSet: circle - nTrain: 500 - nValid: 0 - nTest: 3000
22:20:58	nLayers: 2 - nEpochs: 30 - batchSize: 20
22:20:58	Cost: weighted fidelity
22:20:58	Seed: None

------------------------------

22:21:02	epoch	loss	accuracy
22:21:06	    0	0.325	   0.404
22:21:29	    1	0.206	   0.762
22:21:53	    2	0.172	   0.740
22:22:16	    3	0.171	   0.740
22:22:40	    4	0.169	   0.746
22:23:04	    5	0.168	   0.742
22:23:29	    6	0.165	   0.744
22:23:53	    7	0.154	   0.758
22:24:16	    8	0.121	   0.866
22:24:40	    9	0.101	   0.950
22:25:04	   10	0.095	   0.936
22:25:30	   11	0.093	   0.924
22:25:53	   12	0.093	   0.914
22:26:17	   13	0.094	   0.904
22:26:40	   14	0.094	   0.932
22:27:04	   15	0.093	   0.924
22:27:30	   16	0.093	   0.908
22:27:53	   17	0.093	   0.938
22:28:17	   18	0.093	   0.912
22:28:40	   19	0.092	   0.918
22:29:04	   20	0.092	   0.922
22:29:30	   21	0.092	   0.916
22:29:54	   22	0.092	   0.928
22:30:18	   23	0.092	   0.930
22:30:42	   24	0.092	   0.908
22:31:05	   25	0.092	   0.906
22:31:31	   26	0.092	   0.942
22:31:55	   27	0.092	   0.922
22:32:18	   28	0.092	   0.918
22:32:42	   29	0.092	   0.922
22:33:06	   30	0.092	   0.910

------------------------------

22:33:08	Parameters at epoch 30:

22:33:08	Theta:
22:33:08		-0.0937   1.5893  -2.9131  
22:33:08		-0.2107  -1.5846  -0.5626  
22:33:08	Alpha:
22:33:08		 0.8787  -1.1839  
22:33:08		-2.4344   1.2039  
22:33:08	Class weight:
22:33:08		 0.9904   1.3046  

------------------------------

22:33:20	Accuracy on test set with the parameters above: 0.917

