22:15:50	Optimizer: adam
22:15:50	Optimizer params: {'lr': 0.03}
22:15:50	DataSet: circle - nTrain: 500 - nValid: 0 - nTest: 3000
22:15:50	nLayers: 4 - nEpochs: 30 - batchSize: 20
22:15:50	Cost: fidelity
22:15:50	Seed: None

------------------------------

22:15:54	epoch	loss	accuracy
22:15:58	    0	0.552	   0.402
22:16:23	    1	0.298	   0.740
22:16:47	    2	0.288	   0.750
22:17:12	    3	0.285	   0.746
22:17:36	    4	0.285	   0.744
22:18:01	    5	0.283	   0.738
22:18:28	    6	0.283	   0.748
22:18:53	    7	0.284	   0.738
22:19:18	    8	0.285	   0.742
22:19:42	    9	0.282	   0.738
22:20:07	   10	0.284	   0.732
22:20:35	   11	0.285	   0.750
22:21:00	   12	0.282	   0.748
22:21:25	   13	0.281	   0.750
22:21:49	   14	0.273	   0.792
22:22:14	   15	0.255	   0.806
22:22:42	   16	0.257	   0.778
22:23:07	   17	0.249	   0.800
22:23:32	   18	0.248	   0.804
22:23:56	   19	0.249	   0.796
22:24:21	   20	0.249	   0.794
22:24:49	   21	0.249	   0.782
22:25:13	   22	0.248	   0.808
22:25:39	   23	0.247	   0.806
22:26:03	   24	0.248	   0.786
22:26:28	   25	0.248	   0.788
22:26:56	   26	0.247	   0.794
22:27:21	   27	0.248	   0.796
22:27:45	   28	0.247	   0.792
22:28:10	   29	0.247	   0.798
22:28:35	   30	0.247	   0.810

------------------------------

22:28:38	Parameters at epoch 30:

22:28:38	Theta:
22:28:38		 0.1015   1.0295  -0.2239  
22:28:38		-0.5113   0.5727  -1.5877  
22:28:38		-0.5995  -0.6012  -0.4712  
22:28:38		-0.0783  -1.2577   1.5609  
22:28:38	Alpha:
22:28:38		-0.8723  -0.1682  
22:28:38		 1.0691  -1.6264  
22:28:38		 0.5547   0.2069  
22:28:38		 1.1740   0.8545  

------------------------------

22:28:54	Accuracy on test set with the parameters above: 0.7886666666666666

