03:53:12	Optimizer: adam
03:53:12	Optimizer params: {'lr': 0.02}
03:53:12	DataSet: squares - nTrain: 500 - nValid: 0 - nTest: 3000
03:53:12	nLayers: 2 - nEpochs: 30 - batchSize: 32
03:53:12	Cost: fidelity
03:53:12	Seed: None

------------------------------

03:53:18	epoch	loss	accuracy
03:53:24	    0	0.454	   0.332
03:53:39	    1	0.281	   0.548
03:53:55	    2	0.225	   0.632
03:54:10	    3	0.197	   0.720
03:54:25	    4	0.178	   0.784
03:54:41	    5	0.168	   0.814
03:55:01	    6	0.163	   0.822
03:55:17	    7	0.160	   0.818
03:55:32	    8	0.159	   0.814
03:55:47	    9	0.159	   0.820
03:56:03	   10	0.158	   0.814
03:56:23	   11	0.158	   0.818
03:56:39	   12	0.158	   0.812
03:56:54	   13	0.158	   0.810
03:57:09	   14	0.158	   0.818
03:57:25	   15	0.158	   0.820
03:57:45	   16	0.158	   0.816
03:58:01	   17	0.158	   0.822
03:58:16	   18	0.158	   0.816
03:58:32	   19	0.158	   0.824
03:58:47	   20	0.158	   0.816
03:59:07	   21	0.158	   0.818
03:59:23	   22	0.158	   0.812
03:59:38	   23	0.158	   0.822
03:59:54	   24	0.158	   0.818
04:00:09	   25	0.158	   0.816
04:00:29	   26	0.158	   0.820
04:00:45	   27	0.158	   0.820
04:01:00	   28	0.158	   0.816
04:01:15	   29	0.158	   0.816
04:01:31	   30	0.158	   0.814

------------------------------

04:01:36	Parameters at epoch 30:

04:01:36	Theta:
04:01:36		 1.1405  -1.0175  -0.5316  
04:01:36		 1.4628   0.0407  -1.7733  
04:01:36	Alpha:
04:01:36		-0.9047  -1.1155  
04:01:36		-1.7932  -1.3856  

------------------------------

04:02:00	Accuracy on test set with the parameters above: 0.8076666666666666

