07:13:25	Optimizer: adam
07:13:25	Optimizer params: {'lr': 0.02}
07:13:25	DataSet: binary annulus - nTrain: 500 - nValid: 0 - nTest: 3000
07:13:25	nLayers: 2 - nEpochs: 40 - batchSize: 48
07:13:25	Cost: weighted fidelity
07:13:25	Seed: None

------------------------------

07:13:29	epoch	loss	accuracy
07:13:33	    0	0.343	   0.452
07:13:56	    1	0.259	   0.520
07:14:19	    2	0.252	   0.558
07:14:42	    3	0.249	   0.526
07:15:06	    4	0.247	   0.572
07:15:29	    5	0.246	   0.596
07:15:54	    6	0.245	   0.606
07:16:18	    7	0.245	   0.492
07:16:41	    8	0.244	   0.580
07:17:05	    9	0.244	   0.560
07:17:28	   10	0.243	   0.604
07:17:54	   11	0.242	   0.568
07:18:17	   12	0.242	   0.520
07:18:41	   13	0.241	   0.572
07:19:04	   14	0.240	   0.588
07:19:27	   15	0.239	   0.572
07:19:53	   16	0.239	   0.554
07:20:17	   17	0.238	   0.596
07:20:41	   18	0.238	   0.586
07:21:04	   19	0.237	   0.606
07:21:28	   20	0.237	   0.586
07:21:54	   21	0.237	   0.594
07:22:18	   22	0.237	   0.604
07:22:42	   23	0.237	   0.606
07:23:05	   24	0.237	   0.612
07:23:29	   25	0.237	   0.602
07:23:55	   26	0.237	   0.602
07:24:19	   27	0.237	   0.608
07:24:42	   28	0.237	   0.602
07:25:06	   29	0.237	   0.596
07:25:30	   30	0.237	   0.610
07:25:56	   31	0.237	   0.604
07:26:19	   32	0.237	   0.602
07:26:43	   33	0.237	   0.602
07:27:07	   34	0.237	   0.606
07:27:30	   35	0.237	   0.600
07:27:56	   36	0.237	   0.602
07:28:20	   37	0.237	   0.592
07:28:43	   38	0.237	   0.600
07:29:07	   39	0.237	   0.604
07:29:31	   40	0.237	   0.598

------------------------------

07:29:33	Parameters at epoch 40:

07:29:33	Theta:
07:29:33		-1.4153  -0.8667   0.4891  
07:29:33		-0.5095  -1.1015  -0.0491  
07:29:33	Alpha:
07:29:33		 0.8022  -0.1951  
07:29:33		 1.5330   0.0749  
07:29:33	Class weight:
07:29:33		 1.1388   0.9042  

------------------------------

07:29:46	Accuracy on test set with the parameters above: 0.6156666666666667

