07:12:48	Optimizer: adam
07:12:48	Optimizer params: {'lr': 0.02}
07:12:48	DataSet: binary annulus - nTrain: 500 - nValid: 0 - nTest: 3000
07:12:48	nLayers: 2 - nEpochs: 40 - batchSize: 48
07:12:48	Cost: weighted fidelity
07:12:48	Seed: None

------------------------------

07:12:51	epoch	loss	accuracy
07:12:56	    0	0.369	   0.460
07:13:20	    1	0.270	   0.510
07:13:44	    2	0.260	   0.506
07:14:08	    3	0.255	   0.492
07:14:32	    4	0.252	   0.490
07:14:56	    5	0.251	   0.480
07:15:23	    6	0.252	   0.464
07:15:46	    7	0.251	   0.522
07:16:10	    8	0.250	   0.454
07:16:34	    9	0.250	   0.530
07:16:58	   10	0.250	   0.498
07:17:25	   11	0.250	   0.472
07:17:49	   12	0.251	   0.504
07:18:13	   13	0.250	   0.502
07:18:37	   14	0.250	   0.488
07:19:02	   15	0.250	   0.530
07:19:28	   16	0.250	   0.518
07:19:52	   17	0.250	   0.514
07:20:16	   18	0.250	   0.480
07:20:40	   19	0.250	   0.470
07:21:05	   20	0.250	   0.502
07:21:31	   21	0.250	   0.476
07:21:55	   22	0.250	   0.538
07:22:19	   23	0.250	   0.482
07:22:43	   24	0.250	   0.524
07:23:07	   25	0.250	   0.510
07:23:34	   26	0.250	   0.522
07:23:57	   27	0.250	   0.518
07:24:22	   28	0.250	   0.514
07:24:45	   29	0.250	   0.510
07:25:09	   30	0.250	   0.526
07:25:36	   31	0.250	   0.506
07:26:00	   32	0.250	   0.538
07:26:24	   33	0.250	   0.510
07:26:48	   34	0.250	   0.522
07:27:12	   35	0.250	   0.510
07:27:38	   36	0.250	   0.510
07:28:02	   37	0.250	   0.508
07:28:26	   38	0.250	   0.488
07:28:50	   39	0.250	   0.516
07:29:14	   40	0.250	   0.530

------------------------------

07:29:17	Parameters at epoch 40:

07:29:17	Theta:
07:29:17		-0.0559  -0.8391  -0.0310  
07:29:17		-0.8193  -0.7915   1.1505  
07:29:17	Alpha:
07:29:17		 0.9811   0.2715  
07:29:17		-0.1854  -0.3032  
07:29:17	Class weight:
07:29:17		 0.9079   1.1135  

------------------------------

07:29:29	Accuracy on test set with the parameters above: 0.5166666666666667

