01:03:07	Optimizer: adam
01:03:07	Optimizer params: {'lr': 0.03}
01:03:07	DataSet: wavy lines - nTrain: 500 - nValid: 0 - nTest: 3000
01:03:07	nLayers: 6 - nEpochs: 30 - batchSize: 32
01:03:07	Cost: fidelity
01:03:07	Seed: None

------------------------------

01:03:18	epoch	loss	accuracy
01:03:27	    0	0.452	   0.266
01:04:18	    1	0.161	   0.824
01:05:08	    2	0.137	   0.824
01:05:59	    3	0.126	   0.856
01:06:49	    4	0.123	   0.878
01:07:39	    5	0.127	   0.862
01:08:36	    6	0.120	   0.886
01:09:26	    7	0.120	   0.900
01:10:16	    8	0.124	   0.870
01:11:07	    9	0.116	   0.890
01:11:58	   10	0.113	   0.908
01:12:56	   11	0.114	   0.894
01:13:46	   12	0.113	   0.902
01:14:37	   13	0.109	   0.912
01:15:27	   14	0.109	   0.906
01:16:17	   15	0.106	   0.912
01:17:15	   16	0.106	   0.904
01:18:06	   17	0.106	   0.910
01:18:56	   18	0.105	   0.904
01:19:47	   19	0.105	   0.900
01:20:38	   20	0.104	   0.906
01:21:36	   21	0.104	   0.906
01:22:26	   22	0.105	   0.900
01:23:17	   23	0.103	   0.908
01:24:07	   24	0.103	   0.912
01:24:57	   25	0.105	   0.892
01:25:56	   26	0.104	   0.908
01:26:46	   27	0.102	   0.908
01:27:36	   28	0.102	   0.904
01:28:27	   29	0.102	   0.904
01:29:18	   30	0.102	   0.912

------------------------------

01:29:26	Parameters at epoch 30:

01:29:26	Theta:
01:29:26		 2.8564  -0.0924  -0.9677  
01:29:26		-0.5958   2.0410   0.2407  
01:29:26		-1.4250   0.0339  -0.2682  
01:29:26		 0.4767   1.4280  -0.7653  
01:29:26		-0.6947  -0.8415  -0.1482  
01:29:26		 2.3788   1.8812   0.9799  
01:29:26	Alpha:
01:29:26		-2.5210   0.7024  
01:29:26		 1.1619   1.0036  
01:29:26		-3.0731   0.6053  
01:29:26		 0.7197   0.1057  
01:29:26		 1.2159   0.1099  
01:29:26		-0.1555   1.0063  

------------------------------

01:30:09	Accuracy on test set with the parameters above: 0.8916666666666667

