23:47:10	Optimizer: adam
23:47:10	Optimizer params: {'lr': 0.03}
23:47:10	DataSet: three circles - nTrain: 500 - nValid: 0 - nTest: 3000
23:47:10	nLayers: 2 - nEpochs: 30 - batchSize: 15
23:47:10	Cost: weighted fidelity
23:47:10	Seed: None

------------------------------

23:47:15	epoch	loss	accuracy
23:47:26	    0	0.282	   0.342
23:48:15	    1	0.149	   0.434
23:49:05	    2	0.150	   0.454
23:49:54	    3	0.150	   0.340
23:50:44	    4	0.151	   0.340
23:51:34	    5	0.152	   0.476
23:52:29	    6	0.150	   0.490
23:53:19	    7	0.151	   0.460
23:54:09	    8	0.148	   0.452
23:54:59	    9	0.147	   0.446
23:55:49	   10	0.145	   0.466
23:56:44	   11	0.144	   0.538
23:57:34	   12	0.144	   0.538
23:58:24	   13	0.144	   0.464
23:59:15	   14	0.144	   0.416
00:00:04	   15	0.142	   0.510
00:00:59	   16	0.143	   0.418
00:01:49	   17	0.142	   0.472
00:02:39	   18	0.142	   0.444
00:03:30	   19	0.142	   0.514
00:04:20	   20	0.141	   0.484
00:05:15	   21	0.141	   0.458
00:06:05	   22	0.141	   0.598
00:06:54	   23	0.141	   0.478
00:07:45	   24	0.140	   0.446
00:08:35	   25	0.142	   0.376
00:09:30	   26	0.138	   0.512
00:10:19	   27	0.138	   0.466
00:11:10	   28	0.137	   0.522
00:12:00	   29	0.136	   0.568
00:12:50	   30	0.135	   0.510

------------------------------

00:12:55	Parameters at epoch 30:

00:12:55	Theta:
00:12:55		 0.9536   2.3850   0.4958  
00:12:55		-2.3071  -1.2495  -1.5666  
00:12:55	Alpha:
00:12:55		-0.8711  -0.4611  
00:12:55		 0.4578   0.8172  
00:12:55	Class weight:
00:12:55		 1.5223   1.6727   1.0827   0.5813  

------------------------------

00:13:20	Accuracy on test set with the parameters above: 0.497

