21:31:58	Optimizer: adam
21:31:58	Optimizer params: {'lr': 0.03}
21:31:58	DataSet: circle - nTrain: 500 - nValid: 0 - nTest: 3000
21:31:58	nLayers: 1 - nEpochs: 30 - batchSize: 20
21:31:58	Cost: fidelity
21:31:58	Seed: None

------------------------------

21:32:00	epoch	loss	accuracy
21:32:03	    0	0.519	   0.516
21:32:10	    1	0.492	   0.516
21:32:17	    2	0.486	   0.516
21:32:24	    3	0.485	   0.516
21:32:31	    4	0.485	   0.516
21:32:38	    5	0.484	   0.516
21:32:47	    6	0.484	   0.516
21:32:54	    7	0.484	   0.516
21:33:01	    8	0.484	   0.516
21:33:08	    9	0.484	   0.516
21:33:15	   10	0.484	   0.516
21:33:24	   11	0.484	   0.516
21:33:31	   12	0.484	   0.516
21:33:38	   13	0.484	   0.516
21:33:45	   14	0.484	   0.516
21:33:52	   15	0.484	   0.516
21:34:01	   16	0.484	   0.516
21:34:08	   17	0.484	   0.516
21:34:15	   18	0.484	   0.516
21:34:22	   19	0.484	   0.516
21:34:30	   20	0.484	   0.516
21:34:38	   21	0.484	   0.516
21:34:46	   22	0.484	   0.516
21:34:52	   23	0.484	   0.516
21:35:00	   24	0.484	   0.516
21:35:06	   25	0.484	   0.516
21:35:16	   26	0.484	   0.516
21:35:23	   27	0.484	   0.516
21:35:30	   28	0.484	   0.516
21:35:37	   29	0.484	   0.516
21:35:44	   30	0.484	   0.516

------------------------------

21:35:46	Parameters at epoch 30:

21:35:46	Theta:
21:35:46		 0.2087   0.0000   0.4841  
21:35:46	Alpha:
21:35:46		-0.2170  -0.0000  

------------------------------

21:35:55	Accuracy on test set with the parameters above: 0.49633333333333335

