22:33:40	Optimizer: adam
22:33:40	Optimizer params: {'lr': 0.03}
22:33:40	DataSet: circle - nTrain: 500 - nValid: 0 - nTest: 3000
22:33:40	nLayers: 2 - nEpochs: 30 - batchSize: 20
22:33:40	Cost: fidelity
22:33:40	Seed: None

------------------------------

22:33:44	epoch	loss	accuracy
22:33:48	    0	0.489	   0.586
22:34:04	    1	0.417	   0.616
22:34:20	    2	0.367	   0.706
22:34:36	    3	0.359	   0.710
22:34:52	    4	0.351	   0.718
22:35:08	    5	0.337	   0.734
22:35:28	    6	0.322	   0.744
22:35:44	    7	0.314	   0.734
22:36:00	    8	0.312	   0.732
22:36:16	    9	0.311	   0.734
22:36:32	   10	0.311	   0.734
22:36:51	   11	0.310	   0.734
22:37:08	   12	0.310	   0.734
22:37:24	   13	0.310	   0.734
22:37:40	   14	0.311	   0.732
22:37:56	   15	0.311	   0.728
22:38:15	   16	0.310	   0.734
22:38:31	   17	0.310	   0.730
22:38:48	   18	0.310	   0.738
22:39:04	   19	0.310	   0.730
22:39:20	   20	0.310	   0.732
22:39:39	   21	0.310	   0.730
22:39:55	   22	0.310	   0.736
22:40:11	   23	0.310	   0.732
22:40:27	   24	0.310	   0.726
22:40:43	   25	0.310	   0.730
22:41:03	   26	0.310	   0.728
22:41:19	   27	0.310	   0.734
22:41:35	   28	0.310	   0.732
22:41:51	   29	0.310	   0.736
22:42:07	   30	0.310	   0.730

------------------------------

22:42:10	Parameters at epoch 30:

22:42:10	Theta:
22:42:10		-0.9642   2.1176   1.9631  
22:42:10		 1.2094  -0.9753  -0.2521  
22:42:10	Alpha:
22:42:10		-1.3974  -2.9339  
22:42:10		-0.0674   0.3933  

------------------------------

22:42:25	Accuracy on test set with the parameters above: 0.737

