23:25:05	Optimizer: adam
23:25:05	Optimizer params: {'lr': 0.03}
23:25:05	DataSet: sphere - nTrain: 500 - nValid: 0 - nTest: 3000
23:25:05	nLayers: 1 - nEpochs: 30 - batchSize: 32
23:25:05	Cost: fidelity
23:25:05	Seed: None

------------------------------

23:25:07	epoch	loss	accuracy
23:25:09	    0	0.533	   0.466
23:25:17	    1	0.529	   0.466
23:25:24	    2	0.524	   0.466
23:25:32	    3	0.518	   0.466
23:25:40	    4	0.506	   0.466
23:25:47	    5	0.492	   0.436
23:25:56	    6	0.468	   0.642
23:26:04	    7	0.438	   0.658
23:26:11	    8	0.401	   0.678
23:26:19	    9	0.367	   0.694
23:26:26	   10	0.346	   0.710
23:26:35	   11	0.339	   0.708
23:26:43	   12	0.337	   0.698
23:26:50	   13	0.336	   0.704
23:26:58	   14	0.336	   0.696
23:27:05	   15	0.336	   0.694
23:27:15	   16	0.336	   0.700
23:27:22	   17	0.336	   0.688
23:27:30	   18	0.336	   0.698
23:27:37	   19	0.336	   0.698
23:27:45	   20	0.336	   0.700
23:27:54	   21	0.336	   0.696
23:28:02	   22	0.336	   0.694
23:28:09	   23	0.336	   0.696
23:28:17	   24	0.336	   0.698
23:28:24	   25	0.336	   0.698
23:28:33	   26	0.336	   0.698
23:28:41	   27	0.336	   0.692
23:28:48	   28	0.336	   0.692
23:28:56	   29	0.336	   0.694
23:29:03	   30	0.336	   0.694

------------------------------

23:29:05	Parameters at epoch 30:

23:29:05	Theta:
23:29:05		 1.2361   2.9452   0.3553  
23:29:05	Alpha:
23:29:05		-0.3175   3.0484  -1.9282  

------------------------------

23:29:14	Accuracy on test set with the parameters above: 0.693

