22:34:54	Optimizer: adam
22:34:54	Optimizer params: {'lr': 0.03}
22:34:54	DataSet: three circles - nTrain: 500 - nValid: 0 - nTest: 3000
22:34:54	nLayers: 8 - nEpochs: 30 - batchSize: 15
22:34:54	Cost: weighted fidelity
22:34:54	Seed: None

------------------------------

22:35:04	epoch	loss	accuracy
22:35:20	    0	0.388	   0.230
22:39:37	    1	0.085	   0.842
22:43:54	    2	0.074	   0.826
22:48:13	    3	0.072	   0.848
22:52:36	    4	0.074	   0.812
22:56:56	    5	0.078	   0.796
23:01:25	    6	0.066	   0.850
23:05:46	    7	0.066	   0.868
23:10:10	    8	0.066	   0.876
23:14:30	    9	0.067	   0.864
23:18:51	   10	0.067	   0.862
23:23:22	   11	0.066	   0.890
23:27:42	   12	0.066	   0.880
23:32:03	   13	0.065	   0.896
23:36:26	   14	0.079	   0.770
23:40:49	   15	0.075	   0.810
23:45:19	   16	0.066	   0.844
23:49:44	   17	0.065	   0.838
23:54:09	   18	0.067	   0.830
23:58:33	   19	0.063	   0.868
00:02:56	   20	0.065	   0.870
00:07:27	   21	0.062	   0.882
00:11:49	   22	0.067	   0.880
00:16:12	   23	0.062	   0.886
00:20:35	   24	0.063	   0.872
00:24:58	   25	0.062	   0.856
00:29:29	   26	0.062	   0.880
00:33:52	   27	0.064	   0.890
00:38:18	   28	0.063	   0.856
00:42:40	   29	0.061	   0.866
00:47:02	   30	0.063	   0.878

------------------------------

00:47:11	Parameters at epoch 30:

00:47:11	Theta:
00:47:11		-3.4394   0.6040  -0.9697  
00:47:11		-1.3743   0.1408   0.2709  
00:47:11		-0.2651  -0.8168   1.1826  
00:47:11		 0.4662   1.6525   2.4366  
00:47:11		 0.3153   0.5730  -0.2869  
00:47:11		 0.8191  -0.8214   1.4356  
00:47:11		 0.3207   0.9391  -0.1139  
00:47:11		-0.0472   0.9722   0.7629  
00:47:11	Alpha:
00:47:11		 2.1185   0.8396  
00:47:11		 0.9727  -0.9378  
00:47:11		 0.9410  -1.1959  
00:47:11		-1.0729   1.1435  
00:47:11		-1.7822   1.7675  
00:47:11		 2.7212  -0.1760  
00:47:11		-0.5430  -0.2257  
00:47:11		 0.5247   0.3787  
00:47:11	Class weight:
00:47:11		 0.5873   1.1712   1.5966   1.1430  

------------------------------

00:48:00	Accuracy on test set with the parameters above: 0.861

