01:55:51	Optimizer: adam
01:55:51	Optimizer params: {'lr': 0.03}
01:55:51	DataSet: wavy lines - nTrain: 500 - nValid: 0 - nTest: 3000
01:55:51	nLayers: 1 - nEpochs: 30 - batchSize: 32
01:55:51	Cost: weighted fidelity
01:55:51	Seed: None

------------------------------

01:55:55	epoch	loss	accuracy
01:56:03	    0	0.361	   0.288
01:56:34	    1	0.196	   0.286
01:57:06	    2	0.156	   0.392
01:57:38	    3	0.150	   0.428
01:58:09	    4	0.148	   0.460
01:58:41	    5	0.147	   0.442
01:59:17	    6	0.147	   0.462
01:59:48	    7	0.147	   0.440
02:00:20	    8	0.146	   0.456
02:00:52	    9	0.146	   0.444
02:01:24	   10	0.146	   0.446
02:02:00	   11	0.146	   0.458
02:02:31	   12	0.146	   0.442
02:03:03	   13	0.146	   0.452
02:03:35	   14	0.146	   0.456
02:04:07	   15	0.146	   0.450
02:04:43	   16	0.146	   0.448
02:05:14	   17	0.146	   0.452
02:05:46	   18	0.146	   0.446
02:06:18	   19	0.146	   0.446
02:06:51	   20	0.146	   0.448
02:07:27	   21	0.146	   0.452
02:07:59	   22	0.146	   0.458
02:08:31	   23	0.146	   0.450
02:09:03	   24	0.146	   0.446
02:09:35	   25	0.146	   0.444
02:10:12	   26	0.146	   0.452
02:10:45	   27	0.146	   0.450
02:11:17	   28	0.146	   0.456
02:11:50	   29	0.146	   0.448
02:12:22	   30	0.146	   0.454

------------------------------

02:12:27	Parameters at epoch 30:

02:12:27	Theta:
02:12:27		 0.1742  -0.0314   0.0099  
02:12:27	Alpha:
02:12:27		 0.5896   0.3644  
02:12:27	Class weight:
02:12:27		 0.5308   1.3637   1.3521   1.6389  

------------------------------

02:12:50	Accuracy on test set with the parameters above: 0.42766666666666664

