01:03:02	Optimizer: adam
01:03:02	Optimizer params: {'lr': 0.03}
01:03:02	DataSet: wavy lines - nTrain: 500 - nValid: 0 - nTest: 3000
01:03:02	nLayers: 6 - nEpochs: 30 - batchSize: 32
01:03:02	Cost: fidelity
01:03:02	Seed: None

------------------------------

01:03:10	epoch	loss	accuracy
01:03:22	    0	0.510	   0.272
01:04:13	    1	0.209	   0.706
01:05:04	    2	0.160	   0.792
01:05:55	    3	0.137	   0.840
01:06:46	    4	0.121	   0.842
01:07:38	    5	0.112	   0.868
01:08:38	    6	0.109	   0.874
01:09:30	    7	0.103	   0.898
01:10:22	    8	0.101	   0.886
01:11:15	    9	0.101	   0.886
01:12:06	   10	0.103	   0.868
01:13:09	   11	0.100	   0.908
01:14:02	   12	0.098	   0.926
01:14:54	   13	0.099	   0.892
01:15:47	   14	0.097	   0.914
01:16:40	   15	0.098	   0.920
01:17:41	   16	0.098	   0.906
01:18:33	   17	0.099	   0.892
01:19:26	   18	0.097	   0.916
01:20:19	   19	0.097	   0.902
01:21:12	   20	0.097	   0.914
01:22:13	   21	0.096	   0.904
01:23:07	   22	0.097	   0.898
01:24:00	   23	0.097	   0.896
01:24:53	   24	0.096	   0.918
01:25:45	   25	0.098	   0.900
01:26:46	   26	0.096	   0.910
01:27:39	   27	0.097	   0.902
01:28:32	   28	0.096	   0.910
01:29:25	   29	0.097	   0.902
01:30:19	   30	0.096	   0.910

------------------------------

01:30:27	Parameters at epoch 30:

01:30:27	Theta:
01:30:27		-2.0051   1.5247  -0.0065  
01:30:27		-1.9017  -0.3610   0.4450  
01:30:27		-2.6181   0.1987   0.1327  
01:30:27		 1.3145   1.2951  -1.1250  
01:30:27		-0.9823  -0.7205   0.7532  
01:30:27		-0.0106   2.0031  -1.8449  
01:30:27	Alpha:
01:30:27		 0.5869  -0.0084  
01:30:27		-1.9578   2.3257  
01:30:27		 0.1313  -0.6206  
01:30:27		-0.7996  -0.8990  
01:30:27		-0.3334   0.9952  
01:30:27		 0.7294   0.4693  

------------------------------

01:31:15	Accuracy on test set with the parameters above: 0.912

