00:16:41	Optimizer: adam
00:16:41	Optimizer params: {'lr': 0.03}
00:16:41	DataSet: three circles - nTrain: 500 - nValid: 0 - nTest: 3000
00:16:41	nLayers: 1 - nEpochs: 30 - batchSize: 15
00:16:41	Cost: fidelity
00:16:41	Seed: None

------------------------------

00:16:46	epoch	loss	accuracy
00:16:50	    0	0.526	   0.230
00:16:59	    1	0.449	   0.224
00:17:07	    2	0.388	   0.288
00:17:16	    3	0.357	   0.330
00:17:24	    4	0.320	   0.448
00:17:33	    5	0.309	   0.448
00:17:45	    6	0.308	   0.452
00:17:54	    7	0.308	   0.458
00:18:03	    8	0.308	   0.452
00:18:12	    9	0.308	   0.448
00:18:20	   10	0.308	   0.458
00:18:32	   11	0.308	   0.448
00:18:41	   12	0.308	   0.450
00:18:49	   13	0.308	   0.452
00:18:58	   14	0.308	   0.452
00:19:07	   15	0.308	   0.458
00:19:19	   16	0.308	   0.450
00:19:27	   17	0.308	   0.456
00:19:36	   18	0.308	   0.450
00:19:44	   19	0.308	   0.450
00:19:53	   20	0.308	   0.448
00:20:05	   21	0.308	   0.454
00:20:14	   22	0.308	   0.452
00:20:23	   23	0.308	   0.460
00:20:31	   24	0.308	   0.454
00:20:40	   25	0.308	   0.452
00:20:52	   26	0.308	   0.452
00:21:01	   27	0.308	   0.450
00:21:09	   28	0.308	   0.456
00:21:18	   29	0.308	   0.454
00:21:27	   30	0.308	   0.450

------------------------------

00:21:31	Parameters at epoch 30:

00:21:31	Theta:
00:21:31		 1.4839   1.9856  -2.1064  
00:21:31	Alpha:
00:21:31		-1.4209   2.1913  

------------------------------

00:21:49	Accuracy on test set with the parameters above: 0.4603333333333333

