07:14:49	Optimizer: adam
07:14:49	Optimizer params: {'lr': 0.02}
07:14:49	DataSet: binary annulus - nTrain: 500 - nValid: 0 - nTest: 3000
07:14:49	nLayers: 3 - nEpochs: 40 - batchSize: 48
07:14:49	Cost: fidelity
07:14:49	Seed: None

------------------------------

07:14:53	epoch	loss	accuracy
07:14:56	    0	0.531	   0.440
07:15:13	    1	0.477	   0.562
07:15:31	    2	0.446	   0.592
07:15:49	    3	0.436	   0.550
07:16:06	    4	0.430	   0.580
07:16:23	    5	0.427	   0.594
07:16:44	    6	0.426	   0.608
07:17:01	    7	0.424	   0.600
07:17:19	    8	0.423	   0.604
07:17:37	    9	0.422	   0.604
07:17:54	   10	0.421	   0.614
07:18:15	   11	0.420	   0.616
07:18:32	   12	0.420	   0.610
07:18:50	   13	0.419	   0.614
07:19:08	   14	0.419	   0.612
07:19:26	   15	0.419	   0.612
07:19:46	   16	0.419	   0.610
07:20:03	   17	0.418	   0.614
07:20:21	   18	0.418	   0.616
07:20:39	   19	0.418	   0.608
07:20:56	   20	0.418	   0.612
07:21:16	   21	0.418	   0.606
07:21:34	   22	0.418	   0.608
07:21:52	   23	0.418	   0.608
07:22:10	   24	0.418	   0.610
07:22:27	   25	0.418	   0.612
07:22:48	   26	0.418	   0.606
07:23:06	   27	0.418	   0.616
07:23:23	   28	0.418	   0.614
07:23:41	   29	0.417	   0.604
07:23:59	   30	0.417	   0.606
07:24:19	   31	0.417	   0.606
07:24:37	   32	0.417	   0.604
07:24:55	   33	0.417	   0.608
07:25:12	   34	0.417	   0.608
07:25:30	   35	0.417	   0.606
07:25:50	   36	0.417	   0.608
07:26:07	   37	0.417	   0.606
07:26:25	   38	0.417	   0.606
07:26:43	   39	0.417	   0.606
07:27:00	   40	0.417	   0.608

------------------------------

07:27:03	Parameters at epoch 40:

07:27:03	Theta:
07:27:03		 1.0318   0.8599   1.1847  
07:27:03		 1.2068  -0.9556  -2.1114  
07:27:03		-0.5658   1.0608   0.0500  
07:27:03	Alpha:
07:27:03		 0.5326  -1.7596  
07:27:03		-0.2419   0.1774  
07:27:03		-0.4337  -1.0592  

------------------------------

07:27:16	Accuracy on test set with the parameters above: 0.594

