22:01:39	Optimizer: adam
22:01:39	Optimizer params: {'lr': 0.03}
22:01:39	DataSet: circle - nTrain: 500 - nValid: 0 - nTest: 3000
22:01:39	nLayers: 6 - nEpochs: 30 - batchSize: 20
22:01:39	Cost: fidelity
22:01:39	Seed: None

------------------------------

22:01:44	epoch	loss	accuracy
22:01:50	    0	0.508	   0.476
22:02:34	    1	0.328	   0.730
22:03:20	    2	0.309	   0.754
22:04:05	    3	0.295	   0.758
22:04:51	    4	0.283	   0.768
22:05:38	    5	0.268	   0.816
22:06:27	    6	0.259	   0.850
22:07:13	    7	0.242	   0.884
22:07:59	    8	0.249	   0.830
22:08:45	    9	0.229	   0.890
22:09:31	   10	0.231	   0.918
22:10:22	   11	0.227	   0.866
22:11:09	   12	0.224	   0.880
22:11:55	   13	0.234	   0.880
22:12:41	   14	0.227	   0.892
22:13:27	   15	0.225	   0.868
22:14:17	   16	0.225	   0.854
22:15:03	   17	0.227	   0.878
22:15:50	   18	0.226	   0.904
22:16:37	   19	0.224	   0.890
22:17:23	   20	0.223	   0.882
22:18:13	   21	0.231	   0.858
22:18:59	   22	0.223	   0.866
22:19:46	   23	0.225	   0.864
22:20:32	   24	0.225	   0.904
22:21:18	   25	0.225	   0.872
22:22:08	   26	0.223	   0.884
22:22:54	   27	0.224	   0.864
22:23:40	   28	0.223	   0.876
22:24:26	   29	0.223	   0.888
22:25:13	   30	0.223	   0.874

------------------------------

22:25:17	Parameters at epoch 30:

22:25:17	Theta:
22:25:17		 1.3411   1.1629   1.5172  
22:25:17		-1.1506   0.0716  -1.2960  
22:25:17		 1.0228   0.9807   1.2727  
22:25:17		 0.2829   0.6644  -0.7253  
22:25:17		 1.5349  -0.6838  -0.2684  
22:25:17		 0.4699   0.0063  -0.2247  
22:25:17	Alpha:
22:25:17		-1.6181  -1.2636  
22:25:17		 0.4476   1.7031  
22:25:17		 1.7955  -0.9838  
22:25:17		 0.5549   0.5199  
22:25:17		 0.0202   0.7089  
22:25:17		 0.1808   1.1737  

------------------------------

22:25:38	Accuracy on test set with the parameters above: 0.8753333333333333

