05:58:37	Optimizer: adam
05:58:37	Optimizer params: {'lr': 0.02}
05:58:37	DataSet: non convex - nTrain: 500 - nValid: 0 - nTest: 3000
05:58:37	nLayers: 2 - nEpochs: 40 - batchSize: 32
05:58:37	Cost: fidelity
05:58:37	Seed: None

------------------------------

05:58:40	epoch	loss	accuracy
05:58:44	    0	0.484	   0.486
05:59:00	    1	0.377	   0.648
05:59:16	    2	0.299	   0.726
05:59:32	    3	0.279	   0.750
05:59:48	    4	0.278	   0.754
06:00:04	    5	0.278	   0.742
06:00:23	    6	0.277	   0.754
06:00:39	    7	0.277	   0.758
06:00:56	    8	0.277	   0.746
06:01:12	    9	0.276	   0.756
06:01:28	   10	0.276	   0.748
06:01:47	   11	0.276	   0.752
06:02:03	   12	0.276	   0.758
06:02:19	   13	0.275	   0.756
06:02:34	   14	0.275	   0.752
06:02:50	   15	0.275	   0.758
06:03:09	   16	0.275	   0.752
06:03:25	   17	0.275	   0.758
06:03:41	   18	0.275	   0.762
06:03:57	   19	0.275	   0.754
06:04:13	   20	0.274	   0.756
06:04:32	   21	0.275	   0.764
06:04:48	   22	0.274	   0.756
06:05:04	   23	0.274	   0.756
06:05:20	   24	0.274	   0.762
06:05:36	   25	0.274	   0.756
06:05:54	   26	0.274	   0.756
06:06:10	   27	0.274	   0.762
06:06:26	   28	0.274	   0.758
06:06:42	   29	0.274	   0.758
06:06:58	   30	0.274	   0.758
06:07:17	   31	0.274	   0.758
06:07:32	   32	0.274	   0.762
06:07:48	   33	0.274	   0.758
06:08:04	   34	0.274	   0.758
06:08:20	   35	0.274	   0.756
06:08:39	   36	0.274	   0.760
06:08:55	   37	0.274	   0.756
06:09:11	   38	0.274	   0.756
06:09:27	   39	0.274	   0.756
06:09:43	   40	0.274	   0.758

------------------------------

06:09:45	Parameters at epoch 40:

06:09:45	Theta:
06:09:45		 1.7255   1.5177   0.9504  
06:09:45		 0.5230   1.4242  -0.0351  
06:09:45	Alpha:
06:09:45		-0.0540   1.9707  
06:09:45		 0.4322  -0.0078  

------------------------------

06:10:00	Accuracy on test set with the parameters above: 0.7546666666666667

