23:37:34	Optimizer: adam
23:37:34	Optimizer params: {'lr': 0.03}
23:37:34	DataSet: three circles - nTrain: 500 - nValid: 0 - nTest: 3000
23:37:34	nLayers: 4 - nEpochs: 30 - batchSize: 15
23:37:34	Cost: fidelity
23:37:34	Seed: None

------------------------------

23:37:43	epoch	loss	accuracy
23:37:50	    0	0.549	   0.138
23:38:21	    1	0.267	   0.746
23:38:52	    2	0.243	   0.750
23:39:23	    3	0.229	   0.760
23:39:53	    4	0.222	   0.740
23:40:23	    5	0.203	   0.782
23:41:00	    6	0.187	   0.786
23:41:30	    7	0.173	   0.802
23:42:00	    8	0.167	   0.794
23:42:32	    9	0.165	   0.820
23:43:02	   10	0.160	   0.816
23:43:39	   11	0.158	   0.814
23:44:09	   12	0.159	   0.804
23:44:39	   13	0.156	   0.822
23:45:09	   14	0.155	   0.818
23:45:40	   15	0.154	   0.826
23:46:16	   16	0.152	   0.830
23:46:46	   17	0.152	   0.814
23:47:16	   18	0.149	   0.820
23:47:47	   19	0.147	   0.828
23:48:17	   20	0.146	   0.836
23:48:53	   21	0.145	   0.832
23:49:24	   22	0.144	   0.822
23:49:55	   23	0.143	   0.836
23:50:25	   24	0.143	   0.834
23:50:56	   25	0.143	   0.838
23:51:32	   26	0.142	   0.840
23:52:03	   27	0.142	   0.832
23:52:33	   28	0.141	   0.842
23:53:04	   29	0.141	   0.838
23:53:34	   30	0.141	   0.836

------------------------------

23:53:41	Parameters at epoch 30:

23:53:41	Theta:
23:53:41		 0.7403  -1.6183   2.4465  
23:53:41		-0.0916   0.5072  -1.9727  
23:53:41		 0.9897  -0.4222   0.0157  
23:53:41		-0.7238  -1.4128  -0.7336  
23:53:41	Alpha:
23:53:41		 0.0371  -0.6151  
23:53:41		 0.4525   2.0376  
23:53:41		 3.4629  -1.4303  
23:53:41		-2.6235  -2.2190  

------------------------------

23:54:15	Accuracy on test set with the parameters above: 0.8423333333333334

