00:02:42	Optimizer: adam
00:02:42	Optimizer params: {'lr': 0.03}
00:02:42	DataSet: three circles - nTrain: 500 - nValid: 0 - nTest: 3000
00:02:42	nLayers: 1 - nEpochs: 30 - batchSize: 15
00:02:42	Cost: weighted fidelity
00:02:42	Seed: None

------------------------------

00:02:45	epoch	loss	accuracy
00:02:53	    0	0.373	   0.254
00:03:17	    1	0.177	   0.320
00:03:40	    2	0.149	   0.416
00:04:03	    3	0.147	   0.468
00:04:27	    4	0.147	   0.460
00:04:50	    5	0.148	   0.488
00:05:16	    6	0.147	   0.464
00:05:40	    7	0.146	   0.440
00:06:03	    8	0.146	   0.464
00:06:26	    9	0.147	   0.466
00:06:49	   10	0.147	   0.468
00:07:15	   11	0.146	   0.466
00:07:38	   12	0.147	   0.466
00:08:01	   13	0.147	   0.448
00:08:24	   14	0.146	   0.460
00:08:48	   15	0.146	   0.456
00:09:14	   16	0.146	   0.474
00:09:37	   17	0.146	   0.456
00:10:00	   18	0.146	   0.434
00:10:23	   19	0.146	   0.454
00:10:46	   20	0.147	   0.474
00:11:13	   21	0.147	   0.444
00:11:36	   22	0.146	   0.456
00:11:59	   23	0.147	   0.444
00:12:22	   24	0.146	   0.462
00:12:45	   25	0.146	   0.466
00:13:11	   26	0.146	   0.454
00:13:34	   27	0.146	   0.472
00:13:57	   28	0.146	   0.462
00:14:21	   29	0.145	   0.472
00:14:44	   30	0.146	   0.466

------------------------------

00:14:47	Parameters at epoch 30:

00:14:47	Theta:
00:14:47		-0.3327   0.1134  -0.2590  
00:14:47	Alpha:
00:14:47		-0.1014   0.3710  
00:14:47	Class weight:
00:14:47		 0.4573   1.1225   1.6328   1.8849  

------------------------------

00:15:05	Accuracy on test set with the parameters above: 0.41

