06:45:10	Optimizer: adam
06:45:10	Optimizer params: {'lr': 0.02}
06:45:10	DataSet: binary annulus - nTrain: 500 - nValid: 0 - nTest: 3000
06:45:10	nLayers: 6 - nEpochs: 40 - batchSize: 48
06:45:10	Cost: fidelity
06:45:10	Seed: None

------------------------------

06:45:15	epoch	loss	accuracy
06:45:20	    0	0.455	   0.540
06:46:03	    1	0.367	   0.682
06:46:46	    2	0.344	   0.688
06:47:29	    3	0.335	   0.690
06:48:12	    4	0.327	   0.720
06:48:56	    5	0.317	   0.730
06:49:43	    6	0.305	   0.758
06:50:26	    7	0.294	   0.774
06:51:10	    8	0.283	   0.796
06:51:53	    9	0.275	   0.814
06:52:36	   10	0.269	   0.818
06:53:23	   11	0.266	   0.828
06:54:07	   12	0.263	   0.826
06:54:51	   13	0.262	   0.822
06:55:34	   14	0.260	   0.824
06:56:18	   15	0.259	   0.824
06:57:05	   16	0.258	   0.826
06:57:48	   17	0.256	   0.824
06:58:31	   18	0.256	   0.822
06:59:15	   19	0.255	   0.818
06:59:59	   20	0.254	   0.832
07:00:46	   21	0.253	   0.822
07:01:30	   22	0.253	   0.828
07:02:15	   23	0.252	   0.830
07:02:58	   24	0.252	   0.830
07:03:42	   25	0.251	   0.836
07:04:30	   26	0.251	   0.832
07:05:13	   27	0.250	   0.830
07:05:57	   28	0.250	   0.842
07:06:41	   29	0.249	   0.840
07:07:24	   30	0.249	   0.836
07:08:12	   31	0.249	   0.840
07:08:55	   32	0.248	   0.842
07:09:38	   33	0.248	   0.842
07:10:21	   34	0.248	   0.846
07:11:05	   35	0.247	   0.850
07:11:53	   36	0.247	   0.852
07:12:37	   37	0.247	   0.846
07:13:20	   38	0.247	   0.854
07:14:04	   39	0.246	   0.854
07:14:48	   40	0.246	   0.854

------------------------------

07:14:52	Parameters at epoch 40:

07:14:52	Theta:
07:14:52		-0.2959  -0.5251  -0.7035  
07:14:52		-0.0698   1.2103   0.3524  
07:14:52		-0.8899  -2.2942   0.9316  
07:14:52		-0.1858   1.1418  -0.1321  
07:14:52		 0.5691  -0.7956   0.4027  
07:14:52		 1.5646  -0.9646  -0.1022  
07:14:52	Alpha:
07:14:52		 0.3711  -0.3153  
07:14:52		 0.9158  -2.9816  
07:14:52		-1.8315  -1.4122  
07:14:52		 3.0123  -1.1995  
07:14:52		-0.9134  -0.9091  
07:14:52		 0.8368  -0.0270  

------------------------------

07:15:12	Accuracy on test set with the parameters above: 0.835

