00:49:23	Optimizer: adam
00:49:23	Optimizer params: {'lr': 0.03}
00:49:23	DataSet: wavy lines - nTrain: 500 - nValid: 0 - nTest: 3000
00:49:23	nLayers: 4 - nEpochs: 30 - batchSize: 32
00:49:23	Cost: weighted fidelity
00:49:23	Seed: None

------------------------------

00:49:31	epoch	loss	accuracy
00:49:42	    0	0.254	   0.520
00:51:18	    1	0.129	   0.686
00:52:55	    2	0.105	   0.776
00:54:32	    3	0.101	   0.782
00:56:09	    4	0.099	   0.728
00:57:47	    5	0.095	   0.764
00:59:30	    6	0.094	   0.760
01:01:07	    7	0.092	   0.808
01:02:44	    8	0.090	   0.766
01:04:21	    9	0.089	   0.768
01:05:58	   10	0.087	   0.798
01:07:40	   11	0.086	   0.784
01:09:17	   12	0.084	   0.820
01:10:54	   13	0.083	   0.798
01:12:30	   14	0.083	   0.832
01:14:07	   15	0.081	   0.816
01:15:50	   16	0.080	   0.822
01:17:26	   17	0.080	   0.808
01:19:02	   18	0.080	   0.824
01:20:40	   19	0.080	   0.816
01:22:17	   20	0.080	   0.806
01:24:00	   21	0.080	   0.816
01:25:37	   22	0.080	   0.796
01:27:15	   23	0.079	   0.808
01:28:52	   24	0.079	   0.808
01:30:29	   25	0.079	   0.824
01:32:12	   26	0.079	   0.800
01:33:49	   27	0.078	   0.802
01:35:27	   28	0.079	   0.800
01:37:05	   29	0.079	   0.816
01:38:42	   30	0.079	   0.788

------------------------------

01:38:48	Parameters at epoch 30:

01:38:48	Theta:
01:38:48		-2.0851  -0.5492   1.5979  
01:38:48		-0.0069   1.4910  -1.4321  
01:38:48		 1.1933  -0.3847  -0.2729  
01:38:48		 0.0060   0.6289   0.9374  
01:38:48	Alpha:
01:38:48		-0.4998   0.2276  
01:38:48		 3.2826  -0.8399  
01:38:48		 0.7110   0.5513  
01:38:48		-1.5606  -0.0384  
01:38:48	Class weight:
01:38:48		 1.1378   0.5237   1.0429   2.0140  

------------------------------

01:39:19	Accuracy on test set with the parameters above: 0.8203333333333334

