23:23:01	Optimizer: adam
23:23:01	Optimizer params: {'lr': 0.03}
23:23:01	DataSet: sphere - nTrain: 500 - nValid: 0 - nTest: 3000
23:23:01	nLayers: 2 - nEpochs: 30 - batchSize: 32
23:23:01	Cost: fidelity
23:23:01	Seed: None

------------------------------

23:23:03	epoch	loss	accuracy
23:23:07	    0	0.508	   0.462
23:23:20	    1	0.477	   0.506
23:23:34	    2	0.453	   0.594
23:23:48	    3	0.416	   0.604
23:24:02	    4	0.382	   0.662
23:24:15	    5	0.362	   0.666
23:24:31	    6	0.350	   0.678
23:24:44	    7	0.345	   0.684
23:24:58	    8	0.344	   0.682
23:25:12	    9	0.344	   0.680
23:25:26	   10	0.344	   0.684
23:25:41	   11	0.344	   0.686
23:25:55	   12	0.344	   0.682
23:26:09	   13	0.344	   0.680
23:26:22	   14	0.344	   0.684
23:26:36	   15	0.344	   0.682
23:26:52	   16	0.344	   0.682
23:27:05	   17	0.344	   0.682
23:27:19	   18	0.344	   0.674
23:27:33	   19	0.344	   0.682
23:27:46	   20	0.344	   0.686
23:28:02	   21	0.344	   0.678
23:28:16	   22	0.344	   0.684
23:28:30	   23	0.344	   0.682
23:28:43	   24	0.344	   0.688
23:28:57	   25	0.344	   0.684
23:29:13	   26	0.344	   0.682
23:29:27	   27	0.344	   0.680
23:29:41	   28	0.344	   0.678
23:29:54	   29	0.344	   0.682
23:30:08	   30	0.344	   0.686

------------------------------

23:30:10	Parameters at epoch 30:

23:30:10	Theta:
23:30:10		-1.8349   1.0379  -1.2711  
23:30:10		-1.6977  -2.1437  -1.0148  
23:30:10	Alpha:
23:30:10		 1.4270   3.1925  -0.0830  
23:30:10		 0.0373  -0.3553  -0.0791  

------------------------------

23:30:22	Accuracy on test set with the parameters above: 0.701

