20:44:54	Optimizer: adam
20:44:54	Optimizer params: {'lr': 0.03}
20:44:54	DataSet: sphere - nTrain: 500 - nValid: 0 - nTest: 3000
20:44:54	nLayers: 6 - nEpochs: 30 - batchSize: 32
20:44:54	Cost: weighted fidelity
20:44:54	Seed: None

------------------------------

20:44:58	epoch	loss	accuracy
20:45:05	    0	0.339	   0.488
20:46:47	    1	0.209	   0.688
20:48:31	    2	0.177	   0.722
20:50:14	    3	0.170	   0.764
20:51:57	    4	0.158	   0.756
20:53:41	    5	0.151	   0.772
20:55:28	    6	0.148	   0.804
20:57:11	    7	0.135	   0.836
20:58:56	    8	0.130	   0.830
21:00:39	    9	0.125	   0.844
21:02:22	   10	0.123	   0.848
21:04:10	   11	0.120	   0.844
21:05:54	   12	0.118	   0.856
21:07:38	   13	0.117	   0.850
21:09:23	   14	0.114	   0.858
21:11:07	   15	0.112	   0.860
21:12:55	   16	0.111	   0.850
21:14:39	   17	0.110	   0.866
21:16:23	   18	0.109	   0.872
21:18:07	   19	0.107	   0.870
21:19:52	   20	0.106	   0.868
21:21:40	   21	0.106	   0.864
21:23:24	   22	0.105	   0.872
21:25:09	   23	0.105	   0.872
21:26:53	   24	0.105	   0.872
21:28:36	   25	0.104	   0.866
21:30:23	   26	0.103	   0.876
21:32:07	   27	0.104	   0.864
21:33:50	   28	0.103	   0.874
21:35:35	   29	0.103	   0.876
21:37:18	   30	0.102	   0.870

------------------------------

21:37:22	Parameters at epoch 30:

21:37:22	Theta:
21:37:22		 1.8529  -1.5352  -0.9458  
21:37:22		 1.0571  -2.1342   1.5527  
21:37:22		-1.3342   0.7600   1.3022  
21:37:22		-0.7002   1.2159  -1.7535  
21:37:22		-0.5616   0.5785  -0.6487  
21:37:22		-0.7024   1.3041  -1.0475  
21:37:22	Alpha:
21:37:22		 0.0733  -0.8683   0.5827  
21:37:22		 0.6988  -0.6481   1.4789  
21:37:22		 1.9229   1.3857   0.2177  
21:37:22		-3.0790  -1.0932  -0.4511  
21:37:22		 0.1361   1.9053  -0.3029  
21:37:22		-1.4061  -0.1430  -1.1590  
21:37:22	Class weight:
21:37:22		 1.0796   1.0607  

------------------------------

21:37:43	Accuracy on test set with the parameters above: 0.8566666666666667

