01:03:18	Optimizer: adam
01:03:18	Optimizer params: {'lr': 0.03}
01:03:18	DataSet: wavy lines - nTrain: 500 - nValid: 0 - nTest: 3000
01:03:18	nLayers: 6 - nEpochs: 30 - batchSize: 32
01:03:18	Cost: fidelity
01:03:18	Seed: None

------------------------------

01:03:29	epoch	loss	accuracy
01:03:38	    0	0.492	   0.260
01:04:28	    1	0.240	   0.634
01:05:17	    2	0.214	   0.682
01:06:07	    3	0.196	   0.710
01:06:57	    4	0.181	   0.728
01:07:47	    5	0.158	   0.780
01:08:45	    6	0.148	   0.828
01:09:35	    7	0.139	   0.832
01:10:25	    8	0.133	   0.848
01:11:15	    9	0.126	   0.854
01:12:05	   10	0.120	   0.850
01:13:03	   11	0.118	   0.842
01:13:53	   12	0.116	   0.846
01:14:43	   13	0.115	   0.848
01:15:33	   14	0.115	   0.864
01:16:23	   15	0.114	   0.854
01:17:21	   16	0.114	   0.866
01:18:12	   17	0.112	   0.874
01:19:02	   18	0.111	   0.866
01:19:52	   19	0.111	   0.866
01:20:42	   20	0.109	   0.874
01:21:40	   21	0.109	   0.876
01:22:30	   22	0.108	   0.872
01:23:21	   23	0.108	   0.878
01:24:11	   24	0.108	   0.890
01:25:02	   25	0.107	   0.886
01:26:00	   26	0.107	   0.888
01:26:50	   27	0.107	   0.882
01:27:40	   28	0.106	   0.896
01:28:31	   29	0.106	   0.890
01:29:21	   30	0.106	   0.888

------------------------------

01:29:29	Parameters at epoch 30:

01:29:29	Theta:
01:29:29		-1.6037  -0.5237  -0.6563  
01:29:29		 0.4024  -0.1876  -0.3121  
01:29:29		 0.3113  -1.3407  -0.7084  
01:29:29		 0.1590  -0.6114  -1.2306  
01:29:29		 0.3599   1.3230  -0.8613  
01:29:29		 0.8129   1.7802   1.8945  
01:29:29	Alpha:
01:29:29		-0.6204   1.2652  
01:29:29		 2.2137  -0.5751  
01:29:29		 1.0238  -1.4722  
01:29:29		-1.3738   2.6657  
01:29:29		-0.3905  -0.6302  
01:29:29		-2.4294  -0.2839  

------------------------------

01:30:12	Accuracy on test set with the parameters above: 0.8833333333333333

