23:23:22	Optimizer: adam
23:23:22	Optimizer params: {'lr': 0.03}
23:23:22	DataSet: sphere - nTrain: 500 - nValid: 0 - nTest: 3000
23:23:22	nLayers: 2 - nEpochs: 30 - batchSize: 32
23:23:22	Cost: fidelity
23:23:22	Seed: None

------------------------------

23:23:24	epoch	loss	accuracy
23:23:27	    0	0.549	   0.474
23:23:40	    1	0.524	   0.474
23:23:53	    2	0.503	   0.454
23:24:07	    3	0.492	   0.538
23:24:20	    4	0.483	   0.526
23:24:33	    5	0.467	   0.526
23:24:48	    6	0.418	   0.622
23:25:02	    7	0.359	   0.682
23:25:15	    8	0.353	   0.684
23:25:28	    9	0.350	   0.682
23:25:41	   10	0.349	   0.678
23:25:56	   11	0.349	   0.688
23:26:10	   12	0.349	   0.680
23:26:23	   13	0.349	   0.678
23:26:36	   14	0.349	   0.680
23:26:49	   15	0.349	   0.676
23:27:04	   16	0.349	   0.678
23:27:18	   17	0.349	   0.680
23:27:31	   18	0.349	   0.680
23:27:44	   19	0.349	   0.678
23:27:58	   20	0.349	   0.678
23:28:13	   21	0.349	   0.680
23:28:26	   22	0.349	   0.678
23:28:39	   23	0.349	   0.682
23:28:52	   24	0.349	   0.676
23:29:06	   25	0.349	   0.682
23:29:21	   26	0.349	   0.676
23:29:34	   27	0.349	   0.680
23:29:47	   28	0.349	   0.682
23:30:01	   29	0.349	   0.678
23:30:14	   30	0.349	   0.682

------------------------------

23:30:16	Parameters at epoch 30:

23:30:16	Theta:
23:30:16		 0.3043   0.0553  -0.2982  
23:30:16		 0.5666   3.1338   1.6453  
23:30:16	Alpha:
23:30:16		-0.4416  -1.0355   0.0027  
23:30:16		 0.0084  -2.1406  -0.0549  

------------------------------

23:30:27	Accuracy on test set with the parameters above: 0.6916666666666667

