07:00:42	Optimizer: adam
07:00:42	Optimizer params: {'lr': 0.02}
07:00:42	DataSet: binary annulus - nTrain: 500 - nValid: 0 - nTest: 3000
07:00:42	nLayers: 4 - nEpochs: 40 - batchSize: 48
07:00:42	Cost: fidelity
07:00:42	Seed: None

------------------------------

07:00:46	epoch	loss	accuracy
07:00:51	    0	0.500	   0.534
07:01:17	    1	0.464	   0.542
07:01:44	    2	0.446	   0.586
07:02:11	    3	0.431	   0.586
07:02:38	    4	0.424	   0.592
07:03:05	    5	0.421	   0.600
07:03:35	    6	0.419	   0.598
07:04:02	    7	0.417	   0.598
07:04:29	    8	0.414	   0.604
07:04:56	    9	0.412	   0.596
07:05:23	   10	0.409	   0.600
07:05:53	   11	0.405	   0.598
07:06:20	   12	0.401	   0.610
07:06:47	   13	0.397	   0.626
07:07:14	   14	0.393	   0.648
07:07:41	   15	0.388	   0.652
07:08:11	   16	0.383	   0.662
07:08:38	   17	0.377	   0.658
07:09:06	   18	0.371	   0.660
07:09:33	   19	0.364	   0.680
07:10:00	   20	0.356	   0.698
07:10:30	   21	0.348	   0.702
07:10:58	   22	0.341	   0.716
07:11:25	   23	0.335	   0.730
07:11:53	   24	0.330	   0.742
07:12:20	   25	0.324	   0.750
07:12:51	   26	0.318	   0.762
07:13:18	   27	0.311	   0.756
07:13:46	   28	0.302	   0.770
07:14:13	   29	0.293	   0.776
07:14:41	   30	0.285	   0.788
07:15:11	   31	0.278	   0.816
07:15:39	   32	0.272	   0.830
07:16:06	   33	0.267	   0.846
07:16:34	   34	0.263	   0.860
07:17:01	   35	0.260	   0.850
07:17:31	   36	0.258	   0.854
07:17:59	   37	0.256	   0.860
07:18:26	   38	0.254	   0.856
07:18:54	   39	0.253	   0.850
07:19:22	   40	0.252	   0.852

------------------------------

07:19:25	Parameters at epoch 40:

07:19:25	Theta:
07:19:25		 2.9278  -1.4245   0.1127  
07:19:25		-0.6105  -1.3984  -1.8181  
07:19:25		-1.5431  -1.4318  -0.1168  
07:19:25		-2.4480   1.4425   0.4280  
07:19:25	Alpha:
07:19:25		-0.1992   1.0006  
07:19:25		-2.8616  -2.6584  
07:19:25		-0.6599   1.6283  
07:19:25		-2.4008   1.6563  

------------------------------

07:19:42	Accuracy on test set with the parameters above: 0.8533333333333334

