06:48:13	Optimizer: adam
06:48:13	Optimizer params: {'lr': 0.02}
06:48:13	DataSet: binary annulus - nTrain: 500 - nValid: 0 - nTest: 3000
06:48:13	nLayers: 3 - nEpochs: 40 - batchSize: 48
06:48:13	Cost: weighted fidelity
06:48:13	Seed: None

------------------------------

06:48:16	epoch	loss	accuracy
06:48:22	    0	0.306	   0.384
06:48:58	    1	0.264	   0.492
06:49:34	    2	0.254	   0.472
06:50:11	    3	0.250	   0.536
06:50:47	    4	0.249	   0.538
06:51:24	    5	0.248	   0.518
06:52:03	    6	0.248	   0.540
06:52:41	    7	0.247	   0.538
06:53:18	    8	0.247	   0.530
06:53:54	    9	0.248	   0.454
06:54:31	   10	0.247	   0.526
06:55:10	   11	0.245	   0.530
06:55:47	   12	0.245	   0.536
06:56:24	   13	0.243	   0.516
06:57:00	   14	0.242	   0.572
06:57:37	   15	0.241	   0.584
06:58:17	   16	0.238	   0.542
06:58:53	   17	0.235	   0.604
06:59:30	   18	0.232	   0.598
07:00:06	   19	0.229	   0.618
07:00:43	   20	0.226	   0.622
07:01:22	   21	0.224	   0.640
07:01:59	   22	0.223	   0.646
07:02:36	   23	0.222	   0.638
07:03:13	   24	0.222	   0.618
07:03:50	   25	0.221	   0.622
07:04:29	   26	0.221	   0.632
07:05:06	   27	0.221	   0.628
07:05:43	   28	0.221	   0.618
07:06:20	   29	0.221	   0.636
07:06:56	   30	0.221	   0.638
07:07:36	   31	0.221	   0.628
07:08:12	   32	0.221	   0.618
07:08:49	   33	0.221	   0.624
07:09:26	   34	0.221	   0.630
07:10:02	   35	0.221	   0.632
07:10:42	   36	0.221	   0.624
07:11:18	   37	0.221	   0.626
07:11:55	   38	0.221	   0.634
07:12:31	   39	0.221	   0.632
07:13:09	   40	0.221	   0.626

------------------------------

07:13:11	Parameters at epoch 40:

07:13:11	Theta:
07:13:11		 0.7613   1.1552  -0.9550  
07:13:11		 1.5691   1.0353  -1.8723  
07:13:11		-1.0671  -0.0992   2.3906  
07:13:11	Alpha:
07:13:11		-0.4895  -1.5729  
07:13:11		-0.2936   0.6090  
07:13:11		 0.2460   0.3693  
07:13:11	Class weight:
07:13:11		 1.1658   0.8857  

------------------------------

07:13:26	Accuracy on test set with the parameters above: 0.605

