03:56:58	Optimizer: adam
03:56:58	Optimizer params: {'lr': 0.02}
03:56:58	DataSet: squares - nTrain: 500 - nValid: 0 - nTest: 3000
03:56:58	nLayers: 1 - nEpochs: 30 - batchSize: 32
03:56:58	Cost: fidelity
03:56:58	Seed: None

------------------------------

03:57:03	epoch	loss	accuracy
03:57:07	    0	0.479	   0.274
03:57:15	    1	0.447	   0.274
03:57:24	    2	0.390	   0.280
03:57:32	    3	0.339	   0.374
03:57:41	    4	0.309	   0.414
03:57:49	    5	0.298	   0.434
03:58:01	    6	0.293	   0.440
03:58:10	    7	0.292	   0.456
03:58:19	    8	0.291	   0.454
03:58:27	    9	0.291	   0.462
03:58:36	   10	0.291	   0.462
03:58:48	   11	0.291	   0.460
03:58:56	   12	0.290	   0.460
03:59:05	   13	0.290	   0.460
03:59:13	   14	0.290	   0.458
03:59:22	   15	0.290	   0.464
03:59:34	   16	0.290	   0.470
03:59:43	   17	0.290	   0.470
03:59:51	   18	0.290	   0.480
04:00:00	   19	0.290	   0.482
04:00:08	   20	0.290	   0.482
04:00:20	   21	0.290	   0.486
04:00:29	   22	0.290	   0.484
04:00:37	   23	0.289	   0.488
04:00:46	   24	0.289	   0.482
04:00:54	   25	0.289	   0.488
04:01:07	   26	0.289	   0.488
04:01:15	   27	0.289	   0.488
04:01:24	   28	0.289	   0.484
04:01:32	   29	0.289	   0.486
04:01:41	   30	0.289	   0.486

------------------------------

04:01:44	Parameters at epoch 30:

04:01:44	Theta:
04:01:44		-0.8839  -2.0534   1.9458  
04:01:44	Alpha:
04:01:44		 1.0090  -2.2094  

------------------------------

04:02:03	Accuracy on test set with the parameters above: 0.49133333333333334

