02:08:22	Optimizer: adam
02:08:22	Optimizer params: {'lr': 0.03}
02:08:22	DataSet: wavy lines - nTrain: 500 - nValid: 0 - nTest: 3000
02:08:22	nLayers: 1 - nEpochs: 30 - batchSize: 32
02:08:22	Cost: fidelity
02:08:22	Seed: None

------------------------------

02:08:26	epoch	loss	accuracy
02:08:31	    0	0.417	   0.302
02:08:40	    1	0.372	   0.346
02:08:49	    2	0.337	   0.428
02:08:58	    3	0.318	   0.462
02:09:07	    4	0.310	   0.458
02:09:15	    5	0.306	   0.454
02:09:28	    6	0.304	   0.438
02:09:37	    7	0.302	   0.446
02:09:46	    8	0.301	   0.442
02:09:54	    9	0.301	   0.450
02:10:03	   10	0.300	   0.452
02:10:16	   11	0.300	   0.444
02:10:25	   12	0.300	   0.446
02:10:34	   13	0.299	   0.440
02:10:43	   14	0.299	   0.448
02:10:52	   15	0.299	   0.454
02:11:04	   16	0.299	   0.452
02:11:13	   17	0.299	   0.448
02:11:22	   18	0.299	   0.454
02:11:31	   19	0.299	   0.456
02:11:40	   20	0.299	   0.452
02:11:52	   21	0.299	   0.450
02:12:01	   22	0.299	   0.446
02:12:10	   23	0.299	   0.450
02:12:19	   24	0.299	   0.454
02:12:28	   25	0.299	   0.450
02:12:41	   26	0.299	   0.454
02:12:50	   27	0.299	   0.454
02:12:59	   28	0.299	   0.450
02:13:07	   29	0.299	   0.454
02:13:16	   30	0.299	   0.450

------------------------------

02:13:20	Parameters at epoch 30:

02:13:20	Theta:
02:13:20		-0.6440  -0.9844   0.9726  
02:13:20	Alpha:
02:13:20		 1.2070   1.9988  

------------------------------

02:13:40	Accuracy on test set with the parameters above: 0.4493333333333333

