22:28:55	Optimizer: adam
22:28:55	Optimizer params: {'lr': 0.03}
22:28:55	DataSet: circle - nTrain: 500 - nValid: 0 - nTest: 3000
22:28:55	nLayers: 1 - nEpochs: 30 - batchSize: 20
22:28:55	Cost: weighted fidelity
22:28:55	Seed: None

------------------------------

22:28:57	epoch	loss	accuracy
22:29:02	    0	0.269	   0.526
22:29:14	    1	0.253	   0.474
22:29:27	    2	0.249	   0.526
22:29:39	    3	0.249	   0.576
22:29:51	    4	0.250	   0.460
22:30:04	    5	0.249	   0.526
22:30:19	    6	0.249	   0.618
22:30:31	    7	0.249	   0.600
22:30:44	    8	0.250	   0.436
22:30:56	    9	0.248	   0.526
22:31:09	   10	0.246	   0.628
22:31:23	   11	0.242	   0.654
22:31:36	   12	0.229	   0.716
22:31:49	   13	0.196	   0.778
22:32:01	   14	0.172	   0.774
22:32:14	   15	0.167	   0.776
22:32:28	   16	0.166	   0.774
22:32:41	   17	0.165	   0.786
22:32:54	   18	0.165	   0.780
22:33:07	   19	0.165	   0.782
22:33:19	   20	0.165	   0.780
22:33:34	   21	0.165	   0.782
22:33:47	   22	0.165	   0.782
22:33:59	   23	0.165	   0.784
22:34:13	   24	0.165	   0.780
22:34:25	   25	0.164	   0.784
22:34:40	   26	0.165	   0.780
22:34:53	   27	0.164	   0.782
22:35:06	   28	0.164	   0.782
22:35:18	   29	0.164	   0.780
22:35:31	   30	0.164	   0.784

------------------------------

22:35:33	Parameters at epoch 30:

22:35:33	Theta:
22:35:33		-1.5725  -2.7366  -0.0279  
22:35:33	Alpha:
22:35:33		-0.0173   2.6648  
22:35:33	Class weight:
22:35:33		 1.1155   0.9286  

------------------------------

22:35:43	Accuracy on test set with the parameters above: 0.7573333333333333

