01:56:44	Optimizer: adam
01:56:44	Optimizer params: {'lr': 0.03}
01:56:44	DataSet: wavy lines - nTrain: 500 - nValid: 0 - nTest: 3000
01:56:44	nLayers: 1 - nEpochs: 30 - batchSize: 32
01:56:44	Cost: weighted fidelity
01:56:44	Seed: None

------------------------------

01:56:49	epoch	loss	accuracy
01:56:57	    0	0.268	   0.320
01:57:28	    1	0.154	   0.488
01:58:00	    2	0.142	   0.448
01:58:32	    3	0.138	   0.502
01:59:04	    4	0.137	   0.494
01:59:36	    5	0.137	   0.496
02:00:13	    6	0.138	   0.496
02:00:45	    7	0.137	   0.496
02:01:17	    8	0.138	   0.504
02:01:49	    9	0.137	   0.500
02:02:22	   10	0.137	   0.508
02:02:58	   11	0.137	   0.488
02:03:31	   12	0.137	   0.504
02:04:03	   13	0.137	   0.498
02:04:35	   14	0.137	   0.506
02:05:07	   15	0.137	   0.502
02:05:44	   16	0.138	   0.474
02:06:16	   17	0.137	   0.498
02:06:49	   18	0.137	   0.492
02:07:21	   19	0.137	   0.506
02:07:53	   20	0.137	   0.506
02:08:30	   21	0.137	   0.506
02:09:03	   22	0.137	   0.502
02:09:36	   23	0.137	   0.502
02:10:08	   24	0.137	   0.504
02:10:41	   25	0.137	   0.510
02:11:19	   26	0.137	   0.502
02:11:51	   27	0.137	   0.508
02:12:24	   28	0.137	   0.498
02:12:57	   29	0.137	   0.508
02:13:30	   30	0.137	   0.502

------------------------------

02:13:35	Parameters at epoch 30:

02:13:35	Theta:
02:13:35		-0.2623  -0.9626   1.0442  
02:13:35	Alpha:
02:13:35		-0.4224   0.7491  
02:13:35	Class weight:
02:13:35		 0.7336   1.9003   1.8836   0.7271  

------------------------------

02:13:58	Accuracy on test set with the parameters above: 0.5023333333333333

