23:11:27	Optimizer: adam
23:11:27	Optimizer params: {'lr': 0.03}
23:11:27	DataSet: sphere - nTrain: 500 - nValid: 0 - nTest: 3000
23:11:27	nLayers: 3 - nEpochs: 30 - batchSize: 32
23:11:27	Cost: fidelity
23:11:27	Seed: None

------------------------------

23:11:29	epoch	loss	accuracy
23:11:33	    0	0.545	   0.450
23:11:55	    1	0.418	   0.614
23:12:16	    2	0.361	   0.710
23:12:37	    3	0.338	   0.734
23:12:59	    4	0.329	   0.742
23:13:20	    5	0.324	   0.748
23:13:44	    6	0.321	   0.736
23:14:05	    7	0.320	   0.750
23:14:27	    8	0.318	   0.760
23:14:48	    9	0.317	   0.752
23:15:09	   10	0.317	   0.758
23:15:33	   11	0.316	   0.762
23:15:54	   12	0.316	   0.784
23:16:16	   13	0.316	   0.756
23:16:37	   14	0.315	   0.772
23:16:58	   15	0.316	   0.784
23:17:23	   16	0.315	   0.762
23:17:44	   17	0.315	   0.768
23:18:06	   18	0.314	   0.766
23:18:27	   19	0.314	   0.766
23:18:48	   20	0.314	   0.748
23:19:12	   21	0.314	   0.768
23:19:34	   22	0.314	   0.764
23:19:55	   23	0.314	   0.762
23:20:17	   24	0.314	   0.760
23:20:38	   25	0.314	   0.754
23:21:02	   26	0.314	   0.764
23:21:23	   27	0.314	   0.764
23:21:45	   28	0.314	   0.758
23:22:06	   29	0.313	   0.756
23:22:28	   30	0.313	   0.758

------------------------------

23:22:30	Parameters at epoch 30:

23:22:30	Theta:
23:22:30		 3.2975   1.5518   0.5199  
23:22:30		-0.4674   1.3657   0.1800  
23:22:30		-0.0241   0.2191  -0.8997  
23:22:30	Alpha:
23:22:30		-0.9924   1.4068   0.1019  
23:22:30		-2.0548   0.0409  -0.1675  
23:22:30		-0.0388  -1.4351  -0.2799  

------------------------------

23:22:44	Accuracy on test set with the parameters above: 0.7326666666666667

