21:31:53	Optimizer: adam
21:31:53	Optimizer params: {'lr': 0.03}
21:31:53	DataSet: circle - nTrain: 500 - nValid: 0 - nTest: 3000
21:31:53	nLayers: 1 - nEpochs: 30 - batchSize: 20
21:31:53	Cost: fidelity
21:31:53	Seed: None

------------------------------

21:31:56	epoch	loss	accuracy
21:31:58	    0	0.502	   0.426
21:32:06	    1	0.499	   0.500
21:32:13	    2	0.496	   0.544
21:32:20	    3	0.491	   0.604
21:32:28	    4	0.473	   0.630
21:32:35	    5	0.419	   0.626
21:32:44	    6	0.325	   0.738
21:32:51	    7	0.297	   0.748
21:32:59	    8	0.295	   0.738
21:33:06	    9	0.295	   0.744
21:33:14	   10	0.295	   0.740
21:33:23	   11	0.295	   0.742
21:33:31	   12	0.295	   0.738
21:33:38	   13	0.295	   0.738
21:33:46	   14	0.295	   0.742
21:33:53	   15	0.295	   0.744
21:34:03	   16	0.295	   0.738
21:34:10	   17	0.295	   0.740
21:34:18	   18	0.295	   0.740
21:34:25	   19	0.295	   0.740
21:34:32	   20	0.295	   0.740
21:34:41	   21	0.295	   0.742
21:34:48	   22	0.295	   0.740
21:34:55	   23	0.295	   0.738
21:35:03	   24	0.295	   0.740
21:35:10	   25	0.295	   0.740
21:35:19	   26	0.295	   0.742
21:35:26	   27	0.295	   0.740
21:35:33	   28	0.295	   0.742
21:35:41	   29	0.295	   0.740
21:35:48	   30	0.295	   0.740

------------------------------

21:35:50	Parameters at epoch 30:

21:35:50	Theta:
21:35:50		 0.2519  -3.2013   0.7792  
21:35:50	Alpha:
21:35:50		 1.9470  -3.3116  

------------------------------

21:35:59	Accuracy on test set with the parameters above: 0.7356666666666667

