05:46:57	Optimizer: adam
05:46:57	Optimizer params: {'lr': 0.02}
05:46:57	DataSet: non convex - nTrain: 500 - nValid: 0 - nTest: 3000
05:46:57	nLayers: 4 - nEpochs: 40 - batchSize: 32
05:46:57	Cost: fidelity
05:46:57	Seed: None

------------------------------

05:47:00	epoch	loss	accuracy
05:47:06	    0	0.416	   0.740
05:47:33	    1	0.285	   0.764
05:48:01	    2	0.268	   0.768
05:48:29	    3	0.265	   0.766
05:48:57	    4	0.265	   0.764
05:49:25	    5	0.264	   0.764
05:49:55	    6	0.264	   0.766
05:50:23	    7	0.264	   0.768
05:50:50	    8	0.264	   0.764
05:51:18	    9	0.263	   0.770
05:51:45	   10	0.263	   0.766
05:52:16	   11	0.263	   0.766
05:52:43	   12	0.263	   0.772
05:53:10	   13	0.263	   0.772
05:53:37	   14	0.262	   0.772
05:54:05	   15	0.263	   0.764
05:54:35	   16	0.262	   0.772
05:55:02	   17	0.262	   0.774
05:55:29	   18	0.261	   0.768
05:55:56	   19	0.261	   0.766
05:56:24	   20	0.261	   0.770
05:56:54	   21	0.260	   0.770
05:57:21	   22	0.260	   0.772
05:57:49	   23	0.260	   0.772
05:58:16	   24	0.260	   0.774
05:58:43	   25	0.259	   0.770
05:59:13	   26	0.259	   0.770
05:59:42	   27	0.258	   0.770
06:00:09	   28	0.258	   0.768
06:00:37	   29	0.258	   0.772
06:01:05	   30	0.257	   0.770
06:01:35	   31	0.257	   0.770
06:02:03	   32	0.257	   0.768
06:02:30	   33	0.256	   0.770
06:02:58	   34	0.256	   0.770
06:03:25	   35	0.256	   0.770
06:03:56	   36	0.255	   0.770
06:04:23	   37	0.255	   0.770
06:04:52	   38	0.254	   0.770
06:05:20	   39	0.254	   0.770
06:05:48	   40	0.254	   0.768

------------------------------

06:05:52	Parameters at epoch 40:

06:05:52	Theta:
06:05:52		 1.9981   0.4840  -0.0364  
06:05:52		-0.8897   1.8907  -0.4087  
06:05:52		-0.5711   1.0253   0.0623  
06:05:52		 0.6362  -1.2144  -0.3594  
06:05:52	Alpha:
06:05:52		 0.9670  -1.6791  
06:05:52		-0.1706  -2.3871  
06:05:52		-0.1095  -0.8527  
06:05:52		 0.3035   0.6403  

------------------------------

06:06:10	Accuracy on test set with the parameters above: 0.7496666666666667

