05:16:50	Optimizer: adam
05:16:50	Optimizer params: {'lr': 0.02}
05:16:50	DataSet: non convex - nTrain: 500 - nValid: 0 - nTest: 3000
05:16:50	nLayers: 6 - nEpochs: 40 - batchSize: 32
05:16:50	Cost: fidelity
05:16:50	Seed: None

------------------------------

05:16:55	epoch	loss	accuracy
05:17:01	    0	0.649	   0.258
05:17:48	    1	0.332	   0.720
05:18:35	    2	0.292	   0.750
05:19:22	    3	0.280	   0.748
05:20:10	    4	0.279	   0.738
05:20:57	    5	0.277	   0.754
05:21:48	    6	0.277	   0.752
05:22:36	    7	0.275	   0.750
05:23:23	    8	0.272	   0.756
05:24:10	    9	0.268	   0.758
05:24:57	   10	0.263	   0.758
05:25:49	   11	0.254	   0.764
05:26:37	   12	0.242	   0.804
05:27:24	   13	0.228	   0.852
05:28:11	   14	0.214	   0.866
05:28:58	   15	0.206	   0.906
05:29:50	   16	0.201	   0.888
05:30:38	   17	0.196	   0.902
05:31:26	   18	0.193	   0.900
05:32:13	   19	0.190	   0.904
05:33:01	   20	0.187	   0.912
05:33:52	   21	0.185	   0.906
05:34:40	   22	0.184	   0.910
05:35:27	   23	0.182	   0.910
05:36:15	   24	0.181	   0.918
05:37:02	   25	0.180	   0.914
05:37:54	   26	0.179	   0.916
05:38:42	   27	0.178	   0.916
05:39:29	   28	0.177	   0.910
05:40:16	   29	0.177	   0.910
05:41:04	   30	0.176	   0.920
05:41:56	   31	0.176	   0.914
05:42:43	   32	0.175	   0.914
05:43:30	   33	0.175	   0.916
05:44:18	   34	0.174	   0.922
05:45:05	   35	0.174	   0.920
05:45:57	   36	0.174	   0.918
05:46:44	   37	0.173	   0.914
05:47:31	   38	0.173	   0.914
05:48:19	   39	0.173	   0.914
05:49:07	   40	0.173	   0.924

------------------------------

05:49:11	Parameters at epoch 40:

05:49:11	Theta:
05:49:11		-1.6372   0.1920   0.2394  
05:49:11		-0.3123   1.3711  -2.0788  
05:49:11		 0.2767  -0.8286   0.6714  
05:49:11		-0.8151  -2.0049   0.6991  
05:49:11		 1.9344   2.4425  -0.7515  
05:49:11		 0.1331  -0.3967   0.3506  
05:49:11	Alpha:
05:49:11		 1.3118   1.4817  
05:49:11		-1.5633   0.2238  
05:49:11		 1.1684  -1.7587  
05:49:11		 3.1944  -1.0556  
05:49:11		-1.3075  -0.0095  
05:49:11		 1.5991  -2.6014  

------------------------------

05:49:33	Accuracy on test set with the parameters above: 0.915

