23:27:01	Optimizer: adam
23:27:01	Optimizer params: {'lr': 0.03}
23:27:01	DataSet: sphere - nTrain: 500 - nValid: 0 - nTest: 3000
23:27:01	nLayers: 1 - nEpochs: 30 - batchSize: 32
23:27:01	Cost: fidelity
23:27:01	Seed: None

------------------------------

23:27:03	epoch	loss	accuracy
23:27:05	    0	0.509	   0.468
23:27:13	    1	0.463	   0.534
23:27:20	    2	0.424	   0.616
23:27:27	    3	0.383	   0.648
23:27:35	    4	0.355	   0.688
23:27:42	    5	0.343	   0.706
23:27:51	    6	0.341	   0.698
23:27:59	    7	0.340	   0.694
23:28:06	    8	0.340	   0.688
23:28:14	    9	0.340	   0.692
23:28:21	   10	0.340	   0.688
23:28:30	   11	0.340	   0.690
23:28:38	   12	0.340	   0.696
23:28:46	   13	0.340	   0.694
23:28:53	   14	0.340	   0.694
23:29:01	   15	0.340	   0.694
23:29:10	   16	0.340	   0.692
23:29:17	   17	0.340	   0.688
23:29:25	   18	0.340	   0.686
23:29:32	   19	0.340	   0.694
23:29:40	   20	0.340	   0.694
23:29:49	   21	0.340	   0.694
23:29:56	   22	0.340	   0.692
23:30:03	   23	0.340	   0.690
23:30:11	   24	0.340	   0.692
23:30:18	   25	0.340	   0.692
23:30:28	   26	0.340	   0.692
23:30:35	   27	0.340	   0.692
23:30:42	   28	0.340	   0.692
23:30:50	   29	0.340	   0.692
23:30:57	   30	0.340	   0.694

------------------------------

23:30:59	Parameters at epoch 30:

23:30:59	Theta:
23:30:59		-0.0000  -2.8201   0.2306  
23:30:59	Alpha:
23:30:59		 1.0401  -3.1656   0.0000  

------------------------------

23:31:08	Accuracy on test set with the parameters above: 0.6966666666666667

