06:12:16	Optimizer: adam
06:12:16	Optimizer params: {'lr': 0.02}
06:12:16	DataSet: binary annulus - nTrain: 500 - nValid: 0 - nTest: 3000
06:12:16	nLayers: 4 - nEpochs: 40 - batchSize: 48
06:12:16	Cost: weighted fidelity
06:12:16	Seed: None

------------------------------

06:12:20	epoch	loss	accuracy
06:12:25	    0	0.311	   0.500
06:13:14	    1	0.254	   0.542
06:14:04	    2	0.248	   0.460
06:14:53	    3	0.245	   0.502
06:15:43	    4	0.241	   0.544
06:16:33	    5	0.237	   0.568
06:17:26	    6	0.234	   0.580
06:18:16	    7	0.231	   0.616
06:19:05	    8	0.229	   0.610
06:19:55	    9	0.228	   0.612
06:20:45	   10	0.228	   0.640
06:21:38	   11	0.227	   0.620
06:22:29	   12	0.227	   0.624
06:23:18	   13	0.227	   0.618
06:24:08	   14	0.226	   0.626
06:24:58	   15	0.226	   0.618
06:25:52	   16	0.226	   0.634
06:26:42	   17	0.225	   0.634
06:27:32	   18	0.226	   0.612
06:28:21	   19	0.225	   0.642
06:29:11	   20	0.224	   0.632
06:30:04	   21	0.224	   0.636
06:30:54	   22	0.223	   0.654
06:31:44	   23	0.223	   0.642
06:32:34	   24	0.222	   0.658
06:33:23	   25	0.221	   0.648
06:34:16	   26	0.220	   0.650
06:35:06	   27	0.219	   0.676
06:35:57	   28	0.218	   0.684
06:36:48	   29	0.217	   0.692
06:37:37	   30	0.217	   0.672
06:38:30	   31	0.215	   0.716
06:39:21	   32	0.215	   0.716
06:40:11	   33	0.214	   0.734
06:41:01	   34	0.213	   0.722
06:41:51	   35	0.213	   0.712
06:42:45	   36	0.212	   0.730
06:43:35	   37	0.211	   0.736
06:44:25	   38	0.211	   0.734
06:45:15	   39	0.211	   0.730
06:46:05	   40	0.210	   0.744

------------------------------

06:46:08	Parameters at epoch 40:

06:46:08	Theta:
06:46:08		-0.4520   0.2185  -1.1694  
06:46:08		-2.1799  -0.9551  -0.8433  
06:46:08		-0.1047  -0.7695  -2.3556  
06:46:08		-0.3462   0.7724   0.7732  
06:46:08	Alpha:
06:46:08		-1.1831   0.5981  
06:46:08		 0.9118  -0.8170  
06:46:08		 0.3260  -1.1061  
06:46:08		-2.0174   0.1105  
06:46:08	Class weight:
06:46:08		 1.2726   0.8554  

------------------------------

06:46:25	Accuracy on test set with the parameters above: 0.7326666666666667

