03:56:49	Optimizer: adam
03:56:49	Optimizer params: {'lr': 0.02}
03:56:49	DataSet: squares - nTrain: 500 - nValid: 0 - nTest: 3000
03:56:49	nLayers: 1 - nEpochs: 30 - batchSize: 32
03:56:49	Cost: fidelity
03:56:49	Seed: None

------------------------------

03:56:54	epoch	loss	accuracy
03:56:58	    0	0.534	   0.220
03:57:06	    1	0.495	   0.220
03:57:13	    2	0.426	   0.234
03:57:21	    3	0.368	   0.342
03:57:29	    4	0.334	   0.428
03:57:37	    5	0.313	   0.466
03:57:48	    6	0.302	   0.480
03:57:56	    7	0.296	   0.474
03:58:04	    8	0.293	   0.480
03:58:12	    9	0.292	   0.484
03:58:20	   10	0.291	   0.494
03:58:31	   11	0.290	   0.500
03:58:39	   12	0.289	   0.502
03:58:47	   13	0.288	   0.492
03:58:55	   14	0.287	   0.498
03:59:02	   15	0.286	   0.502
03:59:14	   16	0.285	   0.504
03:59:22	   17	0.284	   0.512
03:59:29	   18	0.284	   0.512
03:59:37	   19	0.283	   0.512
03:59:45	   20	0.282	   0.512
03:59:57	   21	0.280	   0.512
04:00:05	   22	0.279	   0.526
04:00:12	   23	0.278	   0.532
04:00:20	   24	0.277	   0.538
04:00:28	   25	0.276	   0.546
04:00:39	   26	0.275	   0.542
04:00:47	   27	0.274	   0.542
04:00:55	   28	0.273	   0.540
04:01:03	   29	0.272	   0.534
04:01:11	   30	0.271	   0.526

------------------------------

04:01:14	Parameters at epoch 30:

04:01:14	Theta:
04:01:14		-0.8885  -1.1264   1.3979  
04:01:14	Alpha:
04:01:14		 0.2728  -2.2426  

------------------------------

04:01:32	Accuracy on test set with the parameters above: 0.49366666666666664

