22:36:30	Optimizer: adam
22:36:30	Optimizer params: {'lr': 0.03}
22:36:30	DataSet: three circles - nTrain: 500 - nValid: 0 - nTest: 3000
22:36:30	nLayers: 6 - nEpochs: 30 - batchSize: 15
22:36:30	Cost: weighted fidelity
22:36:30	Seed: None

------------------------------

22:36:37	epoch	loss	accuracy
22:36:50	    0	0.465	   0.026
22:39:36	    1	0.167	   0.632
22:42:21	    2	0.106	   0.782
22:45:08	    3	0.088	   0.824
22:47:54	    4	0.077	   0.786
22:50:41	    5	0.071	   0.828
22:53:34	    6	0.069	   0.832
22:56:21	    7	0.069	   0.894
22:59:08	    8	0.069	   0.882
23:01:55	    9	0.070	   0.836
23:04:42	   10	0.067	   0.828
23:07:36	   11	0.067	   0.822
23:10:23	   12	0.065	   0.868
23:13:09	   13	0.068	   0.814
23:15:56	   14	0.065	   0.862
23:18:44	   15	0.063	   0.886
23:21:38	   16	0.065	   0.848
23:24:25	   17	0.064	   0.898
23:27:13	   18	0.063	   0.882
23:30:01	   19	0.063	   0.872
23:32:50	   20	0.064	   0.828
23:35:45	   21	0.061	   0.882
23:38:33	   22	0.061	   0.902
23:41:20	   23	0.061	   0.858
23:44:07	   24	0.059	   0.872
23:46:54	   25	0.061	   0.884
23:49:49	   26	0.060	   0.886
23:52:36	   27	0.059	   0.880
23:55:23	   28	0.059	   0.888
23:58:11	   29	0.058	   0.886
00:00:58	   30	0.059	   0.872

------------------------------

00:01:05	Parameters at epoch 30:

00:01:05	Theta:
00:01:05		 0.6046   0.2503   0.5245  
00:01:05		-0.9510  -0.8003  -0.8856  
00:01:05		 0.1094   0.9092  -0.6072  
00:01:05		-0.9883   0.6196  -0.6874  
00:01:05		-1.4876   0.4541  -1.3080  
00:01:05		 0.7346   0.1530   0.6664  
00:01:05	Alpha:
00:01:05		-1.3627  -0.5896  
00:01:05		-1.1394  -0.6696  
00:01:05		-2.3999  -0.4731  
00:01:05		 0.1740  -0.6315  
00:01:05		-0.1594  -1.4510  
00:01:05		 1.5594   0.2598  
00:01:05	Class weight:
00:01:05		 0.5777   1.1715   1.8257   1.1125  

------------------------------

00:01:43	Accuracy on test set with the parameters above: 0.8616666666666667

