20:42:49	Optimizer: adam
20:42:49	Optimizer params: {'lr': 0.03}
20:42:49	DataSet: sphere - nTrain: 500 - nValid: 0 - nTest: 3000
20:42:49	nLayers: 6 - nEpochs: 30 - batchSize: 32
20:42:49	Cost: weighted fidelity
20:42:49	Seed: None

------------------------------

20:42:53	epoch	loss	accuracy
20:43:03	    0	0.363	   0.440
20:45:23	    1	0.217	   0.702
20:47:44	    2	0.156	   0.784
20:50:06	    3	0.136	   0.808
20:52:27	    4	0.124	   0.834
20:54:47	    5	0.118	   0.864
20:57:12	    6	0.116	   0.842
20:59:32	    7	0.112	   0.874
21:01:53	    8	0.112	   0.864
21:04:14	    9	0.111	   0.886
21:06:34	   10	0.109	   0.880
21:08:59	   11	0.110	   0.868
21:11:20	   12	0.112	   0.864
21:13:41	   13	0.109	   0.878
21:16:03	   14	0.107	   0.888
21:18:23	   15	0.106	   0.884
21:20:49	   16	0.105	   0.874
21:23:10	   17	0.105	   0.886
21:25:31	   18	0.105	   0.882
21:27:52	   19	0.104	   0.896
21:30:14	   20	0.105	   0.880
21:32:40	   21	0.104	   0.898
21:35:02	   22	0.103	   0.894
21:37:24	   23	0.103	   0.898
21:39:45	   24	0.103	   0.906
21:42:06	   25	0.103	   0.902
21:44:32	   26	0.102	   0.894
21:46:54	   27	0.102	   0.900
21:49:15	   28	0.102	   0.906
21:51:36	   29	0.102	   0.890
21:53:58	   30	0.102	   0.904

------------------------------

21:54:02	Parameters at epoch 30:

21:54:02	Theta:
21:54:02		 2.7382  -1.4211  -0.9590  
21:54:02		 0.9813   0.9221  -0.7267  
21:54:02		 1.2227   0.9427  -1.1976  
21:54:02		 0.8293  -0.9411   0.4447  
21:54:02		 0.1422  -1.0601  -0.3957  
21:54:02		-0.2033  -1.7174  -0.4139  
21:54:02	Alpha:
21:54:02		-0.7547  -0.7275  -2.6317  
21:54:02		 0.0003  -1.5869  -1.3546  
21:54:02		-1.2983  -1.5909  -1.6443  
21:54:02		-0.9106   0.8707   0.1053  
21:54:02		-0.2712   0.8106   2.2441  
21:54:02		-0.8651   0.1901   0.5534  
21:54:02	Class weight:
21:54:02		 1.0799   1.0981  

------------------------------

21:54:30	Accuracy on test set with the parameters above: 0.879

