22:53:13	Optimizer: adam
22:53:13	Optimizer params: {'lr': 0.03}
22:53:13	DataSet: sphere - nTrain: 500 - nValid: 0 - nTest: 3000
22:53:13	nLayers: 4 - nEpochs: 30 - batchSize: 32
22:53:13	Cost: fidelity
22:53:13	Seed: None

------------------------------

22:53:16	epoch	loss	accuracy
22:53:22	    0	0.546	   0.372
22:54:05	    1	0.457	   0.600
22:54:46	    2	0.367	   0.706
22:55:28	    3	0.332	   0.744
22:56:10	    4	0.313	   0.738
22:56:52	    5	0.309	   0.732
22:57:37	    6	0.306	   0.750
22:58:18	    7	0.303	   0.758
22:59:01	    8	0.303	   0.750
22:59:43	    9	0.302	   0.764
23:00:25	   10	0.302	   0.762
23:01:11	   11	0.302	   0.754
23:01:53	   12	0.302	   0.766
23:02:35	   13	0.302	   0.768
23:03:17	   14	0.302	   0.758
23:03:59	   15	0.301	   0.758
23:04:45	   16	0.302	   0.750
23:05:28	   17	0.301	   0.756
23:06:10	   18	0.301	   0.764
23:06:52	   19	0.301	   0.764
23:07:34	   20	0.301	   0.752
23:08:20	   21	0.302	   0.764
23:09:02	   22	0.301	   0.752
23:09:45	   23	0.301	   0.760
23:10:27	   24	0.301	   0.752
23:11:09	   25	0.302	   0.744
23:11:55	   26	0.301	   0.770
23:12:37	   27	0.301	   0.762
23:13:19	   28	0.301	   0.760
23:14:01	   29	0.301	   0.746
23:14:43	   30	0.301	   0.762

------------------------------

23:14:47	Parameters at epoch 30:

23:14:47	Theta:
23:14:47		 0.3559   1.4788   0.3348  
23:14:47		-0.1448   0.2729   2.8308  
23:14:47		 1.0789   0.3783   2.3426  
23:14:47		-0.2778   1.6827  -1.9781  
23:14:47	Alpha:
23:14:47		 1.6660   0.3085  -0.2997  
23:14:47		-0.0634   0.5335   1.1095  
23:14:47		 0.3806  -1.7088   0.7713  
23:14:47		 0.2469   0.4530   0.0415  

------------------------------

23:15:08	Accuracy on test set with the parameters above: 0.7276666666666667

