08:10:30	Optimizer: adam
08:10:30	Optimizer params: {'lr': 0.02}
08:10:30	DataSet: non convex - nTrain: 500 - nValid: 0 - nTest: 3000
08:10:30	nLayers: 6 - nEpochs: 40 - batchSize: 32
08:10:30	Cost: weighted fidelity
08:10:30	Seed: None

------------------------------

08:10:35	epoch	loss	accuracy
08:10:42	    0	0.270	   0.556
08:12:08	    1	0.169	   0.770
08:13:32	    2	0.159	   0.786
08:14:54	    3	0.121	   0.834
08:16:16	    4	0.083	   0.940
08:17:37	    5	0.074	   0.934
08:19:02	    6	0.071	   0.944
08:20:22	    7	0.068	   0.950
08:21:45	    8	0.068	   0.950
08:23:08	    9	0.070	   0.928
08:24:28	   10	0.069	   0.936
08:25:53	   11	0.065	   0.958
08:27:16	   12	0.065	   0.950
08:28:38	   13	0.065	   0.958
08:29:59	   14	0.065	   0.948
08:31:21	   15	0.064	   0.956
08:32:48	   16	0.064	   0.956
08:34:10	   17	0.065	   0.950
08:35:34	   18	0.066	   0.942
08:36:59	   19	0.066	   0.940
08:38:24	   20	0.065	   0.938
08:39:55	   21	0.064	   0.956
08:41:19	   22	0.064	   0.954
08:42:40	   23	0.064	   0.958
08:43:59	   24	0.064	   0.944
08:45:20	   25	0.064	   0.962
08:46:46	   26	0.064	   0.958
08:48:08	   27	0.063	   0.958
08:49:28	   28	0.063	   0.960
08:50:48	   29	0.064	   0.954
08:52:11	   30	0.063	   0.962
08:53:39	   31	0.063	   0.952
08:55:04	   32	0.063	   0.958
08:56:28	   33	0.063	   0.958
08:57:53	   34	0.064	   0.956
08:59:16	   35	0.064	   0.954
09:00:43	   36	0.063	   0.950
09:02:07	   37	0.063	   0.956
09:03:31	   38	0.063	   0.958
09:04:56	   39	0.063	   0.956
09:06:22	   40	0.063	   0.964

------------------------------

09:06:26	Parameters at epoch 40:

09:06:26	Theta:
09:06:26		 1.3019  -1.4581   0.7004  
09:06:26		-1.5845   0.0995  -0.0239  
09:06:26		 0.2086   0.3792  -1.0608  
09:06:26		-2.6927   0.4779  -1.1024  
09:06:26		 1.2229   0.3353   0.0374  
09:06:26		-0.5129   0.9993   0.3373  
09:06:26	Alpha:
09:06:26		-1.3499  -1.0149  
09:06:26		 1.2521  -0.6596  
09:06:26		 0.3043   0.9477  
09:06:26		 1.6562   2.0014  
09:06:26		 1.4608   1.1969  
09:06:26		 0.1357  -0.5268  
09:06:26	Class weight:
09:06:26		 1.1061   1.0837  

------------------------------

09:06:46	Accuracy on test set with the parameters above: 0.9546666666666667

