06:43:23	Optimizer: adam
06:43:23	Optimizer params: {'lr': 0.02}
06:43:23	DataSet: binary annulus - nTrain: 500 - nValid: 0 - nTest: 3000
06:43:23	nLayers: 6 - nEpochs: 40 - batchSize: 48
06:43:23	Cost: fidelity
06:43:23	Seed: None

------------------------------

06:43:28	epoch	loss	accuracy
06:43:32	    0	0.504	   0.432
06:44:10	    1	0.457	   0.594
06:44:48	    2	0.435	   0.610
06:45:26	    3	0.430	   0.604
06:46:03	    4	0.423	   0.634
06:46:41	    5	0.417	   0.662
06:47:22	    6	0.411	   0.662
06:48:01	    7	0.405	   0.666
06:48:39	    8	0.399	   0.654
06:49:18	    9	0.395	   0.664
06:49:57	   10	0.391	   0.654
06:50:40	   11	0.387	   0.676
06:51:20	   12	0.383	   0.684
06:51:58	   13	0.378	   0.688
06:52:37	   14	0.374	   0.710
06:53:17	   15	0.369	   0.714
06:53:59	   16	0.365	   0.720
06:54:38	   17	0.361	   0.722
06:55:16	   18	0.358	   0.724
06:55:56	   19	0.356	   0.728
06:56:35	   20	0.354	   0.722
06:57:17	   21	0.352	   0.726
06:57:56	   22	0.350	   0.728
06:58:36	   23	0.349	   0.726
06:59:19	   24	0.347	   0.728
06:59:59	   25	0.346	   0.732
07:00:45	   26	0.345	   0.730
07:01:26	   27	0.343	   0.730
07:02:05	   28	0.342	   0.736
07:02:44	   29	0.341	   0.726
07:03:24	   30	0.339	   0.726
07:04:10	   31	0.338	   0.722
07:04:51	   32	0.336	   0.722
07:05:33	   33	0.335	   0.730
07:06:16	   34	0.333	   0.728
07:06:56	   35	0.331	   0.730
07:07:41	   36	0.330	   0.728
07:08:21	   37	0.328	   0.732
07:09:00	   38	0.326	   0.740
07:09:42	   39	0.324	   0.736
07:10:22	   40	0.322	   0.738

------------------------------

07:10:25	Parameters at epoch 40:

07:10:25	Theta:
07:10:25		-2.2781  -0.7331   0.8994  
07:10:25		 0.2909   1.3658   0.8381  
07:10:25		 0.2540   0.3863   1.3967  
07:10:25		 1.6898  -1.6312  -0.5865  
07:10:25		 1.1589  -0.5242  -0.0221  
07:10:25		-0.2161  -0.7306  -2.1989  
07:10:25	Alpha:
07:10:25		 0.8920   2.1148  
07:10:25		 0.9502   2.7104  
07:10:25		-1.5862  -0.4966  
07:10:25		-0.5549  -0.6371  
07:10:25		 1.2344   1.1168  
07:10:25		 1.3283   0.9947  

------------------------------

07:10:44	Accuracy on test set with the parameters above: 0.749

