22:35:12	Optimizer: adam
22:35:12	Optimizer params: {'lr': 0.03}
22:35:12	DataSet: sphere - nTrain: 500 - nValid: 0 - nTest: 3000
22:35:12	nLayers: 3 - nEpochs: 30 - batchSize: 32
22:35:12	Cost: weighted fidelity
22:35:12	Seed: None

------------------------------

22:35:16	epoch	loss	accuracy
22:35:20	    0	0.445	   0.342
22:36:02	    1	0.275	   0.562
22:36:43	    2	0.183	   0.744
22:37:24	    3	0.152	   0.782
22:38:06	    4	0.145	   0.822
22:38:48	    5	0.136	   0.830
22:39:31	    6	0.128	   0.854
22:40:12	    7	0.127	   0.846
22:40:54	    8	0.124	   0.860
22:41:35	    9	0.123	   0.868
22:42:17	   10	0.123	   0.868
22:43:00	   11	0.122	   0.866
22:43:42	   12	0.122	   0.864
22:44:23	   13	0.122	   0.866
22:45:05	   14	0.122	   0.868
22:45:46	   15	0.122	   0.876
22:46:29	   16	0.122	   0.864
22:47:11	   17	0.122	   0.868
22:47:52	   18	0.122	   0.864
22:48:33	   19	0.122	   0.874
22:49:15	   20	0.121	   0.876
22:49:59	   21	0.122	   0.866
22:50:40	   22	0.122	   0.876
22:51:21	   23	0.121	   0.870
22:52:03	   24	0.121	   0.866
22:52:44	   25	0.121	   0.870
22:53:28	   26	0.121	   0.868
22:54:10	   27	0.121	   0.872
22:54:51	   28	0.122	   0.872
22:55:33	   29	0.121	   0.868
22:56:15	   30	0.121	   0.872

------------------------------

22:56:17	Parameters at epoch 30:

22:56:17	Theta:
22:56:17		-0.1592   1.4017   0.0504  
22:56:17		-2.6489  -0.2535   1.8192  
22:56:17		 0.6553   1.5166   0.8867  
22:56:17	Alpha:
22:56:17		 0.0220   0.6786  -3.2067  
22:56:17		-0.8841  -1.5216   0.0917  
22:56:17		-1.2282  -0.9644   0.0838  
22:56:17	Class weight:
22:56:17		 1.0095   1.1742  

------------------------------

22:56:32	Accuracy on test set with the parameters above: 0.8566666666666667

