21:33:12	Optimizer: adam
21:33:12	Optimizer params: {'lr': 0.03}
21:33:12	DataSet: circle - nTrain: 500 - nValid: 0 - nTest: 3000
21:33:12	nLayers: 8 - nEpochs: 30 - batchSize: 20
21:33:12	Cost: weighted fidelity
21:33:12	Seed: None

------------------------------

21:33:17	epoch	loss	accuracy
21:33:25	    0	0.420	   0.326
21:35:38	    1	0.111	   0.834
21:37:53	    2	0.084	   0.940
21:40:07	    3	0.079	   0.946
21:42:21	    4	0.079	   0.924
21:44:36	    5	0.080	   0.920
21:46:55	    6	0.082	   0.920
21:49:10	    7	0.082	   0.918
21:51:25	    8	0.076	   0.940
21:53:39	    9	0.090	   0.882
21:55:54	   10	0.076	   0.926
21:58:13	   11	0.090	   0.892
22:00:30	   12	0.078	   0.924
22:02:44	   13	0.074	   0.938
22:05:00	   14	0.078	   0.910
22:07:15	   15	0.077	   0.918
22:09:35	   16	0.080	   0.908
22:11:51	   17	0.075	   0.942
22:14:06	   18	0.073	   0.946
22:16:22	   19	0.073	   0.948
22:18:37	   20	0.074	   0.950
22:20:57	   21	0.073	   0.928
22:23:12	   22	0.073	   0.966
22:25:27	   23	0.071	   0.940
22:27:43	   24	0.072	   0.956
22:29:58	   25	0.070	   0.968
22:32:18	   26	0.069	   0.946
22:34:34	   27	0.070	   0.950
22:36:50	   28	0.070	   0.964
22:39:06	   29	0.067	   0.956
22:41:22	   30	0.070	   0.966

------------------------------

22:41:26	Parameters at epoch 30:

22:41:26	Theta:
22:41:26		-0.5308   0.5014   1.9099  
22:41:26		 0.9236   1.3794  -0.2666  
22:41:26		 1.8351  -1.0832  -0.4751  
22:41:26		 0.3467   0.1363  -1.8310  
22:41:26		 1.0661   0.2855   0.5199  
22:41:26		 0.9620  -0.0779  -0.2515  
22:41:26		 1.0690  -1.0786   0.1279  
22:41:26		 0.1939  -0.4686   0.5713  
22:41:26	Alpha:
22:41:26		 0.6626   0.3630  
22:41:26		 1.7840   0.3014  
22:41:26		 0.8464   0.5728  
22:41:26		-0.0377   0.3043  
22:41:26		-0.5866   0.5400  
22:41:26		-0.1875  -3.2342  
22:41:26		 2.5557   0.4656  
22:41:26		-0.2837   1.1657  
22:41:26	Class weight:
22:41:26		 1.0411   1.1648  

------------------------------

22:41:51	Accuracy on test set with the parameters above: 0.9506666666666667

