06:07:25	Optimizer: adam
06:07:25	Optimizer params: {'lr': 0.02}
06:07:25	DataSet: binary annulus - nTrain: 500 - nValid: 0 - nTest: 3000
06:07:25	nLayers: 8 - nEpochs: 40 - batchSize: 48
06:07:25	Cost: weighted fidelity
06:07:25	Seed: None

------------------------------

06:07:31	epoch	loss	accuracy
06:07:39	    0	0.380	   0.442
06:09:54	    1	0.268	   0.598
06:12:09	    2	0.238	   0.658
06:14:24	    3	0.222	   0.664
06:16:39	    4	0.206	   0.708
06:18:55	    5	0.190	   0.702
06:21:15	    6	0.182	   0.722
06:23:30	    7	0.173	   0.746
06:25:46	    8	0.169	   0.770
06:28:01	    9	0.158	   0.776
06:30:17	   10	0.153	   0.784
06:32:37	   11	0.149	   0.802
06:34:53	   12	0.145	   0.792
06:37:07	   13	0.140	   0.806
06:39:22	   14	0.134	   0.812
06:41:37	   15	0.128	   0.830
06:43:58	   16	0.123	   0.844
06:46:13	   17	0.118	   0.864
06:48:29	   18	0.114	   0.876
06:50:45	   19	0.110	   0.886
06:53:00	   20	0.106	   0.908
06:55:21	   21	0.103	   0.904
06:57:36	   22	0.100	   0.912
06:59:52	   23	0.098	   0.912
07:02:07	   24	0.095	   0.928
07:04:24	   25	0.093	   0.916
07:06:44	   26	0.090	   0.928
07:09:00	   27	0.089	   0.926
07:11:16	   28	0.087	   0.936
07:13:32	   29	0.086	   0.932
07:15:48	   30	0.085	   0.934
07:18:08	   31	0.084	   0.932
07:20:24	   32	0.083	   0.938
07:22:40	   33	0.083	   0.940
07:24:57	   34	0.082	   0.940
07:27:14	   35	0.082	   0.936
07:29:35	   36	0.082	   0.934
07:31:52	   37	0.081	   0.938
07:34:08	   38	0.081	   0.944
07:36:26	   39	0.080	   0.938
07:38:42	   40	0.080	   0.928

------------------------------

07:38:47	Parameters at epoch 40:

07:38:47	Theta:
07:38:47		-1.2634   1.2233  -0.8147  
07:38:47		 0.7715   0.8074   1.8847  
07:38:47		-1.7300  -1.0831   1.3495  
07:38:47		-1.5246   0.1815   0.7825  
07:38:47		 0.9432   0.8821   2.4170  
07:38:47		-0.3061  -0.5446  -0.8849  
07:38:47		 0.6485   1.7037   0.6810  
07:38:47		 1.9570  -0.3643  -1.0146  
07:38:47	Alpha:
07:38:47		 0.6054   0.7150  
07:38:47		 1.8268   0.7625  
07:38:47		 0.7065  -1.3487  
07:38:47		 2.2853  -2.9264  
07:38:47		 0.4638  -0.4129  
07:38:47		 0.6684  -0.1075  
07:38:47		-1.2116   1.1645  
07:38:47		 1.1062   1.4979  
07:38:47	Class weight:
07:38:47		 1.1957   1.0245  

------------------------------

07:39:12	Accuracy on test set with the parameters above: 0.905

