23:18:42	Optimizer: adam
23:18:42	Optimizer params: {'lr': 0.03}
23:18:42	DataSet: sphere - nTrain: 500 - nValid: 0 - nTest: 3000
23:18:42	nLayers: 1 - nEpochs: 30 - batchSize: 32
23:18:42	Cost: weighted fidelity
23:18:42	Seed: None

------------------------------

23:18:44	epoch	loss	accuracy
23:18:48	    0	0.448	   0.440
23:19:03	    1	0.327	   0.390
23:19:18	    2	0.276	   0.526
23:19:33	    3	0.256	   0.526
23:19:48	    4	0.251	   0.526
23:20:03	    5	0.250	   0.654
23:20:20	    6	0.249	   0.596
23:20:35	    7	0.249	   0.594
23:20:49	    8	0.249	   0.658
23:21:05	    9	0.249	   0.622
23:21:20	   10	0.249	   0.628
23:21:37	   11	0.249	   0.600
23:21:51	   12	0.249	   0.588
23:22:07	   13	0.249	   0.660
23:22:22	   14	0.248	   0.628
23:22:37	   15	0.248	   0.678
23:22:53	   16	0.248	   0.658
23:23:08	   17	0.248	   0.640
23:23:23	   18	0.248	   0.662
23:23:38	   19	0.248	   0.660
23:23:53	   20	0.248	   0.660
23:24:10	   21	0.248	   0.636
23:24:25	   22	0.247	   0.656
23:24:39	   23	0.247	   0.648
23:24:54	   24	0.247	   0.666
23:25:09	   25	0.246	   0.660
23:25:26	   26	0.246	   0.662
23:25:41	   27	0.245	   0.662
23:25:56	   28	0.243	   0.662
23:26:11	   29	0.240	   0.664
23:26:27	   30	0.236	   0.662

------------------------------

23:26:29	Parameters at epoch 30:

23:26:29	Theta:
23:26:29		-1.5570   1.8632   2.4017  
23:26:29	Alpha:
23:26:29		-2.6335   1.2695   0.2486  
23:26:29	Class weight:
23:26:29		 1.1646   0.8929  

------------------------------

23:26:39	Accuracy on test set with the parameters above: 0.6456666666666667

