04:02:52	Optimizer: adam
04:02:52	Optimizer params: {'lr': 0.02}
04:02:52	DataSet: non convex - nTrain: 500 - nValid: 0 - nTest: 3000
04:02:52	nLayers: 8 - nEpochs: 40 - batchSize: 32
04:02:52	Cost: fidelity
04:02:52	Seed: None

------------------------------

04:02:58	epoch	loss	accuracy
04:03:05	    0	0.508	   0.464
04:04:16	    1	0.284	   0.758
04:05:29	    2	0.267	   0.784
04:06:43	    3	0.262	   0.778
04:07:56	    4	0.258	   0.802
04:09:09	    5	0.252	   0.804
04:10:27	    6	0.248	   0.802
04:11:42	    7	0.245	   0.804
04:12:56	    8	0.242	   0.806
04:14:08	    9	0.240	   0.808
04:15:20	   10	0.238	   0.808
04:16:38	   11	0.232	   0.814
04:17:53	   12	0.226	   0.826
04:19:05	   13	0.219	   0.830
04:20:17	   14	0.211	   0.858
04:21:30	   15	0.203	   0.870
04:22:49	   16	0.201	   0.870
04:24:02	   17	0.200	   0.874
04:25:14	   18	0.199	   0.874
04:26:26	   19	0.199	   0.878
04:27:38	   20	0.199	   0.868
04:28:55	   21	0.199	   0.866
04:30:07	   22	0.197	   0.874
04:31:20	   23	0.197	   0.866
04:32:32	   24	0.196	   0.872
04:33:45	   25	0.196	   0.868
04:35:02	   26	0.195	   0.866
04:36:16	   27	0.194	   0.872
04:37:28	   28	0.194	   0.866
04:38:41	   29	0.193	   0.870
04:39:54	   30	0.193	   0.870
04:41:12	   31	0.193	   0.868
04:42:24	   32	0.192	   0.866
04:43:38	   33	0.192	   0.864
04:44:50	   34	0.192	   0.864
04:46:03	   35	0.191	   0.864
04:47:20	   36	0.191	   0.866
04:48:33	   37	0.191	   0.866
04:49:46	   38	0.190	   0.868
04:50:59	   39	0.190	   0.868
04:52:11	   40	0.190	   0.868

------------------------------

04:52:16	Parameters at epoch 40:

04:52:16	Theta:
04:52:16		-0.9556  -0.6870   2.1133  
04:52:16		-0.6065   1.0185   0.4261  
04:52:17		-1.0124   0.8451   0.0559  
04:52:17		-0.8689  -0.3081   0.2387  
04:52:17		 0.7877   0.1894  -0.9005  
04:52:17		 0.5264  -0.7175   0.7939  
04:52:17		-0.3280   0.0074   0.6160  
04:52:17		-1.3668   0.8267   0.2619  
04:52:17	Alpha:
04:52:17		-1.4939  -0.7837  
04:52:17		-1.0963  -1.6751  
04:52:17		 1.6888   0.6376  
04:52:17		-0.3945   0.3069  
04:52:17		-0.3637   0.5304  
04:52:17		 1.7478   0.7216  
04:52:17		 0.7805  -1.6080  
04:52:17		 1.6941   0.6246  

------------------------------

04:52:44	Accuracy on test set with the parameters above: 0.8613333333333333

